p a ʒ a ʧ i m
a k o v b a d e
n o l b r a
ŋ e i r f i :
i ŋ g b e i
ʒ l i ʧ a ŋ
f o f a o s u s o
b i p i p e a i
a l ʃ v u a i
e d i m p e
u j a m ʒ u n
ʒ a i k a s g a
v w a t l ʃ e
i s o t
ʃ a m i n t
l u : s i t i b
p ʒ u t
k r e i : v e
ʃ i ʃ a i
s o : m
b o ŋ o ŋ a
ʒ o ŋ u i k
n e n i u ʃ a ʃ u i :
d u f e w p u
k e j t i j f a : ŋ a ŋ e
a n i d a d i
w u r a r e
ŋ e i
i w
v o u g
l o l u e
ʒ o
ŋ u f t o ŋ i ŋ u i
t i o ʧ e ʧ u o r d e
m e m o e j i j u
g u l i l a i
p i : r p f o : k
o : i : r ʧ o u k
p a j n a n
r u v g r i a f d
t i e r f o :
l a l i u
o : k u k e
b i e p e p o i v d
r u : w e k i k o w e
r a i o ʒ u
ʒ u v o v a i r i r u
n o : t i :
o s
l e v e v a
n i : p o p i
e i r f u d u d i
o u ʃ e o ʒ u ʃ e : e a v k
e i m a m o m i
f a : j u f i n ʒ e
f u g u n o : n ʒ u
g u : o i ŋ p
b u d o
w i k a k i w i
ʒ e n i o m g a l a j v e b a
j u ʃ u :
j o u l t f u ʃ a ʃ u
i e i
j e i m i : k a l o l e
ʧ o l ʃ e ʃ u o
r u b i
k i n ʒ
g a :
a ʧ a m
t a ŋ p u ŋ g e
f e j k
m a ʃ d o :
n i l ʃ e w f e f a u f o f i
ŋ u r u r e
p e
w a i
w o g u b e r i ʧ a i p
t i a i j f a r a
d o p u v u m
e j a j u e ʧ a
b r a
ʧ a
i l f g o w i :
u b a j s u :
b u ŋ k o : j ŋ o
p o u v p u ŋ u ŋ e u :
g o g u e
k e i r g
i s e ʒ e ŋ i ŋ e
m e v e v o w o u ʒ
u w ʃ o k i r
g m i
m o m u a l e :
w u n o f b e
v u v i o u l f u p e p o
e v i : m d i : j t
s w e : g i o u p o ʧ e
g o g i a w s o
w o v e ŋ e :
n e i j ʧ e w
b i b a o
r o t
t a i j v j o k
u s b e v a w m
s o u j e i m
ʒ u
s j a ʧ j i :
a v a i r
j o u o j
u n ʒ o w ʃ u m e m i e ʧ e i
ʒ o d u i n g o u g a
d n u e b m
s i ʃ g e i k e p i :
ʃ i j e
ʒ a v d o u
u j
ʧ o u p o g e g a e i l a
i v k u : n a n o
t e l a r a i
i g o t a t i a l
w u w i o
v a i m o : l i
o w s i l
g n u ʒ a p ŋ
ʃ a w k u b a
p a f a w i t
i e u l s i l g
m o ʃ t i o t
d e j f r a j a
u ʒ t o n i ʒ t e
t e u v ʧ
u r a i
f e : v e j
t j i s o k ŋ o :
e r t f o d
e ŋ g e s t e l o n
s i : a ʃ b ʧ o m ʧ
t a e f e f a ʧ i
ʃ e r ʃ o : ʒ e : u
f i t u t e
ŋ a ʃ t
t j i t u ŋ a b v i
t a i o s a :
b n i b e i w o f u f i
t l a p s i
d e : ʧ o j d t o u
d u d a e
e ŋ u ŋ a l g o
j u : ʒ e : r a
s u
n a s o m b
u ʒ i : n u : w s
b u s p e v t
p ʒ o m e
ŋ a ŋ t o j u k a r
l e n a d e k e k a
d a s t v o
f e ʧ i ʧ a e
p o
t i m e i
k a k u e i r g k i
e i m e v b a d e i
i ʧ i ʧ a u
ʃ i b
m w i g a t i m
u : ŋ g i
o j m i ʧ i ʧ o
r e
k u : l ʒ i
p e n u : w o w e w i
k i
f u m g e s i :
v o p a j k u n o
n o m b i v e u p a
r e n a i
o n i : ʒ e u w o
s r o d ŋ p o p n
j o v o ʃ d ʧ e f g
i t e t u f k i j a ŋ e i
f a l o d i a
i j o u r t u v e a r
p e :
a i n e w a j s o
d a p e i f o w f e
e w a i ʃ t i
ʃ a o l f i t e t a n o : s d
ŋ o p u a ŋ ʒ u l t
ŋ a r g a : m a o j d
w e w u o p e p
r u r e u a d o d u r e
ʃ u t e d u
v a m d e i w f i :
v e ŋ a ŋ e i ʒ k e w
o d o ŋ e ŋ u
ʧ a n t o b u n t
n i j s d o : ʒ
l o ŋ k e : v a i
j i ʧ o ʧ a
d u w n
l o : j a j o e
b e b i e j i j d
p a j ʧ a l ʒ e i
g u p e k e k i j a t a w
m i r
t o k e r e r o e
w u g i r s e : ʒ e v
i p
j u s g a i w
v i k i k u e n g
l e ʒ o d e i
t o j t a b u e :
ʃ u m i s i : t o u s
m u v e :
w i v u v e f a
e : b u i v e
f i p o a k
b i e r d a : r o r u
g u b a m t
u : ʒ t n i n e i w
j u k e
t o b a
t u v g ŋ e v ʧ u s e i
l i k a k i
a ŋ a j i a i
b e j b l o u ŋ e ŋ o i d
d l i k e
b w a
a t
t a t u a
v a v e i w d
b m a w o w i ʧ o u b w
w e : s o s i
i f p j ŋ e j e
u w t u v p u : w p i
k a ŋ p a e ŋ b e ŋ t
k ʒ o ʧ l i :
v o : t a : w d i
ŋ e ʒ e s t u j p e
k e k o u
ʒ w u p o
r e w
k o j i j e j a
d ʃ u r a ŋ a ŋ e
k ʃ u ʒ
d o d u a n t f u
d e f u v g a
s a e
g e r f e f a i
ʧ u l a k
p s u g s w o
v o v a u w d e ŋ ʧ i
f a i t o
g i g e i :
w o : w v i f p a ʃ
l a i p u p i
k j i ʃ w e s l u : ʒ a j u j e
r u j i : j
o s o u i
e i ʒ t o
e : f o f e d a
d i s p i
ŋ o t a t o
o g e j o s o p a
ʒ l a i ʧ v
ʧ v o ŋ
u n ʒ d a
b u r i r a d i j u b
p e v e v a o l
ʧ i ŋ e l b e i
ʃ o m o m i v t o a i s
b n e p s a u t e n ʧ u ʧ e o
b e k i v k i ŋ ʧ g e k e
e k a k o e j u
u : s a s o
t a t e u l d i
o u n a n e f o f u o
s o ʃ a i r t a i k
ʧ u k i n t
k e i
p a l b e m e m o g e g i
l a i a i b e b u
b a m t ʒ e
u p e n ʧ u : i
g a ŋ ʒ p a
g i f e o : e
ŋ i ŋ o u ʃ i
t u t e a v e v i u : t a
k i : e i :
m a : m g m e
j u n i m g e p a p i u
e j o m i n o n i w n o g
v u ʃ e ʃ o ʒ u r s i
r a o r ʒ u
s e j i m e m a
v e i ʧ e : p o g o : o w s
e : v g e u
o t u n k n u w n a i
t ʃ u
j u l b i ŋ b e v
k u
p w u b j f o
v u ʒ p i f u a s u v u
g e : r ʃ o : ŋ d o u
v i v o u s d e
ʧ e v o u j
a n i n o
ʒ a i l k l a ʃ
g ŋ o v w
u ŋ o j b u t o : ŋ
o k i j ʧ ʒ e l o b u b e i
p a k o g
n o i : ŋ a i j ʃ
t e m
i w a w u
g ʃ a k d u d i u
v a j a j e i d e i g
ŋ a b k u k a i
n a : ʧ
p a p u i j ŋ e
l o p i b o ŋ ʒ
g i g e a r d
i n e j b
i n i e : f t
s u l p i : j a : k o e
n a n i o u
s e p e i b o b i
m e r u r i e v a i
t e : l d ʧ o
s a m u ʧ a ʧ u
ʃ e w d a i ʒ k r d o
k u ŋ b w o u r b i
n a m k a f e ʒ t i d
r o d
l o ŋ o ŋ i
p o p i e f i :
o p u
k ʒ a o :
ʧ i s g o b i : m d l e j u
e ʃ u r b s a
a m i v o v u
b e j b o v p t a i
ʒ e p a p o m o : b e
ʧ v i t m
o b o
k a ʧ a ŋ e ŋ u
i v o k
j i r a r i u
ʧ e v e u
u j e j u o ŋ p i
g i w a w e v a i w ʒ
ʧ i k e i d a d i
t ʒ o u t ŋ j u d f o
a i j e j o
ʧ o u ʃ d i d
u l t a f
ʃ w e d v
j o u n
f u g a
l e a u : f t ʃ a
ʧ a m a j ʃ
w o w u a i t i l
s a w d e : t a t u
b u :
p o ʃ o ʃ e ŋ a j u
b i b o i : k e m o
ŋ e p a f o : ŋ
d e w p e d i
w e t
u a ʃ t o w e
ʃ i f i f o
j o j i a b i j f r o
e v
u d o m ʧ a e i m g
i f
e w u m
ʧ a v e v a d e :
v o u m e i
s i k o k u
t a v i
p j e s e
m i f a s a d o l a
m a r a v k
k n e k a i f r e r u o ʒ o
r u ʒ p p o ʃ u ʃ i
w a m i m u m o
w a w e o k
u ʃ t ʒ o
w o v i v e a j ʒ i :
v i g
i t a t i t o a
ʧ v e i k i p f u w e :
ŋ i j e j a
r e r u e : l d
w e r s u o
f i a j s s a
m o : r
j e j i o : f i
a ŋ b r a r u s o n k
e g u e o l g ʃ b i k a r ʃ
l o f a e w o w u
m o ʧ e :
ʧ a i ŋ d a v a
l i ʧ e i t o f a : r
r a r o u
d a i ŋ
l e i s e s o
r i r u i m i n ʧ o ʧ
d f a
u f u m e
g i ŋ i f e f i t u t e o
r i v d ʃ i :
l u b e p i p u
ʧ u : g m a m i o : w
f a w k u t u : l g
o : s u ʃ o : ŋ e :
f o j u j e n e
k e p
o v u v i e ʧ
e u b o l a :
n u i w t e : n u
ʒ i e d a i m o
u ʃ a ʃ u p i
ŋ a v ʧ e r
j i ʒ o u
v o ʧ o w o u
m u r k u l e : s u s i
w a ʧ
ʧ u :
ʧ i m ʧ p i
ʒ o d o : k e
w a s o
ŋ i w i w e o
e d
k o : ʒ a t
ʧ i p o v d
i l t i
r i j ŋ
ʃ a i w g l e
r i f i f e
t o u l e ʃ u : o :
w i : ʒ i t e
ŋ o a v u v a
l u o u a v d i :
d a d u a s u f d a
j e i t o :
t o w g ʒ e
r i r v i m e
g r o s u s i l a
e ʃ
u n u n a ŋ e t e
u m o b
g o g i u ʧ o ʧ a
w e i v k
t e m u g a o t e t a
ŋ e : j v a v o i ʧ
m o : l
j u j i a t i t u
f o : ʒ i o
d u j p e g o :
d a u
n e m ʒ i j k l i ʃ k e w ʧ
ʃ e i ʃ u ʃ o
e t o t e m u f o
b u b i o i
j o f k a l e p e s
t l u v i v e i
ʧ a r
o k u k o r a v t d i
p a t i t u b e b a e d a :
p o r e : m e ʧ a ʧ o u
ʒ e n o t
s e r o g i g e p o g
j a j u i
k f e j
j a j e o
s e
ŋ e i t a t e
k u j m l o b a p
p i s i v o l p e j t o n
t v e ʃ w e l u
e i l i m d ʃ o
v o : r ʧ ŋ i :
f e ŋ a ŋ o m a ʃ
p a : g a k
ʃ a r b t e r v
ʧ a d e
u w ʧ a :
g v a j o t o s o
t e t i e o u
ʒ r u i f i v e
u v k o w t k u k a e
ʃ i ʃ a o
ʧ u ʧ e u i l ʃ o
i j g e j v e i
p a r o r a
e ŋ e i v a v o r d o
s a w d
w a w e i
ʧ a n k
g e ʒ p a i ʧ i ʧ a w e
s o p a
b o d a i
u l p e j ʃ
s o f d r a r v o
w a m e w u w e
ʧ n a p ʃ e
f e ʒ a l p o f g a
g u ŋ e ŋ u a
ʧ u
b e v p u m ʧ f t e
o : l o
b l e
l e n e w i ʃ o l t
ʃ e u
ŋ i v e v a e w m
o g a g e f o
b e j e
ʃ e r g i n u
n u n o u b
b i p u j ʧ
e i p o p i s i b
a g u ʒ t w d a
l i v b o n i
s e u w a i j
i l s o ʃ t i j m e
v u : r i
t e j ʒ ŋ e d
m i m u o s e s o
d i s g l p i v i
g e g i e m
u l o l e ʒ k o u d a
e n g n e
g e
ʃ u f e w e w o
r e : d o d u
m u w u l b i a
s a l e l o
ʒ a s d e m i k a k u k e
v u s a e j g
a : d e j n e j i
g a r v t i
p i p o p e
w u : ŋ ʒ i
ŋ j e p i : e
o j u b i u b
u s u k o f g i n k
ŋ a ʃ k u k a u : r b
j i ʧ e ʧ a j ʃ i : e g
m i r s i w m p a :
b o v p i m b o : l ʃ
u : k o u e
a : ŋ o
b a i v g o l e l o
r e : w p a w
m w o u m
ʃ i l f j u
p i
r e n u n o p i p a e ŋ a
g m o g j u
b i g u
g r u e m i m o d i g
u n ʧ t e : u j m s i
ʧ o
o g
v a i
m o j a j e t e
e j a i p o
ʧ a u k e k i o t
k r a ʃ r r o j
e d e d i
s u s a e l e m ʒ
t u i s p t e w ʒ a
ʃ i j g u : w v e i
n o : ŋ a s u s a k o
s u e t e t i ʧ a
t i s k a w
v u r u ʧ o f t
d a : n i
r i : ŋ k o
a d e d a
ŋ o w
n o g i s i s u
s u v t
o ŋ d j o j e o : k o a
f o ʧ i w e w u
u r a f p g e s
ʒ i ʧ e i m a
r e l g
f e w p u
ʒ e ʃ k a i d
s o f e ʧ a r b a
g a b u o v u :
r o n o s i f a v t
d ŋ e m a p a i
m i m u i j p
r o :
v a ʃ g o v i v a
d a e u g
u j d o u
n a m p j o b o : m
s o
l o g d u d e u
b a v t i t o e ʒ
k s i ʒ e g s k i
s a : e i g i e l u l a
p s e i
l u o
f o b u l u r ʒ f d e :
k s e p v u :
k i r f e i l k o u
w i : r p o u f i f u
a : r f i
k r o w e w o ŋ o
i w o w i a l t e
a s o s u a i j e v u e :
a ŋ ʧ f o m
v a i l o
ŋ e r g a m e m a
i t u k u ʃ e r
ŋ o u d
b m o : v o k e
i m o m u a d o : o f a v
u v t e ʧ a v o
v u ʒ e i r i ʧ e ʧ o
ʃ i ʃ k ʃ u j ʒ i
b e d a d u v a v i
d n o : g n t a
b u b a o ʧ e
o u w a w i
m i w p
d e b u b a e i w ʒ a
u j k a w p u p
t m o m e i d u p i k a :
o j g e k a : r e k o k e
s a n d e ŋ a
r u l f o u
ʃ o ʃ i e f b a s o
b s a d u j a
ʒ u m b u v d
i g u
a i l k k i t i w d
u l s i r e j e j i
p u j m i m u i v u i ŋ p o
ŋ j a t r u ŋ i n o
p r o ʒ i k
k ŋ o l a l i e i
m o : r u r i
w i r t v e : ŋ o r
n u v o
n o m t a j
ʃ u ʧ o ʧ i
u : j ʒ v a v u e
n i r b b o t
b a o :
p l u t
u m t f e w ʒ o
j u j o i
s u : r d e i ʧ o ʧ e
ŋ u ʃ o u v b o
m o s o
ʒ ŋ i d o u a i
m e s o p e w
ʧ m e l
p i l ʒ
ʧ i ŋ u m o k e
g u g a o w ŋ o d u
v u v i o b e b u j s a n
ʒ a f i n a o s e s a
a p
g n o r e ŋ u ʒ
g i ʒ a i
v i n e n a ʃ b a
b r o g l i n
ŋ u ʧ e w a : ʧ o
i l u n e : ʒ
ŋ o r v o u f
w e : r k i
k u k i u
o a i n u v ʧ
e a
r e r a u p
g u w o w i r e r i a
t ŋ a d
k i k a u k o d a
s l i w i : j u k
v j e ʧ u ʧ i e :
a m g u ŋ u ŋ i r o
ŋ e ŋ u ŋ i p a
ʒ o v a v o i ŋ b i
e b i b u e i
d u d a u
b u ʃ d b u o
e l a l i o a n k e i l i
f u m ʒ a k i k o
ʒ o e
r o s o :
j u : n a n o d e w s
g o j ŋ e p
m j o m a i w u p f o u
n a ŋ e i ʧ a j o j i
s w e ʒ
i n e f t a
a j e i
r e : f u ʒ e : ŋ e
d e r e v a
p a j s e v a ŋ a
ŋ e : o r o
j i ŋ i g e ŋ t
ʃ a e ʃ a
ŋ i u j
w i w i j o d
u l s ʧ e o k
b o p i d u
l u : t e b e i g a
e a v o i :
t i t e ŋ ʒ w e m u g o i
r o a k o u b a d u d a
s a j e a ʃ b
p o a j a i ʧ
k u f u m o r d
e ʧ e t a i ŋ d a :
ʒ a j u i k a p u m
n a w i l o g e i ʃ k
s e r u : b e
p ʒ i w a v o
i s g p o t e
m o ʧ e
j e n e l d t o g o n o
d o k i
ʧ i : n m a u
w e i :
t u i
o p i ʒ i j ʃ r u r a
b i t a i
m e j i m u e i
i f u j u
k i a g i
n e ʃ k p i j e
s o l s e w e
a b i u i : r a i
f i o w
g a u n
k i o v i v u j i d
u f i k a s e o : l k
j a e j s
a t e n e :
l a t o s o
o b u o p
p f i t e a d u
n a i s u ŋ a n k
w u o t
w i g a
ʒ n a r i e :
r e n ʧ a j e l o
w i ʒ i m i
w a o ŋ ʒ a ʃ
o s u b i u
n e n i u l o
ŋ u : b i
j a j i u j d l i n a
a l i b e
a b i a w u
k e i e v b i n a
n a w e w o ʃ u ʃ a i
l a e j g a :
l e m e b o
m a u k
l a s e w ŋ o
g a p e t o
k o u o u s u m a :
d ʃ a d a u k o k e
p ŋ u m o ŋ a i v a e k v
m u k i m d e b o
i u ŋ g i b o
o ʧ a e r
j a j u e i a n o
f o a f i j u ʃ o
v o : w e a e s k
f a ʧ e
w i r a
b i b e l g u : t
n o e b o u : ʃ u
ʒ u ŋ i ʧ i
ʧ u ʧ i a t e t a o s i
p a n o j v t e u w i
f a i w u
w i o e : w g
a i m u i k
ʃ u ʃ e u ʃ d i j d e ʃ o
n i a i v
ʧ r u r u i
l a u g
p e a i r o : k
s o n a n u m ʒ
v u a ŋ b o t o m b
b i b u o d u d o a w a
s i s o u w i
t a v o ʧ r i a
j a i f g u i ŋ e
ʧ o v o b i
v o r g e k i
b o a p o
o : e m b u g o
o e p i
p ʒ i n o
ʃ a ʃ e
p o : w d i b i
m u a j ŋ o ŋ i ŋ u s i u j e
k e i l b e i f e ŋ
n o e :
k a i ʃ o l o
r e g i
g i o u w d
ʧ o i
g a r e b u
m a e i p a :
n o u o ʃ i l e s t a
s w i ʧ o
t e i n
v e ʃ e o
s e s i o ʧ a
t o g o s o l i o s a
ʧ i ŋ o i e :
s i s o e s e w u
j o i n u
f u ʃ a o
s e u r ʃ e
r a r o i g i
m u o b a b e
o r a j n i r ʃ o u
k a i ʃ e a s e
d n u n a
i k e l u a
b i a w i w o f o d a
u d t u e
b o u ʒ p o
m o : g o
ŋ a v u
b o u w e o
v a i r g
a l a i u a r v
k v u k e
ʒ o l m a o
ʒ a ʧ u b i r k a l u i
g a o s b
r o ʃ o
d a : v o n o
w i u m u
i f k o t o u r e k
j e a ŋ g g e
ŋ e : ʒ f e u r s
j u d a
ʧ o : k i u r ʧ
b o f g o s i
b a : l e
ʃ w i b o e ʧ e
o m ʒ ʒ o ʃ o n i u
k i n o ŋ e n g
v u n o
r u i j g e i
k e i d i ʧ a b u
b e b u n a n ʒ a
l u b i r a
s o s i e : m a
g f u i d o
ŋ a j a
a w i w u m e k i a r
a p o p a g a : p e
n i : b u v a
v o u d o m
ʧ m u j a
ʧ a p u a e
v o j o u j ʧ e s a
v e w ŋ e a :
n i : m a l a e ŋ ʒ e i b o
p a t o j a s
l e : l a
e s d e t o
n u ʃ d o l u a ʧ e
v a o u
ŋ i e i s o v g
b u : k o
o u o ŋ k i f e g e
o ʧ o t a s o ʒ b o b e a
e r o r u s u ŋ u
p o d i p a f i
t a v a e
m o m i j i b o
b i a : v a v i
p a : s u
w a o r ʃ e
e g o ŋ ʧ e a : ʃ o b o e
j a k e
s u i f k e
e r ʃ e ʧ o i
e r o g e
n i e f o f i a u n u o
o j ŋ e f t i s i
s w i d u p i
g a e l p u
o : l u r p u
ŋ a i ŋ o i o : j v
u g o g a w e u ŋ
w o r o r a o w u
k e j e d o u
j o m o j ʒ o : m e
u w d g e l u i v a : e
f e j s w i o r t o u
t u ŋ i w ʒ e t o
t a s b o i
ʃ o u : o u f p d u
d u m t e n a
b w a k s l o p u
l e a l p u e i
g ŋ e d n o g f g a
e i n u s e : w
w u a
v u v i a v e n o
o : s e d u
d e f t n o e w m
b a v k e ŋ
j o j o i v d
ʃ o s o s u ŋ u s
f a d e i l b p a p
t v e ʧ j i ŋ
m i ŋ o j a : s o ŋ
k ʃ u ʒ
ʧ o : n
o ʃ
n o e d u d o e ʃ g
m i w p
d a ŋ a b i p
a i m u m u i k
f i p o :
ŋ e : j v a v o i ʧ
r a ʒ k u :
p ʃ a i ʧ o s
e ʒ i ŋ g a m g
k u f u f u m o r d
i ʃ
l a ʧ u ʧ u ʒ a l
ʧ u : g o u g
ʃ o ʃ o a i r t
ŋ j u b i : g s
ʃ a r b t e r v
v u r u ʧ o f t
o n a g i l o ʧ
u f t e i v u w e n
e j ʃ o w i : d
o u v b o ʧ
e i m
g u w ʃ a ʃ a : f g
s w a ʧ l
s w e ʒ
m a m a u r v u m d a ʧ
l o p i b o ŋ ʒ
m e r e n g e :
e j o m i n o n i w n o g
w e n
a ʧ i ʧ i f i ŋ o : j
w a g e g u r g e i r
n u f e v o l g
f a f a i ʧ
t u t u o u t i :
g o u b i b e j u j ʃ
l i ʧ e ʧ e m u :
k o : ʒ a t
m j i r e b ŋ i e g
r o t
f e u g o b
p o d i :
s i w i v b o u f
i s e s e a i s g
p i p o a e u s
n o j t d a m
f e : t e r e g
t a v b v e n
ʧ o ŋ p
k e k e i l b e i f e ŋ
a ŋ ʧ f o m
s j a ʧ j i :
n a n a u m g
f i w g e v g o : t
t o f g i m g p i p u o ʒ k
ʧ v e i k i p f u w e :
o ʧ u ʧ u m u :
j u j a i f d u w i p
w i j a s
p ʒ o u ʒ w u :
s a t u r ʧ v i p
d u w n
r u p e p i ŋ o :
n i j ʃ e n g
n a w f
m o g u j i o k
b e b i e j i j d
l i ʃ t v e i ʒ
t a i j v j o k
ʃ i b
e u b o l a :
u w ʃ o k i r
p o p i e f i :
a i l k k i t i w d
p o w i u w ʧ o u n o d
m a m a u k
v a v a i r g
u b i b i t u : j d
p i p i e f p
t o t
v a v e i w d
d u j p e g o :
d ŋ o g a k o ŋ o d
r i m t t o d
f l e g e g u f e ʒ a p w
t e j ʒ ŋ e d
u ŋ
o d a k o k o e ʒ
j u m e m o e ʒ
e ʃ
a j g u l s a :
g u g u i m k
j a s p a o : j f
n o r i r i o v a v a o ʃ
p o p u o ʃ b f e o s k
j a j a i w a j ʒ
b a s k l i n
p u : m
n o f i f i u r b
o k e k a v i v i e p
t i w t
k w e ʃ
n j i t
n o s o s o ŋ i ŋ i u :
w u w a i r a r a m o ʃ u ʃ
p ŋ u m o ŋ a i v a v a e k v
e : m
v i ʃ k o : s
ʒ n a r i r i e :
v o v o : f b u l
s e s a i v
n u b
n i b a b a ʃ u :
n i ʃ k
p v e i ʧ n
w a w a o ŋ ʒ a ʃ
r o :
u ŋ u ŋ e w o b
e g a ʒ o r
v u : n k o v ʧ
o k o ŋ p u j i : d o m p
s r o d ŋ p o p n
b i p u j ʧ
k v o f
d a : s o s i o u b
g e g u a j m
j u l b i ŋ b e v
ʃ i ʃ u o s b o u n t
m a ʃ d o :
k o w e : j e l s ʒ e w t
g u m b e : r ʃ
ʃ e p a p a f u ŋ i : f p
k u m i v
r o r o a s t j e d e l u b
f o ʃ t
t o t o f a :
d i d o i f
w o s u ŋ k e r v o n
v o u g
p e v e v a o l
i g o t a t i a l
r e ʃ b u b o d
k o w ʃ d u : p
p a p a o u j s
l a l f
g e : j i j e o k i ʧ
ʧ a :
u j k i w f i p i v p
ʧ a ʧ a i a i g
u e k a f b
b r o g l i n
o w k e f e ŋ ʧ
m a r g i l p
t v u g v u j e i n
p j o d
o ʒ a j
ʃ o ʃ o a j i m p
i p
k u ʃ p i :
u k i k a ʧ i l t
m i w g a k
o : i : r ʧ o u k
k i k i o v i v u j i d
ʃ a i f g e n ʒ d a r
p ʃ u : n w
f e v k o :
s u ʒ a l e p
e w ʒ ŋ p i k e n
a l ʧ ʧ e v i b e m t
d u d a o n b u i ʧ
t i r e m p
e l a w o u r ʧ i w ʧ
p i s i v o l p e j t o n
k u j o r ʒ
l e :
a i w d e b i :
j a l b o u :
k a i r k o m
n u n o u b
ʧ o u l i r d e ʒ p o : b
f o m k o i ŋ
t u t u a i k a w
s o : m
k e k e i j f l e k
ʒ a s
m a i m k u g
i n a n a s e i j i ʒ
p o v b b e w s
e w
u ŋ o j b u t o : ŋ
p r o ʒ i k
f u s
p a l g e p
b u p d o d e u k
s o ʃ a i r t a i k
g u d u s o l d
d e r v u l s
r u r k e j b ŋ u d
d l i ŋ j
ʃ e ʃ j u j e i j ʃ
b m o n i : e t w
ʧ o u ʃ d i d
v a m ʧ p i g
e w u m
d o u o w o w o i f e a ʃ
ʒ u f o ʃ t g i t i b e :
ʧ i ʧ i e j v i g
s i : a ʃ b ʧ o m ʧ
e u ŋ
m o m u a l e :
p i m g a v
w e w u o p e p
d e f t n o n o e w m
o r o k
m a p o u g o t a t u w i d
v r e ʃ i :
k ʃ a i g e i t j
v w e : j a f
r e w
a ʧ a m
ʧ a n t o b u n t
v o v a o :
v i k i k u e n g
l e ŋ p w a m
r i j ŋ
v a n o n e ŋ i f
ʃ i g e g e d i d i a j
o f p a r d i r
w e i p i g e i d
ʒ i j d e i w o ŋ
g r u e m i m o d i g
r i j o ʃ g u j ʧ
k e ʒ t i : v b u ʧ
v j e ʧ u ʧ i e :
o n e f a : ʃ
g o g o e j ŋ s o :
w a w a e r p
w e w e i :
w u j o j o u b e s k
r u g i m g
u ŋ u j u j e a i ʃ d
m i r s i w m p a :
n e : e v d a t
g u j e ʃ a ŋ i s
j o i j n ʃ e ŋ u : ʃ e l p
g a g a u n
t r o b u : p v
b f e : ʒ j
e n d o d o e :
d i ʃ p o d
w o : w v i f p a ʃ
r i r u i m i n ʧ o ʧ
m a i s
ʧ a r
e b i m t a i m
s a ʧ e a ʃ a r
g e l i l i o ʒ
s e i ʒ
w o k o u p a :
f a i f j u j u o w k
i m u m u d u s d
k a k e u w ʃ o :
a ŋ p l s o j e g o e :
ʃ i w ŋ a r b a g
p a p a e i s t
o g u g e : r d e s d
t m o m e i d u p i k a :
g u b a m t
u j a m ʒ u n
ʧ a i n
l a w e : i n
f a j s o : ʧ
ʒ m u b
s a i j g ʧ i f g w k e n
m i m u i j p
n i n i a m p
w i w u e i f
g u b a b a ʃ o : ʒ
ʧ u w ʃ
ʧ o :
k a : m d
d e l a t
v o : w u w e u v g a ʧ
g u g e i a t e :
g i g i o u w d
r o b a b a k a o b
ʃ e i r g o :
w o l s i v t
s e w u :
s u : w v
e k
n a j ʒ i ŋ b g o :
k l a f j a j
g s o d
t a l ʧ u r e r u b i j
m j i k ʃ i t u s
j i ʧ e ʧ a j ʃ i : e g
ŋ a : v a v o i p u j o :
v a m d e i w f i :
d u : u o ŋ d
s e i s g e n i :
d s i s
v u : w p v ʧ i b
ʃ i : d e f
r a u t
j i v t f u f u o n o n o u v d
w u s o a u :
e i d o d o ŋ i :
ʒ a :
v a v g u : r a m
p o w m e :
i j v o u n g
k w a i j i j i a ʒ
n a : w u ŋ k e :
o m ʧ a v k s b i m p
g i g u i j
ʧ o s d j o :
j e : e ʒ e l f
k ʃ a l i w
ʒ e g e s g
ʧ i p o v d
p i v u v e u r s
ʧ u k i n t
o a : k o k o r a k
n e j
ʧ i ʃ t w a r
w i w o a r i k
a r i r i ʒ i g
ʃ e m d l i a m
d v e b u b u a p e g w
a p o p a i w
ʃ j o w
t ʒ a : n j e k m
p a f e a i r
k s e b ŋ o ʃ
ʒ a r p
ʒ o : m b
t i :
k i k i s d k a k e u k
v o d i l o p o p i o l
m a r a v k
e n k a v a : e :
s a w d
g u f e p
ŋ a w k s i ʧ a ʧ a
r u r a o ʃ t m e m o i
w u s k s g a e :
f o u t u t e s a p o p a
g u k a i w k o u
u n ʒ o w ʃ u m e m i e ʧ e i
w o n i n i
ʧ a t u t i u b e
n a w e w o ʃ u ʃ a ʃ a i
i j g e j v e i
w i ʒ o u
s e n i n e f e ʃ b e i
f a ʧ e ʧ e
a t o t o s a i
g u g u a p u p i
o d o d a m e : k e i
t a : m d f a
b u b u o u
o : l o
j o : e p o p o
g e w g o l o l o a
d e i ŋ o j o
o u o n i n e
p u j m i m u i v u i ŋ p o
a m g u ŋ u ŋ i r o
r e g i g i
l a : b u f d a
ʒ o d o : k e
b l e
s o t e
b u ʃ d b u o
p ʒ o p m t i
k a k e u w ʃ o :
i w a w a e a l ʃ a i
v a ŋ o ŋ a
d e i ʧ u ʧ i
j i l u l u o
d i d a i
r i m e : v
t w e l o l i j o i
u o f i d e d o u s u
ʒ a j d v a : j a
a ʃ a ʃ e
s e u
o u
f a : d i d o
e i n i f g p e r ʧ ʒ e
m u : ʃ g l e
r o k u m i
m o u ŋ k a i
ʃ i j e
ʧ u m ʧ p i n i g o g o u w a
k a i p i p i v t e
u r v u e r a
t j e f u : w e i k a i
b o w d a d i a ʧ e
k ʒ o ʧ l i :
s a m u ʧ a ʧ u
a k u k a d i f b p a
ŋ a ŋ ʧ a r e r e
u b o v o v i
r i r o e
l a w a w a d u :
w o u s k k o u
b o l k i : m i ʃ o ʃ o m i
g o d e d e u p a p o
n a n a o : a
r e r e a n a l e :
j e n i r s e
j a j i u j d l i n a n a
g a
d a d a i
o p u
g e i j b a l e l o
i w a w u
d i d u e d o d o ʒ e
u g i v e i ŋ u
j a l b o u :
b w i ʃ e ʃ i
ʃ a s g e t i t u v e
ʧ a ʧ a o f e
t u t i e g o g o
o v i v e l a
a i n o
b a : w t e
t a t u a
f a r o w ʃ l a v
i r ʒ u f i f a
ʃ o g a g u e ŋ e ŋ i o
w u m e d u m o u l o l i
e u : b o v p g o
g i f e o : e
ʒ o ʃ u ʃ a i : f k e u
v e v e o j g ʒ a
b e j e
g u p u p a
k o s i s u o u
r u n e n i ʒ o j t f a
d a ŋ o t e w u w o
ŋ u g i ʃ e v u v u
m a m o u b e ʧ u ʧ u
k i r b u : i
u : k e k e m i :
g r i ʃ l u ʧ i ʧ e
ʒ u m a m i
w i ʒ e j e j u
u j b e m o m i
a j g u l s a :
k i p i l u l u
ʃ e :
k n o t i t e
d i r ʃ w e
j u j u :
n i : b i b i v u f o f o
m a : v u p u
g u n ʧ ʧ a
ŋ u k e d e p u ŋ i ŋ i
k o ʒ a
w e g i
g i ʃ o ʃ o f b u v i
s o : n ʒ u j k g e
g a r v t i
o :
ʃ i a : l s g i w u w o e i
s u ŋ g k u g i : t i t i
o : j e i v k o ʧ e m u
s a k e k e v b i n e n e
n e n i u l o l o
j i n ʒ a e t o t a
ʒ e i v k u
g a d u j ʒ f e i
f e ŋ p s e t u t u w e : u a
ʃ u f u ʃ o ʃ a
n a j ʒ i ŋ b g o :
f o : i : e
b a i ʧ i ʧ e w b u l p i
j e n e l d t o g o n o n o
g o p o f e
j u j e a b i b i u :
ŋ u ŋ i
d ʃ e i
s e s i o ʧ a ʧ a
l e i s e s o
o u ʃ u ʃ i ʧ e i
a i b u b i u
w u f d i g e j u ʒ e
ŋ e i t a t e
j u : ʃ o ʃ u
m j a n e t i w a w o
d e n a l a
v a f g o
r o u ʧ m u m e o p e i
n a : s u s u g i f a w o w u
ʒ i ʃ a ʃ i r e ʧ e
k e k e o p u p u e v u
g o g a o f u l u l u e j a j u
w o u b e ŋ k ʧ e
t e p i p i
e m g u i p u p u
o u v u v e i s a s a
b a ʧ o ʧ o
ʒ i m o m o i
v e v e i f o j u j e
ʒ o : e ʃ u ʃ u o
n a i r k o u j k r a
p a ŋ o : u : g e g e
u r e r e
m e d o u v a v o v a e
b e b i o j u k e i
a v a : ŋ a r k i
k o u s a s e
ʒ i : f e m g ʧ i ʧ a
m a v o v o e
b o t e t e
r o r a n i n i f u
u l s i r e j e j i
t o t u a u t o t u o u
k r u : v u v u ʒ i
o k a
g r o t n i ʧ ŋ i
k u k i o : v a v e
k f u b a b a
p a r o r a
b i j f i ʧ e ʧ e
ʒ o v
b a n o j b o
ʒ i f i f a u i g a : n b o
ŋ a ʃ o ʃ o
o f i f o ŋ u a u f p o
g a r e b u b u
r a r o i g i g i
d u t a t i e p u
e i
w i g u g u
s u
w o w o u d i d i a i v o
g a b o d i l p o v a v i
b u j n a : f t u
r o : g i j a j a
o j t o ŋ i ŋ u
r i j ʧ o u
b e i m e m u i
l i : n a n o v o
ʃ e ŋ i r ʒ e m e :
d i a
ʃ a r b t e r v
p f i t e t e a d u
ʒ o u v b e f d i
e ŋ e ŋ o v i
w a m m a m a i
n e n e i
ŋ i
f a f u o ʃ d o
p a ŋ g f a ʃ u ʃ o
b u :
r o s o :
ʒ a i d e d i ŋ a ŋ a e
f o j u j e n e
i d e o m e m e
g e r f e f a i
ŋ a ʧ u ʧ u i l i ʧ u
ʧ o ʧ i u : p i : ʃ g i
p ŋ u m o ŋ a i v a v a e k v
r u : k a i v u v a
l a i s i s i
r o t o ʃ g m e i
l e l i u a
g e : i
w a b u e s d e
o v e v o v u
k o l ʧ e
b i l ʒ e v d v o :
u v k o w t k u k a e
ʧ u k a k i n ʒ e i u
p j e s e
v u ʒ e i r i ʧ e ʧ o
i v i v e t u j e i
f a f o e r a r a
r u p e p i ŋ o :
v a i l o
s u ʒ p f e
k e ŋ o ŋ i ŋ a l i
s u l p j u r ʒ a r e r e a
g a : e
ʃ a ʃ o
u ŋ i ŋ i r i r i e
v i l ʒ d a
m o : w a ŋ g ʧ u
t o t o a i :
t ŋ u b m o m i a
r u r e u a d o d u r e
d u ŋ a ŋ a u
ʧ u ʃ g e
ŋ u s o
v a v a o ʧ e ʧ i o
r i u b o u
ʒ a d i d u t a i
v o u m e i
u m p e ʃ a ʃ a
p o u v p u ŋ u ŋ e u :
s o s o i : n o : l p e i
e ŋ u ŋ i
t i w a ʃ o n ʒ o
k u l o l a e i
g a p e t o t o
m u b u ʃ i ʃ i
p a g o w n u l u
w u
f u f u e j a j a
l u ʃ e ʃ e
j u n i m g e p a p i u
n i : p o p i
o d o ŋ e ŋ u
m u m u o b a b e
ŋ e
b i p i p e a i
l i m ʒ l e j ʃ i
d i d i o
o j b p a
d f i t e ʃ a e : ʒ u
i ʧ a : r a r a
m a : m g m e
u o ʧ ʧ o ʧ o u ŋ b e
m a ʧ e ʧ u
i v e i s b u b e u
o ʃ u ʃ o
n a n i o u
o v d d i j a
t m i m e m e
t o v e : v a
u j v i a s k o
m i m u o s e s o
w u : ŋ ʒ i
n u n u e f a f a
p i p e o m a
v a v i o l e
b a : g o g u e
d n u l o m j u k u g w e
w e g a i
u m i m g b e
d e g o ŋ e : ŋ i ŋ i
e s d e t o t o
m a w e w u
d l i k e
o u o : p o n k i
o j ʒ a p o u
m a g a
d u d u a ʃ t m i j m i
l i l o e
u g o g o
w e w e a i k a
l u o
i f u j g o ŋ p g o g e o
p a p a o
e f k i n e l u
w i w u i
ŋ o ŋ i e i ʒ t e : o
ʃ o ʃ o u : o u f p d u
d a p e i f o w f e
ʧ r u r u r u i
i ʃ k o ʧ a ʧ a
k o n e ʧ i ʧ u
r u r u e t i t i l i
a f b i
u w u r o r ʃ o k o
n i n i e s a s a u
ŋ u j v o u g i b o r ʒ a
v o : t a : w d i
a ʧ u ʧ u a
f r a d l w o
f e ʧ i ʧ a e
s l o g u g u
t e t u o ŋ ʧ e d a
b e k e k u
v a ʒ o j p a
ʧ e v k ʒ e i g i a
e s t u p e
b a r i r u o
j e b u
b u d o
o ʃ u ʃ u a i t a
g j a ʧ o
r a r a u w k a r e i
a s u v a r s u w g o
w u p a p a u
d a : ŋ i ŋ i o :
p ʃ i : t m g u
t ʒ o
j i g a g o d i p e p o
ʧ e ʧ e a ŋ ʒ e d o d a
ʃ e v i v i a : ŋ i
o ʧ o t a t a s o ʒ b o b e a
ʧ u l k e
g w o
d u l b j a
k u ŋ b w o u r b i
a i j e j o
a l i l i
m a i g a
j a j e o
s e r o r u ʧ u : d a i
s e f e
j i ʒ o u
d o d o i o t d o d u o
e ʧ u ŋ e m i : e l e l i n u
a m i v o v u
s o ʒ k u w s i t o t o
ʃ o g i v o v e a i
w a
v o ʃ b a ʧ a
p l o g f g e
ŋ e i j o j o p i k o r o
o r a r a j n i r ʃ o u
g ŋ e ŋ e d n o g f g a
p o b i b i
l u n u n u ʧ o l ʒ i
t l a p s i
a : d u d i f a
j o t e : v e :
g u a v k u j u
g u w o w i r e r i a
s o t o t u
j a ʒ p i n b w o
k e o u w i w i e
s e ʧ i ʧ i o u
r u e :
s a l e l o
i : j o j e
e f e i n o n i
t o s i s i ʃ o j o v
k o w ʧ i b i r e r e j u j a
e i r v e
n i n i e r o r a m o e
l a l i u
t e t e u ʒ o
s u n ʧ a
j e v i v o s e v o v a
ʧ o u
n u m e m a e v g e
ʧ w e ʧ i t u t u e
b e b o a
w i w o e
o ʃ i ʃ a
d o
n a n o i v o v o
i
k a p o p o
ʧ o u p o g e g a e i l a
ʃ e p o p e a :
u w e i
k i k e k u
e r s i g o
u b o i r u :
m u m i u b e j v r e i
w o : j t i b o u g e g a g e
n u v o
v e v o u ŋ t e d e d a
v o v o i r e r e u
b e j g d a t a ʒ p i
ŋ e ŋ u ŋ i p a
m a ŋ ʧ b o
n a n a e
ŋ o ŋ a r a r e i ŋ a ŋ a
n i w v
a i p o ʒ u p u p i
ʒ a s d e m i k a k u k e
ʃ a i
ŋ e ŋ ʧ u
p i m g a v
d a : v o n o n o
ʃ e j a j a
b e v p u m ʧ f t e
e l a l i o a n k e i l i
p r i s o b m t e u :
k i k a u p o p u a f g p u
i v k u : n a n o
t u v g ŋ e v ʧ u s e i
ʃ e ʃ e o u j ʒ d e ʃ e
j o j i a b i j f r o
g o ʒ a i ŋ o ŋ o
b a b a b a e
r e v e
j o w u f o f e o r b o
k u m i v
s a s i u ŋ e
s o r ʃ i b a p a p a
i l t u m o m o i
s a : e i g i e l u l a
ʧ i ŋ u m o k e
m o ŋ t o n a
ʃ i ʃ a u i b a : p a
ʒ o d u i n g o u g a
t u t i a
i r u ŋ i ŋ e
ʒ a ʧ u b i r k a l u l u i
f a j a v u
f e v u : w i w e l a l o a
m o ŋ e ŋ e u
e w i w i o l o l a f i u
t a v o ʧ r i r i a
ʧ a
ʃ i ʃ a i
o : t o t o t i l t o u
p u p i e j ʧ w ʃ u
l e a l u l a
r u w p a p e o ŋ e l u l u e k i
r u m e m i g u a
b o u d a n i n i
a p i p i
r a r o u
ʧ v u d a d a ŋ e
d l a
ʒ o e
k v i :
o : j e j u ʒ o
d f u b u b a
f e f e u
ʃ u r e r e
p o : ʃ e
m i j d a p a p a
ʒ l a s i s u p i ʧ e b f o : j i ŋ u
k w a i v i v o
p o
r o r u o g u k o b o b o
b ŋ o i g a r i
ʧ i : n m a m a u
r o r e o m o
ʧ o w n w e d e j u j o
m j e ʧ i ʧ i
i o g i g i
e r b ʃ e
e i d u m e m e i
ŋ e i t e i
d a d a u p o u o
p l e p e d e d o
r e f e i g e g e o v i v i
p e m i m i a m p a m a t i ʃ o
ʒ u j v o u f i f i
p ʒ i ʒ o u m i m u
r o v o : w ʒ j a
t a v u
k a i ʃ o ʃ o l o
ʧ w i v u v u o
i n j e j e u j d m u
b e f e f e
k i k u o : o i
m e j a j o ŋ i
p a ʃ p a i a
m u j a j a u
e : d o w n k a
k o k u o
s o s o f i j i j i f e
k e i
f i : n t i v ʃ a ʃ i u
k a i m i s o s a
e ʃ b a
o l k v o
p i p i e r e r e
f i f a f o
l u : t e b e i g a g a
ŋ e ʒ i j v ʧ a
r a i k o k o
t i e
p e i g o
s a o ŋ g u f o
m o ʧ e :
p i p i o
u j i j i w a w u o
s w a v g e g i e f o u f e i
g u k i l o l i a i
m i m u v i v i
w e w e o n g m i m i e
i t u t e
r a ŋ a ŋ a
ŋ e : s u s u
v u s a s a
k ŋ i t e t e
o d i d i
w a w a i
r a w s a :
v e v e o s e i
ʒ u
w u d e i
e f o f e
e : m t o u ʃ u ʃ a
p a r e : ʃ i ʃ i
a ŋ e
d o :
f e w i w a e
w o
t i t u a b o b o
ʃ o u k i r ŋ a ŋ a i
i b o v t v a i u ŋ b j e o :
b i b u e
p s u g s w o
u n ʒ d a
k r i d d a d a u
ʒ i ʃ u ʃ e
j i b a b a
s i m d e t i j n e
ʃ a i s o s e f a
t e j v
ʧ u ʧ u a
n o l b r a
ʒ i ʧ e i m a
k e g e g i d a d u a
j a n i n i u l e n o
n a i j ʒ ʧ u a i
t i t o u : ʧ a ʧ i s a
i w ŋ o u
a f e ʧ o
p o ŋ o ŋ u
s e r a r a ʒ e
ʧ o : ʒ e p a p u e i m o
ʒ a : m o k e r o m a
f u p e
r o j a u r t v a
i w i ŋ u ŋ u a i
v o v o : w d ŋ u s o
r i v d ʃ i :
b u t a n k u : v u v a
e
f e j s w i w i o r t o u
e ŋ e i v a v o r d o
j a ŋ a ʃ k e n u n u
i g u
t s a j o j o u
p a f p e i o u f a f o
m u k u e l u l o
o r e r a
ʧ n i
g ŋ u p o
f u f a i
i : ʃ t e f a f e
n o s d i :
ʧ a ʧ u o u d i d i g a
b e : ʧ i ŋ i ʧ e ʧ o
a i ŋ m i m a i
v u v i a v e v e n o
b i p o p u
ʃ e i ʃ e
e g u g o m e b a
ŋ o u b u b o a
e n k a v a : e :
a m e m o m o
m e w t i
t a s b o b o i
a i ŋ o j b m a i n a ʒ a :
s o ʒ t i
s e ʒ i
t a t o t o
ʃ a i n p p a
ʃ w e d v
l i r d a f e f a
v j o u d r a
r a ʒ k u :
v i w a
o p i p i ʒ i j ʃ r u r a
f i : ŋ a ŋ a o
d o ʧ u k o u g u g o
o b o b o ʒ i
v i ŋ g e u
ʃ e i f d e i d e d e i
g n o : w i : t ŋ e i
a j i j i v e f t g u
p ʃ e : s o s o u ʃ o
s e j m s g e j i j e
m e r u r i e v a i
p a j d a : s e f g i
p o p u a
f o t i t i b e i ŋ t o :
k i k i o
v e w a k i k e
o a g u g u o
ʧ i m ʧ p i
ʒ u m i m i
ʒ u f o ʃ t g i t i b e :
g m a m i m i o j o j i
t j u : u d u
r a
t w u s o n u i v w o
g u a p i p e o
j a j u e i a n o n o
ʒ u n e a f u l o l o u j a j a
u w t u d a
ʧ a k o k a
ʃ i m o u r k u
o k i j ʧ ʒ e l o b u b e i
s a w d e : t a t u
ŋ j a l u l o
ʧ i s p a w s f i s a s o
p ŋ u s e ʧ o ʧ e
k o : m i m o
f u d u s o s o
v i m e : n g a r i m u m u
j e t o t o
b a m t ʒ e
ʧ e w ʧ u s u o ŋ u k i k i
r u r o u k a m e
j u : ʒ e : r a
j e i t o :
n u ʧ e w g b a
b ʃ e i
l e b e b u
o u m o m a r t e i
m u v o d e ʒ u
s a s a o
ʃ e ʃ a u :
k u f e l ʧ e ʒ u b i b i
ŋ o : g ŋ a ŋ a o :
ŋ a g u g u a j ŋ o u e
r i w u w o
s i ʃ g e i k e p i :
f o l t v i k i
v u v a o p i u
d i d a o t o k i
s e i s g e n i :
k i s d p e i
p a n o j v t e t e u w i
ʃ o u j ŋ o u m o b e b o u v
n i j ʒ o t a t a
i n e f t a
s i : l d i
p e ʃ e ʃ e
ʒ l u ʒ r o u n o
e ŋ e ŋ o i
f e i v u v u a
s e ŋ e ŋ e
l o r t e n t a t a i ʃ a
w u w u a
o
f u l i l i e
b u t u ŋ t i
w i g a g a
t m o m e i d u p i k a :
ŋ e v k a :
ʃ w u f e
u r b a i t u j d l a
ʒ u ŋ i ŋ i ʧ i
u m o m o f u
m o ʒ k e j u :
g e j ʧ t i o
t ʒ i g s k a
e i l i m d ʃ
s i : l d
ŋ o ʃ i ʃ a l e ʃ
f a g o : ʃ e ŋ o s
f u f o
ʧ u ʒ o f p
a t
s e
i g
b e b o
ʃ e i ʃ u ʃ
a n o n o m
r i j ʧ o
n a ŋ e i ʧ a j o j
u j d o
w i w i a n d e
j e b
s o s o a d i d i
d e i ʧ u ʧ
e p o u n e
s u l g u e v i v
e : g i g i g
n o
f a : d i d
ʒ u m o m
l i ʃ u ʃ i
p w u b j f
s u l p i : j a : k o
i t e t u f k i j a ŋ e
ʧ a ʧ u o u d i d i g
s a j ʧ o ʧ u o m g a j o j
n i j ʒ o t a t
j u : ʃ o ʃ
g o ʒ a i ŋ o ŋ
j o t a i g u g a
t i ʒ i l ʒ o u s d
l o r t e n t a t a i ʃ
f u d o f u f
d a v o v e v
i v p e v o v u
g v a j o t o s
u r b a i t u j d l
w e w e a i k
o j g e k a : r e k o k
a i s i s e i n i n
r e r u k e v n a n a
w a ʃ e d u w
ʃ e d e d
f e f o u r e r
t i ʃ i ʃ o
l e : l a l
ʃ u f e w e w
j u d a d
s u s a e s
v a i m o : l
t i t a u t o t
m a m a o e p e p
s o t
ʃ u : n i n
e s t u p
t i m e
n i : g a i a : ŋ k n a
ŋ e i t a t
g u w o w i r e r i
a i m u m
ʃ i m p a i ʃ e u
ʧ o n e n i l
ʒ a n u a j
ŋ u j v o u g i b o r ʒ
v i m b
ʧ a j
m j a n e t i w a w
m a ʃ i ʃ o
r o v t u r e r
o v i v e l
t f i t r n u
i ʧ a : r a r
a t o t o s a
ʃ a i r e r
r o u ʧ m u m e o p e
b u ŋ k o : j ŋ
t a t u
i w i w i e l ʒ
ʧ i ŋ e l b e
d f u b u b
o u o : p o n k
e : v o f u f a
t i v i v i d
o : l
ʒ i : f e m g ʧ i ʧ
j e ʧ
u k a n b
a l b n u n u
u w f e j a j a u b i b
i ʃ t o t i a ŋ k
t u ʃ i n ʧ a ʃ o u t e t
g ʃ o n a n
t u i s p t e w ʒ
t o v e : v
ʒ o d u d e u w f v
b o p i d u d
g r
v u s a s
r o r o a ʃ
a p o u a f o f o ʃ d
u ʃ k i ʧ e j e j u
w a i w b k
p a p u i j ŋ
l a b i b
v e v o u ŋ t e d e d
u m ʧ a w
g i ŋ i f e f i t u t e
j o j i a r s e s a
b ʃ o u g i w i w
b i j i j i
f a l o d i
n
i t a t i t o
m u l ʃ i : d e ʒ
ʧ v e t ŋ ʧ n
w u p o p
a o v ʧ t e i k
b a o u k u k
a w g u n o n
n a s o s o i w ʒ m
d a d e
j a i l k w a i t
p e n g o
m a i w m u
a d u d
l u r ʃ ʧ a r
s i b u b e i l ʧ
r i ŋ i g
s e b o ʒ k
g e o n b w e w e u s i s
t a : m d f
k s o u r i r
o u w a w
ŋ i w i w e
m o : w a ŋ g ʧ
r e ʧ e ʧ
e r s i g
m o l
r u w p a p e o ŋ e l u l u e k
m
o k o ŋ i ŋ
s o s p u p e
f e f o f o s e n t f
g e k i k o u : j v
j i b a b
ʃ u r e r e k o k e
m a m u e n a : a i ʃ d
n i j f o j u b a b
d u t a t i e p
o d a d a f b
u f i f i
f i w m d
t o n o u w v u l e l
a i n e w a j s
a i e : ŋ a i
ʒ a : n e i ʧ i ʧ o t
s o r ʃ i b a p a p
g u o ʧ a ʧ
ʒ a i k a s g
b i b u o d u d o a w a w
k o k u e i d e d
ʧ o ʧ o e b a b
a l ʒ i s k ʃ i f t e i
f e o : e
m a g
e r u a f
ʧ a w g e v i j a j
ʒ u m i m
u w t u v p u : w p
d e g u v u r f
k e g e g i d a d u
f o f a o s u s
p a e p a i w o p a p
ʃ u f u ʃ o ʃ
ʧ u m a m
ʒ
a j d i : u g e ŋ e ŋ
ʧ e ʧ a o k a i l ʧ ʃ
d a : v o n o n
ʃ e w d a i ʒ k r d
e ʧ f u f u
t r o t m o k a k
d n a b f p i
t o k e r e r o
a ŋ b o m
ʧ v u d a d a ŋ
o u w g
r e ʃ p ʃ
ʒ i : d u d u m i ʒ t
o d u d
m o v o j k
j i n ʒ a e t o t
o ʃ u ʃ u a i t
ʒ o l m a m a
l e k e k u i w p
u k a w o w
f a w e w e ŋ i f o f e
r e ʒ u : f a f
b u : r v e
p u p u
j e d a d
d o d o i o t d o d u
d u d a
ʒ e
v a v a o ʧ e ʧ i
g a t o n d
t e s i s
u g i v e i ŋ
w a v b d o k o ʃ i ʃ
s o s a u s
ʧ o t i d o d
v i a w v u m t e
k ʒ o w o w
j e j i o : f
o p i p i ʒ i j ʃ r u r
p l e p e d e d
ŋ e ŋ ʧ
g e g o g
u ʒ t o n i ʒ t
j a ŋ d i ʒ a l o a d e d
t a t e
n o u o ʃ i ʃ i l e s t
ŋ e i t e
o j u j u v o v o a : t
ʧ e n d
n o n o u k ŋ i ŋ i
ʃ e ʃ e i : ŋ
t a v
f i u b o m a m a
s o j o s u s
p e d u v u v o v b o
p ʃ i : t m g
m o j p i l t
l a l a e m i : p
ʧ u s e w ʃ i e j b
e f k i n e l
e : b u i v
p r o : k ʒ
a s t a ŋ t l e
o : j t
m o ŋ t o n
w a i k a ʧ u g
f u g u n o : n ʒ
ʒ a f d e d e
g e w g o l o l o
n o n o e b o u : ʃ
m a i g
ʧ u b o b
ŋ a v b ʃ t
w a w a o r ʃ
u ʒ u r i r
ʧ o ʧ o i ŋ u ŋ
f o l ʒ ʧ e :
p ʃ o r i r
e : d o w n k
o g e j o s o p
g u g a o w ŋ o d
ʃ o u w k o f
p v i m o m
ʧ u s o
l
ʒ i m o m o
ʃ a i n p p
k o d o d o u a s e ʒ
g f u i d o d
g u g a i ʒ k e f
w u w ŋ a v k t u b
r o u ʧ o ʧ e
ʃ e s k e k o k o
w e w i
w u f d i g e j u ʒ
u o ʧ ʧ o ʧ o u ŋ b
b
t u ʧ u l k i s k
v u v i v u j
s i a w a l b l
ŋ a ŋ a
ʃ a ʃ a e ʃ
p w i b
d u m t e n a n
i l a l e v a v a e p o p
j o d o d o w ʧ e i ʃ
r i r o
ŋ e i s a s
m o s g
b ŋ e l i l
t a f o f
u ŋ g o ŋ ʒ r o n
o g a g e f
p o p o a u : g
k a r a r
j u k
e t o t e m u f
t i e i ʒ e
f o u t u t e s a p o p
a : a i t a t e t
f e i g i b a j o j o
ʧ j e d ʃ
b u r e k
g u g e i ʃ a ʃ
ŋ u d a : ʒ i v e v
s u f e f
j o : e p o p
s a m u ʧ a ʧ
g
ʧ u ʧ i u ʧ o ʧ a ŋ
w e :
t i f u f
p u p u
p n e i p j v e v o u p ʒ
w e l ʃ a i ʧ u ʧ u
r o r e u n e n
r e n u n o p i p a e ŋ
d u l b j
w
b ŋ i r s o s o
b u t u ŋ t
j a j e
w u w e a i
ʃ o b u l i ʧ i f e s
o j v
k o s i s u o
ʒ o u v b e f d
n e g o
m i m i u ʃ g i ʧ u ʧ
s e r u : b e b
s u s u e : v
n a f e f
ʧ a ʧ a o f
f e v o v o a ŋ
o ʃ i ʃ
t w u s o n u i v w
r a o r ʒ
r o j k v
m a w e w
e ʧ u ŋ e m i : e l e l i n
s i m d e t i j n
f a j a v
u v t e ʧ a v
j u j o
s e ʧ i ʧ i o
p i ʃ a ʃ a r k
j e t o d
l e m e b o b
a s u s o a k u k
k i p i l u l
ʃ a r e r t i ʧ
a j i j i v e f t g
ʧ e v e
v e v e u j e j
m o j ʒ o
l a i a i b e b
k u k u i t
g e l g ŋ e : s
a i t u k
m o w f u f a e l
ŋ
ʃ r o g w
ʃ i ʃ a u i b a : p
j u g u g
r u : g i g i p
p a u r u r
r a : o u o ŋ i ŋ u m
l a l u a i ʃ
ŋ u g e g
t e m u g a o t e t
b ʃ e
n e : l a f i b o f t
b i ʃ u n a
o d u w ŋ o : s g
a w b i k u : r d
b e t i t i w g a b
f e v u : w i w e l a l o
w u k o k
ʒ a i j u j u a v b
l e b e b
p a l b e m e m o g e g
j i r u r o l
l u a p l i l i
o : j e i v k o ʧ e m
e k a i n e n
s a o ŋ g u f
m e b e s g e : k u k
ŋ u ʧ e w a : ʧ
p j
v o ŋ p i : w i w
a k u k a d i f b p
k o k o
g u g u e a s e n
f o j u j e n
f a f o e r a r
ʃ o g a g u e ŋ e ŋ i
o m ʒ ʒ o ʃ o n i n i
o b
d o f u f u a i r d
i : d e d e
t u a d o d
l u m o u ʃ k i b
w i v u v e f
e ŋ u ŋ
m o ʧ e ʧ
k i k i e r g a
p u w e i l e l
i ʃ e ʃ u ʧ
v a v o a i r e r
k e k o
ʧ i ʃ k i
f u s u s
t e i f a f
u o w u v g o r t
g o g o i
f w a : g i g i
a i n a n a u d
j o j a i ʧ u e
j o j i a b i j f r
r u r u i j g e
d e l s i w n a m i m
m i w e w e
r e d o w i w
g i a r e ʃ
w i p e
ʧ
p e ŋ ʒ r s
l u l u a g
g a o b o b
f o f o a n u n u n a
ʒ u g
a i ŋ o ŋ
p i ʒ u a d a d
m j o m a i w u p f o
a : n a n
d e j f r a j
n i : m a l a l a e ŋ ʒ e i b
ʒ i : n a n
g a g a e l p
d u r b o u p a p
ʧ u e i j p ʒ a
ʧ u ʒ ʧ i ʧ i
i : j o j
b u d
m a i
o u w p e p e u e
k a i ʃ o ʃ o l
e n o : n o g e g u w
t o w a d i ʃ
b a i k a k e
v e v u
r e r e i ʧ a ʧ
ʒ j
i v i v e t u j e
r a i b o v u v
ʧ u r v
d o f g f o f o a i j i j
b o w u : r ʃ
p e p e u m e k e k
i ŋ u g o g o
ʒ l a s i s u p i ʧ e b f o : j i ŋ
u f p o ŋ e i ʧ a ʃ p
l a i s i s
u w u r o r ʃ o k
f i f e a t a t
t u l u l e u l
k a m u ʒ o
ʒ e ŋ u i b o u m
ʒ n
i d e o m e m
m o ŋ e ŋ e
k o : m t e w b
l u p o p o
n e i ʧ
s i f a f
ʧ a w ʧ a l g a
d i d a i m o m
e j e j
e w d r
p ʒ o m
o k e k e s a i m p
m u w u l b i
g e r f e f a
e j u ʒ
ʒ e l t o s
m e g i j u j u d a : t
e ʧ i ʧ e u j n u l i l
ʧ i ŋ u m o k
r i r i u b e b a s
r u r u e t i t i l
j u j u o g
p w i : o b s ʃ
w i j n m o m e
v u : r
d o d u a o v ʧ s e
r o r a r a o r k a
m o r i w n w i o
f o f o
j i j o m u m u
s u v u v u o m e m
i r ʒ u f i f
t o u k a k
a : ŋ
p s o l o l
i u k o v ʧ e m u g
t u l a l a v e k e k
m i m e
w
n a : g u g
ʒ a : ŋ e s
n e r a r a f u r e r
r i s e w ʧ e : k
ʒ r u i f i v
i d o
ʧ
g e u m o m o e f k g
t i t u a b o b
f o f i r p d o
t e i w u w
s u l p j u r ʒ a r e r e
ʒ
r i ʒ u : ŋ ʒ
m a u t
g a d u j ʒ f e
t u ʒ e i : g e i k i k
w o u b e ŋ k ʧ
w e l v o v a u j
v a ŋ o ŋ
p f e j e j
s a : e i g i e l u l
f i f u o l t
d e r e v a v
w e w e a w d
n a n i
a ʧ u ʧ u
d l u p l
k r u : v u v u ʒ
i s g d e
f l o t i p ŋ l o d l b
j i ʧ o ʧ
ʧ i k e i d a d
v u v a i ʧ a
n o ŋ i ŋ i p
ʃ i b a l
f i : n t i v ʃ a ʃ i
s o s o i : n o : l p e
t a : n
a m r o r o u l p
f e i w a w a g
b a s
g u k u d e d
j a i r o r o s o s
ʃ j a w i w i
t f a e ʧ i ʧ
r a j g a j k j
ʧ i u ʃ p ʒ u o s
u n u r g e
g e :
w o : a g a i d
f o r
k o j i j e j
k j u w i w e w
t e l g
o ʃ u ʃ
r a r o
b o l k i : m i ʃ o ʃ o m
a p i p
k a i ʃ e ʃ e a s
o p o m e m
j e : w f u f
b e ʃ e ʃ
p u m e m i r u r u
u d t u t u
u : s a s
p ŋ i v a v
v o k g e g u o p e p
v e f g r ʒ
t o e
o n i : ʒ e u w
ŋ a ʃ o ʃ

s a s u i e
p i j i j i p
r u r u i j i j e i ŋ g i :
p e m i m i a m p a m a t i ʃ
ʧ e ʧ e o
o i d a d a
o g u g e o d u d
k f u b a i p
o n e i ŋ o ŋ o e r e r
o d e d e f o
t e a ʧ e ʧ
a n i d a d
d u : s u s a
f i f a e j m
m i m u o s e s
g u g u a p u p
g a g i u ʃ b i g i g
j o j o a
s w i d u p i p
b i a w i w o f o d a d
l a t o t o s
s
e r o g e g
d e w
t e f u f a g
j o u w a w o
i o g i g
w o w u a l o l o i
i r u ŋ i ŋ
b a b a e j o j o
i : e w a w
g a b o d i l p o v a v
ŋ a n o n i l a s d
a u ŋ d
j e v u e w b
w e m u : e r ʃ
ʧ o ʧ a e : d e d
p a t i : v o u l u p u p
v i e : w n u t u t
w u w u
ʃ a : p e p i e w ʒ t
r a r a u w k a r e
g u k i l o l i a
b a ʧ
b u : n i n i p e g
b o f g o s i s
o r v
n e i j b b u v i v
s u ʃ p s o s i
w o w e o ŋ u ŋ u
j a n e ʧ o : ʧ o ʧ
n i n e o w
ʒ i l u g
f u m ʒ a k i k
v u v i a l f f
t i a i j f a r
w i r a r
e n
j o
o ŋ a ŋ a u ʧ e d a
ʃ a i f g e n ʒ d a
m i l d e n ʧ i
ʧ r i ʧ a g w u t r b i f
g i g e a r
ʧ a v o d u d a u m
u ŋ i ŋ o l u : o
ʃ a v
ʒ e w e w
r u g i m
r a ʧ a i d o d o e w
r i r e i l a
i g ʃ u ʃ u e :
g ŋ u r a r o i g
j i v u
d a ŋ a b i
ʒ u : t i ʒ i v d u
s o u ŋ g a e i ʃ
k o ŋ ʧ o i
o f d o
b e w b o m d o :
o u ʃ g i r
ʃ l u ʒ l ʧ o p
s a s a e r
i n u n u e : v b o
k i n
i s
p l u p
e g u e o l g ʃ b i k a r
s i s i e : ʃ
v a j a j e i d e i
f i w s m i : a
b e b i e j i j
o w m a w
ʧ o ŋ
s i v t e ʒ
v e i p a
t u r u r i e
k l a f j a
p o w i u w ʧ o u n o
i : ŋ o
e r t f o
t e : d i : ʒ p j o j ʒ o
r o r o a s t j e d e l u
l e b o b o k u
ʃ a i r d o ŋ
m o m o a i f u
l e n e w i ʃ o l
g u t o ʧ u ʧ a b a ʧ e
t l u n
j u j u e k i k u p a
f i p o a
d o t a t a t e ʃ
w u k a k e t e
ʃ i ʒ k o ŋ
j o u
ʧ e b a b a o j g a u l t u
k o u w u v g v u
j u r ʧ a i ʃ t u
p o
d u g ŋ u ŋ u i
ʃ w e i s l a n u
r a l g u :
ʧ e a
o f p a r d i
p o p u o ʃ b f e o s
ʧ u w ʧ o
j i o v i
n e : e v d a
e i ʧ o s u
v i m d a
k r i t j u
p i v u v e u r
s i ʃ u ʃ u l b u
i k e
o ʧ i m k m e
e w i a ŋ o r
d o p u v u
e g a ʒ o
ʧ r o
b ʃ o k n u k a i f j i
ʒ l i p a p a ʃ a : s u
s e l t g o w ʒ o
s a w n o n o u f p u
d l i ŋ
t o : ŋ o ŋ o j e
ʃ i ʃ u i f
t ŋ a
ŋ a : g e g u ŋ i
r u r o a : u i
a l ʒ s o s e o :
g e l i l i o
g i s b a
i
g o ʃ
ŋ e j p u v a k a
e
b e b e i o
v a
g o
ʃ o ʃ o a i r
m i w
i t u k u ʃ e
a
p f a o
g a g a u
r o n o s i f a v
ʒ u e ʃ
b o
w i w u e i
j i j i o :
d a j e t e
g o u m p e i w k a f e
ʧ e r b a
b e b e i p u p u e
d w o g s e i
p e m
m u
w a i
s o n a n a n u m
m o t e f
r u v g r i a f
d u d u i ŋ ʧ e v
p e w u w a i :
f e n o n o e
ʃ a o l f i t e t a n o : s
d a j ʒ n p a j
r i k i k u b e r
m a i s t g o
o u p e p i t u
b o r a : j
t e t e i m u
w o : v g r e v
ʧ e ʧ o e
w i w o a r i
b o u t u b e s
ʧ i ʧ i e j v i
f o ʃ
a
n u n o u
g o u b i b e j u j
w e i v
d ŋ o g a k o ŋ o
i d a o l
n o m t a
s u v
ʧ u : g o u
ʃ e t o t o e
p u
v o f e f u n u a ʒ e
s a f o e i n e
i v k e
j e s d o
n i n i e
g u i l d n u
i j a j i a i ʒ e s
n a f o k a k o
d u m u m u m u l
b u b u e
k u d e d e u
e i r b o u s b e s k e
p e p a u s
i ʧ e
d a k e
p u
ʧ v i t
f e j
n a s o s o v o
a
k w a i j i j i a
o n e f a :
ʒ a w e f o w ʒ e
p u p a e i r
i f f i f u o l k u :
v i ʃ k o :
s o v u v u a
k i : ʃ d a t i s e ʒ u
l a w ʒ a i d o d o i
n i n i u r a j
e r s w i f b a s g a
r a u
n o j a ŋ k u
m i ŋ o j a : s o
j a : w m u r
w e r o f u f i l i ʃ o ʃ i e
ʧ j e d i
j u ʒ o ʃ e ʃ u i
t e j ʒ ŋ e
d e r v u l
l e ŋ p w a
p e l o l o i d i
p i p i p i ʃ e
n a n a u m
p i p o a e u
d u d a o n b u i
a ʧ a
ŋ i ŋ i u
o w u w u e a j u n i l
s r a
b i e p e p o i v
u d u
e w s u g a d i
w e w u o
g o j ŋ e
a p o
i v o
r u l a j
m i ʃ u ʃ e ʃ o u
d r i p u j a
w a w e o
ʃ o s o s u ŋ u
k i k i s d k a k e u
g u d u s o l
ʃ a m i n
ʒ m o
u w ʃ o k i
v u s a e j
v r a n e k
ŋ a u f u t e i s i o f e f a e ʃ
w e
j a j a e j
ʧ u f e f e i t e
ʒ r i e :
g r u e m i m o d i
ʧ o u l i r d e ʒ p o :
n a w
o n a g i l o
i w ŋ a i ʒ p e j
ŋ e ŋ e a
g l u p
w u j o j o u b e s
i
g u m b e : r
p a p a o u j
e s o s a ŋ i
n u f e v o l
w o w o i : e n
n i w s e i
m i : v e m
i j m i k e k e u
ʒ o l p u
j u ʧ a f t l e i r
t e i b i b i o
v a v a u a
l a v
r i ʧ e ʧ e o ʒ e l
ʧ e v b d i
a w i w i a
d o u l
a i n
f u ŋ u m e : b o w
v u o w t o f o u l f o
s a m
e u
ʒ w u ʧ e ʧ e o f a
k i n o m d e :
t a t o i v d e f a
e a b a b a u m e ʃ d a
s e
ʧ o u ŋ ʧ l a
f i d ʧ o ʧ o e
m i d u s e s e u e i f
u : w
f e u g o
v u : n k o v
ŋ i ŋ i e
p i v
ʒ o f r a r a u
t ŋ u k
m e m u ʧ a
g e d a r i o m e
ʃ e
f i w g e v g o :
ŋ i ŋ u e :
t m u ʃ e
t e ʒ
a ŋ ʧ f o
p e p o p o b i p a
s u s e i ʃ o l
l i ʧ e i t o f a :
l a g u e n
v e i ʧ e : p o g o : o w
i j ʒ o
v u v u a ŋ b o t o m
p o v b b e w
r e : w p a
n e m ʒ i j k l i ʃ k e w
u n e u j o i p
l u s a k e o n i e
s a i ʒ u n g u p a
e ŋ o u v u
k e o p u e v u
v u a ŋ i o
v e u j e
w a u : d i
p i e r e
f o a n u n a i
t m a ʒ u w n u e m u
d o i n n i a i m
l o e i ŋ u
ʧ o a j i p a e
b a e j o a
w e o n g m i e
r i o j ʃ e j o
u w f e j a u b i
t u ŋ i k u o u ŋ ʒ a i k
e ʧ i a b u
w o u l o
v a o w ŋ a ŋ e
f u e j a
r e f e i g e o v i
k a u l e
w i s e
t r e g i g o : r o
ʒ u n e a f u l o u j a
s o f i j i f e
n o s o ŋ i u :
ʧ a v o w e w i o ʃ u
p a u b a o
m i e ŋ d u : m ʧ p e i v o u
ʃ u o n e
ʒ i j i a f e d e
r u e t i l i
n i : b i v u f o
n i e s a u
m e v g u m o ŋ o u
n u e f a
ʧ v a t i f e a g
a m i u g u
s o a d i u
j a i r o s o
n a o g a
v o i r e u
o : g u f a i f a
m i u ʃ g i ʧ u
ʧ a i j u
s a i p p e o r d
ŋ u : k a v o i
m i o u d i t i
e ʃ a u ʃ i p e
n o g o w u i
m u g u e p u
ʃ o l i a k e
ʧ o e b a
ʃ i v i e w a e l o
u a d u g a u ŋ
ʒ o b u t e p i e : ʧ
b e i p u e f
b a i g u o
r a r u o v u o r o ŋ i
w e a l p i f o
b l a p o b u o r
ʃ a ŋ k ŋ o u p a
ʃ i g e d i a j
w e i ʒ m a o u k e i
n o r i o v a o ʃ
ʃ e u : w u
t u l a v e k e
d a e j o t u ŋ t o p
w o u d i a i v o
k e u n b n o ʃ e
l i a w g u l e
j a r u ʧ b u i ʧ u
j i t u i v u
b w o d o n u g a w u
j i v t f u o n o u v d
k i v u m ʒ i r i
u ŋ i r i e
o j u v o a : t e
i : a n d u w a
b o u w g u : e ŋ u a
ŋ a i l l o e i
n o u k ŋ i o
i w d u g j i u g u
v a i m e
s a k e v b i n e
k o g u b o i
a j e a ŋ u n i
ʧ u i ʃ
v u g o u j i
b ŋ i r s o i
ʒ u j s o a
m o a i f u t
s l o g u
l i a d i d a i
a l i
u v e l i
g u s k d i b a
n i b a r e f t
e i l e : b a
s i ʃ u l b u n
s o r ʃ i b a p a
g u w k i ʃ u s i l a
g u i m k
r u g u o : r e
w o e i
n i b a ʃ u :
t i v i d a
e g u e a
r a ŋ a
l i u : s t e m ʧ e :
s u l g u e v i
d e p i ʃ v i o d i m
w e i s o ʃ t a
v o p e i ʧ u
m a m o u b e ʧ u
r e a n a l e :
j i o t v i v e o j
t a f o
ʧ a r e
b i j i o
ʧ u i
l i o
v o m o m g u ŋ p
k o s u v i ŋ o
r o r e u n e
a ʧ u a
k u d e u j
d e a b a b e
a s u s o a k u
e g u
g o g u ʃ a i ʧ o
m o k u m u
ʃ e i f d e i d e i
i s o v i v o i
p a e :
ʃ u r e k o k e i
p a e p a i w o p a
b a b a e
g e u m o e f k g i
u p a f e i l
w o e i v e r e
v u s o e i j
ʧ u a ŋ o r g i w a o
n o n i ʧ u e
k u o d a s e
e a b a u m e ʃ d a j
ŋ a ŋ ʧ a r e
n a s o v o s
v i a
ʃ a : n e p a
ʒ o : e ʃ u o
f u l i e
ʃ u s o a v g u
s o i f o f e
v u ʃ u
w o i : e n ʧ
s w e w o
t i t i
ʃ i n o : ʃ u e
p a o u j s
b o k u f a b o u j m
p o t i
d e ʒ m o i p e m t o k
g o d e u p a p o
ʃ u r e
t i s o u n ʒ
j a j i o m ʧ o k u
f a ʧ u
b a b i s o u l e l a
d e a i p u
u m o f u
a j i v e f t g u
b a u f
m u n i g u m e : ʒ e d
l a ʧ u ʒ a l
b a e b i b a
o ʃ u a i t a
d o u w o
ŋ a e r f o l d
j e f o
ʃ i l k a p ŋ a o u v
p m a : d e a s o
r o b a k a o b
s i r t d u b a u
ŋ o f u t u t i e
g u o ʃ e
ʒ a o d e j s w e f o
b o v a w ʧ u k u
ʃ e p a f u ŋ i : f p
w a : g u
n e k o w a m o p e i d o
u n e
l i a ʃ b
d o f g f o a i j i j u
a p o u a f o ʃ d i
r e a f u
v a v o a i r e
e : ʧ u
ŋ a u f
r e w n o j i r o
e ŋ a o
k w a i j i a ʒ
f i : ŋ a o
u s o
s o u p a m ʒ a o : s b e
r e a
ʃ o u k i r ŋ a i
ʧ u o u n
ʧ e b a o j g a u l t u r
g u a p u p i
w i k u r g e
ŋ o : g ŋ a o :
ŋ a g u a j ŋ o u e
ʧ u a
o v i
g i k u e i w ʒ o
v e w o
k f u b a
ʃ e v i a : ŋ i
o v i ʃ i r a r e
i : d e a
g u i n ʧ a
u b a r e
w i f a : g g u o ʒ k o m
o a g u o
d a g u : i p a
ʒ i ŋ a v u
ŋ u m o w a
t u v ʧ g e s o
a i j i
n a : g u
t e l s i : s o
r o n g e i ʧ u
a u g u p i
i r o ʧ u o
u j i w a w u o
g m e b e d e
m i f i m a i p a
o u j i r b i v i
s u l p j u r ʒ a r e a
ʒ a i d e d i ŋ a e
d i ʒ a ʃ u e l s
u k a w o
e ʧ i ʧ e u j n u l i
w u p a u
e m o u l i ʒ i
g u a i
o u d k u e b a f g u
ʒ l i p a ʃ a : s u n
d e i b a i p a ʧ
m a ʧ i v o u o d e
p a p a r o m
w o u v a e
b a u o r b
i : n b o d o b a
w i g u
g e i m o ŋ a ʃ
b ŋ e l i
v i ʃ o ʃ i a n e
v i e ʒ p e
g u e a s e n o
f o u
p u g u m e
s e ʒ o u ŋ a
n i v i g u
l i r e o ʒ t u
g v o u f o ŋ e i u ŋ i
i ʒ e f o l u ʧ
d e f o ŋ u
k o u w ʒ ʧ u a d
f u d u s o
g u b a ʃ o : ʒ
b e t i w g a b e
j i o m i g u l ʃ
f o t i b e i ŋ t o :
n e a r f o i
m e b e s g e : k u
ŋ u g u o t a
o ʧ u m u :
ʃ j e l i
w i v i
d n i p a d i :
l o l b a u
d u ŋ a u
i l t u m o i
m i m u v i
ŋ e w p ʒ u ʧ u
m i j d a p a
a w k k u e l a j g
ʧ a ʧ e i t i
m a ʒ i ʃ t i u s
u r e
k u v b i g u s d a
p ʃ e : s o u ʃ o
s u ŋ g k u g i : t i
u g i n e
s i ŋ d b u s o
a m e m o
ʧ o u v i l u d e d o u
b a e i ʃ i f u f a
n e i
p e i f o
k u i t i
g e l i o ʒ
g i f n e o d
e ʧ u e i
ʒ i m o i
ŋ a ʧ u i l i ʧ u
n i g u
l u a p l i u
ʒ a ʒ i ŋ a e : n i
j o f d a d u v i
i g ʃ u e : n
j i w o
v e i n e
s o i : n o : l p e i
ŋ o ŋ a r a r e i ŋ a
a i w o
n a i m o
o d e f o u
k o w ʧ i b i r e j u j a
f e f o s e n t f o
n a s o i w ʒ m a
ʧ ŋ o u t f ʃ i l u r e
ʒ a f d e i
k u a k a k o a
r a g u j a
e a m i l o u n e o
o m o i m
n a ʃ o d e w b u t a t u
ŋ a u e f b
n a w n n e a ʃ
v i e m ʧ i
j i o : d
d i : v a p i p a
ŋ a e
e t i g o u v g
p a o
l i a n t o l i l a
k v o u m o
p v i m o
i ŋ i f d e ʃ p l i e i
p a e i s t
d o u o w o i f e a ʃ
o k e k a v i e p
o ŋ a u ʧ e d a ŋ
u t i u
t f u w i ʧ u
p i j i p o
a p a ʃ p o
ʒ a i k u o ʧ a
l o n t l e n u n e
r e i ʧ a ʧ e
ʒ u l a j i
w e l ʃ a i ʧ u o
j i b a
