r e ŋ u : o
ʃ u w o
l e f a g
u j k o ʒ k o : i
s i v p u w
g u o u k
ʒ w a ŋ i : a ʧ n u ŋ
i r v a ʃ t d u
t a i n o ʃ k i r b
o ʧ a : ʧ u ŋ u
a m d a u j v r u
w u r ʒ s o ŋ a
t e ŋ e k
ʒ u g u v a u a ʃ e b
w o ŋ ʧ p e r s a : u j
m a w a s g a i v
s o r o r ʃ
e l d i
d i j v ŋ e
ʃ i
r o g i n a ŋ a ʒ
v e l p o ʃ e l a
e j ʃ a l ʒ j a
m a : l s a p
l u j b e ŋ
m w o ʧ i
ʃ o ʒ o u e i ŋ
u m ʒ
d o j i e
a ʃ k u r b o
w u ʧ a s
n o u p
ʧ o u n o v o r a n
ʒ a s k d o u
v e j a l f a ʃ t a : s
e a ʃ k r a r ʒ u a :
r u r v i ʧ e ŋ u ʧ e : a
e a w b o j a
a i b o : n o d o a o
t m o p n e i s u p
u v d a i j i : j e a
m e : d i s o ŋ p
m u ʒ u a
a i j
n u : u : ʃ g a
o m p e j u
l a ŋ ʧ i n g e ʧ u m o
l a g i s g u p
b i l s o ʧ o u v g e
v i ʧ a ʃ u i
k r e f u
l o n u : r f e a i g u
d n a e ʃ
w i n b i ʒ a
s i w n i : ŋ g l d i
m a i v ʧ u w
p n o u i ʒ e t ʒ
u ŋ ʧ a g a l ʒ a w
r e ʒ i
u : e n a g o n b a v
ʧ i : a
t f i g ʃ o f e ʒ r i p n a
a u ŋ u o
ŋ i d u ʒ e i
l o u f e f k u n g u e
e ʃ t o i
ʒ a u j ʃ i ʃ b r o
l o w i : l d e f
ʧ a i d a b e i ʒ
v a ŋ
l u ŋ e i
d n o :
k f a ʃ e b a e
ʃ a i : ʃ p a w e :
d a o u o :
ŋ o u o u f d a ŋ
k o n g e ŋ a l d e
g a : f b ʧ i ŋ
ʧ v e : m w f a p s o i
u s k e i l b e j ʧ ŋ u
v i o ʧ i v u n i o
b u : r d a j v i j
i o f t i ʧ a j
a i d i a j g o
i j ʧ l f a w k o g
o w t e o ʃ u d o
ʧ i w
r o w e s b u
i o ŋ ʧ a
l e : g a e u l a i l
w e : v e i ŋ a m u w ʃ e
n u n ʧ e : d
ʃ i w o u v
n a i r b o ʃ a i
p e : e d u v u o e w
w u ʧ
p a o d i
ʒ e j f u j m e b
m e n t
ʒ u ʧ a u r u a :
n i g e
a i f o l i ʒ o r ʃ
w i :
j u i ʃ u j a : j
e ŋ
l o u a f p o u
ʒ i j ʧ o d u w a d e r a
e : b a i s i
n a j ʧ u
s e j ʃ ʒ o e :
k e i ʧ u b i : a :
e ŋ ʒ o f a u a r u
a ŋ e a r ʃ m a
k l e f e : g
l i m
u ʃ d d i o r ʃ i
f o : o u : a : e :
ʃ a m ʧ o s o u m
p a b e l g d i ʒ
j i s e v d i ʧ
ʒ a : l b s i
ŋ o r v u p
n o w v t i v p e i u ʧ a u
ʃ e v u o : j u l d e v u
s i : ʃ k
w a f k k e ŋ t u f
e l ʒ ʧ a n
o ʃ d o
o e : l k i
t o j v a j k a
p e f a d i j m u
d e l a m i e
d e b a j k e : m d
ʧ i n o r s o n e b
p u : ʒ o s e i : a : w p o v ʧ
o w s p o v a w i
t f a b e g l i
w a : j
w u s g o m ʒ i g a ʃ a u
f e m i e ʃ d a f e w b
a
k i : ʃ o w ʧ m a p
ʧ e w a ʃ i
d n e u r i
k i e l u f k a ʧ
j e i j t ʒ o v d
e f d a i j n w a b
e : g a i b a
j a i : ʧ o j ʃ a
v o j g
d u v k u
e v a v d t e
k a ŋ p b o u
f o : i ʃ u d o u e i
ʒ a r i
r a j a r e : d a
g u o n d o d i ʃ a
i : l ʒ a : i v u f p a
v e i ŋ a o w ʒ a i
v i j ʒ v g o
ʒ u : d u v p a u : g i
ʃ e d o e
p u m o u
n o w n o : g e m ʧ
b ŋ a :
u r o ʒ p ʒ a o i ŋ k e l a m p o
e n u e u l d u o g
j i ʒ u r s o
m w a ʃ l o
f e s i
f l o b l i : m o
j o u ʒ e v a
d i r ʒ o u w t o e ʃ
u w g ŋ p a f k a
e u : g e : v o
k s o f r i
s o u g i v d e i d o a :
i ʃ g ʒ a b e :
e i v o ŋ p a l f u
ʧ n o ŋ a b o
k ʃ u v w a o s i e b s
ʃ e v a l a ʃ
v u ŋ b i e l k o u l u r k
r i s t a w f
l a w a j o n o
e w b e s u l p e :
n i : ʒ e i f
e w b u e :
ʧ o e : g o i b i m a
s i j g o n
v i e v a : f a u
k e f o ʃ p e n k k o b
v r a k
p i s u n t a :
ŋ e i v e : l ʒ u ŋ e
p a r s l i ʒ a
n i v t l a s a ʃ p e v a
a u n o f t u m
w e ʒ t o g a l s o g e
ŋ o u i j f o u g e
t i u r s a ʧ
u s e o s
n i : t
s w i v e ʧ l a g a
e d a b o w
ŋ o w ŋ i
j u o :
n o w t e b a ʃ
o v p e f d e ʃ k o n ʒ
j u ŋ ʒ u v o ŋ o ŋ e i
l i n a v ʧ i j ŋ a i
l a i v k a d e w ŋ o
t a u m t
ʒ a f t ŋ u
a i e r t p a v
w u ʒ o f b ŋ o
i r a i v o l f u : g i
ʒ m e u i
a ʃ g o : m t e
u s p u v b u
a i l u ʧ i j a v b o m
s a i l ʒ e
r u : ʃ e i m
o ŋ ʧ f a i l ʃ i e
g a s a ʒ e ŋ ʧ d a
k u e o i j u
l a n p u : r d
d i : l d t u
ŋ a : i w ʃ n o d u s d o
o b i n p
e d
e v b
s j o ʧ m e ŋ o ʧ ŋ
i e ŋ u n u d
d e m ʧ i : l s l u k
d u d a
ʃ u l g o w v i : w v o u
p o j ʒ e : s i m
j o e f a ŋ d e
u : r g o r d e ʒ t
d e i ŋ ʧ j ŋ a i ŋ
a w v e w d l a v e g
b u g e m o u e o u v
g f e s o b o ʧ o s o
g e m g e w ʒ a :
r o m
d l a i v e :
e : n t p o u
e n a r i r t m ʧ o d u i m o
e ʧ a i ŋ b i u
ŋ o j ʧ u i
r a m o n a k
a l ʒ f u v a ʃ u w
b i s o s g i r
ŋ e i l o : n t u
v o n d s i r ʧ ʒ o
e b u f k i
ʃ e ʧ o u n d
m a r o d i n o l
k e ʒ o w i w o l f o t
i e u r i a ʒ t e f
f a m t a ŋ t a r
o l ʒ u w s
a ʒ t u :
g o d e j b i
l i : v b i
n e r o ʃ u o l t e o u n
v a v e w e : l
ʧ e f u a w a i l d j d e i
ʒ u ʃ e i l ʃ u j ŋ o
d u a v k v u g i
ʃ e : o n
n i r g g u l ʧ i w ʒ r u
a v o b u v e l u
e a o w n a :
ʧ a i w ʒ i p
g o m g u w v u
k u ŋ p a ŋ e a v
ʃ e s i ʃ a r
d o u j u g o w
k l a f r u f
e : j u : ʧ
s e j ʃ e u ŋ ʧ b o
j o n a i ʃ t o
k a n i ʃ i
u w i l d a b o t
o j i v t i ʒ e i
i w
u ʃ i w
a w u : ʒ e i
ŋ u r p a l f w o
a r d v e : s o d u i p
m e : ŋ b u w n u s i
d o f a m b e u
m e ʃ k ʒ o r d m a i
j i
p i : n b o u ʧ
ʒ i w ŋ o u p
v e n o b e s
m a i j k p o m k a : n b u
k m u v j a f j w o u d
p i : b a l i
l a n e : j ʃ e s a ʃ o
ʒ a n e l o u s d i
m a i u
s a r k k i r a ʧ a l
d u : r e
o u m u
e i ŋ b n o
b m a : k ʃ a b r e ʒ
ʃ i w m
a n
v a r u o f b i
f a ʃ o : v t
ʃ o ʒ i l a ʒ
u : w d a i ʒ i : e
f i l d w ʧ u s e i
k a : s p v i v
d a l o n b e
j e j t o n g u b a
p i r p o s d u
j u o u n g o ʧ e
ʃ e m k e
p i ŋ o l d o l o a
v e v b o ʒ t i e
b a r ʃ
n e j n v i u o l k e
ʧ u j b a : j
k i ŋ e s a i m o u
t e : o
w o ʧ i b u
ʧ e j m u w ʧ a
i r o r b a s d ʧ i
t v a i
n i n e i n g a :
p a v e i s
s o : g e o j ʒ a i ʃ
ʃ u r b r a : ʧ i m a
g j e n a i s e n a :
a j ŋ u r u :
o b u : j a i s e
ʒ a r ʒ i ŋ ʒ u f b u
g u a i m t i n u :
e
e i r t b o ʧ i l u
a u ʒ o v u l f i
ʃ e ʧ a j ʧ a b o u
j a : n o : ʧ e : j ŋ
j i k
b e m t a d i f
i ŋ b k i : ŋ ʒ i
ʒ m a j e i u : ʃ a r
k u : l f p o ŋ ʒ s u
l u : l ʒ i : o r
f i r e a ʒ
u r i b a : u : e ʧ
o e f d w g u e
v u ŋ ʒ u s p i u n a
a g e i w ʒ a s o
m o j ʒ o u w e
m e : l i w o ʧ
ʧ u ŋ i v a j
o u l e ʒ i ʒ e u t
f a :
k e j t o u j ŋ a
u v b u a
u ʃ p i j n e
b e ʒ p j a u k
ŋ w e ʧ w p e i ʃ r a
g e m t a v a
d n u ŋ i
m e ŋ g i d a j
i e j o v o
f i f p u v i m ʒ e :
k ʃ e f i ʒ o u b l o :
d a f e f k
a i ʒ t s i r a d
i f b a
n i v t k e i
e i f a j a : r s i
p w a k j o w u n a
k o l ʧ u g e l u
m o u v t l o ʧ o
o u ŋ i e l i ŋ
g u w f n u b a f
n u n d a n g e ʃ a
w a ŋ d e i e v p
i r b u ʃ o e
g u g a b o e : o u e
ʒ j e j a v a i
ʒ a e : d
ʧ n a f e i ʃ u
n e i n i j ʧ a
f o ʧ i l s r a r i ʒ a
n o ʧ a ʒ u w u : d
k u j v u
d e g o a
r i d o : ʒ
p m a
j o j b i
ʃ i j i l s k e v
p j a t ʃ a u a s
u ʃ a u n g a w
o f
u n k o l a w v ŋ e i
b e f a
w e s e f d n e g o ʃ k i ŋ b k u
d a ʒ o ŋ i e i s o
a i r ʧ e i k
ʒ a r a r e ʃ p ʧ e
ŋ a m p i l o ŋ b a
d j i ʧ l u r o m i ŋ e i
s o a
r e n k i
b w a ʧ i n i k w
ʧ v a : v u i :
m a o ʃ
u j i ʧ i ʃ e f t v o u
a s
n o w o s k e
k ŋ i : ʧ ŋ i t w
ʧ u w f e i
f a l t i l ʃ u
e r ʒ o ʃ u
ʒ e v o u
p j u b a b ʃ o u
e i j e i ŋ i
v r i u ʧ ŋ i :
o v i j v u ʧ a p
v o ʒ t ʒ a j
ʧ a w ʒ u l i ʧ
s a : b a r i ŋ t a
i v o : e i a g u s
n e ŋ b u :
e d e f k a p
b o u v i l k o
u o e
d e j ʃ e i a w u
d s e i
s i : w t e v u m
l i : e r ʧ
p a m p u : w n a
k o w n e i
e ʃ
s o w s w e ʧ u l o
l u ŋ e v e
n o s p m i l i
g e n i g u
j e r g a i
o ʃ g e i s a
e f k o d
e s a n i l a e ʒ i
i j o u
e ʃ e b e ŋ a i f
l e j a i m
d u :
ŋ o : m i f g v o
ŋ i j ʒ i n e a ʃ
b u : o s k s a
n e : v i m b a m ʒ o u i ʧ i
ʒ n u ʒ r e ʃ a t ʒ u
e i u j o u
l o l u r e ŋ o
ʒ i w ŋ ʧ u
e m
n a i r a o ʃ
o l s n i v e i n o
v e r o a r d o r p o n b e
b m o d u : g u n
s a i j t u d o g o u j s
ʒ e ŋ e
j o m t i ʒ
k ʃ e t ʒ e i g
i n i m g j n i e
ŋ o l d e j i g i f
k u w p k i :
p o : ŋ u f
i l ʧ i o m t u
d a w v o m e n ʧ o u w
e l a ʃ p u
p a o : ŋ u ʧ i ʃ e : s
p j o r e ŋ w u b l o u
t ŋ i ʧ v a t
u m t a m g e ŋ t u v
e ʃ i o u ŋ t o e
r a : w d e
l e ʃ g
ŋ u : n d a :
ʧ e b u r t u ʒ a v d e ʃ
u ʒ p a
r o n u
e ŋ d a i f o
k o g u
n e ŋ ʧ e o
g e v a i v k u
p u f p e w
m a : a n t
m u a : ʧ a f e i
e i j ŋ e m
r e b e :
f a ʧ i m ʒ
e ʒ o
o r ʧ r ʧ o n d u ŋ o
f a ʧ i : p
a u r e s t g e ŋ
g i f o w ʧ i
w a w v o l b o j ʧ
a w u m p e
v a : r d i a ʒ u
w u j k e ʃ e i l e i
ʧ e b o m g p u r t n e
u r s o l k o
ʒ i : a
t f o
ŋ o b o ŋ g a n ʧ w i ŋ t o :
u : a o i
w u n o j v u ŋ e l b
d f i e : k r i k l a
p u ʒ o u m p
g i ŋ p e m a ʃ a m d o
r o i a ŋ u r
m u e f o f o
ŋ a : e j ʃ n o
m o a ʃ
e i b
o ʒ i o s
f w u a m w
u r f ŋ i u ʒ t
ʧ i a b e w v f o ʃ
w e
w e n t i
r a g a ʒ
ʒ o e
ʒ e i m k o : ʒ p a f
b i ʒ o u ʃ
a v ʧ e a ʃ k e a s i u v o
a r b e o r
s j u v o d l u ŋ w
l a j f a r a
p e i o d e : r k
u j ʒ u ʃ b
d ʃ e i
a w i o j t
g o ŋ p i
p o u n t i v a w
ʃ o j e l ʃ a :
a ŋ k v a
i s b ʒ i f
ʒ i :
ʒ a i
ʃ i r e ʃ a
ŋ a b i d i ʃ u j ŋ a
b a w
k ŋ a ʃ a f j a
m a ʒ p v i u ʒ a l d i : r
ŋ o : o ŋ b o : n t a i ʃ e
w u : n ʧ u r ʧ
e b a : r
o r i s o g u a i m t a l
e p
ʧ e
b a i n o u
j a l t ʧ e g o
t o ʃ
t u : ʃ p i
ʒ o v e i u
p i d u n i j o
o i r i l k o
o u ʃ o ʧ u b
v u ŋ u a f p u a
ʒ u n t i r ʒ m u
o ŋ ʒ u g e ʃ a o
e i
o l a l e l u
g u j m g i m o
k a ʧ
v a : s g
u w ŋ m a ŋ t e
ŋ a l ʒ r i a t
i f d l a p
ʧ o w s u g a
r i ʒ i u v b u r a
ʃ o n g e i r ʃ i o v u n o
i ʃ p a ʒ k o u ŋ i m e : v
t r a g f u e u b v e k
k e n ʧ i v i m u
p o f u : j o m o
o ŋ b ŋ a
a m d ŋ o u ŋ p i j e i a
g v e ʧ ŋ a j i : n i g o
i r u ʒ u l u ʃ e i d o
t i v a ʒ
e v a
i l a s k u j ʒ
s w a s r u f u s a
n i f
t j o ʒ ŋ u ʃ i ʒ e p
m i l i ʒ o ʃ e
b e i w e : w
u n ʒ ʒ e j
t u e s i :
ʒ a j i j k i m o :
e i l s o u
l e ʧ o ʧ u
b m e i e i r
a i j b i e ʧ a s e
m a : t
f i b a v e l t e w m o b
u w e f g o u l ʒ o
s u ʒ o l g o
n a ŋ ʧ a m o u
m o ʒ i j a i d
s u v i e ʒ k i b a j ŋ o
ʃ i j e o : j i d a g o ʒ
ʃ i ʃ g i : g
ʒ m e o ŋ j u b r
e d i ʒ a : g
ʃ a f d e
ʒ i n p ʒ a
g s u i
ʧ a e ŋ i n e a ŋ k o
ŋ i w o u w ʒ
p ʃ e j a i
p i ŋ ʒ ʧ i ʒ e w
g l a
o j a w t a
j u a : w a l d e
ŋ o u l ʒ t o ʒ i
d i j ʃ v u w
a j s j u
v u n o
ʧ o i l s p e j b i
m a e u s t u l e
k i u m ʒ d e w b ʒ a
v u o ʒ a w o
ʃ u ŋ t e b o u
ʃ o f a i ʒ o w ʒ i
n i ʃ a : l f r ʃ u s o
u ʧ i ʃ
m e ŋ a : ʃ p
s e w s
ʒ e ʒ
u ŋ g e l u l t o
ʒ a v ʧ o w
ʒ u ŋ ʒ i u ʃ t i
i r u ŋ b u i a
t o m a m d a l
k ʃ e
u j ŋ a l a o j
b u d a ŋ ʒ w e
j o u a u e d
ʧ a v e ʧ o b e f
m a u ŋ p i
ʃ a s
t ŋ u ʒ i s a u
ʒ a m u m a ʒ
o m t o : u o j ʒ a
d e v u l
b a i a f k o l u l ʒ
l u e v i : a b
n e w ŋ o r e p
f a r t u :
w u ŋ p i w ŋ i
d a u l ʧ a ʒ o p
ʒ o f u r t f o
j u v e i ʧ i j a :
ʧ i s t u :
k n i p m r u ʃ u d
i u n g a : s b a
e s a
m a i o s a i
o r u : ŋ o
n i ʃ i :
a i r a r ʒ u w b u r u d u g o
r e ʧ u g
g n u p s a f a f w a ŋ e
i n g i
u f i : p
d i ʒ o ʃ g o
l u m d u d
g a i b o ʃ
ʃ a j ʒ o ʃ o n d m u o u
s u r
ŋ e u : g
v u ʧ e i ʃ d u f k i
d a e i f e i ŋ o u
j a e ʒ a : j e r i o :
t a l ʧ e m a w f i
g j o s w u d a l
f a u v b u : i
n e w s e m u r a ŋ
m e l b w o
t ʃ e f a
ŋ e w
r a r u f k n u g i
ʒ e ʧ o n ʧ t u a l ʧ o i
d m i d
u l
m u e s u l i n u
m o g o v ʧ e n ʒ a m e
l a g u ʃ o :
b u i n a g e ŋ
m j u i k l e :
m i l g e :
t o u f k u :
g a s b u ŋ d ŋ e u
a i o ʒ e w v a
e a ʃ b i n k o
u ŋ o ŋ ʧ a s b m i
ʃ a r i v e : ŋ p i ŋ a j
ʃ e ʃ k e j o ʃ k
u v ʧ o u d
l i j ʃ i j e n
m i d a ʒ
i j i r f d e u w u
l u b u g o n
a i d i r v u f o : v b
e ʒ p i : v a i u n i
ŋ i v u o : i
n j e a
n o f t r i w ŋ
k i ʧ i e i
d a : l e ŋ
k i o
n e i
o ŋ o b i
v w i t l a : g ʃ u : n a g
g a e i v a b
v e v k j u d
w u i : j g e w v
w o : d u ʃ b d i
o w a g o ʃ d e ʒ
e f i l a ʧ u m o ʒ e w
a j ʃ o u l g o
e v t o : ʃ i m
d v u : b v ʧ w e i e
b u b u : f t
a g a j g o : b
i n a w p m e i
e w v o
s e s t
j a j
v i j o
k j a : l u ʒ u : w
r e j ŋ a w f o l
g a i ʧ o a ŋ i ʧ
a j
u ʒ k u m a
n a i ʒ p o
ŋ e ŋ k ʃ g a ŋ
p u a ʒ
v u i f g u f e l ʧ o ʃ a g
l o ŋ a k
a i a ʒ k o u l d a :
n o u a i r e
p a j a i a i u ŋ p
s o w i w s i :
n o v b a o j o
ʧ u m k
e : o w i ŋ
s a : f p p a :
m a j k ŋ a
b m u a ʧ i a o w i n
e b o j k l i : j g i
d a e r
n i : j a l
ŋ i f a r ʃ a i m a i
u b a l f a i ʒ i
ʒ i w i l s n u n
k s a i
e ʧ u s d t a
e a : m a i s d u
i : k
n a
p l e o ʒ n a u
i v e d e i ŋ u
p s i m o
u w ʒ u ʃ b k a m
o f o :
s o v u d u r
w e u w a : t
v a l t i e i j u g i
d w u ʒ i g f l a n u e
k i n a ʃ d i
ŋ e : s u n e s o
l a r g e l a b
ŋ o
p m i b n i b e o
ʃ e s t d o
v o i : u w v ŋ i ʃ a
d o d e i u
n u v u : w ŋ u v t v i
d u f g
b o b e r v k u r o
t a ʒ i : o ʒ
l o ʧ o b i
ŋ i j e v d i : w i
o m d o r k p a
i w i s o ʧ a w n m o l
w o u l a : g i j t
g f i m w a o n u
ŋ o : v b b u
a s g u : n d a f
e u l i ʒ k u o f o a w
m u m
ŋ i w ŋ o u i
s u f i v
i : j e ʃ o ʃ a : r a i j
i : u ŋ u s
w o : s d e r
u g a ʒ o v d g u
d w a i n w w u o
e f e v b
p o r i
d ʃ e b l
e : m ʒ g o a p
d a i l g a b a k
m i ʃ a i l d ʒ u a
f u m a u l o
b j o a j e f a ʃ
ŋ a v p i j u
v o u n o : k
d i v d i n i
t r u d o ʒ j i g
e r t a p
b o g a n k o
ŋ o f d l e i n o u d a r
i w s i j ʧ i d e :
l o u w a d a r f o ʧ e
o u ŋ a d e ʃ o
k u ʃ d a e o e g u
d r a ʧ j b e i d i v o
i l u : d e :
r a ʧ i ʃ o : g i
e w k s e : d o l ʃ o g e
ŋ e ʃ p r a g i p
a ŋ b i : b e v
e f b u d a w
p m e ʃ i g i ʒ o
ʃ o u d u : ŋ e d o
v i ʧ o g u
j e d a : n b e
j e d u : ŋ d e j t
u g o g e r d f i
w u j o g u m p o t
k a n p t a r i : a i d e i p
w o d e s d u
l a : g u : r b u m a w
l o g u : w n ʃ a e ŋ p
p ʃ u g e u f u l
o : g o b i
ʃ e r a d a ʧ
e : l i s a : u g o
m a n g i f u b a : g e
e i g a j u ŋ t a :
r a : d u
i n d p e g u ʒ o d a ʃ
m o j e : b a
ʃ a v ʧ a i d i
b u g o w k e : r d s e
ʃ a g u l t r o g u
j i g a
e g a : a
g i s k e g o m ʒ
t e a ŋ o d o j n u v k e j k e j
ʒ u ŋ i v g u g o i
l a d u v p ŋ e w i r g d u
j i g i v b e : i
u g a n e ʃ a g o
s l u v a i g e
a m u l ʧ e i d e v i
s a i m k i g e :
t i v t u d a : g e
o u g a r o e w i
a g i : r e o u w n a ʃ
k u g e
i : l s o m i s g a d i
a u : g e i j d i j b i w
o ŋ o g e ʃ a : o u e b e g i
n a g e i n p i
ʒ i g i g e n a
s i : d e d a : ʃ
r o u l ʧ u l ʒ a g u n
r o g u o
f o a g a i f g o n t e i
w u g o g o u w ŋ
j a d a i o l a ʧ e j u
ŋ e : n p m ʒ i f d i v i d u j ŋ
b v e ʒ ŋ a e ʧ e g o
i g u ʒ e s o ʧ i w ʒ
v u w e d i v k i a
ŋ e ʃ u : d e d a
u : b e i d e d i v
i ʒ e j i d a b e w
n a d e : r i g o : f e : o u
u w e u w a d o w o u o
e d o ʒ e i n d f p u :
a i s p i d e : r ʧ u
ʒ j u ŋ e g o u ʒ i
a ʧ a : d o ʧ
m o u g a e d i v
i g a
g u l p i a g i ʧ
m i : b a j a
e : b e w ʃ a i r b e m
t e g u w e m u r b
m o d o : ŋ k i s g g o u
ʧ i u g a w o l s
b e o n g a g a v ʧ i m
a j m a g e o u
s o g o u d
i ʃ i r e d a ŋ p
m o d u f p o
v u o f i g a e
ʒ n o ʧ o g u p f i
e w ŋ e g o j ŋ v e m
v u r ʃ e s b a i s e d a
w a d a i g a i l
g o : g u j u ʒ o w ʒ i g
l o l d r b o ŋ a g u w ʒ
o i : d o ʃ o ʃ u j u
k n o k s e i g i g a i m j
m e v i r o ʧ u a g o
u : w b i l u g i m e d
i w g u ʃ d o d e
w e v d o g e : ŋ g
t ʒ e d o ʧ m a
w o b o w ŋ a d e j
ʃ e g e m a : b
v e a l ʧ p u d a ŋ i
b o s d d a w a g a
i ʧ o ʃ t u j a d e
l u a : ʃ u g e
ŋ u : b o r s
g o g o
ʧ o u d e
n o g a s o a ʃ o
v u n d a r i d o u o :
s u d e ʧ a
g r o e : b o g o r
e g e w o r k t e ʧ e l
ʒ a d o
ʒ i j a o d u v i e
k o a r a r p i w o g o a
a e s i e r e g u p
ʃ w o g u ŋ
l o ŋ u
m i w a ʒ a v
n u a l
o : r d a i u i
b u d a ŋ ʒ w e
b u n e i j i r
e i m e u s p
u r o u v t w a
v u ʃ u g i :
ʧ e ŋ o ʃ u e a i
g o l i l p u : p i j ʃ o ŋ
i s o n b s e p u b
ʃ a ŋ u ŋ i ʃ k a
b a j o : o u m e v
u : w b i l u k i m e d
a : t i s d s o ŋ p i :
l e i u i ʧ i :
b w o d o u
g o ŋ p i
d u p u ʒ o f p v e
e ʒ a i m u
s l o g a w i : u r
i : m e m p j o ʃ e
s o w i w s i :
ŋ w i ŋ e t u ŋ u
n e r s k e
o e m k u e j f a i e ʧ
e i ŋ b n o
ʃ u : n e m t
o n b a i p u : l o l
i n ʧ a m p i
a ʃ
e w ŋ e k o j ŋ v e m
a j ʃ a
d n i ʃ l o t u a l u ŋ e
ʧ a i s p i ʃ t g e i l o
d o u w e
b u ʒ a s g o k u
v e : u f b a ʃ a
ʃ e i j i ŋ u ʃ o ʃ
n u
b n u ʒ ŋ e m j i k e t u
e o ʃ e ʃ o k u
b e ʃ g a i
b a t a k o u g i
ʒ a ʃ a r f k a
r i ŋ i w t a t u
i u ʒ e i o
e m
v i v g a ʃ i s k u :
l a u j t i d a i v
ŋ a u
r o j d u l u
ʃ r i f o w u
m e p u d a i u
b i s o s g i r
w o u g o r
w a b e v a j ʧ o r u o
s r u b i
u l o : m d o r a s
s u a ŋ a w v ʧ e i d u w
m o ŋ a l p
m a ʒ p v i u ʒ a l d i : r
o ŋ ʧ f a i l ʃ i e
s o j v j a i t
d o k o i m b a
v r a e f a o
ʧ a ʒ e m i m p u j o
u ŋ d i t i s g a :
i v d i r d
o k e
w a ŋ d e i e v p
i l u : t e :
b u ʃ e ʃ b p a m o
b u ʧ
d u : m
a s
ʒ o : w ʃ a t
w a : v e w n a m o i : e j i
v e : j u k u :
s l a w e
d ʃ i ʃ j e t l l o
e ʃ o r ʃ ʃ i d a
g o ʒ k i w s ʃ o p
a s i
o w ʒ
v i w ʒ i ʃ u k e b
u v d a i j i : j e a
m a i u
v i : o b o f g o n a
e i u i n a i l k u
b e f a
n o i j v u n d t u
e w i : w e s i : r
u ŋ g n u l b o ŋ
w e m k u ʃ g ʒ a i g
u k e i ʒ e r i ŋ k
a m p i m g s u v i u
i : k o u
o f t a i j ʧ a e i
ŋ o l d e j i g i f
ʧ o w s u g a
n o l k ʃ u
e i n o
ʃ a m k j i k o m a r u r
b a i d e v a b u t o
a ʧ o v e w f o m
i v ʧ a u s i : w f
i b i l b i e a e
b u t a i
d e u m a : i
ʃ e r a k i j
d e b a j k e : m d
a : g a i s o ʧ e :
m a i k u ʃ e i
l i u w k u m k e f o
s o u ʧ a i s o
b v i ʒ w g i n
u ʧ u : ŋ d o u ʃ b
v e v d e ʒ i a w
u : ʧ u : e n o ʧ
s j i v j u ʧ e i k e i p
l i p o j a : ʒ k o
ʧ a i r e l p i
w i n e
i t a
i g a o n u f e ʒ o m o
a ʧ i : ʧ
l e :
m i e i t e
m w i n e t m o p i
v a r s k i m
e k a
l a g u ʃ o :
o w a u w u
u n e s a : ʒ u
j u ʒ
v u ʃ u
a r a : n d e n p ʃ a w
d a i f i ŋ o s u
l u v a o n
a i s t w e i o n g j e
w u ʧ a s
a : e n i ŋ o u p
ʒ u f
a m k u
n a n e w i ʒ k a r ʃ i j ʒ
d o d o l k a ʒ a k
v a l t i e i j u g i
r e i f g e p e n ʒ i p
ʧ i ŋ u v u i ʃ
ʧ i g a i w o u l g i
l u w ŋ u i
ʒ u r
i e d o
s i : s t l u
r e ʃ i : w ʃ a : m u
d v u : b v ʧ w e i e
ʃ o ŋ e : k e w k f a i o
v i j o
e : g i ʧ u
b j i v a k i k ʃ a
a i m g g i
o v a g
b o r e ŋ i k i
ʒ e n u v ʧ
i
v u : f i : e i
i e j o v o
ŋ e m k v o d i
l e : f g u d u
s i l ʒ e j s j o
e w o ʒ p o v u
ŋ i s e o i
ʃ o k e k o
b o : s a ʃ
n i r e p o
ŋ a j m o ŋ a
i n p g i r a i ʃ u
r e j d i r ʃ w o
l u j b e ŋ
ʧ a m e : e : ʃ i
g a r e i l a i
ʃ u : o g e ʃ k r e d a j
g a s a ʒ e ŋ ʧ d a
l e p u : w s a :
ʃ i s e w t i
i j f o l e
e : v a ŋ b t o s
d a : l e ŋ
e i ʒ o s a i v t v a
l o l u r e ŋ o
ʒ i n u t a j i w g u
e ʧ a i ŋ b i u
a r i j t i j ʒ u
ʧ i w g e
g e ʃ i g o : b e ʒ e
w u j k e ʃ e i l e i
a
b e j d e
d e s i ʧ
n o u a i r e
e n a r i r t m ʧ o d u i m o
a l e s d
ʃ a ʧ o u
ʒ a r ʒ i ŋ ʒ u f b u
u j ʃ
i ʃ g ʒ a b e :
u ŋ i l s j i
v u ʧ e i ʃ d u f k i
o ʒ k u n t o j
r e : o u ŋ e
v e r o a r d o r p o n b e
u ʃ i w
i s g o v k a v
m j o s w ʧ r a
d i ŋ o f i ʃ a r o ʧ e
e d o j e
ʃ e ʃ k e j o ʃ k
w i n b i ʒ a
e i j m o v u o f t o w ʒ a
o ŋ k ŋ i
a s p o k o p u
j a i ʃ o : u
d u j v e a j b o
s w a s r u f u s a
m i t u p a :
r e i j i ʒ p
o w m a r e ŋ ʒ o w o
d o f t u s d p o
e i o : n o ʃ i
w a ŋ o u b
ʒ o : e j e ʃ b o f k a
e i ʒ a i
w o u j ʒ u
n o s i
g i e : w m a
j i t i : o a i f o : n i r t u
e a v u l ʒ r e k a ʃ u ʃ
u r f u j s e a ŋ g o e a
d i ŋ u j a
m o : l ʃ o u w g u b
w e : v e i ŋ a m u w ʃ e
o u ʒ e : p i r u r i
ʃ u j ʒ ʃ d u
g a f e ʧ o u
l o s a r ʧ o
ʒ e n k e i l s p a
o v a i ʃ t e ʃ b
a i v o
d j i n o u
ʃ i j ʃ i l s g a n i
e a i o ŋ o g o
b e ʃ a w ʃ a i
ʃ a : j k o u w p w o :
u w e f d i
ŋ i f k
i : p
ʧ u ŋ i v a j
o r e a j k a s g e ʧ a ʃ
b j u v i g
w i j d e m
v e v b o ʒ t i e
w e
e : l d o l f i p a
ʧ ŋ i t m e
s i j i f u
ŋ i b a i ʧ i v
o u e j k i a w i d
u ʃ a i
a w u m p e
o ŋ g i : b o ŋ ʧ ʒ e l
b o k a n k o
g a ʃ a i t e r b ŋ i
e : p e w ʃ a i r b e m
w i k u f p e : l
l o u r k u s a i p
ʧ i ʒ u a l t a
a i d i r v u f o : v b
r i t u d
ʧ a t a i
d a v ʧ u a b u m o ʃ
m o u m e i e ŋ u a n b o
d i r ʒ o u w t o e ʃ
d l a r u n e d e a :
a j e w ʒ a s e
l a i v e
g e m t a v a
u s t u w k a
g f i : a :
ʒ j u l u
ʃ u : b o ʧ u : r a ʃ i a t a
j i s e v d i ʧ
d a ʃ u v p
w u i : j g e w v
l u j v o : r a s i b u
o r e l k a l b
d i : j k o ŋ a b
a n g i u n u
g e u ʃ b o ʒ
r o r b u m p
u d
e i ʒ u
u f b ʒ e : k a
w o n e
i k u ʒ e s o ʧ i w ʒ
o ŋ a p e r a
l e i o j f s i d o
u ŋ a s e : b o j f e :
b ŋ u g f a b
i b a : n ʒ i r ʒ e i
a : v u ŋ d ʃ i k
ŋ u v ʧ i
ʒ a f t ŋ u
m a i d o :
ʒ ŋ o u ʒ w u l o u t j ʒ u n
v o ŋ o u
a ŋ k v a
s o ŋ p p a j a s t e
ʃ i v b ʒ p u ʒ i : e
r a j a r e : d a
s a : b a r i ŋ t a
v o : w u : ʃ e d
m u m
s i m
e b u k o a
l e : r d e r f w u o s
w o i : g a u o u
e i f u e
u j n a b a w g
d ʃ i l o ʧ u
e f e v b
ʧ e f u a w a i l d j d e i
o u j a r
m u r v e s d u r
o r b e : j
m a : ʃ p o p e ŋ g e ŋ o
n u : k e
ʃ u ŋ t e b o u
v e ʒ e i b e
m a i m k e f e i
r i o ŋ ʒ u m o u r t
e : g
ʃ a r i v e : ŋ p i ŋ a j
o l b f a
i n o i p o a i n k o
ʧ r i d s u t w e ʃ
ʃ u p a e j e i d
m e o ŋ e i e i k a
e n u e u l d u o g
o n ʒ a o p e m e
u v p a b e i
n o u b i f g i w
d u ŋ ʧ a s e t o
w u ʧ e l i b e
e d a b o w
e ŋ ʒ o : r d o
a w p o : m e ʒ a
b a i v b
n e u j p
w i r ʧ i l p e i
o j o r ʧ o
e b i s a : d e
ŋ e a w g i s
d e l a i : t e n t i j i g
l a v g o f a :
a : f u ʧ u g o j k u r ʒ u ʧ
l a f a
s u : ʃ a d a
g i w b a i l o j u j u
v a i : w ʧ u g i
ʧ u ŋ ʒ f e u p u w ʃ u
i n u
ʒ a s u s
w i a w n o w d o
j e s a n a
g u o ŋ t o u w e r g
v o v t o s a i v
ʒ u o e : v g ʧ e i
a w u : ʒ e i
ʒ i v g o
g o u m d m b e g o
u s a w n i
r i l a
ʒ u ŋ i v g u k o i
ʃ o ʒ i l a ʒ
j o :
n i ʒ i : e i ʧ e
r i p i n p a r v
g j u ʧ v o u
l o i v k a n
u : a i ŋ i
ʃ u : s d u f i u : t
o m t i r i r
ʒ j e j a v a i
b u ʧ e t u p
n i r g g u l ʧ i w ʒ r u
b i o i n u i
o s t f g o f o u
j e : l ʧ a i b o
r u m i ʃ e ʒ e i v e
s u ʒ e
m a i v d ʃ o
i v b w o
i n ʧ d a ʧ i
ʃ w o k u ŋ
b u n i :
u v t u ŋ b a w u ʧ
r e : j ʃ ʃ a g
j i e s p a ŋ ʧ n e :
d u v k u
m e w o : w u ŋ a t a w d
a : e k u j
s j i : g a s e n
e : w b a i
e g u j ʒ u r u e
e r ʧ e r a d
j o n a ŋ o u
a ʃ e t e p a
d a ʒ o ŋ i e i s o
e : ʒ t a i e b
a o a
m o j v t e
w o : j a : l f a
d s e i
n o l a : f a
e ŋ
r e j ŋ a w f o l
i g i v e i
i r a i v o l f u : g i
s e o j ʃ o m
s u i t a w
ʧ a l u n t o g u
m i ŋ ʧ e ŋ i a
ʃ u w n o u o a v e a k i
v j a e i
w i e m o m e l ʧ a
ʃ o n b u w i
s u ʒ o l g o
o v a v i ʃ e
a i f o l i ʒ o r ʃ
ʃ i ʒ t a o
ʒ a d o ʒ o u :
m e v a i v o
b f e ʒ w u
a i w a i : p
ʒ u m k g e i d o u
g a s b u ŋ d ŋ e u
u r d u d i w f ʒ i
n o ʒ e w a m u w n j e
a i d e t e
ʃ a i u l e u k a
a i k e r o k o ʒ i
ʧ u r k i n p a
o a i s o w
m u e f o f o
b u m o w a g u
i ŋ a p o t a l t e : f
ʃ a t e k u d i : p
r i l a : d e j ʃ i :
e v b
o ʃ k n i j p o w i
ʒ a i
ʒ a i m d a : ʃ t k u :
a : ʃ e : s i b
e ʧ o u
u j v b e i :
j o j e u
w o n t u f
i l ʧ i o m t u
i m u l ʧ u l ʒ
v j i
s i w n i : ŋ g l d i
e ŋ a w e l
b w a ʧ i n i k w
w e m p u w n a
w i a i j d o ʃ g
o f g u ʧ i :
n i v t l a s a ʃ p e v a
j i ŋ k o : m
o : m u :
d e j d i j s e i
ʧ e a s k ʧ a e i
v e ʧ u p e
m a w b a : i m
o l k u s g u p e k
ʒ i n p ʒ a
m o j ʒ i p o
o u j m u g i : l ʃ
g o :
ʧ a : ŋ t u ʃ i :
b i l s o ʧ o u v g e
ʒ u : d u v p a u : g i
r a m b i s u
l e v i w d o b a : i m i
n u f e n p i
j e i p a j o ʒ i ŋ
n i f
r i ʒ i u v b u r a
ŋ o s
ŋ e w
j u ŋ e w n
g r a o a f l p a
n i v t k e i
g j o i e w u i ŋ
o k e i d u
d e m ʧ i : l s l u k
n o f t r i w ŋ
ʧ a l a r a p u m
e b i t a : ʃ u
b m o d e g ʃ a : r
w o ŋ k g e n e a p
g i e o r i r g i
n o i ʒ u o
a ŋ o ʃ e g o t
e ʒ u j k l i :
e u v u w ŋ ŋ a t u e ʧ a :
l i : ʃ a w t
g u : u ʃ o n k e
b e u g e i
j u i ŋ b n u d u ŋ
i ʧ a i r p ŋ a :
a w ŋ b i t o u l
ʧ a l d u v t g u g
g o ʧ
m a ʃ u : w t ʧ u
b e : l e : r f i
e l d a l o
v u p e n o : k a
e i p o s a u
s e ʃ t o v i j e
g u g a b o e : o u e
i : ŋ p u a b a e k u
r u o
u ŋ i ʃ u : w ʒ i l
o i m ʧ f o b i w ŋ
u s k u
s a r k k i r a ʧ a l
u : a j ʒ a e m u m u
a ʃ k u r b o
r a w ʃ e
j i a l e n o r u
n e i n i j ʧ a
e i e : r s i w ŋ t e
n w o n a o t w i
u ʃ u ŋ b i o v u
w u d u s
l u o s u ʧ
e j o v b e
i b o p i : n
ŋ e : k a : d o n p u
i j ʧ l f a w k o g
b n e :
m o ʒ i j a i d
l e : ʧ i v i
u m b o d e
n e l s e : w o i u d o
e ŋ u ŋ b ʒ a
e r a w ʧ d o j
l a g i s g u p
n o ʧ a ʒ u w u : d
d o f a p e l ʃ
n e g u f k e s o
e v g w i p i
ʃ e ŋ ʒ u l b e
ʒ n e i f a s
o u n k b u m p i d e f b e l g o :
u w ŋ m a ŋ t e
ʃ u o p u ʃ k a u p
g e n o r s d o v u o
d o k a l g a t
o m g e o f a f
r i r e t i d i
w u l o a i b
e j
e i
a i f u ŋ ʧ o u
r i k
w o ŋ ʧ p e r s a : u j
m e u ʃ k o u m a
v e j a i w f i
s i n i m u : l ʃ
ŋ e r g f o u
i ʒ a : ŋ i g e
i : v t d o ŋ a
ŋ e u : g
e r g i : d e r a w t u
g e ʃ t e
o u m p u g
a w i o j t
u r t i j o p i
j a ŋ k ʒ e i l d m a b
n i g e k i
e : n t p o u
i : r g w a : r
s e i ʧ
s o :
i d e u
l a : j a i ʒ p u ŋ ʒ
r i d
i l t u i ʧ i : p u ʒ p u w g
e o d e ʃ
a r ʒ
ʒ u ʧ a u r u a :
i ŋ b k i : ŋ ʒ i
ŋ a l ʒ r i a t
ŋ a v p i j u
u : ʒ e v k u
ʃ e b e : m ʒ d e g a
w a n b u g o j g
w a s a j i o u k i g a r d r a
u a o r e ŋ g o u j v e
a i b o : n o d o a o
u : j k u j e u
e b e o
v i e u f b p a
a u : b i d e : i j t i
o j b u l k e r i l p i :
i w i : o u p i n ʧ d i
e t e ŋ p i j g o ʒ a
o v d a f i ʧ
r a : k i n o l o i : m
g s i d f e t e i o
i p u : t u r
m j i e t o g i k a
m e ŋ a : ʃ p
ʒ n u ʒ r e ʃ a t ʒ u
r a j g d a ʃ t f o
b u ʃ u
ʒ a ʒ e p
i r b u ʃ o e
g i
m w a ʃ l o
i w a r ʃ i o u
g u : e
l e f d e l a n
u j ʒ u ʃ b
a m b p a i w t
ŋ i j ʒ i n e a ʃ
g n o u p
ŋ a b i d i ʃ u j ŋ a
w i g a
o ʃ d f e ʒ a w d i w u
a : u a ŋ a l a o
o u a d i ŋ d a ŋ g e i v
ʧ o u e ʒ i j
ʧ r u n e d l o u : i
r e i m g e ŋ
b a : m a i ŋ e v a j o j t e
ʃ i t e m g o
w u m
ʒ r o k s a g
d ʃ a ʧ n p a p e
s e w s
ŋ i r ʃ k o k a u
ʧ i : l g
i o : ʧ u ʃ i
o p a ŋ p p e i k o w m
m e j e r i ʃ g e
o n d a m p o
r o k u o
ʃ e r ʃ o u o e
o u e k o a o
l e o w a d i r p m o
ŋ w a ʃ w u s i k o s
o n a f d e ŋ g e
j e v
i ʧ o ʃ t u j a t e
r a
v a i
i w o u w
ŋ u j ʧ e k e a i k o
v i : s d o g o ʒ e : n u
ŋ w e ʧ w p e i ʃ r a
ʒ a e : d
o p e t u ʃ
ʒ j o j o ʧ j u e g w u
g u : s d a w ʃ i
n o ʃ g ʧ a
ʃ i ʃ e ŋ ʒ ŋ e u ŋ ʒ
v o u f t o
v o i : u w v ŋ i ʃ a
g e ʧ o ʃ
u ʃ a u n g a w
e n i f g e i m e k
o g i w p u l g o l ʧ
r o m u : r g o u j a v
ŋ j i ʒ j d o l e f
o w g u k o w a g
o u j p k i a ʒ u a
i b i : t
v i : v b
e i w g o p i
b m e i e i r
w u f u l
i w s i j ʧ i t e :
i j v u ʒ k a n ʒ e
e o d e i r a
u s k e w s o u
g e i f u f a
i r e d a k o ŋ
w i l g a s o a o
i f b ŋ o u p a
g o u g u j m a f o k u w f
l i n a v ʧ i j ŋ a i
ʧ e i r i m a ŋ
ʧ a ʧ o j ʃ o i n o
j i p a j u : j k i j n ʒ u
d o r d p u o v
ʃ a s t e t
b r e : j i o t m i
a i r i ŋ a o g
e : f g e ʒ u l u v
l e ʃ d e u ʃ u
ŋ i ʃ p d e
b a i n p u t u : ŋ g e p
g i ŋ u :
ŋ u i g e i p e j i
w a ŋ e r i
o v a e i f i ŋ e s o l
r e ʒ i
n i k e : ŋ b f i
d u d a
ŋ u ŋ p u ŋ ʧ o u
l e i j b ŋ i v
j o : b o a g a ʃ i o v
v u o r i r e i
b o u v i l k o
v o j b u w n e j
ʧ i ŋ a l u b a l
r e k o r ʒ e
ŋ o u l ʒ t o ʒ i
o u ʒ a r i ʃ
u ŋ g e l u l t o
l e ʧ o ʧ u
j u a : w ŋ e w a ʧ
v r a k
d o j ʃ e l g u m e
ʃ i r t i l ʒ ʧ o v b
o ʒ t i k e s
r a s t o w o p
ʃ o w a m o u w o
m e o : t a g a s t e o
m i
ŋ a l p a s p i
a j ʧ i : o b
o l ʒ v u b a l d l a
ʒ o j a o b a n p o s o e i
m a n g i f u b a : k e
ʧ e : ʃ e i k a r t o
j o u j o k i k u ʃ o ʧ e i
b ŋ a :
o f
ʒ a t o
v i l f o j t p i ŋ
e j v u ʃ a e ʃ t k e
ʧ a w ʒ u l i ʧ
e i b i : l i
s i b a t o u r a o k o
ʒ e r ʧ d o m i m
v w i t l a : g ʃ u : n a g
ʃ o u t u : ŋ e d o
ʃ u : p i u j i ʃ a
d i ʒ e v a ʃ g a ʃ
n e t i v e ʧ u d i : r a
g o n ʒ u ŋ t e v d o
o m g o l u f b ʧ o
i : j e ʃ o ʃ a : r a i j
b e l a f g e d
ʒ r a : ŋ j i k w
a e i n t a t e u p u w ŋ u
a v e s a v i
ŋ e s e i v
b u
ʧ i a b e w v f o ʃ
s i f p t e i f e i
e v
n u : r v o u g
g a : f b ʧ i ŋ
w i w p u : r o l k
d j u : d m u : w i ʧ
ʃ o ŋ p m u p o
i ŋ o u i o : d o w s e
a i w
w e : n t a i e w f a n i
ŋ o w t o v o
r o u l ʧ u l ʒ a k u n
ʃ e i w k o : l s e
a u r e s t g e ŋ
u : o w f i f
n i ʃ p i ŋ d ʒ e
o a i v i m i : j a
ʧ e w a ʃ i
o p e m d i r u o
e k e t e i e
m a e u s t u l e
d o ʃ d o v
m e r e f g f a g e p
b o w n a p e f t a i t
m a : t
n i r ʃ a w n
ʃ r o u k f u p m o ʃ w e
j i v p o b o u s t ʒ u t
m e n ʒ u g
w a p e r p i r v a g i
n o s p m i l i
e t o ʒ e i n d f p u :
n u : ʒ
u l o f d o u
a ʒ a l b i e
s e ŋ e t u l
ʒ i ʃ u : u r a
g a k
ʃ u v a f e w e ŋ u
n o v b a o j o
e m e : n p i
w e p e i : ʧ
ŋ i f a r ʃ a i m a i
u n b i ŋ b a m d a
ʧ u w f e i
l u v k a l ʒ i
u r g u e ŋ o u w
m o r u : v o
a u m k e l o n o r k i e w g u
o m g e
ʒ o l g u
d o u j u g o w
l o u n o b i
e i n u n o ʧ e i m
l u r i :
v u o ʒ a w o
a i j
n a k e m e ʒ
ʃ e r a t a ʧ
o w n i w
u r f ŋ i u ʒ t
n i k o ʃ
ŋ a w a o s a ʃ
v a i o r i t e r e n t
b o u n t i v a w
d o t o ŋ
g u k e
d e i f p o n g e i
d a ʃ t w a m b a ŋ
v a ʃ g r i m o u i m ʧ i l e t
b w i k
d ʒ a i o u f e ŋ w i f
g a n ʧ e v g a g
d e i o u w i e i u n o
g w i t ʒ t i ʧ i
d a i o : n b e : r k
d r u b u m a v o i ʧ o
b u ʃ d o s u j ʒ u e
g u w p k i :
b ʃ o u r o
v e f
g o ʧ a o ʃ e i r u ʒ o
d a ŋ g o u f g a i j
g a ʧ
d v u t
b e i ŋ o w g i
b s u ŋ i p a f l
d n u k m o d n e
g f a ʃ e b a e
g a t u l ʃ j e u
g o j ʒ w a : m k e w u i m e
b i f i ʒ a e v
d v i v a g a ʧ ŋ
v u v b ʧ e w b ʃ u o r a ŋ
d e a m g o
b o l
d i m u ʒ p o s a : s b o : ʒ
g ʒ u n u ŋ w i r i g
d e i f i w i e m
d e : u ʃ
b a g i d e a i a
g l e f e : g
v u ŋ o
d u e i k i r a :
b e ʃ a m i b e
d a ʧ i f u : ʧ u l ʒ i
g u ŋ o : v d i j m e :
d o u f k u :
d i w f e d i e :
b u w n
d i v e
d v o ŋ w a o d r a k v a r
b i l u ʒ e b a :
g r u f o : u d l d o d j
v u v o d a j o e w m
g o : ŋ b o m a l
v u n d e i k
g a w i s t ŋ e r
d a i l f i
b a i s u f b e n k e i
g o f b n i o p e i
d e i v t o u n i g e ŋ
d l u
d a i n o ʃ k i r b
b a n g k a i
v e ʒ a : a d u ŋ a j
d o a j
d e r b o j i ʃ
g i t o w ŋ o
d a i u j o m g o
g a w n a m g ʒ i f i n t u e
g i : r o
b s e i l a ʃ
b i ŋ b a i e r k i r o g e
g u ʃ a k i
b o u w i
i o b a s b l p o
i j ʃ a i b e
i ʃ g u b u ʒ o u
i s i b i f t
i s o n b s e b u b
i f u ʃ e o r o b a t
i f b ŋ o u b a
i b e l ʒ o r e :
i b u w a i s i f b u : s
i b u : d u r
i b a i d e v ʧ i n ʒ u k
i b a f k g i l
i b a l g a
i b a : w u
i v a i a l o b u e
i m k i b u g e i r
i b o b i : n
i b e g i b e f o d o u m
i ŋ a b o d a l t e : f
i n o i b o a i n k o
i w i : o u b i n ʧ d i
o u b a v d e b a u
o j n o u b e
o d a b u b o u ʃ e ʃ d i
o l k u s g u b e k
o b i d e g a
o b e d u ʃ
o b e m d i r u o
o b u e b i
o b u g o ŋ i n
o b a ŋ p p e i g o w m
o b e b o d e
o ŋ a b e r a
o n b a i b u : l o l
o n ʒ a o b e m e
o g a b a o ŋ u b i o u
e i b i d a f i
e i b o s a u
e i b a
e i v p u b e a g u
e i w g o b i
e i w g u b o
e a s k a ʧ e u m u b o u ʧ
e s p o b o u g a w
e f i f t u b e o ʃ o n o
e f i l t o l s s a i b u
e r e o b i s a r g e
e l s i b u
e b i : ʃ
e b e i ʃ e
e b e m o u o ʧ e :
e b u i n o f p i ŋ a
e b u j a : a p
e b a m p u v
e v g w i b i
e b i ʒ a v d a i b a
e ʒ k a b a w e
e n g e b o a o m ʧ i
e w p e b u ʧ
e : l d o l f i b a
e : b e b e i b o b a :
u e i m i b i
u ʃ t u b o i r
u s t a i g o b e
u s d v e s e b e i e i j t e j v
u f a b u ŋ e s b i
u r ʃ u b o f
u r t i j o b i
u b o i j k i : v
u b o d o
u b o w f u ʃ d u j
u b a o n a d i t
u n ʒ m p a b i w
u w u w e b o m g ʧ u a g
a o b e ŋ
a e i n t a d e u b u w ŋ u
a j ʧ g a b o : u w u
a ʃ e d e b a
a d e b e g u
a s p o g o b u
a r u b a s o ŋ g u
a r v o ʧ e b o
a b i v p a
a b a s a i o u
a b a l p u m d ŋ o
a n o b e r p i d i w ʃ a : g
a w t a b i : ʧ o j
j i o m u b i s a i
j i b a j u : j k i j n ʒ u
j e i b a j o ʒ i ŋ
j e j a b i
ʧ o ʒ e u ʒ k i b i
ʧ e i r u b i
ʧ e i l ʒ i ʒ u r ʒ v o b o
ʧ e l s i v e b i t
ʧ u ŋ ʒ f e u b u w ʃ u
ʧ a l a r a b u m
ʧ r e i d i b i o e
ʧ n o m a b i f i
ʃ o b i u d i n d ŋ o
ʃ o b a ʃ a
ʃ o ŋ p m u b o
ʃ u o b u ʃ k a u p
ʃ u j i b i : s i d o ʃ
ʃ u b a e j e i d
ʃ a i b i ʧ
ʃ a ŋ t a b e w n ŋ u
ʃ w u : b o a o b e d a
t i b u d e f
t i n g f e b i b e ʒ
t o b i l ʧ
t o b o b e : n b
t o b u ʃ e i v d a f i
t e b e ʃ t o : s a o r e i t
t u g u g a b a j ʧ a ʃ
t a i b u : n
t a b a f g e v p
t v o ŋ o b i b i : v
d i : g e n u b a b i ʃ a i r d i
d i : ŋ i b e b e i k
d o f a b e l ʃ
d e o ʒ o b o
d e s a : w ʃ o m u b u n e
d u e i f i j f e w f e b o : r i
d u b i j n
d u b u o m e i
d u b u ʒ o f p v e
d a u g e i b o u ʧ o
d ʃ a ʧ n p a b e
d m a b u e b ʃ
s i b u
s o : g a b o b a i t
s u s e b a f d e
s u f u n b e b e n p e
s a i o b a f k
s a i b a b o u
s a i n o : l ʧ p o b o f
s a b i m g e :
s a b u ʧ a
s r i a b i e ʒ
f i b i g o : l f
f e b i j g i j p ʒ e
f u j o u b o
f u ʒ e b u w u
f a d o u b i u n e
f a b u l e i w u
r i b i n p a r v
r o s o w e o f e b o r
r o m e b u r v a
r e i f g e b e n ʒ i p
r e i r k u b o j u
r a b i
r a : ʧ a b o
k o d a b i m ʧ a n u
k o f b n i o b e i
k u b e r g u r u m ʒ ŋ u k
k u m ʧ u d u g o b o l g u o
k ŋ u i n i b i f w u o p j
l i b i
l i b o j a : ʒ k o
l o b e w ŋ l k i l f e :
l o ŋ p u b u j t u
l e b o d i g a i
l e b u w ʧ i f e : d
l e b u : w s a :
l u b i ʃ e
l a i b o : g a i
l a s a b i l t a g
l a b u w
p u b o ʃ u a ʧ a
p a b i r o
p a b i w f j u b
p a : n k a b e w g i :
p j a b o ʧ m ŋ i l o :
p s u ŋ i b a f l
p ŋ i o u o w i b u w e :
v o a i b a w u ŋ
v e ʧ u b e
v e l p o a : ʃ o b a i r
v e b i s k
v e b a v e v
v e m o u b a r
v u j i d o b i
v u r o b e l o u
v u b o j b n o r f u ʧ
v u b e n o : g a
v a r i b o a : a ŋ
v a ʒ e b u
v r e b u ʧ e k ʃ u
m i d u b a :
m o u b i
m o j ʒ i b o
m o ŋ g u e u d e b o u
m e b u d a i u
m e m o v p o e b o b
m a i j s a b a m k a
m a i b e g a m o l s
m a : ʃ p o b e ŋ g e ŋ o
m w i n e t m o b i
b o b u a : u w e g e i a
b o w n a b e f t a i t
b e r u ʒ k a b e ʧ u
b e g u v p e b i
b a b a g u
b j o ʒ r o b o
b n i : d j m u b a d
ŋ o s o b e ŋ o e d
ŋ o n a v o b e d u v
ŋ e i u b u f t e
ŋ e ʒ a i b e
ŋ u i g e i b e j i
ŋ u b u a w i d
ŋ a b i o i u g i : b a w o
ŋ a b e o u i
ŋ a b a i ʧ u r o
ŋ j u b a
ʒ i w u o v o b u g
ʒ o a b i
ʒ o : o b e
ʒ u b a i o
ʒ u b a l ʧ d i r
ʒ a f e i b u : d e
ʒ r i v w u s e b u p ŋ a i
ʒ l i b o
ʒ ŋ u ʧ u b e : m o
n i r e b o
n i w o g i b u ʒ u m a
n o f i b e o g i t
n e b a m a s d b e
n e g e b a
n u b a j ŋ a i
n a b u j t u e r v ʃ i
n a w f o u b i r s
g i b e i j k i
g o ʃ k o b e f k o
g u e i b o ŋ u
g u d o s i b o u
g u f i b u
g u g e b i : b a v u
g u b o u ʃ d a w s
g a l g u l e b o a ŋ o d a
g f i b o u p v u g ʃ u
w o u i u b e o ʃ t r e :
w e i b a u
w e b e i : ʧ
w e m e i b o s b o b a
w u b i w d j i
w u b a b a l p e
w a b e r p i r v a g i
w a w e b i o f
