a m b p a i w t
e j a ʧ i ʃ i
m e : u e a ʒ e i
m e s a j a i j v o ʒ o
ʒ ŋ i a i d f e p r a
v u ʧ u ʒ e :
r u : r ʧ o v
j u b a : i : ʃ o
s a : n
u l k a m p e i ʒ a
r o u m o u m g n a
p o u f g a l b
ʧ a : m a v ʧ a
u j n a b a w g
d u a j v ŋ e i
d l a r u n e d e a :
u b a u w f n a
ŋ o u j
a : l i g
g u b o u v g u :
j u w v g o ŋ g a d a
m e j e r i ʃ g e
a m ʒ u d o e m b d e l b
ʃ i j i u o r
w i : v o f i j m a w ʃ a e ʧ
k o : e d u
w u o l u g e i o n
e w e i l b u r v m o u l
k i r s a w ʃ e
b m u v i a p l a : k
ʒ i b o : n ʒ i r ʃ e o r g
f a v
b u : m d e l a
b u : ʃ t a o u v ʧ r p e i
ʧ o v u a ŋ ʧ o u
k ŋ e o b s e i v j
p a i ʒ t u ŋ o g
e i w g o : u m ʒ b i : ʃ
l u v a o n
a w e u w a i e o r
e i ʒ a i
ŋ o l d e j i g i f
p ʃ o d e s o u
a i l
ʒ i g u e o n o
e r a w ʧ d o j
ʒ u r ʒ d i
j a m u s k i u j s
ʒ a n e l o u s d i
n i a i ŋ t i a
ʃ e a : v g m i
o i m p d a l d o l p
k e i m
u : ʧ i
ʒ i w ŋ o u p
g u ŋ e ʃ e w p
o ŋ ʒ o : ʃ i p
ʧ a l u n t o g u
s o l b a ʒ t a m d n o : u w
d a n p a i l e m k i p
j u a : w ŋ e w a ʧ
r e i : ʃ g o u o ʃ o
ʧ n o ŋ a b o
ʃ a v b i :
k u ŋ g i ŋ
r u ʧ o w k g u s o b e
v a i : w ʧ u g i
f i m t i j t a
t o m ʒ a m e f a p
e r b p a
j a ŋ k a
ʒ e r i
l u j v o : r a s i b u
ʧ i ʒ u a l t a
o f t a i j ʧ a e i
ʧ e b o m g p u r t n e
v u o ʒ a w o
o u j e w u s e ŋ g u m a
f o i m ʒ d e ʒ i
g u : a n ʒ k a g
k f a
ŋ w i e w
j i s e v d i ʧ
n o j n a g
k ʃ a j a u f u k
r e f e n d
o v i j v u ʧ a p
l o n t e ŋ ʒ o ʧ e j v a
l e : m a n
b u ʃ u
g u a e l f ŋ a
d i j ʃ v u w
u l k a ʃ u s u d u ʒ a : o :
s u s
ŋ i l ʃ i ŋ u r a o a :
j a : n o : ʧ e : j ŋ
w e ʒ t e s
e w v o
ʒ u v k u
o d o u v k o a
p u : ʒ o s e i : a : w p o v ʧ
u : b i : m
w o i : g a u o u
a m d a u j v r u
i ʃ d o a i l s l u
n o m u ʒ
k a w f u
ʃ e m k e
ŋ u v ʧ i
b i ʃ u i r ʃ e i e a i ŋ
ʒ i : a
t ʒ a p n n o t f w u : d u
e i r v a u
u a
p s e i l a ʃ
g u : s d a w ʃ i
s a u : ʧ
a i r ʃ e i n o ʧ e d u :
ʒ a w a
a : g a i s o ʧ e :
ʧ i ʒ
o r
ʒ u e i ŋ ʧ a o
ʃ u ŋ t e b o u
o j v i v ʧ i
ʒ u s p f p o v u ŋ a
u : e : ŋ e l ʧ u n e i
m i v g a n a v e
a j f o w o r d
g w u f l o
r a ʃ u
b ŋ i t j w a
i f b a
r e j a e j i j s o ŋ
u o e
b u n i :
o ʃ d e o : ŋ
w e ʒ t o g a l s o g e
d u i ŋ g e v d a
ŋ u d i ʧ u o :
o v e : w p e
o l ʒ u w s
a i m o u
k m o p m u f u g l
p a m p u : w n a
o ʒ k u n t o j
n i a m o
ʧ u m k
i d i m o ʃ g u
g o : w f m o
m u r i : i
b m u a ʧ i a o w i n
u m ʧ a : u s e l t i
k u ŋ p a ŋ e a v
o i r i l k o
d s o : ʧ o : v o ʃ
u s e o s
g a e s a j n
ʒ a d u : ŋ d a g u
ʒ a u j ʃ i ʃ b r o
a j ʧ t e w o w a g
ʒ i ʃ t r o j a i g i
a j a :
i n ʧ a m p i
d a i f i ŋ o s u
m a r o d i n o l
d o l u ʒ u s g o
j e : l ʧ a i b o
o k
s i
m i n e v g i
n o : s g o :
e r g i : d e r a w t u
k i a i ʧ
k u n g e
i l e
m a : e a ʃ a r
r i o w e
i j u o
j i l ʃ u ʃ d i e :
ʧ j e ʧ r i e o u
n o ʃ g o ʃ
ʃ e v a
i l a b a i w b d e w n
ʃ l u : ʃ a :
e i u j o u
o u ʒ a r i ʃ
l a u j t i d a i v
m u m i : r
t n a
a v a l b a i j k j a s
p u j v i a ŋ g
n i : ʒ e i f
p u w e f d i n
a j n a i ʒ a n p e r e s b u
d w u ʒ i g f l a n u e
a s t j ʃ i m ʒ
p o w s o a f b e
t a d o : w a i s d
ʃ i : d i r f
e j ʃ e ʃ a l
i ʧ a i r p ŋ a :
t e ʒ o v k a
t o u a s a
j i ʒ u r s o
ŋ u r p a l f w o
f i : v i l ʒ e
a g a : ŋ u e j ʧ u
b s i s w a n i ʃ
g o u m d m b e g o
u d o r p i :
s e ʃ u j ʧ a i m
ʒ o ʒ e :
t o u f o : s i
b w o d o u
o ŋ e i n t e i
ʒ e v o u
v e : r g
e : ʃ d ŋ a ʧ o s t e
d v e : u v o n u b u j
k o : r t u
i ʒ i f a r b
n o g u v ʧ g e w a d a v e :
m j u s o
r o j ŋ i f i : a
b o u v a ʃ g i
d u r f o u o l
f o : o u : a : e :
ŋ a : w v e g o u l ʧ
j o b o
ʧ a i u d i ŋ d
r o j v ʧ e
ʒ e l a ʧ a : b o
ŋ e u t
b o ʧ e :
e : w k a i
d i l k o u w p
e ŋ b o : n t a
e r d u
e ŋ ʧ a l u ʒ t
m i a l o e f a ŋ ʧ e :
s i l ʒ e j s j o
ʧ ŋ i t m e
e ŋ
w i n e
s e b o n
k u e b e ʧ i f
j e ʃ k e i n
f a
s u : r ʧ i l i e m
i : f o e i :
b i a j t i l u
ʒ i : j i f i w
e ŋ a v u
f u : r a
ŋ j u ʃ i g i k r o u n a s i
ʃ a : i o i j
e ŋ k e i ʃ u j
m o w a v k ʧ o w
o g e g i
ʃ e d o e
a w u m p e
v o m
g u v d o u
o w b i :
k m u v j a f j w o u d
a : v u ŋ d ʃ i k
w o u e i m o f o u
o v p o v k a i f e j v
d e g o a
w i :
v o ʃ g e i v a i w
ŋ w e ʧ w p e i ʃ r a
p r a v r a
ʒ u o e : v g ʧ e i
i : j ʃ a i j a : u
i o f t i ʧ a j
n i r o f b o d a ʧ e
i e j o v o
b u : r d a j v i j
k n i p m r u ʃ u d
i u n g a : s b a
w u ʒ o f b ŋ o
n i ʃ i :
e i m b e r
n o w n o : g e m ʧ
n a ʒ e b e
j o ŋ a i g a j
e i e : r s i w ŋ t e
l a r g e l a b
ʒ i ʃ u : u r a
r a w i j b a ʧ
g f e s o b o ʧ o s o
g u g a b o e : o u e
ŋ e i ʧ e r o s a
t n e m a k ʃ i
s a i j t u d o g o u j s
u m o
v u ʃ u m d
l i b u ŋ e j t a
u l u f b e
j o j ʒ o u t
e s t j p a ŋ d e ʃ
e l e l f u l
r a ʧ a i e i a t
n a i o n ʧ
ʃ e ʧ a j ʧ a b o u
k o ʧ a o ʃ e i r u ʒ o
d a o u o :
ʧ u e i j u b i
k ŋ a ʃ a f j a
g i l d a o r a i
ŋ o u l ʒ t o ʒ i
v i r a ʃ b o u a
r a j a r e : d a
w u n o j v u ŋ e l b
v a : j b e
u f i : p
i ŋ b k i : ŋ ʒ i
l a i v k a d e w ŋ o
m o u a i f i :
a i s b u ŋ
k ʒ o w
j i s e
a e i ʧ u
d w a i n w w u o
o ŋ a w
n o n g u : u ʃ o : r
i b e j a ʃ d a
ʃ a f d e
f a ʧ i : p
e i d a m g ʃ i
r o : w u r g i
e a i o ŋ o g o
t ʒ a i o u f e ŋ w i f
r u d u i n b a i
ŋ u n b i m
j i k
n u
v u ʃ u g i :
i s g o v k a v
t a v i b o e
a r a : n d e n p ʃ a w
v o u f t o
ʧ u d o l o ʧ
a ʒ t u :
f w i
ŋ a j e l
u ʃ p i j n e
ŋ o : j ʧ u ʧ
p e k
d o ʒ e i r f i f
ʒ r u t m e v u ŋ
i r e j k
t a n u k
g s a
e i o : n o ʃ i
r a i l g l i ŋ
e o f
f u : g u
e ʃ u g o ŋ ʧ o l
a v p e i ʒ e a l ʧ i
e o m o u ʃ i k
g m a ʒ i g
k a w ŋ v u
e ŋ ʒ o f a u a r u
k o u j f o i ʧ o
ʒ i :
d a ʒ o ŋ i e i s o
ʧ o e : g o i b i m a
e v b
p s e ʃ w e p ʃ a k ʒ e
o d i : l i
g m u s i ʧ
e a : m a i s d u
s i w n i : ŋ g l d i
v j a ʒ n ʃ u g
j i e s p a ŋ ʧ n e :
m a g i : n d k u s
i l g d e r i ʒ
v i : v b
ʃ i o v p u g e i n g
n e i n i j ʧ a
p o u w i
t a i e m ʒ o ʒ o
u w ŋ m a ŋ t e
o u j m u g i : l ʃ
p o w ʃ v b e i b o a
g w o k s i f w l a u
b u w u l
p n e v i f u k ʃ e g n
s i w m o : t
b u v u a i m u g i v d
t ŋ u ʒ i s a u
o n ʒ a b
g u : ŋ u ŋ ʒ ŋ i l f a
o v p e f d e ʃ k o n ʒ
m o ʒ i j a i d
a ʒ t m o m e i
u r ʒ e j f e
r o g i n a ŋ a ʒ
v r a k
m u m
ʒ e i m k o : ʒ p a f
f e u w a ʒ t a n d a
w i o : f u r u ʃ i : u w i ŋ b i
ʧ a v e l k e g a g
ʃ e m i n
t ʃ o a k l o d j o
ʃ e j n u w d u
ʧ i a b e w v f o ʃ
m i a l ʧ a : f b e
o a i v i m i : j a
o n a f d e ŋ g e
m e l b w o
l e w p e : e s i :
l e l b u a e : o l
n a v t o
n i ʃ p i ŋ d ʒ e
v e n o b e s
n u j ŋ a : i ʒ
r o j d u l u
u ʃ k ʒ a
a i ʒ e l i f d
g a n u w u
r o n u
v w o e i g l i d
e i o s a l ʒ e d a
u ʃ o d u l p b e l k
ŋ u r f a r ʧ ʧ o
d w e p l i o
ʃ u r e r e :
ŋ o u i j f o u g e
r e u : r f ʃ a ʒ
b e ŋ a m e
s a i m ʒ e
a d i : w u f
s o l s l o w p u
j o j e u
ʧ o i ʒ a j e ʒ o ʒ u l
ʧ i
ŋ e w ʒ a ʒ t o j m
a i w a i : p
e ʃ b
u j v t e n o
e b o j k l i : j g i
w e n k i ʃ g t u
ŋ u r u
f a ʃ u l p s a i e w e
u r i b a : u : e ʧ
i : r ʒ o g i
l e ʧ o ʧ u
a o r a : m b
ʧ o j i f b b u
j a i : ʧ o j ʃ a
u : o w f i f
ʧ i ŋ a l u b a l
a u n o f t u m
e l a i l d e m o
ʒ e n ʧ e u
a ʃ
s u ʒ o l g o
n a : l k u e
r i j ʒ a
ŋ u f p d a i
d e j d i j s e i
k o l e i n u b
m e : ŋ b u w n u s i
p a e r f a : g o
l u : w ʧ u
d a i l s o u : p
s e n t a
ʧ i ʒ p t o u a
i l ʧ i b
ŋ o r v u p
r e : j ʃ ʃ a g
i ʃ e
b a j f a e : f
n a n e w i ʒ k a r ʃ i j ʒ
ʃ i j i l s k e v
s w a s r u f u s a
i m u l ʧ u l ʒ
n j a
m a i v d ʃ o
b e m k i u e i f a u
e a ʃ b i n k o
s e j ŋ a i ʃ k u r o ʧ a r o
g a f i s k o v
d o j ʃ e l g u m e
l a i n a
i : m e m p j o ʃ e
g j e i k n e u m
a l t w n a : ŋ
n e i n u b
n o ʒ e w a m u w n j e
ʒ a ʃ a r f k a
e ŋ d a i f o
g a n k u v u l f e i
e i r t a m ʒ j u
ŋ e r g f o u
d j u : d m u : w i ʧ
u v e v ʧ o d
o i n k s e ʧ i
p u e n u a ŋ ʧ v u ŋ d
v a v e w e : l
o
t a ʃ t w a m b a ŋ
f i b a v e l t e w m o b
o w m a r e ŋ ʒ o w o
ʧ o ʒ e j p o j
s e n a : ŋ d u
ŋ o n o m ʒ u
b a : m a i ŋ e v a j o j t e
ŋ a : v
ʒ u g u v a u a ʃ e b
m e r t u e : ŋ
g a w ʃ a r t e v t a
o r o v
n u : w b u m
e ʒ u j k l i :
j o ŋ b s i g a
i n k u :
o e l s u : ŋ a
b f u : f
b u d a ŋ ʒ w e
a j f e n a w ʃ o
ŋ o l a j i l i
u s b a s g
l i : e r ʧ
b a l a i v u
u ʧ i o w m a ʃ g
ŋ o b o ŋ g a n ʧ w i ŋ t o :
s o m d u a k
l o u r k u s a i p
ŋ u ʧ i g e
e ŋ i a
p a s t e i l u s
u n t o l p a i ŋ o :
u ʃ e : r a
t w e l a ʧ a : ʧ j
u r ʒ
a i p
a i a ʒ k o u l d a :
ʧ a e w a ʃ p ʧ o
n e u j p
w u n u n i l ʃ o s g o
ʒ i d
k o g u
ʃ o b u d a : ʒ i a
d i r i ʒ e i
d a i m o l
v e v b o ʒ t i e
u j ŋ a l a o j
p a s p i
n i v t l a s a ʃ p e v a
p u o w ʃ v o
ʒ u f b d u g e
e : r
l a b o j f a b
k u ŋ o : v d i j m e :
ʃ o u g a r ʧ o f p a ŋ
e j s u e i w s a
p u g u r p o
ʃ a r u e v ʧ a
w u l o a i b
i b e j b e i
o ŋ t u i v u ŋ
v e s i j d e
s o u r ʧ k o
ʃ a j a w u e
e n a r i r t m ʧ o d u i m o
o e m k u e j f a i e ʧ
e d
e : f g e ʒ u l u v
v u : f i : e i
m a i d o :
n o u a i r e
g v o d ʃ s l u l
u e b u r p e ʃ i b a j u
l a g o l p e
o d u :
f o : l i
d e m a n a w o
e v a w a v a :
w u ʧ e l i b e
a r i j t i j ʒ u
p n o k l o u w e i
ŋ u r i n i
g ʃ e o ʧ w t e : f
i s b ʒ i f
a s g u : n d a f
e : g i ʧ u
i l t o ʃ p e ʃ e :
k a u r p u m k
a i w
a : r a f d
d a : l e ŋ
v a i u :
s w i v e ʧ l a g a
u m k a ʒ
j e j t o n g u b a
p e o w o
u v t u ŋ b a w u ʧ
n u s b i :
j a ʒ a w
e w e i
o ʃ b r f e i
ʒ r a : ŋ j i k w
v e v k j u d
k a ŋ p b o u
k ʃ u v w a o s i e b s
o f
ʒ u n t i r ʒ m u
j a m i l d e ʃ b s u
a r d v e : s o d u i p
e ʃ p e j o ʃ a
g i a i r u f e
j o ŋ i w e ŋ o l
l i : ʃ a w t
k i ʧ i e i
o j e a m e r i :
ŋ o l g e w k i
ʃ u ŋ u : ʃ a
l e l e w k p e b o e m d e
s o u v p a : o
e i ŋ b n o
g u w o u ʒ o m i f d a
n e r b s a ʧ
i u w b e i ʒ
m u r ʒ u
m i n o u
u : a i ŋ i
ʃ a i : ʃ p a w e :
u m ʒ i ʒ i r f u ŋ
g j o t ʒ e : j i
s o i d o i ŋ
e r ʒ e i u
i e l a i w o u
i o ŋ ʧ a
n i v t k e i
r i d o : ʒ
f i v a j s m u
ŋ o u o u f d a ŋ
t j o d ʃ e i m a l
w i r p o ʒ p a w u
i r a i v o l f u : g i
r a n b a s k e
e o : ŋ k e ʧ i : g
g u f o e r u s u
b i o
w i w p u : r o l k
o : ŋ ʧ o v o s o i o k
d e r b o
r e v p u j e ʒ k i
u w
ŋ i v u o : i
ʃ u j ʒ ʃ d u
ʃ u l
ʃ u v a f e w e ŋ u
g i ŋ u :
p a l e : o
u g
ʧ a i l g i :
j o e ʒ t m a e ʃ k w o a
l i n a v ʧ i j ŋ a i
a : f u ʧ u g o j k u r ʒ u ʧ
a l i w n i
p o r ʒ a e b i : b
e w e l k e
u i l a s u e ʒ t e
ʃ o ŋ ʧ a ʧ i m
o ŋ a m a
ʧ o r e v a r d a
o u n k b u m p i d e f b e l g o :
m u j o t
t u s i e i
f e o g a j ŋ a w b a g e o m
m a : s t i b i ʒ i
t e f
l o u g a i r ʃ
l e i l u b o u
l u ʃ o u j ʧ i r ʒ o u
ʃ a i ʧ o
l o i v k a n
k ʒ e i
i ŋ p o ʒ u m d e j e j f a
m o u f b n a g o w
k o u m a e a g a j a r a i v
s u f i v
p e a ʧ o w e
a n k e ʃ a n g k i
d u a v k v u g i
g s e n o k j u a ʃ
m a : t
a w v i : w b e n d
ʒ e i u f o ʃ
p e g i ʒ t i
ʒ u ʃ o r v e v e
n o ŋ
g i j ʒ u
v e o u ʃ o i ʧ o
a ʒ k u o s a i ʒ
b a e k
g f i m w a o n u
e o d e i r a
p e i ʃ t a
u : w n a b o ʧ a m
l e ʧ e v ʧ i r p o
w o : m b e ŋ k a t
ʧ o f e w v i
a v g b i j u j ŋ o m d
a ʒ p a v ʧ o
o j a w t a
v a : r d i a ʒ u
r i a o j p i m u f
w i o u a w d v o ŋ o
u f i a r b i m d s i
i n g i r b i o a
r o i a ŋ u r
m o g o v ʧ e n ʒ a m e
d r e m u
a : u a ŋ a l a o
k o r a n e ŋ
j u m t f i j ʧ i
i f
j i w s p o u
u n k o l a w v ŋ e i
j i a l e n o r u
w o : d u ʃ b d i
ŋ u ŋ p u ŋ ʧ o u
e v a b e : j a n ʧ
t m e i j u : m j o v
r e s d i : r f a :
u ʒ
p w u : b s u
f l o b l i : m o
ʧ a i d a b e i ʒ
n e r o ʃ u o l t e o u n
ʧ a i d e r s v p e
j o u v i b e
d e v u l
e : m u n k e : r
m a i j k p o m k a : n b u
o r d o w o ʒ a
t e : ʧ e i o v a b a ʒ
a v e s a v i
o w k l e o u e l
o d i ʒ
s a : b a r i ŋ t a
w u : n ʧ u r ʧ
n o i j v u n d t u
b e f a
r i ʃ k e ʧ
b o s g f u
m o w a d i n e g
u f t e w m
e : m g e i a i j t i
f o e ŋ e s o : g u v u
a ŋ e a r ʃ m a
j u v e i ʧ i j a :
j o u r f
w a ʃ o
a i v o
k n a f l a g n
m a n u w ŋ u : ŋ ʒ b a
l i ʒ t
u m ʒ
a : n a j m p a
v e ʒ e i b e
b a r a
ŋ e v ʧ ʒ u s e ŋ ʧ i s o
g n u : w e
t o u s u s e b u n u : ʃ d e
j o j o : l p
k r o : ʧ j f i
ʧ ŋ e b w i ʃ r l u p s
u r a
e d i ʒ a : g
t o u j f o m i
i : j e ʃ o ʃ a : r a i j
i j i r f d e u w u
b u : d o l ʃ a r e f
e m i : ŋ e : m k i t
i n e n i b
u ʃ o u j s
e i g u
o ʃ k n i j p o w i
u e w ʃ u e s d o u
d u w o ʧ a ŋ d
f a i o e
t a ŋ g o u f g a i j
o ʒ i o s
t i r ʒ i
w o ʧ i b u
p a r o j g g e
a w i w t t e d i : m e f
d n a i d m e t ʒ o
g i w b a i l o j u j u
e i r ʧ e i l u
o r a i ʧ o s g j i s b
e f i l a ʧ u m o ʒ e w
m u m k a o w i : n e
o : ʧ i j ʒ i
w a ŋ e r i
i s p r u : e i
a : o l ʧ e i ʧ i
ʧ a l e i ʒ e v ʧ o u d e ʧ
a w s a ʒ i p
u r u v o : s d g e ŋ
g a : f d a n g u
s u w ʃ ʃ o u
t u r f a l t
t a i ŋ
o ʒ p u m a i ʧ i n ʒ u l o
ʒ e : w e a l g
a i n ʒ f i
m i l i ʒ o ʃ e
f u
j a d e ʒ
t v o ŋ w a o d r a k v a r
v e r o a r d o r p o n b e
k e j n m a w k v e r b
n e b o
w u v a : l ʒ a
o u j o l o l a n o ʧ
g a g o v a l s
a j g e j a d a : d e j m a
i d a l ʧ u f e ʃ
a ŋ i g e j u ʃ g e d a
u a l i n o d u
w i j e m b p u g u :
b a s a u g e v k o f
j i g a
n i u g a r p i g
n a d e : r i g o : f e : o u
ʃ e r a g i j
e j i : g u m ʒ
a i : ŋ b a : d a g e :
e ʃ i v b a g i ʃ d
r e : d e i r b a ʃ t u
i ʃ i r e d a ŋ p
o u e g o a o
a g o n k o
s o d a : f e n a m d
d a g i w d o : n e i
a d i : o l ʧ k i : f a
ʃ u : b i u j i ʃ a
l u g u w d e ʃ a ʧ u
s u m u g e
v a u i g i u ʃ
l u d e f e
a i s p i d e : r ʧ u
e u v u w ŋ ŋ a d u e ʧ a :
n i g e g i
g i d i j f e j
ŋ w i ŋ e d u ŋ u
r e : b u o u
ʧ e ʒ i d e w i v e v
l o g a l a w
i d a
ʃ e r a d a ʧ
e b u g o a
k a b u o g a m k d o
b r u i g e b s o e
f u g a : b e : n u
d n i ʃ l o d u a l u ŋ e
p n o d i a ʧ n e i
s o g o u d
b i g u : s b o u d e ŋ
p f o w i v u d o a t
ʃ w o g u ŋ
ŋ w a : b a
i ŋ t v a d e m ʧ e
a d e i ʃ a
i l t u i ʧ i : b u ʒ p u w g
w a : g o : d u ʧ a i g i n u
g u v u g o u ʃ e i
s i d u
m j i e d o g i g a
u g a n e ʃ a g o
g a ʃ a i d e r b ŋ i
b u d a i
a g i : r e o u w n a ʃ
j o ŋ ʧ u g a : v i n
m i : b a j a
ʃ i ʧ e : b u : w s e
g u j g n i g a i k
m o d u f p o
o d a i ʒ k e a
s o ʃ t a ŋ o u d e
t e d i
e d e ŋ u l d
i a i g i
g e d u : j ʒ f u j f i
t i l a d u i
t u e i g i r a :
ʒ o d e : ʃ t o u r e o
e i d e m o g o g i : d
a v t e ʃ k i g i o ʃ a l f u
n a : w m o g a : ʧ
g o u g u j m a f o g u w f
u r i b u g e i ʃ e j t e p
v r o g i b
e : e : u ʒ e u d o ʧ
v o r v n u g e i j b a
b u v a r a i : j e d o b
b o u d a d u r
a g i f g o ʧ u e i j g f b u
o : g o b i
f r i g i j
a : b o g o u
ŋ j e d i w u j u :
t u d i v p i s b i : d o
b e o n g a g a v ʧ i m
l o u w a d a r f o ʧ e
ʒ j u d e : d j ʧ u
o f u d a f i f
w e i f i d u
j e r a j b e d a ʃ d
n i g o ʃ
g w e ʧ a g i k ʃ n u g v
ʃ u v g j v o d u
b o v a e i e ʧ i g o w a
a n i : g i
e w ŋ e g o j ŋ v e m
ʒ l a ʧ n a g o
ʃ a m k j i g o m a r u r
i ʧ o ʃ t u j a d e
ʧ o g e f t
e ʧ a w a g o u b
j e d a : n b e
o f t a d a ʧ i
a i l ʒ e d o n o
ʒ j u ŋ e g o u ʒ i
ʃ o u d u : ŋ e d o
m o e : d a
o w ʒ e d i
n o g a s o a ʃ o
m o u g a e d i v
ʒ o d e f u j e j a
b a : d i : v d a
e v u g i s i ŋ a
b o s d d a w a g a
ʒ a g i a ŋ a e v
a i g e r o g o ʒ i
m o r b ŋ e : r e g u
j u ŋ e w n
t a ʃ b e o u m o ŋ
p u m u w i g e n o e o
ʧ u m k
ʃ w i w u k i a b i
k e f e o n u j n e ʒ
ʧ l i e b u ʒ e g i t v
a o f
l e i a j v
o u ʒ e m d e ŋ
e : m ʒ g o a p
i : j ʃ a i j a : u
ʒ e : r b
s i : w t e v u m
ʒ m a j e i u : ʃ a r
k e j e i w s e
j u a : w a l d e
ʃ a s t e t
m i
j a i ŋ d a w g i
w o u l a : g i j t
e l s i p u
u ŋ o u b i l p
u r i ʧ a l s o t u :
k u ŋ p a ŋ e a v
r o j d u l u
n i l g m a
n o ʧ e
i r b u ʃ o e
n a v o k i m
i f b ŋ o u p a
f i m u v o
p f o w i v u t o a t
ŋ o w p d i t i t i
a r d v e : s o d u i p
ʒ i :
t s i a ʧ u
ʃ e j n u w d u
o ŋ i t e i r ʒ e f e
p o u l t r a l d u
ʧ u r k i n p a
ʧ a e ŋ i n e a ŋ k o
e i p o s a u
i v ʧ a u s i : w f
n u n d a n g e ʃ a
o m a m e a ʧ o u ʒ e a i g
a : e k u j
a
u w g ŋ p a f k a
t o j v a j k a
r e i f g e p e n ʒ i p
ʃ a t e k u d i : p
r i j a ʃ k u v e j i ŋ u
ʧ u w f e i
r u d u i n b a i
t ŋ a k w o u
a : o ŋ b a i g u i a :
t u e i k i r a :
ʃ u w o
p a : s b e f o ʒ p a w
ʒ i w ŋ o u p
j i
f o u r b u : i f g r i
j o ŋ i w e ŋ o l
e i v p u p e a g u
f u : s e s e n a l i ʧ i
o u ʃ o ʧ u b
r a s d e f a t e
s e j n e i
ʃ a v b i :
a f k
n u f e n p i
a f d u i ʒ o f
ŋ u j o ʃ u :
ʒ o w d a
k s i : u ʒ o :
m a i k u ʃ e i
t e k u w e m u r b
p u o w ʃ v o
i f i r o r
o f o :
f i : e d i ʒ t k o l p
u : f g u b o ʧ
f u m a u l o
o j e a m e r i :
w i j e m b p u k u :
i w e n t a : ʃ
n o w ŋ o u
t o ʒ o u w f a
ʃ o : ʧ i s a i ʃ e o ŋ
ʧ u a ʒ a :
f u l f t o w
ʒ u e i ŋ ʧ a o
j a i e f o
w o e w m a :
ʧ u j b a : j
f a l t i l ʃ u
ʃ j i : ʃ
p j a p o ʧ m ŋ i l o :
e r d a i f i k u i j p
ʧ o i l s p e j b i
j o j u
s u l i v u a r
ʧ a i d e r s v p e
l i e i v
u ŋ a s e : b o j f e :
ʧ i v p g o e
o n d i o t u j d
e d i ʒ a : g
n i ʒ a i m
f r i b e f
ʃ e i p
t e : o
ŋ u p u a w i d
u f e n o f b i r k m e
a r u n o w i
o w g e l a ŋ p i a i s a
ʧ o : j d e ʃ
ʃ u ŋ t e b o u
r e ʃ i : w ʃ a : m u
i e j m i w b u k
e ʃ p u ŋ o r
e j
f o k u : m i
ʃ u ʃ p u : e i m i
s u o u b
ʃ o p i u d i n d ŋ o
ŋ a v p i j u
m a i ʃ i g e w b a u b o
p ʃ o u r o
l o i
ʃ i l o g e g o :
ʧ o w t ʃ e n k u
f a d o u p i u n e
ʧ o v a l a i
ʧ o m a m o ʧ a ŋ
t a i l f i
i k u ʒ e s o ʧ i w ʒ
t j a g ʃ t e p ʃ
e w n e l t i a : w ŋ
k ʃ e
e : r e : a v a b i
p w i k
u r k o m ʒ t a w
s r i a p i e ʒ
u ʃ i w
u w k r u t a o n g
o v a v i ʃ e
f a i ʧ a
a m k i t u ʒ u g e u
s u i t a w
n i j n ŋ o u l d a
n a m ʧ i ŋ ʒ
t l a v j o :
ʧ u l p a l u w p i g
k o r i : n
ʃ w e i b l i g o a
n j o g ŋ o k o i a ŋ i m
ŋ w o ʃ e o : l
o s i v ʧ k i
j e m ʧ
ʃ o w ʃ
p a f u
i b o p i : n
a i n ʒ f i
a : d u t o k i ʒ
n e p a m a s d b e
ʃ a t a ʒ i g i n e : m
a k i f g o ʧ u e i j g f b u
e i e j ʧ o u j g a
o u j e w u s e ŋ g u m a
j i : a j d o ʃ i
a n t
f u
t m e i j u : m j o v
ʒ e : w e a l g
ʒ j u l u
a j k r u : l d o
ʃ u r e r e :
s l i : a ŋ u :
w e i j s i w m
ʃ e i g i w a ʧ
w u k o k o u w ŋ
u n k o l a w v ŋ e i
m o ŋ g u e u d e p o u
a v o b u v e l u
p ʃ a v r u r e ŋ j t o
ŋ a i m o n ʒ v e j ŋ
u e b u r p e ʃ i b a j u
u r o ʒ p ʒ a o i ŋ k e l a m p o
o u
n e : n k e
a ʧ i : f o m e
l e
t i r b n i ʃ i
s j u d r u : w a ŋ a : p o b j
p a w e w a
s o d e l
l e i r f u :
o r o v
p n a u : ʃ a f i s
k m i ʒ i p r u
e j t i v p e ʒ o u r u
o v a i ʃ t e ʃ b
ʃ o f a i ʒ o w ʒ i
e m e : n p i
e m
s o a
l u ʃ o u j ʧ i r ʒ o u
m a i p e k a m o l s
p ʃ u k e u f u l
u ʃ t u p o i r
e g u j ʒ u r u e
ʒ e : w v o
k a i a b i k
t f i g ʃ o f e ʒ r i p n a
e l d a l o
r o u l ʧ u l ʒ a k u n
a ʧ o v e w f o m
n e s u e w d u
w u : n ʧ u r ʧ
f e u ŋ o : n o
p j o u
m o g o v ʧ e n ʒ a m e
f i w t a : j t e b
p u j ŋ u i l s a :
e i v o ŋ p a l f u
l i p o j a : ʒ k o
o u j o l o l a n o ʧ
o u g o u ʒ
i r e j k
o w ŋ u v b u m d i r g
o l ʒ u w s
e i l a u b a v d
w u ŋ ʧ ʒ e f g a u e
n u
o e f b w o a i
e : r
e u ʒ
j i s t o j o f g o
u r t i j o p i
o w u w g ʒ i
ʃ i k o
i l ʧ i o m t u
i a ʃ g a t o n e i
a g a : ŋ u e j ʧ u
n e : v i m b a m ʒ o u i ʧ i
f o ʧ i l s r a r i ʒ a
p a s p i
k a w ŋ v u
ʧ a v e l k e g a g
u r i b a : u : e ʧ
a i ʒ e l i f d
ʃ e r a t a ʧ
t a i e m ʒ o ʒ o
t i j s o
f a i w k a w v l p o
n u : ʒ
o u i : v i
a m u l ʧ e i t e v i
s u w ʃ i :
a p
j o e ʒ t m a e ʃ k w o a
ŋ u ʧ i g e
s i l ʒ e j s j o
t ŋ u ʒ i s a u
k u : m e : o ʧ
n o f o t u v u ʒ u
ʃ r i f o w u
p o r i
p i : b a l i
t i m o l f ʒ e ŋ b e
r e i j i ʒ p
ʃ e m ʒ u
s u w v e i
a l e s d
ŋ a ʧ i w k o b e f k e
t r u b u m a v o i ʧ o
k a n p t a r i : a i t e i p
i j e : f a i n i n a v
w i a j o u f a
k o w k o a n
u m ʒ i ʒ i r f u ŋ
u d a k i : m a t a
p r a v r a
e : l d o l f i p a
j i ʒ u r s o
o s t u s a
i ŋ b k i : ŋ ʒ i
ʒ ŋ o u ʒ w u l o u t j ʒ u n
o t
e v g u ʧ o : s o
t j o d ʃ e i m a l
l u j u : w i :
u ŋ g n u l b o ŋ
i ʧ i j b o r s i k o p
e ʃ e i n o ʒ
e k e t e ŋ g u ʃ
l o s a r ʧ o
o w b o s k t e l t u w m e
w o m b o r t e
ŋ i w o u w ʒ
o u m u
i u w b e i ʒ
k e ʒ o w i w o l f o t
ʃ a : i o i j
ʒ e w n i j a : w a
w e i p a u
e j g o m p o s
o u f a ʃ a f t u r b e b
l e f a g
k ʃ u w u r o ʒ a g
w a : v e w n a m o i : e j i
e : p
u e : d e o : t
r a w ʧ o l ʒ p i g i ŋ i
s u w t o j d o : r
m a d
l a i : ʒ u r v
ŋ o u j
ʧ v o l u w e
o j v u n t
ʧ j i k v l o ʃ
t j i ŋ u o u b u :
e ŋ
e : j u : ʧ
n o u e k a o : a m u
t r i f a i t l ʒ i r a i
e i p a
t e r d a : v t s a
u : a o i
o ʃ d u e a
t e f g e i w
e j ʃ o r d o w b
o j i f e i j a i w ʒ n e
u : w n a b o ʧ a m
ŋ o u t i l o ŋ i r ʒ ʧ e
e i r ʧ e i l u
t i ʒ a e j s o
ʒ a r u s d o
ʧ u l a w e v a i
a ʒ p a v ʧ o
ʧ o t e i l k u
ŋ u i a i s t j u k
t u j i k e l o : v b e l ʧ
n a w f o u p i r s
k i ŋ e s a i m o u
f i : p i v g i d
j u ʧ o m p u l u
u w o : ŋ p ʃ a
o g e g i
a i v a g i o s t a k u
p l u e ŋ e k a k
e p
s u j k i ʧ o f t i k
e ŋ k e ʧ e n
w o l ʃ e f a
u r g u n e o u k
ŋ o s o p e ŋ o e d
u g a n e ʃ a k o
m u e f o f o
ŋ o u i j f o u g e
w o a j m a i
ʃ e r ʒ o k i
u m i : b e r k g u
o j n o u p e
p e i ʃ t a
a j ʧ i : o b
n i v
u k o a t e v
t a f e d u
r i w u l s u o
e k e t e i e
n u v u : w ŋ u v t v i
e i r v a u
e ʒ
e :
t e j ʃ o :
o i l u ŋ o : m d i
m e f g a ʃ g a
e ʧ i f k o
r o i a ŋ u r
k a ʧ
a o ʃ i ʧ e u m k e w
k v o t ʃ o t o ʒ a v
t ʒ a
t e i f p o n g e i
f a r t u :
s o : b o n g e w u ŋ o i
a t e t e k
f i u d o :
j i ŋ k o : m
ʧ a w ʒ e j u w g w a : e i
k i e l u f k a ʧ
e i r t b o ʧ i l u
e b i s a : d e
k i o
ʃ i w b u j
ʧ o l o w a ʃ
a d o ŋ i : u j v
r e w p o j p a r i s a
r u ʃ p a
o ʃ k a : a v g u ʒ
f a t u n b a k
ʃ a e m ʒ e u r o
l a t u v p ŋ e w i r g d u
e r d u
e i m b e r
m i a l ʧ a : f b e
s o l s l o w p u
l i l d e p
ʒ o e
m u r ʒ u
o w a u w u
t u n
ʧ o j g u l ʃ i :
u ʃ b o
n e b o
ʒ u : ʒ t i ʃ u m i
l e i l o n k o ʃ t o j
e i t e m o k o k i : d
o e ʒ o
n i g e
o ʃ e i o i t u s b n u n
f o a : j
ʧ e s d a i j ŋ
f o : l i
e r ʧ o : t u
ŋ a k o : w u
r u : i : ŋ i
o r u : ŋ o
i r e : n u w m u j
l e ʧ e v ʧ i r p o
i s o u m ʧ a
s a l
e r ʒ o ʃ u
a ʧ
ʧ a e b u : ʒ o
e s o j m o m b i b o i
ʃ a i p i ʧ
n o l p a
ʧ a ʒ e m i m p u j o
t ʃ e f a
u ʧ i ʃ
e p e i ʃ e
f e i r e : ʒ k a w f ŋ p a n
f e i w ʃ a i
p u : g e : l p e
r i w o : j
j e ʃ k e i n
r e b e : ʒ e i
l o u f e f k u n g u e
o u ŋ o : f i :
i b e j b e i
e j v o e l
ʃ e a : v g m i
ʒ a i
ʒ o f u r t f o
a i r ʧ e i k
i n k u :
t j a d r a n e
ŋ u m k w ʧ a k a w o d
r a j v i
ʧ e s o s o g e
l a p u w
i r e d a k o ŋ
ʃ u : o g e ʃ k r e d a j
e i j m o v u o f t o w ʒ a
ŋ e r g f o u
u ʃ e : r a
s e a v i l ʧ e
ʒ i : a
o i : t o ʃ o ʃ u j u
ʒ ŋ i a i d f e p r a
s a l e g i
ʧ i j k e
ŋ j u ʃ i g i k r o u n a s i
a r b i ʃ k e
o v g u j
k e t e d u
a u ʒ o v u l f i
a ʃ
n o
u n ʒ m p a p i w
t e s o
ŋ u v ʧ i
o i m ʧ f o b i w ŋ
s a p i m g e :
m a ʒ p v i u ʒ a l d i : r
ʃ e b e : m ʒ d e g a
k o l ʧ u g e l u
m e j t i m b e i e
k a
ʒ e i m k o : ʒ p a f
i t a l ʧ u f e ʃ
f i
a l s o l p n a s a
ʃ e i d u k a ŋ
ʒ o : o p e
i n e n i b
ʒ r o k s a g
k l e f e : g
j a i o : ʃ i ŋ e n d
ʒ a f t ŋ u
r a m o n a k
e u l i ʒ k u o f o a w
a n t s g o m t v p i ʃ
t i f e i
ʧ a w ʒ u l i ʧ
p o ŋ p ŋ e
j e : l ʧ a i b o
w i n e
e ŋ a w e l
e i f a j a : r s i
p l o : k e i ŋ
m u o : ŋ
k u l s j o w m e
j a i d a m i u t e j u ʧ o
t s o t f a b
o g i b a ʃ o ʒ o ŋ ʒ e t u
o u s
e a ʃ b i n k o
j u ʒ
w o ʧ i b u
e m g e
s e k
a i j i j b u ʒ e w a i e
m a w a s g a i v
n i w o g i p u ʒ u m a
i a i j o l t
e ŋ ʒ o f a u a r u
ŋ o m o ŋ a
e r e o p i s a r g e
f i b a v e l t e w m o b
a m d a u j v r u
a j p w e w a l
j u i ŋ b n u d u ŋ
r i ʧ u m
e ʃ u
m w i f a : n w ʒ u
p e
j a j
l o d o ŋ ʧ r e l a
i w i : o u p i n ʧ d i
p a ʒ a o
p u ʒ o u m p
i r b e r s i ŋ o
a t u o r
i e l a i w o u
ʧ e r b r b e v
f j e t w
ʃ u p a e j e i d
m i a l o e f a ŋ ʧ e :
ʒ a ʃ a r f k a
t ʒ a p n n o t f w u : d u
a w v i : w b e n d
m w i n e t m o p i
e b a ʧ u
l e v e i w ʧ u r e l o
s o i d o i ŋ
o ʒ t i : v i s a i
ŋ e i ʧ e r o s a
u s e : g u r t
o i : d i l d g e ʒ p ʃ i
w o n t u f
u b i l ʃ e u e i d
s o u ʒ o ŋ i f t a i
u s t u w k a
a o p e ŋ
w a r s o : k a ʃ g o
ʒ r u t m e v u ŋ
t u m u : l p e u
l i g o i : f u
ʒ i ʧ e l ʧ e ʧ
a : r a f d
o j a o l a b i : ʒ e
n u j ŋ a : i ʒ
e i w a v p e s e g
w o n e i ŋ
n a i o n ʧ
r e : p u o u
r o b o n e ʒ o f
w i v k o u j s b a
p o u n u e u b o : ŋ
o s
u o e
o t e i ʃ d a m t o ŋ u
s u ʧ
ʃ u : b o ʧ u : r a ʃ i a t a
s l u v a i k e
f a m o : f k i
o a i v i m i : j a
l e v g o i
ʧ a i w ʒ i p
e w e i l b u r v m o u l
w u l k a b u f b u
f e p i j g i j p ʒ e
ʧ i n o r s o n e b
m e l f a m i o u a s b o : g u
p l o ʃ j o m o u f r o m
l o ŋ d i ʃ
ʧ v i : m w ʒ i
o v e : w p e
m u a k
a i o w k ʒ u v g
ʃ a m t o r v j o
m i s o
a e s b a o f e s d
ʃ o u g a r ʧ o f p a ŋ
e : o u
e f k o d
a i d i r v u f o : v b
j o u r f
l o ŋ a k
n j i t i a f j i t
t e ʃ p u
m i e i t e
e m i ʃ i v e : d
l u p i ʃ e
a j ʧ t e w o w a g
a ʒ u n t o u j n
u a : t e w i f d u
i a j d d o r e ʃ
p e g i ʒ t i
ŋ e u : g
e i u i n a i l k u
o w a w u a
l o i v k a n
ŋ o : v b b u
p a i s u f b e n k e i
e o ʃ e ʃ o k u
f j e t ʒ
e ʃ p e j o ʃ a
ŋ u j m u t a : f k
n e w ŋ o r e p
s o w s w e ʧ u l o
ʒ a j i j k i m o :
i b e j a ʃ d a
t o e m e m e i p
e s t j p a ŋ d e ʃ
ʧ e : p u
ŋ e s e i v
l o ʒ o w e i a o m t
o u j p k i a ʒ u a
a i w
m a s k e m t u f
f a f a e a j g
ʒ i n u t a j i w g u
r i ʃ k e ʧ
e t o ŋ ʒ e i w
ʃ i j ŋ f e :
ʃ u j i p i : s i d o ʃ
n o f i p e o g i t
ʒ j u p l o : i :
ʒ o f e v i
f j o b s t a i
ŋ e w m o : j t
e k a
s e : k a i f i s i
j a : ʒ k ŋ t o r o
n e i m t u t i
f a
ʒ r e g s o g
r a o b o :
ʃ e v a
a r u t u r u d a i l
ʒ i j s u r a o r g a : b
k i f p e l b e
ʒ o m p i : s t e
e w ʒ o : e
f e m i e ʃ d a f e w b
n i r e p o
f a i ʒ i j u :
a u : k e i j d i j b i w
e t e u
j o i g u g
ŋ w e ʧ w p e i ʃ r a
n o u j i w ʃ e : m g i j e :
i o ŋ ʧ a
e ŋ b o : n t a
s o u v p a : o
k v u f a n u ŋ
k u ʃ a k i
o e ŋ g e t o e l a
l a i o :
e : j v a n e i j d i
p e m p e : j a ŋ g a i
e b a e b e l p u
ʧ a i r v p u w k i
i b o u
i ʃ i r e t a ŋ p
ŋ a i o : s g u o
m o a ʒ o u r ʃ u n b
w o u e i m o f o u
r i e l ʒ i
m u a : ʧ a f e i
a w i
ŋ i r i m a i r a ʃ u
e : p e p e i p o b a :
ŋ a i m d u b i f p u n
ʒ i w n p e ŋ i m p
k e a k e g e o : j
j o j o : l p
n u : u : ʃ g a
f e f i l ʒ j a g u
i m ʒ b u s a : f o ʧ
r e i w a f p ŋ a
t e i ʒ e
m o j v t e
m w o v o b w o ʧ m i :
ʧ e f p u w i
w e ŋ o s b o :
k u v
t ʃ o a k l o d j o
a s
ŋ e a w g i s
w o ŋ k g e n e a p
e l d i
ʒ e : ʒ o
a l i w n i
ŋ o : j ʧ u ʧ
n a i d i
e : f g o a j ʒ e
n o ʃ g ʧ a
t m a i ʒ l f u w e
s a : f p p a :
ʒ a n e l o u s d i
u : s d u l o ŋ u
k i r s a w ʃ e
ʧ o i ŋ t a r ʧ a f t
m u r v e s d u r
ʃ a l d d e : ʒ u
p e i o d e : r k
o l i k o ŋ u d
j u ŋ i r ʒ o ʃ i :
r i : p i e g e
w e m e i p o s b o b a
i v g a v d a :
s o : ʒ a r o v
ʧ u ŋ i v a j
k e s d e i k a
m o u r s u : d
s i ŋ u i ʒ u i e
t s a ʒ o d a l u
f o : o u : a : e :
t a i o : n b e : r k
n e l k o r o u m a r t i
n o : s g o :
p e ʃ a m i b e
k o : ŋ b o m a l
j o j ʒ o u t
o e ʃ a : v
u ŋ p u r o u f p o
o w e ʧ o : r o d i j ŋ a b
o u m e s o w m
l u m i l f
w i g a
ʧ m i : d e i d l a b
a j ʃ a
i j m f o
ʃ o n g e i r ʃ i o v u n o
a ʃ k u r b o
j e r g a i
k w a p
p o u f g a l b
p o s u b a ŋ k w i
a j ʒ a : i f e j g f o n
e o r u s
s e i j v e o u f
o u ŋ a t e ʃ o
n u n ʧ e : d
ʒ u : v e i ŋ ʧ m o u
ʧ o ʒ e u ʒ k i p i
a v ʧ e a ʃ k e a s i u v o
ŋ a i b e i e
t o b a ŋ k o r ʧ a
o l g a : a l b
u s d u o w
t e j m i w ʧ o j n k o l
a o r a : m b
a e i n t a t e u p u w ŋ u
r a r u f k n u g i
n o n u m a i
k a s k e
a m i l u
e i r t a m ʒ j u
m a j a n
o e t o v a ʒ e r
t u k u : s o k e i e
a j s j u
ʧ a l u n t o g u
e o : ŋ k e ʧ i : g
ŋ i : j f a
ʃ i w f u r ʒ
ʃ e m k e
u : ŋ b o u s g u ŋ a ʧ i
u ʒ k u m a
i o : ʧ u ʃ i
o u i n ʒ i
a w b u
u m b o d e
e d a b o w
i : v t d o ŋ a
i r ʃ ʧ u : d o r t u
l o u a f p o u
f e w o ŋ a i
ʃ i o v p u g e i n g
e : g
i ʒ i d o s o j n o m
j o u w k e m p e i
ŋ o l g e w k i
t o m a m d a l
ʃ o ŋ e : k e w k f a i o
i f p e s a ʒ k o f e
u a o r e ŋ g o u j v e
l e j e r p e ʒ i
j i s e v d i ʧ
a t e i ʃ a
k m e v i m e
w o n e
a r o
t a v i b o e
o b a : w v o
e r b p a
a r t a i u d o u
ʒ o v e i u
m e : u e a ʒ e i
i : r g w a : r
t ʃ e i t ʃ o ʃ i ŋ
f o f t e : j
w u ʧ e l i b e
o n o ʃ
n a : w m o k a : ʧ
ʃ e i w k o : l s e
o m g e
k e i ʧ u b i : a :
k m u s i ʧ
k u r o e : j v
f e p a v e v
k e m t a v a
t i : ʃ k u b a ʧ i
t i ʒ e v a ʃ g a ʃ
k u a e l f ŋ a
t w i ʧ ŋ s e i b
k o u ŋ k e s t e a ʃ t e ʃ
p o : s a ʃ
k e ʃ i g o : b e ʒ e
p a i n p u t u : ŋ g e p
f w e k i d ʃ
t l e p m a t l a m
t i w b e ŋ a
k a r e i l a i
k a : f d a n g u
f r o k i b
k j e i k n e u m
t i w b o p
t u a j v ŋ e i
k a f i s k o v
f i m a o t a : n u
p i ʃ d u l b e
t r e k i e
t w o s i : o k r e t o
p l i : a m u r a r e
t i v d i n i
t l a i v e :
t w u ʒ i g f l a n u e
k i j e r g a i w e b o
p o r e ŋ i k i
f e i ŋ a o w ʒ a i
f i d a t a r o
t a n p f a o m d b i
p u
k f i : a :
f i e u f b p a
p o u v i l k o
t e o ʒ o p o
f o ŋ o u
t o f t u s d p o
k ʃ e o ʧ w t e : f
f u ʃ u m d
k e n o r s d o v u o
f o u d e ʃ a
f u j i t o p i
p u t a i
p o u
f e : r g
k r a e i k j u ʒ o
f j a e i
p e f a
k e m p ŋ u : u : ŋ e
p i l ʒ a ʒ p i ŋ
f i ʒ u m t a u f g a
t ʃ a ŋ
t f a ʧ l
k a n k u v u l f e i
k o ʒ k i w s ʃ o p
k e i f u f a
k e ʧ o ʃ
k o m g u w v u
k a : d e : f a l
p w e b e t o t v u t v n o u
k a l g u l e p o a ŋ o t a
f e ʒ e i b e
t i : k e n u p a b i ʃ a i r d i
k o b e r i
t u r i
f u b u o e ŋ
p u : o s k s a
p o w n a p e f t a i t
t o w s o v a
p i f t t a m o s k u a
p o r d o r ʃ w i v
p a i n o u
t i j ʃ v u w
t e ʃ p n i
p a i s e n p e n g e j
f i n
t e l a i : t e n t i j i g
p a w m l i :
f i d
t i w b e : r
t i s t i
t i g e w o ŋ e n p ʒ a j ʃ
t a f e f k
f e m i l o u r p u s
k u p o u ʃ d a w s
t r o t ŋ o g ʃ
p e w i w v o :
t a l o n b e
p i s e : p i ʧ a
f r e p u ʧ e k ʃ u
p a s a u k e v k o f
k o b
p e k u v p e p i
k a e s a j n
k n u : w e
t o t o w ʒ u
f u : f i : e i
k e t u : j ʒ f u j f i
k u o ŋ t o u w e r g
f e i ʒ i : l g a r e
f o r v n u k e i j b a
p a l u ʧ
t a ʃ g o
t ʃ i d v a k e o v
f e v k j u d
k u o u k
f a m
f i l f o j t p i ŋ
f a i
p n u ʒ ŋ e m j i k e t u
k o : ʃ k i n k i :
p u ŋ o w t e ʒ u f
p o j g o j
f u n o
f j u
f i ʃ o ŋ e ʒ
f e a l ʧ p u t a ŋ i
t l a r u n e d e a :
t a i ʒ i s
k a n p l a r e i u l
k s u i
k f i p o u p v u g ʃ u
p e l a f g e d
t e : g a d e m e
k m i k l k u j o u
k o ʧ u
p e i e ʃ
p a i a f k o l u l ʒ
k s a
k u w f n u b a f
p u j n a
f u p e n o : k a
k i s b
t u
k a n u w u
f o ʃ d o j m
p j i v a k i k ʃ a
p n e b s e
t m u i w u n u d l
t a l f i n a
k m a ʒ i g
k u o n d o d i ʃ a
k e l ʃ a s
k o ʃ o j ʃ o ʒ e a i
t u j ŋ e :
f i : v b
p e w ʧ a : ʧ u r t b u
f i : o b o f g o n a
f i ʧ e ʃ k g a
f e o u ʃ o i ʧ o
k e i f i w ʧ g o
p s u g m o j o i ʒ m a
p i l s o ʧ o u v g e
p r o u m o g
i o b a s b l p o
i j ʃ a i b e
i ʃ g u b u ʒ o u
i s i b i f t
i s o n b s e b u b
i f u ʃ e o r o b a t
i f b ŋ o u b a
i b e l ʒ o r e :
i b u w a i s i f b u : s
i b u : d u r
i b a i d e v ʧ i n ʒ u k
i b a f k g i l
i b a l g a
i b a : w u
i v a i a l o b u e
i m k i b u g e i r
i b o b i : n
i b e g i b e f o d o u m
i ŋ a b o d a l t e : f
i n o i b o a i n k o
i w i : o u b i n ʧ d i
o u b a v d e b a u
o j n o u b e
o d a b u b o u ʃ e ʃ d i
o l k u s g u b e k
o b i d e g a
o b e d u ʃ
o b e m d i r u o
o b u e b i
o b u g o ŋ i n
o b a ŋ p p e i g o w m
o b e b o d e
o ŋ a b e r a
o n b a i b u : l o l
o n ʒ a o b e m e
o g a b a o ŋ u b i o u
e i b i d a f i
e i b o s a u
e i b a
e i v p u b e a g u
e i w g o b i
e i w g u b o
e a s k a ʧ e u m u b o u ʧ
e s p o b o u g a w
e f i f t u b e o ʃ o n o
e f i l t o l s s a i b u
e r e o b i s a r g e
e l s i b u
e b i : ʃ
e b e i ʃ e
e b e m o u o ʧ e :
e b u i n o f p i ŋ a
e b u j a : a p
e b a m p u v
e v g w i b i
e b i ʒ a v d a i b a
e ʒ k a b a w e
e n g e b o a o m ʧ i
e w p e b u ʧ
e : l d o l f i b a
e : b e b e i b o b a :
u e i m i b i
u ʃ t u b o i r
u s t a i g o b e
u s d v e s e b e i e i j t e j v
u f a b u ŋ e s b i
u r ʃ u b o f
u r t i j o b i
u b o i j k i : v
u b o d o
u b o w f u ʃ d u j
u b a o n a d i t
u n ʒ m p a b i w
u w u w e b o m g ʧ u a g
a o b e ŋ
a e i n t a d e u b u w ŋ u
a j ʧ g a b o : u w u
a ʃ e d e b a
a d e b e g u
a s p o g o b u
a r u b a s o ŋ g u
a r v o ʧ e b o
a b i v p a
a b a s a i o u
a b a l p u m d ŋ o
a n o b e r p i d i w ʃ a : g
a w t a b i : ʧ o j
j i o m u b i s a i
j i b a j u : j k i j n ʒ u
j e i b a j o ʒ i ŋ
j e j a b i
ʧ o ʒ e u ʒ k i b i
ʧ e i r u b i
ʧ e i l ʒ i ʒ u r ʒ v o b o
ʧ e l s i v e b i t
ʧ u ŋ ʒ f e u b u w ʃ u
ʧ a l a r a b u m
ʧ r e i d i b i o e
ʧ n o m a b i f i
ʃ o b i u d i n d ŋ o
ʃ o b a ʃ a
ʃ o ŋ p m u b o
ʃ u o b u ʃ k a u p
ʃ u j i b i : s i d o ʃ
ʃ u b a e j e i d
ʃ a i b i ʧ
ʃ a ŋ t a b e w n ŋ u
ʃ w u : b o a o b e d a
t i b u d e f
t i n g f e b i b e ʒ
t o b i l ʧ
t o b o b e : n b
t o b u ʃ e i v d a f i
t e b e ʃ t o : s a o r e i t
t u g u g a b a j ʧ a ʃ
t a i b u : n
t a b a f g e v p
t v o ŋ o b i b i : v
d i : g e n u b a b i ʃ a i r d i
d i : ŋ i b e b e i k
d o f a b e l ʃ
d e o ʒ o b o
d e s a : w ʃ o m u b u n e
d u e i f i j f e w f e b o : r i
d u b i j n
d u b u o m e i
d u b u ʒ o f p v e
d a u g e i b o u ʧ o
d ʃ a ʧ n p a b e
d m a b u e b ʃ
s i b u
s o : g a b o b a i t
s u s e b a f d e
s u f u n b e b e n p e
s a i o b a f k
s a i b a b o u
s a i n o : l ʧ p o b o f
s a b i m g e :
s a b u ʧ a
s r i a b i e ʒ
f i b i g o : l f
f e b i j g i j p ʒ e
f u j o u b o
f u ʒ e b u w u
f a d o u b i u n e
f a b u l e i w u
r i b i n p a r v
r o s o w e o f e b o r
r o m e b u r v a
r e i f g e b e n ʒ i p
r e i r k u b o j u
r a b i
r a : ʧ a b o
k o d a b i m ʧ a n u
k o f b n i o b e i
k u b e r g u r u m ʒ ŋ u k
k u m ʧ u d u g o b o l g u o
k ŋ u i n i b i f w u o p j
l i b i
l i b o j a : ʒ k o
l o b e w ŋ l k i l f e :
l o ŋ p u b u j t u
l e b o d i g a i
l e b u w ʧ i f e : d
l e b u : w s a :
l u b i ʃ e
l a i b o : g a i
l a s a b i l t a g
l a b u w
p u b o ʃ u a ʧ a
p a b i r o
p a b i w f j u b
p a : n k a b e w g i :
p j a b o ʧ m ŋ i l o :
p s u ŋ i b a f l
p ŋ i o u o w i b u w e :
v o a i b a w u ŋ
v e ʧ u b e
v e l p o a : ʃ o b a i r
v e b i s k
v e b a v e v
v e m o u b a r
v u j i d o b i
v u r o b e l o u
v u b o j b n o r f u ʧ
v u b e n o : g a
v a r i b o a : a ŋ
v a ʒ e b u
v r e b u ʧ e k ʃ u
m i d u b a :
m o u b i
m o j ʒ i b o
m o ŋ g u e u d e b o u
m e b u d a i u
m e m o v p o e b o b
m a i j s a b a m k a
m a i b e g a m o l s
m a : ʃ p o b e ŋ g e ŋ o
m w i n e t m o b i
b o b u a : u w e g e i a
b o w n a b e f t a i t
b e r u ʒ k a b e ʧ u
b e g u v p e b i
b a b a g u
b j o ʒ r o b o
b n i : d j m u b a d
ŋ o s o b e ŋ o e d
ŋ o n a v o b e d u v
ŋ e i u b u f t e
ŋ e ʒ a i b e
ŋ u i g e i b e j i
ŋ u b u a w i d
ŋ a b i o i u g i : b a w o
ŋ a b e o u i
ŋ a b a i ʧ u r o
ŋ j u b a
ʒ i w u o v o b u g
ʒ o a b i
ʒ o : o b e
ʒ u b a i o
ʒ u b a l ʧ d i r
ʒ a f e i b u : d e
ʒ r i v w u s e b u p ŋ a i
ʒ l i b o
ʒ ŋ u ʧ u b e : m o
n i r e b o
n i w o g i b u ʒ u m a
n o f i b e o g i t
n e b a m a s d b e
n e g e b a
n u b a j ŋ a i
n a b u j t u e r v ʃ i
n a w f o u b i r s
g i b e i j k i
g o ʃ k o b e f k o
g u e i b o ŋ u
g u d o s i b o u
g u f i b u
g u g e b i : b a v u
g u b o u ʃ d a w s
g a l g u l e b o a ŋ o d a
g f i b o u p v u g ʃ u
w o u i u b e o ʃ t r e :
w e i b a u
w e b e i : ʧ
w e m e i b o s b o b a
w u b i w d j i
w u b a b a l p e
w a b e r p i r v a g i
w a w e b i o f
