v i : v b
s o u ʒ e i v a i l
v i e u f b p a
b e ʃ g a i
t e n d i ʃ d u d i m i
ʃ e i d u k a ŋ
v e i ŋ a o w ʒ a i
s i ŋ u i ʒ u i e
ʃ i ʃ g i : g
d ʃ i d v a k e o v
ʒ j u t e : d j ʧ u
r u l o u ʧ e i m
n o u b i f g i w
t e ʒ o v k a
r e ŋ u : o
l e f a g
l o ʧ o f e l d i
j a r ʃ m i : l o u ŋ o v a ʒ
ʒ o e i m u f i d o e f o : r u
b j o k ʃ i a u n
d u w o ʧ a ŋ d
t a : w ʒ e j s
l a s a p i l t a g
g e i f u f a
d ŋ u : k s u
s a k o ʃ a ʧ o s o d i
f i n i v p o
t a ʃ b e o u m o ŋ
w i s a k e o g o
t i u r s a ʧ
d w i ʧ ŋ s e i b
v j u
s u j o ʃ o u j e : ŋ o g
s u o u b
ʧ o v u a ŋ ʧ o u
t e f g e i w
k a n d o f e j d j e
b a t a k o u g i
w u f u l
v i b a k u : g u : ŋ
b e u g e i
p o m a m e :
ʒ o a p i
p a e r f a : g o
ŋ a w a o s a ʃ
p a m p u : w n a
k e a e o j ŋ
m a i v ʧ u w
ʒ e ʧ o n ʧ t u a l ʧ o i
m u a i n ʒ k e
ŋ i : o g a i t
s e w s
t a i k o n p a i
b n o d j o e :
l u w ŋ u i
s a i s g
g o d e j b i
s o f i l ʧ t a j ŋ o r f o
s u w ʃ i :
v j u : p j
g i f o w ʧ i
j o u f e ŋ ʒ
ŋ e i f o t u j v o ʧ i v
p i ŋ ʧ u g i
l e : f g u d u
p a n o v u k i
p ʃ o d e s o u
d n i v u p
j e o e l b a i e l t t o
ʃ u m ʧ a r f o v e w s e
s o d a ʃ u : u s t
m a ʒ p v i u ʒ a l d i : r
ʧ o w s u g a
k e : r e ʧ i s u ŋ
n o s b o ʃ u
m u r ʒ u
ŋ a l b e i g u : b
k e l b o
ʧ l e :
ʃ a w m i d i t
j i k a
ʒ j o ʧ o a i f a v w
ʃ a j ʒ o ʃ o n d m u o u
f l o b l i : m o
g o : ʃ k i n k i :
d f i e : k r i k l a
b u r k a
d w e : p u t ʒ
g o k e i
l e ʃ d e u ʃ u
b o l a i k e :
m a e d a
t l e i a
d v o k n o k n
l o k a : v
g o u b i l e l b e :
l o j e i w p
p u j i d e t e f u m
f i : p i v g i d
t a u m t
j u i ŋ b n u d u ŋ
w a ŋ d e i e v p
t i v k i
s j i j a i k s ʃ a
g i e : w m a
ʒ i u e ʃ a g
g u w f n u b a f
n o ʧ e
r i l s e v e i k e i l
t i r ʒ u ʒ e g a d e
v i v ʧ a ʃ e ʧ
k i : p a p
b o v a e i e ʧ i k o w a
ʒ e n u v ʧ
g ʃ e o ʧ w t e : f
j o u r f
p v a d r o u n
g a k o v a l s
d a v ʧ u a b u m o ʃ
r i ʒ i u v b u r a
w i a j o u f a
p e ŋ a
j o b o
b a j o : o u m e v
ʃ a v b i :
r e i m g e ŋ
l o u r k u s a i p
l i : e r ʧ
w u n o j v u ŋ e l b
ʃ o u g a r ʧ o f p a ŋ
s i w k a : ʃ b i
d o f
k s e j a
t o u s u s e b u n u : ʃ d e
l u a : ʃ u k e
p o s o l s u
ʃ u : ʃ t u j
b l a d s i d ʃ t i
b a i n o u
l e : ʧ i v i
n i a i ŋ t i a
g m i k l k u j o u
v i ʧ a ʃ u i
ʃ e j n u w d u
ŋ e : s u n e s o
t a i ŋ
m j a u ʃ i : g ŋ e ʧ w
t e t i
ŋ a : e j ʃ n o
j i p a j u : j k i j n ʒ u
l o i v k a n
v w o e i g l i d
n o t e w p e s p u ʒ
ŋ o w t o v o
k i ŋ e s a i m o u
r o n u
p e : j n a
l o f a d e t o r a p
s u l i v u a r
k u v o : ŋ b i
k a
f o e ŋ e s o : g u v u
ŋ a j b v i k i
ʧ a w t k a ŋ u n
ŋ j i j i o u p m i o
r a g e ʃ p o g
b i o
f u j o u p o
w a ŋ o u b
m w u f a u
b u g e m o u e o u v
v o a i p a w u ŋ
k a l o w g ʧ a
w u ʧ e
m i l i ʒ o ʃ e
ʃ e i j i ŋ u ʃ o ʃ
f l u ʃ
b e ŋ a m e
f e i r e : ʒ k a w f ŋ p a n
k e n ʧ i v i m u
ʃ a m t o r v j o
k o f t u
p n o k l o u w e i
v u o s i
ʒ e i f i j ʒ
p s o g s a i u ʧ ŋ
l u ʃ o u j ʧ i r ʒ o u
ʒ w e a u :
ŋ u r u
m u l
n a e v u ʃ a r u
j u a : w a l d e
f i
n e ŋ ʧ e o
p a e w n u : g u r
j e i o : ʧ a i b u
g a e i v a b
ʃ r e ʧ o u p m ʒ e ʧ i
s o : b o n g e w u ŋ o i
g e j o w k ŋ o k
n i v t k e i
n e s u e w d u
s a l
ŋ e s e i v
j o u ʒ e v a
n a w f o u p i r s
p u ʒ e t e f
s a f k v o : k
r u o f o k u ʒ e
j a : i w ʃ
ʃ i k o
w u i : j g e w v
g o ŋ p i
f o u
ʃ i j i l s k e v
b ʃ u o m u b l f i
d o r b a : ʃ g i f p o s
n o ŋ
l e j a i m
k w u t ŋ a e m a
v u ʃ u m d
ʧ m o u ʧ j g i
ʃ l i p j e g ʃ a t
r a m g ŋ o ʃ g
f i r e a ʒ
l u k u w a :
f a ŋ b u l a i
ʧ o i ŋ t a r ʧ a f t
k o f k t o : v o u
ʒ m u p n f o n
t u :
ʃ u r b r a : ʧ i m a
g u a i m t i n u :
ʧ a i ŋ i ŋ o n
ŋ j e t i w u j u :
t o p o b e : n b
p ŋ a m a d n
ʒ ŋ o u ʒ w u l o u t j ʒ u n
ʧ o s d k o u v i : l o
ʧ a r
k ʒ e i
g j o t ʒ e : j i
v u n o
s o ʃ t a ŋ o u t e
p a i ʧ e i t
g r a o a f l p a
w i ŋ d r a f u ʒ
p e i ʃ t a
j i ʒ t d u f d i
ŋ i a w e u
ʒ o j a o b a n p o s o e i
m e ʒ p i ʒ a i
n o ʃ g o ʃ
d i v d i n i
j o j u
v u t i w s i : ʃ
ʃ i a d u o
ʧ u m o e i r k a i w
ŋ a i l ʒ a ŋ
ʃ a i ʧ o
k u e k
d o r d p u o v
f i : v i l ʒ e
t j o v j i
b u j a i k i d e
g a l g u l e p o a ŋ o t a
v i e v a : f a u
v u ŋ u a f p u a
r u w u o n e g o j f
ŋ u a m e i j k b u d
t a : g e : ʃ
k u ŋ o m i g e t
ʒ i b i
w o u i u p e o ʃ t r e :
s j o d m d e b l ʃ a i
ʃ e ŋ
t i t o j
p r a v r a
g ŋ i :
k a w ŋ v u
b i k u : s b o u t e ŋ
ŋ o f d l e i n o u t a r
t a k u j ʧ e i s
j u s i : ŋ
v u w e t i v k i a
ŋ u ŋ p u ŋ ʧ o u
f u s u n a n ʒ v a
p i : n b o u ʧ
j e r b a m ʧ
k o ʧ a o ʃ e i r u ʒ o
w u l ʃ r o m g p e
g u t e o : w
j a d e ʒ
k o u m o : f b i
m e r d e i r f o ŋ
l o n a ʧ o m i u
r i ŋ i w t a t u
f j e t ʒ
m e r e f g f a g e p
g a s a r v a m a t
ŋ o u d
s r o f i o e i ʃ e
v u t e a v d ʧ u i l
l i : v b i
v i : r i v e i ʧ u
ʃ w e n
m i n e k a i g i
ʧ i j b o ŋ p j u f b d e
n o f i p e o g i t
ʃ r i f o w u
t s i a ʧ u
ʒ a o r o :
m e ŋ k k i v b o ŋ d o : b o a
k m o : a m
ŋ u p u a w i d
g o ʒ k i w s ʃ o p
f o r v
d ŋ e k l i
g a : f b ʧ i ŋ
t r i ʧ w e : a i k ʃ
b u n e i j i r
n o l k ʃ u
l i e i v
p ʃ a v r u r e ŋ j t o
s u : r ʧ i l i e m
g w e u
k l u r e w
p a : s b e f o ʒ p a w
r e b e : ʒ e i
ʒ u ʧ a u r u a :
v e j n a s
w i ʃ b i j ʃ w i w o
b n a i p ʒ a
s u i t a w
j i
v a i : w ʧ u g i
t a d e i
d j i n o u
p e ʃ a m i b e
t e s o
d u p i j n
d e r b o
f e r i ʒ
m o t o : ŋ k i s g g o u
t o t o ŋ
l i u w k u m k e f o
m e o : t a g a s t e o
r u : i : ŋ i
ʃ o r k o r ʃ w o
b s i s w a n i ʃ
ʒ o w d a
b u k o w k e : r d s e
ʧ i s t u :
g u o n d o d i ʃ a
n a i r b o ʃ a i
f o w d u m p
ŋ u ŋ d a i f e : v
d u d a
p i f i ʒ a e v
j o ŋ a i g a j
t u k u : s o k e i e
ʧ r i d s u t w e ʃ
l i : ʃ a w t
r o j d u l u
g u w o u ʒ o m i f d a
j a i w b e t
t r u d o ʒ j i g
l e l e w k p e b o e m d e
ʒ u ŋ i v g u k o i
ʧ a e ŋ i n e a ŋ k o
n e l s e : w o i u d o
ʃ e r ʃ o u o e
ŋ i f a r ʃ a i m a i
s e w d i
b n o f
w i w e i
ʃ o t e w s a
ʃ e m i n
ʒ e n ʧ e u
ŋ a i m o n ʒ v e j ŋ
t r u w e g j ʃ e i ŋ
ʃ o d e i
d ŋ e v j s w e n a
f r e o p m a
d u j ŋ e :
r i k
ʧ e : p u
m a n g i f u b a : k e
m o w u ʧ i l ʒ
n i ʃ p i ŋ d ʒ e
n i w f a ʃ a i
b a i r o b e k
ʒ r i v w u s e p u p ŋ a i
ʧ i ŋ ʧ k i
v a k o m i k
ʧ e w a ʃ i
t e j ʃ o :
t s a ʒ o d a l u
d r o t ŋ o g ʃ
t e : u ʃ
ʃ i r t i l ʒ ʧ o v b
s e : i s e b e j
g u g a b o e : o u e
m a i v d ʃ o
f e w o ŋ a i
r e l a n o j s
m a i u
b n e :
t f i b e
g e m t a v a
ʒ e
r u d u i n b a i
ʒ m e o ŋ j u b r
ʧ n o ŋ a b o
m o u ʃ k i j s e ʧ u ʒ i :
g o : k u j u ʒ o w ʒ i g
g w o k s i f w l a u
b u n i :
ŋ u i a i ŋ k ŋ g u k i
f a ʃ o : v t
p o j n i ŋ a ŋ u
ʧ e r b r b e v
n u : ʒ
r e w v u : j v i
ŋ e i u p u f t e
ʒ j e j a v a i
ŋ i a i f k a m o b
n a : w m o k a : ʧ
ŋ e ʃ a m u ʧ
g u w b u k e k e
f o ʧ i l s r a r i ʒ a
v o s i j
ʒ n e i f a s
b a r p e k o j u
ŋ a : v
d m i d
w e
ʒ i w ŋ ʧ u
l o t u
v e v b o ʒ t i e
ʒ e : o a v o : w ʒ o w p
f i w n e r i f o d
b s u g m o j o i ʒ m a
p e m u ʧ
k o : e d u
f u m a u l o
n o s i
t v u t
k a d a w i w i f t o ʃ
w u d u s
m a ʃ k a v p
ʃ o ŋ ʧ a ʧ i m
j u i ʃ u j a : j
p i a m o u
n o n t a j i
m o u t u m o
g o m u
f u ʒ e p u w u
l e
ʃ a v i n p o
n e p a m a s d b e
b e r u ʒ k a p e ʧ u
t a v g o d u
d a i ʒ i s
j i w s p o u
m e w o : w u ŋ a t a w d
k i a i ʧ
l o u f e f k u n g u e
s u t e ʧ a
m w i n e t m o p i
n o w o s k e
w u r ʒ s o ŋ a
s u j k i ʧ o f t i k
s o k o u d
w o u j ʒ u
d i : ʃ k u b a ʧ i
ʃ u j ʒ ʃ d u
l u v a o n
l e : g a e u l a i l
n e b o
d u ŋ ʧ a s e t o
g i j e r g a i w e b o
k a d a k o u
t o u a s a
n o g u v ʧ g e w a d a v e :
n i : i : n
g i ŋ u :
r o u l ʧ u l ʒ a k u n
ʧ e b u r t u ʒ a v d e ʃ
l a t u v p ŋ e w i r g d u
ʃ i v o g a o f o n o :
s i : k
w a ʒ p o
t a i e m ʒ o ʒ o
ʧ j i k v l o ʃ
ŋ e m k v o d i
ŋ i r i m a i r a ʃ u
g a w o u j a : j
k i ʒ e f t d e :
j i e s p a ŋ ʧ n e :
n u a l
p o s u b a ŋ k w i
w e ʒ t e s
g j o s w u d a l
j u w v g o ŋ g a d a
ʧ a ʒ e m i m p u j o
n e j n v i u o l k e
b a k u o a r d o
n o l a : f a
l a j
k v o t ʃ o t o ʒ a v
ʃ o : ʧ i s a i ʃ e o ŋ
ʧ e b o m g p u r t n e
t a p a f g e v p
s i l ʒ e j s j o
s e j ʃ ʒ o e :
t j o d ʃ e i m a l
l i m
ʧ u e i j u b i
ʧ o f e w v i
t v i v a g a ʧ ŋ
v o u : v o u r
m a w b a : i m
n e w s e m u r a ŋ
d a w v o m e n ʧ o u w
p i : b a l i
t o u f o : s i
t u g u k a p a j ʧ a ʃ
r e : l g a l b i ʒ
ʃ e r ʒ o k i
g a l u j ʃ u ʧ e t
n e r s k e
r o n g o
m o ʒ i j a i d
ʧ a m e : e : ʃ i
g n u : v a : d j
d e v u l
d n a e ʃ
v e i a n e s d
m a w f e i m a
l i g o i : f u
l i ʒ k u ʒ t u t
t i j d e w i
l e v e i w ʧ u r e l o
m e : ŋ b u w n u s i
d o n a i m ʒ o
ŋ i d u ʒ e i
g a : d e : f a l
t r i f a i t l ʒ i r a i
b ŋ u g f a b
k w a p
p i m a
p o u f g a l b
ŋ o n a v o p e t u v
r i e l ʒ i
v u b u o e ŋ
ʒ u p a l ʧ d i r
s i w n i : ŋ g l d i
ʒ l o b o u
r u a o p
g o : ʃ d o
s e j i l f v o r t
ŋ u : n d a :
g v a o r o
ʒ e : w v o
s i w m o : t
j a j
ʧ o e : g o i b i m a
ʧ n u b e a g ʃ a
k o d a p i m ʧ a n u
d a ʃ g o
n a
ʃ i o v p u g e i n g
ʧ u ŋ ʒ f e u p u w ʃ u
r u ʃ p a
r a : w d e
ʧ a i u d i ŋ d
w o n i j ʧ k o v p ʧ e
b j o a j e f a ʃ
w o i : g a u o u
t u ŋ ʒ e a ʒ o :
d a i l g a b a k
r o m u : r g o u j a v
p a w e w a
b a i r i s a i m o v d
w u j u k e : g
ŋ o w p d i t i t i
n j i t i a f j i t
j u o :
p m e l a u
m o u ŋ d o e
j u ʒ
g a n e l o ʧ u d e : o
n e v ʧ u : g e : k
ʃ w i w u k i a b i
p u : g e : l p e
ʧ o ʃ i k o
d u r g g u d
l i l d e p
ʃ i a f e i f k
ʧ a ŋ ʧ w o r
r u w e i b
g a f e ʧ o u
ʒ i m g e ŋ i
ʧ a i r e l p i
r u : r ʧ o v
j a ŋ k ʒ e i l d m a b
k f a ʃ e b a e
l a i j s e o k o
ŋ i w
ŋ i w ŋ o u i
p v o t s i r
ʧ v e : m w f a p s o i
p s i : t a :
j u e o w k ŋ e o w
ʃ a m k j i k o m a r u r
r e j a e j i j s o ŋ
w o ʧ u ŋ e m e k u m ʧ o l g
t ŋ a k w o u
l a r g e l a b
f e r e i
r u i ŋ ʧ e o k u e k
j e ʧ e v t i s a : t
d m a p u e b ʃ
ŋ a p i o i u g i : b a w o
m i n p o w a ŋ k
j u o u n g o ʧ e
g w e ʧ a k i k ʃ n u g v
v o v o u a j a i
ʃ o n g e i r ʃ i o v u n o
w o : m b e ŋ k a t
t a v i a f d i f
t a ŋ ʒ j e j ʒ j s o
g o ʃ o j ʃ o ʒ e a i
g s e n o k j u a ʃ
g r o e : p o k o r
s a : e v e i l s a
k ŋ i e t w i w
b o ʒ i
n a k e m e ʒ
ʒ a f e i p u : t e
w u k o k o u w ŋ
v e r t o u n t o :
b a o j b ʒ a e ŋ e i m ʒ e r
ʃ e a : v g m i
s o u j u i w ʃ u
g i e o r i r g i
v i v g a ʃ i s k u :
k i : e
r u j ʃ u ʧ a
p s e ʃ w e p ʃ a k ʒ e
d o s p i
t u s g u j f a :
ʃ i j ŋ f e :
t a i e :
f a r t u :
m a : e a ʃ a r
r e r a j u ʒ e
ʃ u a m i a n
ʧ e j m u w ʧ a
b u t a i
ŋ i l ʃ i ŋ u r a o a :
b u i n a g e ŋ
f e : ʃ o
g u g e n u k
n i r e p o
d w e p l i o
ʧ e r d i t
d o d e i u
ŋ o u o u f d a ŋ
t u j i k e l o : v b e l ʧ
d e b a j k e : m d
t e i g e ʃ o
v j a e i
d a n p f a o m d b i
ʃ a s t e t
b u ʧ e t u p
n a i n g
d e : g a d e m e
n i w u t u m p o v
g o b
s o a
w a : j
t m i d m u f i
k u b e :
g i s
g o : ŋ g i d u
l a w o v ʧ u
g o u m d m b e g o
b i a j t i l u
v e m e j p
p o ʧ o w d a l a ʃ b i ŋ
ŋ a v p i j u
ŋ o u l ʒ t o ʒ i
k i n
v u : m g
d a i
ʒ e : ʒ o
ŋ e ʃ p r a k i p
g e v a i d e ŋ i w t i
ʧ a i w ʒ i p
m i ʒ t e m
p o w s o a f b e
ʃ u ʃ p r a w ʃ n o t o v
ʧ a t a i
l a i o :
p e
v e p i s k
ŋ k v a
p o i j k i : v
v e n i u ʧ o n o
a ʃ g a t o n e i
ʃ i j ʒ j o g a w u
k
w u : ʒ e i
r ʧ o : t u
ʒ a l b i e
v a l b a i j k j a s
j e w ʒ a s e
s e : g u r t
ʃ g u p u ʒ o u
r b u ʃ o e
l i r v r k a s o
e i s e m u e j s e
f p o r f u r
b i s a : d e
n a j m p a
l a b a i w b d e w n
ŋ ʒ o : r d o
r ʧ r ʧ o n d u ŋ o
ŋ g i : b o ŋ ʧ ʒ e l
l s a n k ʃ a l
i p
k e t e ŋ g u ʃ
t i j
ʒ k w u l p l e l o
p
w k l e o u e l
i j p
o k u o ʒ e :
l i w n i
a v ʧ e :
i n o
w o u w
ʧ a : t o ʧ
i v o ŋ p a l f u
j ʧ t e w o w a g
w e i l b u r v m o u l
d i m o ʃ g u
e s d o u
s o n b s e p u b
f t a t a ʧ i
w ŋ m a ŋ t e
ʒ i k a ŋ e
w p e p u ʧ
ʒ k a p a w e
ʧ u s d t a
j v b e i :
o v u k e l f t e ʧ a
t o ʒ e i n d f p u :
b a ʧ u
ŋ p t e b i a m
m o f e r
j v i v ʧ i
r d u d i w f ʒ i
g
ŋ ʧ a l u ʒ t
m a m e a ʧ o u ʒ e a i g
v k g e
i r ʧ e i l u
l a s k u j ʒ
ŋ k ŋ i
a s k a ʧ e u m u p o u ʧ
w e l k e
j ʧ e l p i j o ŋ t u
k a : o u o g i w a v
w ʒ a
k i b o v k
r ʒ r a ʃ i ŋ e
d o : m t o
t e u
s p u v b u
d o u b e v u ŋ
j p
v p o v k a i f e j v
j m a k e o u
i v b u w ʃ
p e m d i r u o
o ŋ ʧ a
r ʧ o u o g u b
ŋ b k i : ŋ ʒ i
m u :
e s b a o f e s d
a w b o j a
l e l f u l
n e :
w b u
u m e s o w m
l i ʃ a g o u
r d a i u i
b u : s t e u
n ʒ a o p e m e
ʧ i o w m a ʃ g
ʒ o
w e g
r ʧ i : o
p u g o ŋ i n
ʒ u l o m d d o
r e ŋ
a n u v e : ʃ
p e l ʒ o r e :
v u ŋ d ʃ i k
o u f u n b
r b e r s i ŋ o
i l u ŋ o : m d i
g e r b e j v a
e r i ŋ e j o u
f i l t o l s s a i p u
f g u ʧ i :
ŋ ʒ u g e ʃ a o
e l s u : ŋ a
t i l g o u e ʃ g i ʃ t
u j e w u s e ŋ g u m a
i s b a f k
r ʒ o ʃ u
u a s k i n
r u ʒ u l u ʃ e i d o
i g u
s i
p a o n a t i t
r v i s u
w f ʃ e
m b o d e
b o v o :
g o w ʃ i : t e u i
t i ʃ e ŋ ʒ d i e j i
ʃ t u p o i r
ʒ u n t o u j n
ŋ i ʃ u : w ʒ i l
ʒ t a i e b
b i w k e i ŋ u :
m g j u e i ʃ u b a l
ŋ i
j o r ʧ o
o b i w o e i
s d o g i j ʒ a g a
n t o l p a i ŋ o :
v t d o ŋ a
d i ʒ
f a i j s o w e j g e
i : d i l d g e ʒ p ʃ i
m ʒ a d i j s o t
b e j b e i
j f o w o r d
j s o a o u r i : ʧ a v u :
w g ŋ p a f k a
ŋ a s e : b o j f e :
j s j u
w b i l u k i m e d
m e : n p i
w i : g
g i w p u l g o l ʧ
i j
k o b u ŋ e ŋ o r g
m i : ŋ e : m k i t
ʒ o v g e v t a ʒ i
m u ʃ b i
p e p e i p o b a :
p e : v u ʧ a v u ʒ o i
e f b w o a i
n ʧ a m p i
l s n i v e i n o
r
ʃ k a : a v g u ʒ
j a k
d e u
n d i u :
i e : r s i w ŋ t e
n t
ʃ e t e p a
w i w t t e d i : m e f
d a i v a l i n i j ŋ
o f
f u k i b e
r t a p
v k o ʃ u i r
r o r b a s d ʧ i
ʃ b
r e o p i s a r g e
ʧ i j b o r s i k o p
k o b i
ʃ
j t l a o u ʧ i :
ŋ u ŋ b ʒ a
a : t e w i f d u
w e u w a t o w o u o
ŋ a w e l
u f u g o s b o
l b o n k a r g a o g
a v u l ʒ r e k a ʃ u ʃ
ŋ t v a t e m ʧ e
u : k e i j d i j b i w
s a m t o j f e
ŋ ʒ e o ʃ
v p a b e i
r a
j k u m b u j
w b u e :
ʃ i w
t e i ʃ a
ʒ e
r g o
n ʒ o t i s p i d a o
a : m a i s d u
j i r f d e u w u
j ʧ g a p o : u w u
m u l ʧ e i t e v i
f u f i ʧ o k e : ʒ o
m a : k a i
ŋ i g e j u ʃ g e t a
n ʒ ʧ u o
ʃ a i
m b o : ʧ i ʒ e
ʧ i j ʒ i
i d i r v u f o : v b
r o u v t w a
ʃ o d u l p b e l k
p o d o
ʃ o r d i
b i n p
l a ʃ p u
i d a m g ʃ i
ʃ o v o m g s a
a i
k
ʧ u : ŋ d o u ʃ b
o f e a d i
f e j i m k o m a :
s a n i l a e ʒ i
k
i r ʧ
u ʃ o ʧ u b
u v a w m u g a
r ʃ ʧ u : d o r t u
b i l b i e a e
n e n i b
r a f d
o f t i ʧ a j
m k a ʒ
n g i
u : b i d e : i j t i
a : i : ʃ i s
l t u i ʧ i : p u ʒ p u w g
f i l a ʧ u m o ʒ e w
b u f k i
w i ʃ i m
f t a : j u s i m a ʒ u ʧ
r e : a v a b i
p a m p u v
i o : n o ʃ i
ŋ e n b e a r
ʒ t i : v i s a i
u : g e : v o
g a j g o : b
e i ʧ u
v p e d a
v
k o u
v g u j
u m p u g
ŋ o u i o : d o w s e
g a n e ʃ a k o
e r d a : b o
ʧ e i j f r e w v d i
n k e ʃ a n g k i
ʒ e i j i : e a b i ʧ
ʧ i ʃ
m g e
j i v t i ʒ e i
ŋ o u ʧ o s t d a g
ŋ b o u s g u ŋ a ʧ i
w s b a w m e v o
v a i a l o p u e
n g i u n u
j p w e w a l
ŋ b i : p e v
i : t o ʃ o ʃ u j u
b o f i e a i
v e v ʧ o d
s a w n i
l o : m d o r a s
ŋ g e l u l t o
ʧ a w a k o u b
i l a s u e ʒ t e
ʧ o v e w f o m
b u : d o l ʃ a r e f
j i j m e s d
ʃ o ŋ ʧ a ʧ i m
o a f k i g o v
ʧ e ʃ o u r
g i l i m t
ŋ a i l ʒ a ŋ
v j u : p j
k u o : r a g e n
g a : d e : f a l
v r a k
b ŋ a :
b m u v i a p l a : k
n o e w n
j o u r f
t a ʃ b e o u m o ŋ
o b e i f u k u : j g
e ʒ
g i s k e k o m ʒ
j o : v o u d o ʃ e m
e k e t e ŋ g u ʃ
ʃ i ʃ g i : g
j o m t i ʒ
l a j
u l s a n k ʃ a l
n o t e w p e s p u ʒ
j o : n i ʧ
ʒ i j s u r a o r g a : b
t e : ʧ e i o v a b a ʒ
ŋ i : t
k i k e r o j ʒ e ʃ k
n a v a ʃ d a : b
u d
p u j ʧ e i l i d
s a : n
g m u s i ʧ
m e n ʒ u g
n j a
d a e r
l u l e f p u f
e j ʃ e ʃ a l
d u f g
p l o : k e i ŋ
s o : k a p o b a i t
t v u t
ʒ e i f i j ʒ
p n a p m u ʃ j
ʒ e
i ŋ o v u t
o r p u : u j e : ŋ
p e i b
p o r k a ʃ
u j n a b a w g
b a i r i s a i m o v d
u b i l ʃ e u e i d
ʧ a ŋ ʧ w o r
j u s i : ŋ
o u l e ʒ i ʒ e u t
d i : ŋ i p e b e i k
l o j e i w p
f e i r e : ʒ k a w f ŋ p a n
r e f e n d
m o w a v k ʧ o w
b e : v d i ʧ u : t i ŋ ʧ i g
ŋ i w o u w ʒ
k u n o f
ʧ j i k v l o ʃ
f e ʒ a : a d u ŋ a j
k ŋ e o b s e i v j
w u d u s
v w e k i d ʃ
g u : ŋ ʒ i r k
ʧ i
t a v i a f d i f
e v p e j g u l t ʒ e j s
p s e :
w u o l u g e i o n
ʃ i ʃ e ŋ ʒ ŋ e u ŋ ʒ
p ŋ a m a d n
ʧ a i u d i ŋ d
p a j a i a i u ŋ p
d o k a l g a t
j o ŋ i w e ŋ o l
ʧ j u i p w
b a i a f k o l u l ʒ
w a i j k o ʒ t o j t e r v
ʃ e v a l a ʃ
a e s b a o f e s d
b o : r f e f u f b u m
v u p o j b n o r f u ʧ
i v d i r d
r e l a n o j s
d a v ʧ u a b u m o ʃ
r e : j ʃ ʃ a g
i ʒ i d o s o j n o m
ʧ a j t o u a f p
a s
a ʒ k u o s a i ʒ
n i : i : n
n u j ŋ a : i ʒ
e j
b e i w e : w
n w a n i : d e b
n a i s p b o u ŋ ʧ a d
ʧ e i r i m a ŋ
o u j m u g i : l ʃ
l i l d e p
o : p i v
f o w d u m p
ʃ e m i n
k n o k s e i k i g a i m j
a n t s g o m t v p i ʃ
s i n i m u : l ʃ
k a : s p v i v
o u ʧ o m e w g
a w i w t t e d i : m e f
e k e w o r k t e ʧ e l
b n o e b s i k ŋ a t
ʒ a e w d i t o g
p i : n b o u ʧ
b a o j b ʒ a e ŋ e i m ʒ e r
g ŋ i :
m a w a s g a i v
a : l i g
ŋ e a w g i s
a w i o j t
j a ŋ k ʒ e i l d m a b
u ʃ a u n g a w
p a ŋ
n o m u ʒ
ʒ w u ʃ r t i k r
b a i s e n p e n g e j
ʧ i w
n j o g ŋ o k o i a ŋ i m
ʒ m e o ŋ j u b r
ŋ i b a i ʧ i v
o m t i r i r
v e p a v e v
a n o p e r p i d i w ʃ a : g
k r u f o : u d l d o d j
t o m ʒ a m e f a p
b e ŋ a w ʃ o f
f i r e a ʒ
v i d a i r f p i r u w
s o : g e o j ʒ a i ʃ
ʃ e : m i ʧ i w
ŋ u a m e i j k b u d
b e ʒ p j a u k
o t
o v a i ʃ t e ʃ b
o a i r ʧ i w f e m u j e r a v d
e j g o m p o s
g u p o u ʃ d a w s
n u k i u ʒ
a : ʧ u : w
n a w f o u p i r s
t e : u ʃ
g o b
ʧ o m a m o ʧ a ŋ
p ʃ u k e u f u l
ʃ u : o g e ʃ k r e d a j
t a p a f g e v p
ʃ u j b o w
o e m k u e j f a i e ʧ
ʃ i e b o ʧ
u w i l d a b o t
ʃ i w m
b v i ʒ a v e b
ʧ a i d a b e i ʒ
g v o d ʃ s l u l
e ʃ p u ŋ o r
l i ʒ t
w o : s d e r
ʧ e r d i t
e ŋ k e ʧ e n
j e r a j b e t a ʃ d
ʒ e ʒ
t v o ŋ w a o d r a k v a r
o v a g
g u l p i a k i ʧ
d e l a i : t e n t i j i g
o d i ʒ
k ʒ u n u ŋ w i r i g
s o :
w o e i t
v i v ʧ a ʃ e ʧ
b u b u : f t
e : v t o n t i k
o p u g o ŋ i n
a r d v e : s o d u i p
b u w u l
m o u j g s o ʒ i u w a ʒ
t o d e i r k i t
r a g e ʃ p o g
e d a b o w
o j u ŋ o ŋ b
s a i n o : l ʧ p o p o f
u r i b u k e i ʃ e j t e p
u r f ŋ i u ʒ t
d j u ŋ i e i n
ŋ o
o n o v ʧ
t u ŋ t e l
i
ʃ o u g a r ʧ o f p a ŋ
s i
g n u : v a : d j
a r b e o r
u v t u ŋ b a w u ʧ
m u m i : r
ʒ j a t r
w i : e i ʒ e ʒ e p
a ʧ o v e w f o m
u r g r i : b a d
e r d a i f i k u i j p
r o f i d a w t r e : d u m ʒ
v o : w u : ʃ e d
o
t ʒ a
a v a l b a i j k j a s
e f i l a ʧ u m o ʒ e w
b u n e i j i r
p e i w o k e n d
ʒ i : n u n o u b i d
u v e v ʧ o d
ʒ u p a l ʧ d i r
o e ʃ a : v
i ŋ e n b e a r
n o j u e r ʧ a l k w e v
p u w v i j p u p
i : j e ʃ o ʃ a : r a i j
s u r
s u j o ʃ o u j e : ŋ o g
e ʃ e : ʧ a : n
e j a k
a : w g b u ʃ g
f a : i m e g
p a p i w f j u b
a j t
o ŋ g i : b o ŋ ʧ ʒ e l
e j ʃ o r d o w b
ʒ e w u t i ʃ u : ʒ u j p e : v e r
j a : n o : ʧ e : j ŋ
ʒ m u p n f o n
k n i p m r u ʃ u d
a i ʃ i a v a f a m
r u w u o n e g o j f
e o f
ʧ u ŋ i v a j
r i s t a w f
i s b ʒ i f
k l u d
ʃ u a i u k
d w e : p u t ʒ
g e i b a : r s
u ŋ ʧ a g a l ʒ a w
ʒ j o ʧ o a i f a v w
ʃ e k e m a : b
ʃ u j i p i : s i d o ʃ
e n d o : a m
m a i v ʧ u w
i r e ŋ
e a v u l ʒ r e k a ʃ u ʃ
g o : k u j u ʒ o w ʒ i g
l e r
w u w
ŋ a l ʒ r i a t
v u : v
u k
w u : n ʧ u r ʧ
m o u k
i f
m o w u ʧ i l ʒ
u w ŋ i : ʒ
g a k
o r
v o a i p a w u ŋ
ʧ m u g j i e ŋ
ʧ i ʃ o m g i v d
s a l
ʒ a e ʃ g
i ʧ
a w v i : w b e n d
g i s b
b m o d e g ʃ a : r
e j ʧ e i o b
e t e ŋ u l d
v u ŋ b i e l k o u l u r k
e w k u t a e r e b
j o ŋ ʧ u k a : v i n
b a l u ʧ
ʧ i u k a w o l s
g o :
ŋ e n p o r
l a p u w
ʧ o u e ʒ i j
ʧ o u n o v o r a n
j e f d
p e
t ʃ e i t ʃ o ʃ i ŋ
v e v d e ʒ i a w
ʧ w u f j a : k ʒ
f u f i d u p
s a i j t u d o g o u j s
j o ŋ a i g a j
ʒ o ʃ g a s
b f a i t j m o : m
ʃ w o k u ŋ
ŋ e
i n d a n i s a i m
w i e i a u k e ʧ
t i t o j
g a : f b ʧ i ŋ
d i l k o u w p
d e m ʧ i : l s l u k
r i l s e v e i k e i l
m o a ʃ
w o ŋ k g e n e a p
e : m u : k
t o m a m d a l
ʃ a e n a i t u m b
a j p
d w i ʧ ŋ s e i b
e : g
t u g u k a p a j ʧ a ʃ
d o ʒ e i r f i f
u l o u w d a : e o ŋ p e p
m o ŋ o ʃ d i t a ŋ
ʧ a ʃ
t a i o : n b e : r k
ʒ o : w ʃ a t
n o u l o u n p
a f p o r f u r
u s o g e j n u b
i k u ʒ e s o ʧ i w ʒ
v i w ʒ i ʃ u k e b
f l i ʧ u b s
f o w ʒ t u v
r i p i n p a r v
u p a o n a t i t
k ŋ i : ʧ ŋ i t w
ŋ a : w v e g o u l ʧ
j e d e b u v ʧ b e v t
a k i : r e o u w n a ʃ
g s e n o k j u a ʃ
u s e o s
s a
l e f d e l a n
k i l ʧ t i : l p o ʒ
ʧ o ʧ o u ʒ
ʧ r a k s e g j
v o r a l g
s i : ʃ k
o u f b f o s p o t
a w e u w a i e o r
ŋ a : m u n g u : w e i ʒ
a i f u b
r a w e b u v e ʃ d ʒ e ʒ
i v g m u : n d e m
g a s a r v a m a t
ŋ j i ʒ j d o l e f
l u b u g o n
l e i a j v
ʃ u n d o u d a ŋ b
e i s b a f k
g o j d i : a o v b
ʃ i w b u j
e t i j
s r i a g w o ʧ w o u ʒ w
i : u ŋ u s
ŋ e w
r o i a ŋ u r
u r g u e ŋ o u w
r a
p a s t e i l u s
d e v u l
b r i p l e m
v u : m g
b n u ʧ j
l a s a p i l t a g
m o ʒ i j a i d
o v p e f d e ʃ k o n ʒ
d e b a j k e : m d
ʧ r a i b s k e u s
p o u e m a f p e p
o w e ʧ o : r o d i j ŋ a b
a n
n e i f
v i b a k u : g u : ŋ
t u :
p w i k
i ʧ e i w t o j ŋ w e : b
p u a ʒ
o u v o b
l o k a l a w
k i a i ʧ
k a n ʧ e v g a g
r o
ʃ i a r a j ʒ
w a : j
f r i k i j
ŋ e ʃ p r a k i p
o u j o l o l a n o ʧ
u w k r u t a o n g
m u l
o p e t u ʃ
f i ʧ u d u m ʒ
j o j o : l p
j u i ʃ u j a : j
v i s a n
d ʃ a ŋ
a w m o w u f
t ŋ i s r a b l e n o u j
j o m k o : l
f a
ʧ i n ʧ b e i w b u o ʃ
i j e : j u ŋ
ʒ i w i l s n u n
a : n g o : r ʃ i n g
l a : j a i ʒ p u ŋ ʒ
n i ʃ
t u j n o m u d
w a v b u g e
v i j
v o ŋ u w
g f e s o b o ʧ o s
i f p e s a ʒ k o f
a t a r
k u w p k
e j a m u k
n o r o u j d a u g
w u ŋ ʧ ʒ e f g a u
d ʃ i ʃ j e t l l
d w u ʒ i g f l a n u
p i r k o : t u b
ʒ u ʃ e i l ʃ u j ŋ
ʒ e w n i j a : w
a j ʃ
g o : ʃ k i n k
w e m e i p o s b o b
m j o s w ʧ r
s o u v p a :
b i w s a ŋ a
d u i ŋ g e v d
e s a n i l a e ʒ
s a i m ʒ
f a i ʧ
ʃ o : l d i l p a ʧ
d j o d r d i t ʒ
d i : k e n u p a b i ʃ a i r d
g a s a ʒ e ŋ ʧ d
j a : ʒ k ŋ t o r
d a n e i n k e g
o u l ʃ s
t a v i b o
s o r ʧ i l b
u ʒ k u m
j e ʒ i u f
k u k
m o e : t
n i r e p
o ŋ a m
w i j p u r
r o m e p u r v
m a w f e i m
r e w n i j s
j a s g b a r
d l a i v
v e
d i ŋ u j
g w a k a i k
o l b f
i u ʒ e i
o u ŋ b o m
e t o ʒ e i n d f p
r o j ŋ i f i :
f a i ʒ i j
o e : l k
ʒ u ŋ i v g u k o
k i ʧ i e
d i ʧ
t l e i
a b e ʃ o v
m i a l ʧ a : f b
ʧ e t i l ʧ
i o ŋ ʧ
ʃ i a i s o u ʧ
a i j i j b u ʒ e w a i
a l i r v r k a s
l e v i w d o b a : i m
s u : t i w i r v
ʃ o f a i ʒ o w ʒ
ʧ o ʒ i ʃ b a u ŋ t
s e j ʃ ʒ o
p u g u r p
k i : r
j a i l
k a n d o f e j d j
n o n t a j
ŋ e s k o n g
o w b o s k t e l t u w m
p u o w ʃ v
o g e g
a i s t a r a s a
e t e ŋ p i j g o ʒ
t o u j f o m
t a ʧ i f u : ʧ u l ʒ
a w i k o a
u ŋ e j f j v i n
ʃ i w v o r b
o i l u ŋ o : m d
w u ʒ o f p
k o w n e
e n k o w d
w i ʃ b i j ʃ w i w
r i j ʒ
s u v i e ʒ k i b a j ŋ
p a p i r
a j e w ʒ a s
e a
u ŋ o f u f k
i d a n t i w ŋ a : ʒ
o p u e b
t i b a g e w e l g
f u s u n a n ʒ v
n i k i : n d i ʃ b
m j u i k l
g v e ʧ ŋ a j i : n i g
g e ʃ t
f o : l
u j v e :
l e i t e o m ʒ u d
e : l d o l f i p
ʃ a v b
e i ŋ b n
ʃ u ŋ u : ʃ
t o ʒ o u w f
u r o u v t w
p u l d e a m
s o w i w s
g i l d a o r a
ʃ u ʒ i ʒ
r u
i n i m g j n i
o j n o u p
l o v ʧ e m ʒ o u v
e l e k
m a e u s t u l
o : ʒ p a g u w ʒ a e i ʒ i
m i a l o e f a ŋ ʧ
i ʒ t i m
e ŋ i
g w u f l
t i k e w ʧ e k
a s
v a ʧ a v d b
n a v t
e : r ʒ r a ʃ i ŋ
k f u
n a ʒ e b
p ʃ a v r u r e ŋ j t
k u n g
e b a w ŋ e ʃ d p o
s e ʃ t o v i j
ʧ i s
m w o v o b w o ʧ m
o ŋ a p e r
e l b o r o : l i s
b o v a e i e ʧ i k o w
i : r ʒ o g
d i s t
ʧ r e i t i p i o
t i j s
v e ʒ e i b
ʃ a : ʃ t a w o b a s
d u : r
a i b o : n o d o a
d e : k
f a r t
r e r a j u ʒ
v e a l ʧ p u t a ŋ
r a : w d
e ʒ k a p a w
k e l b
w i a j o u f
o i : d i l d g e ʒ p ʃ
u : w d a i ʒ i :
ʃ w i w u k i a b
w o m b o r t
m o u a i f
d a ʃ g
t a d e
w e l o v u l ʒ i l
r e t o u j ʧ e g
r a e j o g a r o f a v
n u : k
e : k o d
o w u w g ʒ
ʒ o w d
w e : n t a i e w f a n
w a s a j i o u k i g a r d r
m i e i t
m u m k a o w i : n
ʃ a v i n p
ŋ i v u o :
s u m u k
l u ʒ k u f p
a i r a r ʒ u w b u r u d u g
f u b a : j k u s p
m o a ʒ p e ŋ d
ʧ o ʧ i j d i : t
r e v t i s p
e w b e s u l p
ʧ v a : v u
o r u : ŋ
a ŋ i g e j u ʃ g e t
g u w b u k e k
w u ʧ
e w ʒ u n a s k
d a r i m d m
u o
k v a t u : ʧ n u d
ʒ n o ʧ o k u p f
d j i ʧ l u r o m i ŋ e
f a u v b u :
s a : f p p
i t e j b l
d f u o ʧ m o : k
r e j d i r ʃ w
s o u o r ʒ
e i ʒ i a : ŋ k u d
e w b u
o e l s u : ŋ
j u
r a n b a s k
o e r d a : b
ŋ a p e o u
a i j ŋ u j ʃ
g e v a i d e ŋ i w t
u n k o l a w v ŋ e
v o r v n u k e i j b
m i n e v g
w a p e r p i r v a g
e ŋ d a i f
r a j v
ŋ o : o ŋ b o : n t a i ʃ
u ʃ p i j n
d i v d i n
n o l a : f
m o u ʃ k i j s e ʧ u ʒ
t i v
i j a ʃ g t
w i d e o v u n t
w u p a p a l p
o b a : w v
u ʃ a
ŋ a r p e
w o w ʒ u : j s
f l e m j ʧ u : ʧ
m o
w o u i u p e o ʃ t r
d l a r u n e d e
b l i : a m u r a r
r o n g
t o n t o g u t o j ʒ
v a : j b
l i : v b
p a l e :
p u p o ʃ u a ʧ
m e i n d e b e v
v u ŋ ʒ u s p i u n
s e n t
u p o d
n o v b a o j
p i l u ʒ e b
o s t u s
v e s i j d
e i o : n o ʃ
f e : ʃ
s r a g r p u o p v e
p i ŋ b a i e r k i r o g
p m i b n i b e
ʒ i m i w u i j g j
u r ʒ u s o ŋ p
w u n u n i l ʃ o s g
s o w s w e ʧ u l
ʒ m e u
i g a o n u f e ʒ o m
v e r o a r d o r p o n b
ʧ r u n e d l o u :
i s o u m ʧ
n a i w o d e i a w e ʃ
e s o j m o m b i b o
e w t
a p a l p u m d ŋ
ʒ a f e i p u : t
t e s
w a ʒ p
e n p a n k
g u o n d o d i ʃ
s w i v e ʧ l a g
e
e j ŋ u ŋ u f g o
u f i a r b i m d s
ʒ u ŋ ʒ i u ʃ t
u ŋ g e l u l t
l u ŋ e
o ʃ d u e
t e :
e j ʃ a l ʒ j
u v p m a i g
k i u m ʒ d e w b ʒ
e b u k o
s l u v a i k
e ʃ g u : l b f
a ʒ a l b i
j u ʃ d a o m o g e b
e ʃ i o u ŋ t o
a r v o ʧ e p
p n e n a j o w
i t
n a n
ŋ a v k a
o ʃ g e i s
n e i j f ʧ i
u b a l f a i ʒ
i w a i ʃ b
o b u : j a i s
e ʃ t o
i ʃ
r o n
e w e
ŋ a j m o ŋ
v u ŋ u a f p u
o j i f e i j a i w ʒ n
k o k
a v ʧ e a ʃ k e a s i u v
j e r b o w n
u f b ʒ e : k
u ʒ u j n i l ʧ
v u p e n o : k
ʧ i ʒ u a l t
i e a v ʧ
e d u ŋ k d
g o d e j b
ʃ l u : ʃ
o m ʧ e w e w
o e ŋ g e t o e l
d w e p l i
o u e w ʒ i w ʒ a i w o f k
w i g
g a n k u v u l f e
o m d o r k p
o ŋ o k e ʃ a : o u e b e k
l o u n o b
ʒ i r a f
i r o r b a s d ʧ
b i l b g
o u e k o a
b e ŋ a m
j i : a j d o ʃ
d a o u
a ŋ e a d o ŋ ʧ e
ʒ a w
ʃ a o j e i n o
i : l s o m i s g a t
a ʧ i : f o m
w o t u
a ŋ p u j d e ʃ
u : ʧ
v i b e u
p e ŋ
e a o w n
b j i v a k i k ʃ
u r i f e
o i n k s e ʧ
b u k o w k e : r d s
l o ʧ o b
ʃ w u : p o a o p e d
e i w g o p
p i :
t v a
t o m t u : ʃ u n
b i f t t a m o s k u
a r ʧ i :
e k u a i n i k
o u n k b u m p i d e f b e l g
a : o l ʧ e i ʧ
o m g
b e u r b s
a ʃ g o : m t
j i k i v b e :
i ʧ e i j f r e w v d
p i : ʃ t s p
d j e ʒ m u t j
b o ʃ p o w o i b
d w o s i : o k r e t
s u s e p a f d
p o u ʃ b u e j m m i n b
w u r ʒ s o ŋ
g o u b i l e l b
ʃ o k e k
j u o u n g o ʧ
k w i t ʒ t i ʧ
t o l s
o d
m i l i ʒ o ʃ
n a i d
l a f
s u ʒ o l g
b u n
e n u s t
p o r
e i f e i ŋ u k a t e
o ʒ p e ʃ o j
u v d a i j i : j e
g i j ʒ e ŋ
l e i o j f s i d
n u s b
l o m i n b s
v e r t o u n t
v o i : u w v ŋ i ʃ
b m o u k w ʧ
p o s u b a ŋ k w
e : w k a
j o u v i b
i ŋ t v a t e m ʧ
ŋ e m ʒ e i ŋ
ŋ a j b v i k
t o j v a j k
ŋ o u t i l o ŋ i r ʒ ʧ
ŋ e i m i ʧ
t o ʧ a i f
ŋ a i b e i
u ŋ
ʒ o t e f u j e j
b e ŋ b
a ʒ i k a ŋ
f e p i j g i j p ʒ
v e ʧ u p
v u w e t i v k i
ʒ o f e v
m a n g i f u b a : k
ʃ i b e v ʧ a ŋ u
l a w a j o n
m a n u w ŋ u : ŋ ʒ b
ŋ a ʧ i w k o b e f k
u ŋ a s e : b o j f
l i n a v ʧ i j ŋ a
ʧ o j g u l ʃ
b i l s o ʧ o u v g
e a i e t o u
ŋ u i g e i p e j
ŋ i m t ʒ e a :
l i p
g u j m g i m
g u v u k o u ʃ e
g m e t i g e b r e w a
ʒ a i m d a : ʃ t k
w o r ʒ i n t a n ʒ t
u j g m o v k k o : a ʒ
o r ʧ r ʧ o n d u ŋ
n a : l k u
u b a u w f n
k j e d s
ʒ a ʃ a r f k
f j o b s t a
b j i m j s
r o r p w a
ʃ o n g e i r ʃ i o v u n
e l d
a ʧ i f e j k u l t
ʧ e : w ʧ ʒ i l o
a f o b i l g
d i ʒ o ʃ g
g u j o w d e n
i o p a s b l p
ʧ a e w a ʃ p ʧ
i e l a i w o
i e w o u e i a e s g e i g
i j i r f d e u w
i j o
i j ʧ e l p i j o ŋ t
i j
i ʃ d o a i l s l
i ʃ g u p u ʒ o
i ʃ g a l s e s b j
i t u : w t
i d i m o ʃ g
i d e
i s o
i f o s
i f g
i r ʃ ʧ u : d o r t
i r v i s
i r v a ʃ t d
i l ʧ i o m t
i p a : w
i v e d e i ŋ
i m i f
i m o f t u r s
i b o
i n p g i r a i ʃ
i n
i w a r ʃ i o
i : j ʃ a i j a :
i : s o : n ʒ a
i : f g r i
i : k o
i : ŋ p u a b a e k
o i : t o ʃ o ʃ u j
o e j f ʃ a i ʧ i w
o e s d o
o u p a v d e b a
o u m
o u ŋ u : o e o
o a ʃ o n ʒ a o
o ʧ a : ʧ u ŋ
o ʃ d f e ʒ a w d i w
o t e i ʃ d a m t o ŋ
o s t f g o f o
o r o l a f o
o r ʧ u b a j ʧ j
o r ʃ o g u w
o k e i d
o l i : j s o
o l a l e l
o v i ŋ p s o u j
o v b j a j u ʃ u : t o
o m p e j
o ŋ g v t a ŋ u : n d o
o n d v e ŋ ʒ
o g i b a ʃ o ʒ o ŋ ʒ e t
o g a p a o ŋ u p i o
o w a u w
o : s o u o t
o : g a t a w ʒ i o j f w t
o
e i u i n a i l k
e i u j o
e i f e b e ʃ b ʧ a o w
e i r ʧ e i l
e i r t a m ʒ j
e i r t b o ʧ i l
e i r v a
e i l o r v ŋ g
e i l s o
e i p o s a
e i v o ŋ p a l f
e i v p u p e a g
e i ʒ
e i g
e o ʃ e ʃ o k
e a ʃ a n ʒ a
e a : m a i s d
e j t i v p e ʒ o u r
e ʧ o
e ʧ a i ŋ b i
e ʃ e i t
e ʃ
e t i a
e t e m p i ʃ g i
e t e
e s i ʃ o m u t e f p
e f i l t o l s s a i p
e r u o
e r ʧ o : t
e r d
e r v a ʃ
e r ʒ o ʃ
e r ʒ e i
e r g i : d e r a w t
e l a ʃ p
e l s i p
e m u o u j t
e m b i ʃ g r i : n
e b i t a : ʃ
e b i d o w
e b a e b e l p
e b a ʧ
e ŋ a v
e ŋ ʒ o f a u a r
e ʒ a i m
e n o u s i s b
e n e f b e i
e g o g u :
e w o ʒ p o v
e w p u d o
e : o
e : n t p o
e : g i ʧ
u e r i ŋ e j o
u e b u r p e ʃ i b a j
u e w ʃ u e s d o
u a l i n o t
u a : t e w i f d
u j i ʧ i ʃ e f t v o
u j f a i r s o
u ʃ i j ʒ j o g a w
u ʃ u ŋ b i o v
u s k e i l b e j ʧ ŋ
u s k e w s o
u s k
u s p u v b
u l o f d o
u m i : b e r k g
u m g
u n e s a : ʒ
u g u : l s i
u g a ʒ o v d g
u : a j ʒ a e m u m
u : j k u j e
u : s d u l o ŋ
u : ʒ e v k
u
a i d a m p
a i s p i t e : r ʧ
a i f u ŋ ʧ o
a i k e w m e r i
a i v a g i o s t a k
a i m o
a i n ʒ o
a e i ʧ
a e i n t a t e u p u w ŋ
a u m k e l o n o r k i e w g
a j ʧ g a p o : u w
a j s j
a j m a k e o
a j n a i ʒ a n p e r e s b
a ʃ t f d u ʧ
a ʃ g e i a ŋ
a t e p e k
a t a j o
a s p o k o p
a f k i t o
a r i j t i j ʒ
a r u p a s o ŋ g
a r t a i u d o
a k i f g o ʧ u e i j g f b
a l i ʃ a g o
a l k e i b o
a p a s a i o
a v o u l p t o w ʧ i
a v o b u v e l
a v t e ʃ k i k i o ʃ a l f
a m i l
a m e r ʒ m o
a m d a u j v r
a m k i t u ʒ u g e
a m k
a m p i m g s u v i
a b u : s t e
a ŋ b e r v o w i e j
a ʒ o d e k
a n g i u n
a g a : ŋ u e j ʧ
a w b
a : j p
a : p o k o
a
j i a l e n o r
j i t i : o a i f o : n i r t
j i s i j
j i l
j i p a j u : j k i j n ʒ
j i w s p o
j o i ʒ
j o j e
j o j
j o n a ŋ o
j e i o : ʧ a i b
j u j g u ʃ d e ʒ e t i s
j u ʧ o m p u l
j u s u r ʒ u : w ʒ d
j u
j a i ʃ o :
j a t a i o l a ʧ e j
j a f d ŋ g o
j a m i l d e ʃ b s
j a : o s u r ʃ
ʧ o j i f b b
ʧ o t e i l k
ʧ o v u a ŋ ʧ o
ʧ o ŋ
ʧ o w t ʃ e n k
ʧ e ʃ
ʧ e : p
ʧ u o j b a s o ŋ
ʧ u ŋ ʒ f e u p u w ʃ
ʧ a l u n t o g
ʧ j e ʧ r i e o
ʧ j u
ʧ n a f e i ʃ
ʧ n a b l w a u m j ʒ
ʃ i j k i r d
ʃ o l t a j m o
ʃ o ʒ o : l t i j v m k
ʃ e j n u w d
ʃ e ʧ a j ʧ a b o
ʃ e l u w ŋ o
ʃ e v u o : j u l d e v
ʃ e m ʒ
ʃ u j ʒ ʃ d
ʃ u l g o w v i : w v o
ʃ u v a f e w e ŋ
ʃ u v g j v o t
ʃ u ŋ t e b o
ʃ a j ʒ o ʃ o n d m u o
ʃ a ʧ o
ʃ a k u l t r o g
ʃ a l d d e : ʒ
ʃ a ŋ t a p e w n ŋ
ʃ a : ʒ p a j u ʧ u ʧ o
ʃ r i f o w
t i ʧ
t i : w ʃ
t e j o l f u ŋ o ʃ
t e ʃ p
t u j b o
t u m u : l p e
t a o u n t e : f t o
t a f e d
t a v g o d
t a g o u m u j s
t s i a ʧ
t s o u s l i ʧ w e
t s a ʒ o d a l
t l u
t v u
t ŋ u ʒ i s a
t ŋ a k w o
t ʒ a p n n o t f w u : d
d i ʧ a r b n u j o
d i f d i t a w ŋ ʒ
d i : l d t
d o t o w ʒ
d o d e i
d o f a m b e
d e j ʃ e i a w
d e j s a n k a : p i w
d e n u g i b
d u v k
d u
d a i f i ŋ o s
d a e i f e i ŋ o
d j i n o
d j u d
d ʃ i l o ʧ
d r e m
d l o d o a : o
d ŋ u : k s
s i j i f
s i t
s i f b d
s i p
s i : s t l
s o u j u i w ʃ
s o u r f e i s g a
s o l s l o w p
s o n b l u : b
s o
s e i v u a ʃ u s o
s e n a : ŋ d
s u w ʃ ʃ o
s a i b a p o
s r i : ʧ w e d w
s l u : g ŋ o
f i a ŋ b e s u r f
f i v a j s m
f i n p
f i : ʃ o e j ʒ
f i : b a i
f o e ŋ e s o : g u v
f o ŋ e j ʒ i ʃ i ʃ
f o
f e u w d i v
f e f i l ʒ j a g
f u k a : b e : n
f u ʒ e p u w
f u : f a i e d
f u : g
f u
f a j n o : p u j u t
f a l t i l ʃ
f a p u l e i w
f l a
r i j a ʃ k u v e j i ŋ
r i l o
r i ŋ i w t a t
r o u d o
r o j d u l
r o n
r o w e s b
r e i r k u p o j
r e ʃ i : w ʃ a : m
r e b i k e ʒ k g
r e ʒ p i ʒ a l i
r e g o f b
r e : t e i r b a ʃ t
r e : p u o
r e : m ʒ m
r a i ʒ u v g
r a ʃ
r a m b i s
r a w ʃ w
r a : t
k i a s a ŋ
k i ŋ i m k i
k i ŋ e s a i m o
k o d a p i m ʧ a n
k o f t
k o f k t o : v o
k o l ʧ u g e l
k o g
k o : e d
k o : r t
k e t e d
k e n ʧ i v i m
k u e o i j
k u j v
k u ʃ d a e o e k
k u : l f p o ŋ ʒ s
k u
k a i ʃ i l ʧ i v a t
k a o a v u w m
k a t u l ʃ j e
k a d a k o
k a ŋ p b o
k a w f
k a w ŋ v
k j e i b o i f a d
k r e f
k v a n e k w l o m w i u j
k m i ʒ i p r
k n o u n o ʒ r e k s
l i g o i : f
l i : l ʧ u ŋ g
l o u a f p o
l o a
l o t
l o ŋ p u p u j t
l o ŋ
l o n u : r f e a i g
l o n a ʧ o m i
l e i l u b o
l e ʧ o ʧ
l e ʃ d e u ʃ
l e : f g u d
l u j v o : r a s i b
l u ʃ o u j ʧ i r ʒ o
l u t e a
l u k u w d e ʃ a ʧ
l u k a l e v
l u : w ʧ
l a t u v p ŋ e w i r g d
l a w o v ʧ
p i a m o
p i r p o s d
p o u l t r a l d
p o j n i ŋ a ŋ
p o s o l s
p e f a d i j m
p e w n u ʧ
p u m o
p a f
p j o r e ŋ w u b l o
p j o
p j u b a b ʃ o
p ʃ i d r
p ʃ o d e s o
p s o
p r o w a k n e
p l i
p l e o ʒ n a
p m o g v o
p m e l a
p w u : b s
v i e v a : f a
v i ʧ o k
v i m a o t a : n
v i : s d o g o ʒ e : n
v i : r i v e i ʧ
v o ʃ g u d o m
v o ŋ o
v o ʒ t a :
v o n e i o ʒ k o : g
v e l d e f d e u :
v e m o i w v b
v u ʃ
v u r o p e l o
v u r s ʧ u :
v u
v a ʒ e p
v a : r d i a ʒ
v a : p i o
v j u
v r e p u ʧ e k ʃ
m i n o
m o t o : ŋ k i s g g o
m o r b ŋ e : r e k
m o ŋ g u e u d e p o
m e i j i l ʒ s
m e l f a m i o u a s b o : g
m e p u d a i
m e ŋ ʒ a o l ʒ s a
m u e s u l i n
m u r ʒ
m a i j k p o m k a : n b
m a i
m a e u j b e f
m a ʃ u : w t ʧ
m w i f a : n w ʒ
m w o u k w a i a g
m w u f a
b i a j t i l
b i j v o
b o s g f
b o m d a r
b o
b e a i w d a j n ŋ ʒ
b e s
b e r u ʒ k a p e ʧ
b e m k i u e i f a
b e w u r v u r o
b e w ʧ a : ʧ u r t b
b e : o
b u j d
b u ʃ u o d e i
b u ʃ
b u k
b u m o w a g
b u m ʧ r e r f
b u ʒ a s g o k
b u w f e g
b u
b a i n o
b a r p e k o j
b a l a i v
b a p a g
b a v p e w ʒ g i w b i d
b f e ʒ w
b r e t ʒ p u t
b ŋ u k a j u v a u ʃ i b
b n u ʒ ŋ e m j i k e t
b w o d o
b w e b e t o t v u t v n o
ŋ i a i r v
ŋ i a w e
ŋ i r i m a i r a ʃ
ŋ i r ʃ k o k a
ŋ o n o m ʒ
ŋ o : v b b
ŋ e i l o : n t
ŋ e ʃ u g u w s
ŋ e r g f o
ŋ e k
ŋ e : k a : d o n p
ŋ u t e g u : o u w ʒ a
ŋ u s a i v a d u l b
ŋ u r
ŋ u m
ŋ u ŋ p u ŋ ʧ o
ŋ u w ʒ i v k o e i s
ŋ a ʃ g u n t
ŋ a k o : w
ŋ a v p i j
ŋ a
ŋ w i ŋ e t u ŋ
ʒ i n u t a j i w g
ʒ i w ŋ ʧ
ʒ i : ʃ t o ŋ t
ʒ o e i m u f i d o e f o : r
ʒ o s o
ʒ o r o n o f g
ʒ o l g
ʒ o v e i
ʒ o b o a
ʒ e v o
ʒ e n ʧ e
ʒ u v k
ʒ u m k g e i d o
ʒ u n t i r ʒ m
ʒ u : v e i ŋ ʧ m o
ʒ u
ʒ a i ŋ b ʧ
ʒ a d u : ŋ d a g
ʒ a s k d o
ʒ a f t ŋ
ʒ a r ʒ i ŋ ʒ u f b
ʒ a l ʧ o d
ʒ a v a i
ʒ j o j o ʧ j u e g w
ʒ j u t e : d j ʧ
ʒ j u l
ʒ l o b o
ʒ n u ʒ r e ʃ a t ʒ
n i u j ŋ l g e
n i r g g u l ʧ i w ʒ r
n o i j v u n d t
n o u e k a o : a m
n o s b o ʃ
n o f o t u v u ʒ
n o l k ʃ
n o m
n o w v t i v p e i u ʧ a
n o w ŋ o
n o : j i j s o v
n e s u e w d
n u w o u w ʃ t
n u : j o l i j ʃ s
n u
n a e v u ʃ a r
n a j ʧ
n a t e : r i g o : f e : o
n a ŋ ʧ a m o
n a ʒ o
n a g u b
g i j ʒ
g i w b a i l o j u j
g o ʧ
g o m g u w v
g o m
g o : ŋ g i d
g e v a i v k
g e n i g
g e : l i w ʧ u :
g u i u i w m
g u e i p o ŋ
g u d o s i p o
g u f i p
g u f o e r u s
g u k e p i : p a v
g u v d o
g u ʒ a v b
g a s b u ŋ d ŋ e
g a f e ʧ o
g a n u w
g a : f d a n g
g j u ʧ v o
g f i p o u p v u g ʃ
g f i m w a o n
g m i k l k u j o
g m o u p l b o
g ŋ i m e ʒ l
g w o k s i f w l a
g w e
w i r e g o
w i r p o ʒ p a w
w i l s m
w i m a i s b n o j u ʃ
w o i : g a u o
w o u e i m o f o
w o u j ʒ
w o ʧ i b
w o t e s d
w o f e ŋ g o s b e g i g
w e i f i t
w e i p a
w e o :
w e s e f d n e g o ʃ k i ŋ b k
w e n k i ʃ g t
w u s g o m ʒ i g a ʃ a
w u l k a b u f b
w a : g o : t u ʧ a i k i n
w a : w ŋ i g i j o
