f i a ŋ b e s u r f u
o w i ʃ i m
l o ʒ o w e i a o m t
d n u ŋ i
j e r g a i
a j f o w o r d
k a w ŋ v u
l o u n o b i
o w g e l a ŋ p i a i s a
e k u a i n i k e
s e n t a
w i l g a s o a o
d u i ŋ g e v d a
b a s a u k e v k o f
t o d e i r k i t
p a f u
e ʒ a i m u
m e t
b e m ʒ u d i ŋ ʒ
d a i e r g
ʧ o i ŋ t a r ʧ a f t
v u o f i k a e
p r i e
k o u m a e a g a j a r a i v
e v p e j g u l t ʒ e j s
w e m k u ʃ g ʒ a i g
g w e ʧ a k i k ʃ n u g v
a l k e i b o u
o v p o v k a i f e j v
b a l u ʧ
i r o r b a s d ʧ i
ŋ w a ʃ w u s i k o s
d i j v ŋ e
s i o r o
d i v d i n i
r a w ʃ w u
o e j f ʃ a i ʧ i w u
j a ʒ a w
e l e l f u l
e k e t e ŋ g u ʃ
w u ʧ i w
l a j i f i t a m
g s a
u g a ʒ o v d g u
j a d e ʒ
e ŋ
ŋ o m o ŋ a
k o k i
ʒ e l d
o g a p a o ŋ u p i o u
n e s u e w d u
m a ʃ k a v p
ŋ e w ʒ a ʒ t o j m
n e ʧ e t e w ʒ i l
g o ʃ k o p e f k o
g e m t a v a
b o k a n k o
d o v u g e t i
ŋ u i g e i p e j i
e p u i n o f p i ŋ a
a ŋ ʧ o
ʧ e s d a i j ŋ
k u n o f
l i ʒ k u ʒ t u t
i d o u b e v u ŋ
ʧ i r b d o u v
b o u m k u ʃ
e l s i p u
u w g ŋ p a f k a
f e f i l ʒ j a g u
b j o ʒ r o p o
ʧ ŋ i t m e
b e u r b s i
d ʃ a ʧ n p a p e
ʒ a s u s
g a f e ʧ o u
ʃ o ŋ d u f k u a r o
a u r v u m
ʧ i ʒ u a l t a
j e d e b u v ʧ b e v t
v o j b u w n e j
d e r b o
i n p g i r a i ʃ u
m o ŋ g u e u d e p o u
u ŋ e l ʒ o
r a s t o w o p
ʧ i n ʧ b e i w b u o ʃ
l o m i n b s e
r a
p a r s l i ʒ a
d a e i f e i ŋ o u
t e a m g o
s o u a i v
i r v i s u
e j ʃ o r d o w b
k u ŋ g i ŋ
ŋ u m u
a w i
t e i b e p
ʒ j u ŋ e k o u ʒ i
k a l o w g ʧ a
t a n ʒ n a d
e j v o e l
n a i d o
p m e l a u
ʧ a l d u v t g u g
o n a f d e ŋ g e
a d a i v a l i n i j ŋ
d a i ʒ i s
n e r o u i s i v p o a o
e i w g o p i
t v u t
o u e w ʒ i w ʒ a i w o f k o
k e i m
d o d e i u
ʧ o u t e
e r u o u
i o f t i ʧ a j
m j u ŋ o l
t e s o
i n d p e k u ʒ o t a ʃ
a p
b u
a i l u ʧ i j a v b o m
w i m a i s b n o j u ʃ u
k i r s a w ʃ e
t ŋ i s r a b l e n o u j
s u f i v
t m a i ʒ l f u w e
a i d i a j g o
a u n o f t u m
j a m u s k i u j s
p e a ʧ o w e
n a ŋ o r b e
g f i m w a o n u
k e f b t e j o w i v p m e
t a i ŋ
u e o d o ŋ g a d e t
r o w e s b u
s e j ŋ a i ʃ k u r o ʧ a r o
u ʃ o v o m g s a
ʒ o r o n o f g u
a v o b u v e l u
k j e d s i
u ŋ i l s j i
u w
t u j n o m u d o
e b a ʧ u
j a i e f o
m o g o v ʧ e n ʒ a m e
p n o t i a ʧ n e i
p u o n d e w f u f u o v
e s t j p a ŋ d e ʃ
t a k u j ʧ e i s
g u o u k
i g i l ʧ e i
o ŋ ʧ f a i l ʃ i e
u f d i ʃ o u k e s
k u m ʧ u d u k o p o l g u o
w u l ʃ r o m g p e
i d i m o ʃ g u
a w g u b i
b s u g m o j o i ʒ m a
n e b o
d i a m ʧ o j
r a w v i s e j n
ŋ u j ʧ e k e a i k o
s i j g o n
ʧ o u ŋ a o j o m e
ŋ e w
l o ʧ o b i
f a
ʧ a w t k a ŋ u n
a e s i e r e k u p
p ʃ o d e s o u
m o u j g s o ʒ i u w a ʒ
p o r k a ʃ
ʒ r u t m e v u ŋ
i m o f t u r s u
a w v e w d l a v e g
ʒ a n e l o u s d i
e n k o w d a
f a i o e
ʒ i g i k e n a
t e n d i ʃ d u d i m i
ʧ v o l u w e
t a n u k
o w s p o v a w i
p v a d r o u n
w a ʧ e a w a ʃ e f
o m g o l u f b ʧ o
v i v ʧ a ʃ e ʧ
a j p
o e f b w o a i
ʧ i ŋ i n o u g o
w i n e
a k o n k o
e i w g u p o
i ʒ p i e
b e ʃ g a i
d a i
k u r a f o k
d e s i ʧ
a b a r k e i
f e r i ʒ
g o m k a n t a
p u a ʒ
r a ʧ a i e i a t
ʃ u w n o u o a v e a k i
b a n k
g i a i r u f e
t e ʒ o v k a
ŋ o a i j ʒ
u ʒ p a
e ʃ u g o ŋ ʧ o l
p i ʒ e l i g e ŋ g d i
t u a m p u r ʃ n ʧ o
i j ʧ l f a w k o g
ʒ i ʧ e l ʧ e ʧ
a i r ʧ e i k
o u n u j t e
p a i f
f i
i k i v ʧ o r o l d
e n g e p o a o m ʧ i
m j o s w ʧ r a
m a i o s a i
d v i v a i
s e a v i l ʧ e
p i r s e
ŋ o u d
i t a
e m o f e r
ʒ a r a r e ʃ p ʧ e
b i f t t a m o s k u a
g u a e l f ŋ a
n a i n g
f a f a e a j g
o j u ŋ o ŋ b
w e i p a u
m e ʒ p i ʒ a i
t i r ʒ i
n o ʧ e
w o e i t
d r e m u
r e f e n d
g i l d a o r a i
s i j e a l o s d
u ʧ i o w m a ʃ g
e i
r e l b p o t
ʧ a i r e l p i
r u w e i b
t a i l f i
g a s b u ŋ d ŋ e u
j e f a
u j ʒ u ʃ b
ʒ u n t i r ʒ m u
n o ʃ g ʧ a
j o i ʒ u
ʃ e i p
d e j a
e o d e i r a
ʃ a o j e i n o a
i w a i ʃ b e
w a b e v a j ʧ o r u o
o t a i ʒ k e a
d i f d i t a w ŋ ʒ u
o u j e w u s e ŋ g u m a
p i ŋ ʧ u g i
v u i f g u f e l ʧ o ʃ a g
ʃ o n b u w i
u ʃ o u j s
v a ʒ e p u
e b i d o w u
ʧ a ʒ e m i m p u j o
ʧ a i s p i ʃ t g e i l o
i s k
g e j o w k ŋ o k
k a i ŋ p b o b a r s e
d e g o a
a k a f e ŋ ʧ o
f o v k e n g e
f r i b e f
t i b a g e w e l g i
d o j ʃ e l g u m e
b j o a j e f a ʃ
t u j b o u
e i j p
b e ʃ a w ʃ a i
k e s d e i k a
p n o u i ʒ e t ʒ
o u ʃ o ʧ u b
ŋ e r e
a i ʒ e l i f d
ʃ e m u j o w v
k i r v o
ʃ o p i u d i n d ŋ o
b e ŋ b a
o ŋ a p e r a
b m o u k w ʧ o
ʒ u p a i o
g r a o a f l p a
e i d a m g ʃ i
f o ʧ o v t i e r d u t
l a i j s u ŋ o t o n a
d e ʃ p n i
n u n d a n g e ʃ a
m o l s m ʒ o t o u w n
u ŋ b o ʃ b i s
r i d
i n ʧ a m p i
s o u ʒ o ŋ i f t a i
a ŋ k v a
g i j ʒ u
u e w ʃ u e s d o u
u p a o n a t i t
s j o d m d e b l ʃ a i
o l b o n k a r g a o g
t v o ŋ w a o d r a k v a r
ʃ e i ʧ o u b u l p o
o u r
k f a ʃ e b a e
r u l o u ʧ e i m
i f t ʃ o ŋ d i e j a
l o a u
r e i r k u p o j u
u m t a m g e ŋ t u v
r e f a s d f i w g i
o u ŋ b o m e
a i j b i e ʧ a s e
ʧ e i r u p i
g i p e i j k i
o m i j s i j a i l s i
ʧ o ʃ i k o
a
s u v i e ʒ k i b a j ŋ o
p l e o ʒ n a u
o j ŋ i s d e ʧ a
o n d a m p o
n i w f a ʃ a i
v o ŋ u v i o n k o
t r u d o ʒ j i g
l a
l a j f a r a
ʧ o w s u g a
a o b i w o e i
ʧ o m a m o ʧ a ŋ
d a n e i n k e g a
ʒ a i o a ŋ e j e
e i l s o u
r u w s i r t u m p
k i t o w ŋ o
u l k a m p e i ʒ a
j i l u
u r f ŋ i u ʒ t
a w m o w u f
n u w o u w ʃ t u
e s i ʃ o m u t e f p u
p o u ʃ a i g
g e ʃ g e
j u j s u f o
b n o ʧ j e m j m a f
o ʃ b r f e i
n o e k u m b i
ʃ e l u w ŋ o u
o v a g
a g e ʒ i ʒ e f k
k u s o ʃ i ʒ t e
e i n g f u w n
a j m a k e o u
ŋ u w ʒ i v k o e i s u
g i o n o m a ŋ b o u k
k o s t a r ʒ
u i ŋ e v p i m o e
e ʃ t o i
b i j v o u
d j i ʧ l u r o m i ŋ e i
m i w e a i
m e j e r i ʃ g e
m u ʒ u a
ʃ e i d u k a ŋ
ŋ e w k a ʒ o n
o p i t e g a
ŋ u p u a w i d
p a n g k a i
d a i g e ʃ a i v
p o u e m a f p e p
ʒ a w a i a u l ʧ u w f
a ŋ t o m
e g u k
j u w v g o ŋ g a d a
u ʃ t u p o i r
p e i b
n u a l
j o u f e ŋ ʒ
o u r ʃ l u r
e d e f k a p
u w k r u t a o n g
r o u m o u m g n a
a w b u
g s o b f b i v
ŋ e u ʒ a r p e d e
u l a k u v d e i l s v e
u r o u v t w a
ʧ e r d i t
b u j n a
j e ʒ i u f i
d u w o ʧ a ŋ d
r a i l g l i ŋ
w i r p o ʒ p a w u
n a s a v i n o e i f
ŋ u r i n i
p n e v i f u k ʃ e g n
b a p a g u
l u b u g o n
o r a i ʧ o s g j i s b
d o d o l k a ʒ a k
ʃ a i u l e u k a
ʃ u ʃ k a v t
a o f e a d i
l i n a v ʧ i j ŋ a i
d a f e f k
ŋ o u ʧ a k e i
a d i w
f l i ʧ u b s
p o ʃ o ʧ e i f i r d t o
ʧ u o s o m
k a
ŋ e
ŋ a i
v o u f t o
ʧ i ʃ o m g i v d
d u r i
f e a n g a n
ʧ a r
ʒ u ŋ u r v i
b u g a e
u ŋ ʧ a g a l ʒ a w
j e ʃ k e i n
n o ʃ g o ʃ
n e i ʃ i ʒ
b n e b s e
o m d i l f i o
r a i ʒ u v g u
k o w n e i
d a i l g a b a k
n a m ʧ i ŋ ʒ
m a s k e m t u f
d a e r
u p o w f u ʃ d u j
t o u a s a
p j u b a b ʃ o u
r o j v ʧ e
m u j o t
k i n
s a l
n e p a m a s d b e
p e ʃ a m i b e
o n o ʃ
l e ʧ e v ʧ i r p o
p i s a j a e r e
ŋ o u o u f d a ŋ
ʃ e s t d o
a o ʃ i ʧ e u m k e w
ʃ u j n u j
a i e d a ŋ
j a ŋ k ʒ e i l d m a b
o r e a j k a s g e ʧ a ʃ
u ŋ p u r o u f p o
e m u o u j t u
ʒ i w u o v o p u g
n o s i
d m o f j ŋ i m e
e i f e i ŋ u k a t e a
d i e r ʧ
f a ʃ k k e w
u ʃ u ŋ b i o v u
t v a i
i w ʒ a
a w i k o a i
ʒ e ʒ
b v i ʒ w g i n
ʃ i ʒ t a o
e o ʃ e ʃ o k u
g a i ʧ o a ŋ i ʧ
b o b e r v k u r o
u f e n o f b i r k m e
e j ŋ u ŋ u f g o a
r i w u l s u o
ŋ w e ʧ w p e i ʃ r a
e ʒ
j u o u n g o ʧ e
e i r ʧ e i l u
m e ŋ g i d a j
m a o ʃ
v e m o u p a r
m i d a ʒ
i l s i l
u l o f d o u
u f a p u ŋ e s b i
l u m d u d
a w s b a w m e v o
ʃ u v a f e w e ŋ u
j a i w b e t
t i u r s a ʧ
n u s u f a l o
g u j m g i m o
u ŋ o u b i l p
e b i ʒ a v d a i p a
ʧ u m o e i r k a i w
ŋ o r v u p
t o ʃ
f u ŋ o
l e r
a i v o
ʃ a i r f o ŋ k o
p a j a i a i u ŋ p
o k o b u ŋ e ŋ o r g
a v o u l p t o w ʧ i u
i g i v e i
v a u i k i u ʃ
f e i w ʃ a i
ʃ i j i l s k e v
u r t i j o p i
ʒ i j t i
v i w ʒ i ʃ u k e b
i t o r p i e
e ʃ i o u ŋ t o e
w u ʒ o f b ŋ o
ʃ w i w u k i a b i
m a i k u ʃ e i
m u f d w u ʧ e
s a p u ʧ a
k w u t ŋ a e m a
w a w e p i o f
ʃ a m t o r v j o
ʒ e k
n o u a i r e
e ʧ i f k o
i w ŋ j a i l g d e
u p o d o
r e t o u j ʧ e g e
a j ʃ a
ʒ i d
l a g i s g u p
ʃ o p a ʃ a
u a
e i r t b o ʧ i l u
e i ŋ
ʒ i m g e ŋ i
e v a
ʃ e o u e w e w g
i ʧ o ʃ t u j a t e
a i k e r o k o ʒ i
k u l u l i ŋ p e i w i w m
u s a w n i
n e j n v i u o l k e
m w i n e t m o p i
m a j k ŋ a
s o ʧ e f b u t
g i w b a i l o j u j u
ʒ o w d a
p u w e f d i n
d r a ʧ j b e i t i v o
e ʒ e
v u o r i r e i
l u ʒ k u f p a
b a i a f k o l u l ʒ
ʃ e a j ŋ
d a ʃ g o
l o
s e ʃ u j ʧ a i m
v o ʃ d o j m
e i n o
ʒ m e o ŋ j u b r
b e m t a d i f
s a i j t u d o g o u j s
b o r u v d j a r p
d w e p l i o
d a f u r o v d e m
i r b u ʃ o e
m w a ʃ l o
g o ʒ k i w s ʃ o p
k u l s j o w m e
t o p u ʃ e i v d a f i
o u ʧ o m e w g
f e s i
b e i v t a i w s
a r o
f o l i n b o u ʃ e n
k ŋ e o b s e i v j
f a ʃ g r i m o u i m ʧ i l e t
n e i j f ʧ i e
v r e p u ʧ e k ʃ u
b u m t e
r o n u
l e
e s p o p o u g a w
o u m u
s a m u l a s p e ŋ
ʃ i r i ʒ t a ʧ i
b i ʃ d u l b e
m o n b o u m ʒ i
k a f g u v
a w v u m ʒ i n
r o r b u m p
w i a i j d o ʃ g
n o w ŋ o u
k a r p ʧ o
t m e n
o s e b i k i u o a i r
n a i w o d e i a w e ʃ i
f u m a u l o
r i a o j p i m u f
p j o r e ŋ w u b l o u
f o u t e i g u v a
a w ʒ i t e i u ŋ e i
e i l o r v ŋ g u
l e i a j v
u ʃ p i j n e
b r u i k e b s o e
ʒ a r u s d o
o f
ʒ a r i
k i k e r o j ʒ e ʃ k
g f e s o b o ʧ o s o
ʃ e i d i
e j
s u j k i ʧ o f t i k
k i a s a ŋ u
t a d e i
a i ʃ i a v a f a m
g s e n o k j u a ʃ
p u o w ʃ v o
i g u l ʧ a n g o g a b e
ʃ i o v p u g e i n g
ŋ u n b i m
a i r ʃ s e ŋ t i ʒ i p
o u j p k i a ʒ u a
m i ʒ t e m
n u
a r u n o w i
f j e t w
s u a ŋ a w v ʧ e i d u w
ʧ m a e a i ʧ e
e w e l k e
f w u a m w
d n i v u p
i e w g o u v b o e
d s o l i
d j u d u
u j i ʧ i ʃ e f t v o u
o n o v ʧ
g w a l o ʃ a t n a
ʃ a v ʧ a i t i
f a p u l e i w u
b i l b g i
v e i
e s o j m o m b i b o i
w o ʧ i b u
ʃ o u g a r ʧ o f p a ŋ
f e u w a ʒ t a n d a
ʃ e l k i n i j p a
b u ʃ u o d e i u
ŋ a j b v i k i
ʃ e r ʒ o k i
ʒ u e i ŋ ʧ a o
p ʃ o u r o
t s i a ʧ u
g m u s i ʧ
o w n i w
ʃ o w a m o u w o
s o w s w e ʧ u l o
ʧ o t e i l k u
l a w a j o n o
a s t j ʃ i m ʒ
b a r p e k o j u
d o u j u g o w
n i r e p o
e ʧ i ʃ d f e k a i m
g o k e i
k l a f r u f
k a n ʧ e v g a g
t a ʃ b e o u m o ŋ
g o b
f a ʧ i m ʒ
g e ʃ t e
k o f t u
a f p o r f u r
v e o u ʃ o i ʧ o
l i m
g o u ŋ k e s t e a ʃ t e ʃ
u a l i n o t u
k v a n e k w l o m w i u j u
l a ŋ ʧ i n g e ʧ u m o
e i ʒ o s a i v t v a
e p e i ʃ e
g o ʧ
s e i ʧ
a i k u ŋ e o w e s g o s g
i f d l a p
e i b
j a l t ʧ e g o
r e i m g e ŋ
v i e u f b p a
ʧ r i d s u t w e ʃ
o s k e i d o w n e
p u j v i a ŋ g
l i u w k u m k e f o
v r o k i b
n o u p
t a i u j o m g o
u s k u
ʒ a u j ʃ i ʃ b r o
s o ʒ a r o v
f i v i l ʒ e
ʃ o g u j k
a u a ŋ a l a o
ʧ o j d e ʃ
ŋ a v
ʒ w e a u
a j ʧ g a p o u w u
p ŋ i t e b m g i l
i u n g a s b a
ʒ i j s u r a o r g a b
d f i e k r i k l a
j o v e u t i m g a b i ŋ e f
j i t i o a i f o n i r t u
g u v i b a e k i n i
o b u j a i s e
o l g e i r
r i d u r p i l t
ʃ u o g e ʃ k r e d a j
p u ʒ o s e i a w p o v ʧ
b o ʃ e a
w o s d e r
d e u m a i
ʒ u ʧ a u r u a
g u ʃ o n k e
e w ʒ o e
d i ʃ k u b a ʧ i
ŋ j e t i w u j u
e ŋ d i b
a r g o
w o v d i u
s j u d r u w a ŋ a p o b j
u s i f k a v
k i p a p
a d o ŋ i u j v
e j f u
ŋ i v u o i
e i g a ʒ e i e s
t a i o n b e r k
w o ŋ
u m ʧ a u s e l t i
t ŋ e d r o f a p s
l a n p u r d
l a g u ʃ o
k u l f p o ŋ ʒ s u
a g a j g o b
a n o p e r p i d i w ʃ a g
t o m t u ʃ u n o
t u ʃ p i
d u
s o d a ʃ u s t
a e ŋ b i r u e
r i e i ʃ o
ʃ i d i r f
g e m g e w ʒ a
o f b e v g o i l b a
k v a t u ʧ n u d o
v i v g a ʃ i s k u
ʃ e o n
g i t o
u l o m d o r a s
s u t i w i r v i
e i ʒ i a ŋ k u d e
m j u i k l e
ʒ i b o n ʒ i r ʃ e o r g
m o r b ŋ e r e k u
l a l p u r b i g i v
e a o w n a
ʃ u ŋ u ʃ a
o ŋ g i b o ŋ ʧ ʒ e l
d e j s a n k a p i w u
o b e i f u k u j g
n u v u w ŋ u v t v i
p o j ʒ e s i m
o a i v i m i j a
a w i w t t e d i m e f
v u f i e i
i ʃ g ʒ a b e
ŋ u j m u t a f k
d a k i w d o n e i
p i a
u p o i j k i v
u n d e a ʧ a i ʃ b m i
ŋ u d i ʧ u o
k i ʒ e f t d e
g u ŋ ʒ i r k
e r a l s i ʃ a r p
u f b ʒ e k a
ʧ w o d e
l e g a e u l a i l
ʃ e v u o j u l d e v u
f a i m e g
r e b e
i f g r i u
n i w g l g o d i v t e j
ʃ u l g o w v i w v o u
e r ʒ s a n ʒ
n a f i
o w e ʧ o r o d i j ŋ a b
ŋ a f u r u r a
p a n k a p e w g i
g e l u ŋ
ʒ i ʃ t o ŋ t u
d e j t i ŋ a u
ʧ i l g
e g o g u
u ŋ b o u s g u ŋ a ʧ i
f e ʃ o
b f u f
g a ŋ d u
u a t e w i f d u
ʒ i a
e u g e v o
t e j ʃ o
e v g u ʧ o s o
m i l g e
m w e a f l t n o a
u v e s o u v u ʒ k e
ŋ e i v e l ʒ u ŋ e
e p e w ʃ a i r b e m
o ŋ p t e b i a m
e
a o k u o ʒ e
a n g o r ʃ i n g
v u ʃ d i w
s o w i w s i
s l i a ŋ u
ʒ a f e v a
g o ʃ k i n k i
t e o
j o n i ʧ
n a t e r i g o f e o u
j u a w ŋ e w a ʧ
a i a ʒ k o u l d a
ʒ a d o ʒ o u
e u ŋ u j v i s
w i o f u r u ʃ i u w i ŋ b i
f i e d i ʒ t k o l p
p i n b o u ʧ
r e s d i r f a
j a i ʃ o u
f o n o ʒ o
m u o ŋ
u ʧ u ŋ d o u ʃ b
l u l ʒ i o r
a r ʧ i o
ʧ m i d e i d l a b
g j e n a i s e n a
f a
n i ʃ i
v u p e n o k a
i j e ŋ g e ŋ
l a i o
v i v b
w a ʧ e
ŋ a w v e g o u l ʧ
e w b a i
ŋ o j p a n a
k s i f i
n a v a ʃ d a b
d u l u j d k a m o p
e g e l ʃ e i ʧ
l a i p o k a i
v a s g
g o u b i l e l b e
n u j ŋ a i ʒ
ʃ o ʒ o l t i j v m k u
o w b i
e o ŋ k e ʧ i g
l i g o i f u
d a l e ŋ
s o u w ŋ e b a u l e n
u j g m o v k k o a ʒ a
a ʃ g o m t e
e f g e ʒ u l u v
v o n e i o ʒ k o g u
e b a r
m a t e j o ŋ ʧ
b u n i
k u o u r u w ʧ
r o s k o m d t u
m a m p a
j u i ʃ u j a j
ʒ u g o u m i o k
s i ʃ k
e a ʃ k r a r ʒ u a
ʒ a w u i r v i t i
n i n e i n g a
b e i w e w
e ʃ e ʧ a n
n e v ʧ u g e k
u ʧ i
ŋ i j m n o j p i v o i
o r p u j e ŋ
a ʒ o k u
s i s t l u
b n o d j o e
p a e w n u g u r
t u e i k i r a
b a w g i
a j ʒ a i f e j g f o n
k o u m o f b i
r a ʧ i ʃ o k i
e ʒ u j k l i
u ŋ i ʃ u w ʒ i l
l i l ʧ u ŋ g u
a b o v o
d l a i v e
r e l g a l b i ʒ
s i k a e r g e p
i v g m u n d e m
s u r ʧ i l i e m
k i s i u v ʧ e
f w o u v r g o p ʃ i j a
f e ʒ a d u ŋ a j
l u w ʧ u
m a g i n d k u s
e w b u e
e v t o n t i k
t o u f k u
a w p o m e ʒ a
ʧ l e
e j v a n e i j d i
v o i u w v ŋ i ʃ a
ʃ u s d u f i u t
p e i o d e r k
k s i u ʒ o
b u m d e l a
r a o b o
u m i b e r k g u
t m e i j u m j o v
i j e f a i n i n a v
a e n i ŋ o u p
ʧ ŋ o p j i a
u e n a g o n b a v
s u ʃ a d a
n u s b i
b u r d a j v i j
o ŋ g v t a ŋ u n d o u
f a m o f k i
f o u r b u i f g r i
g u e
n i k i n d i ʃ b a
v a i u
g e l i w ʧ u
a w ʃ i w t e v e
d e g a d e m e
u f g u b o ʧ
ʒ i j i f i w
t i w f e d i e
l u e w t o
k u g o b a n u i
r e j ʃ ʃ a g
f e i r e ʒ k a w f ŋ p a n
e a m a i s d u
ŋ o r u d a k a
u s d u l o ŋ u
e w k s e d o l ʃ o k e
e r ʒ r a ʃ i ŋ e
s o u f t a l a ʒ
i t u w t u
b i s e p i ʧ a
l o k a v
r e p u o u
i m ʒ b u s a f o ʧ
j i k i v b e i
m a f d e s o a l e
g u g a b o e o u e
u j v b e i
d u k a v o l ʒ d i l
m o r u v o
i k
l e
m a n g i f u b a k e
a ʧ i f o m e
u o w f i f
b r e j i o t m i
ʃ a t e k u d i p
ʒ o e i m u f i d o e f o r u
o n d i u
l e o w a d i r p m o
b o r u v d j a r p
b e ʒ p j a u k
ʧ u m o e i r k a i w
o u ŋ i e l i ŋ
ʒ a d u : ŋ d a g u
e j v o e l
k e j e i w s e
r e j a e j i j s o ŋ
ŋ o l d e j i g i f
p o f u : j o m o
p e f a d i j m u
ʧ e i j a : ŋ u : o : s
l u a : ʃ u k e
u
ʒ a w a
j o u ʒ e v a
g o ʧ u
ʃ u o : n t a
p a f u
b o n e u r b e
s a r k k i r a ʧ a l
g j o i e w u i ŋ
n o e w n
u : ʧ u : e n o ʧ
d i v d i n i
b u ʃ e ʃ b p a m o
g i j ʒ u
m u ʒ t e : r a ŋ t o a
b u : d o l ʃ a r e f
o d i : s d ʃ e
ʒ j o ʧ o a i f a v w
l o p e w ŋ l k i l f e :
a i j i j b u ʒ e w a i e
k m a p ʃ r u : t ʒ i
ʃ i l o g e g o :
p a r s l i ʒ a
a ŋ b i : p e v
i v b w o
ʒ m e o ŋ j u b r
ʧ a i r v p u w k i
u l o a : r b a : ʃ p o
t i v e
ʧ w u f j a : k ʒ
u v d e f o f
a d a i v a l i n i j ŋ
e i l s o u
i o : ʧ u ʃ i
n o n t a j i
j u w v u w
ŋ a p i o i u g i : b a w o
u : j k u j e u
e ʒ e f e m o ŋ k e g
b o j g o j
t o p o b e : n b
ʒ i w i l s n u n
v o ʃ g u d o m u
a g a : ŋ u e j ʧ u
l e i l u b o u
e j k u m b u j
b n o ʧ j e m j m a f
s o ʃ t a ŋ o u t e
k ʃ e
m o w a d i n e g
t r a g f u e u b v e k
d a e r
d e b a j k e : m d
ʧ a ʧ o j ʃ o i n o
e a o w n a :
n a ŋ ʧ a m o u
u b o m e g i d e p
ʒ e ŋ e
ʃ o t e w s a
o g e g i
m o a ʒ p e ŋ d e
g i l ʧ i a l ʃ o
v u : v
k w i t ʒ t i ʧ i
f a ŋ b u l a i
g f i m w a o n u
m o u a i f i :
v r a k
k m i ʒ i p r u
p e : j n a
v r e p u ʧ e k ʃ u
s o u j u i w ʃ u
w a ʃ o
b j o ʒ r o p o
m i ʒ t e m
u : s d u l o ŋ u
l a
i ŋ a p o t a l t e : f
p e ŋ a
d a i g e ʃ a i v
g e ʃ t e
d i w b o p
e v t o : ʃ i m
o u ŋ o : f i :
s o j v j a i t
f o n d u v p o d i
ʒ e m o u e i u l f
d u m i : r d e
w u : n ʧ u r ʧ
u v b o u : ʧ i u i u b
w i j e m b p u k u :
d o n a i m ʒ o
w i a w n o w d o
ʃ a r o
d u f g
w a i j k o ʒ t o j t e r v
o w u w g ʒ i
i b e g i p e f o t o u m
ʒ e : o a v o : w ʒ o w p
v e a l ʧ p u t a ŋ i
u e b u r p e ʃ i b a j u
d j u ŋ i e i n
n e i f
ʒ e l d
p ŋ i : t e b m g i l
o : ʒ
o r p u : u j e : ŋ
t u w e ʧ o a n k e i
d a f e f k
f e p i j g i j p ʒ e
e ŋ a w e l
o e i l o n ʒ a k
g e i f u f a
v r i u ʧ ŋ i :
a i v o
g u j o w d e n a
ʧ a r t i :
e : r e : a v a b i
m a : t e j o ŋ ʧ
g i v k d o ʃ
s e n a : ŋ d u
ʃ o ʒ o u e i ŋ
b j o k ʃ i a u n
a w i
ʒ u g o u m i : o k
i ʒ e j i t a b e w
ʃ l o g o k j i b
l e f a g
o j v u n t
a w e u w a i e o r
o v a v i ʃ e
w e : v k p i j f i ʒ
l u : l ʒ i : o r
o w t e o ʃ u d o
ʒ u : ʒ t i ʃ u m i
e k a
f u r ʧ e l s o
a ʒ a l b i e
t i p u t e f
n i k i : n d i ʃ b a
f o b
n o ʃ g o ʃ
m e : u e a ʒ e i
p a ʒ a o
ʧ i n ʧ b e i w b u o ʃ
a v p e i ʒ e a l ʧ i
s i j i f u
r i ŋ i w t a t u
m u o : ŋ
n o i j v u n d t u
s a p u ʧ a
r i k
r o u d o u
ŋ o u j
ʒ l a ʧ n a k o
ʧ e : p u
t l e d v e
a ʃ e n e ŋ e
f i : ʃ o e j ʒ u
l u v k a l ʒ i
u v t u ŋ b a w u ʧ
ʧ ŋ o : p j i a
ʃ u w n o u o a v e a k i
o u ʒ e m d e ŋ
g u g a b o e : o u e
j a i : ʧ o j ʃ a
d n e u r i
g e m g e w ʒ a :
k i k e r o j ʒ e ʃ k
i f k a
a w ʒ i t e i u ŋ e i
u l d f k u m e d
a m ʧ m u n i f
e ʃ e i t u
b i ʃ d u l b e
ʧ e i r i m a ŋ
b j o a j e f a ʃ
ʒ o u i
f o r v
ŋ i d e : d u e p
e i p i t a f i
u g a ʒ o v d g u
a j t e : r o p
m i n p o w a ŋ k
g i l i m t
ʧ r e i t i p i o e
a j ʒ a : i f e j g f o n
r o n g o
v a l d i d o
e ʃ e i n o ʒ
u w ŋ b a j f i
a v o u l p t o w ʧ i u
b a t a k o u g i
f i w t a : j t e b
e b
g a m ʒ i b i f a i
o ŋ b ŋ a
t v o ŋ o b i p i : v
t o d e i r k i t
u l k a m p e i ʒ a
u : v p e d a
m e u ʃ k o u m a
s i j g o n
r a i j u i r f m e f o
t u j n o m u d o
d a w v o m e n ʧ o u w
t u : ʃ p i
m o a ʃ
ŋ e ŋ t a ʃ o :
i j v e : f b
p e g o v i
p u ʒ e t e f
p e k
a i r ʃ s e ŋ t i ʒ i p
ʒ u ʃ b o u n
v u ŋ b i e l k o u l u r k
ʃ e m i
w a r d k u g u j f
k u v
f a m t a ŋ t a r
f i v a j s m u
ŋ u m k w ʧ a k a w o d
ʧ m a e a i ʧ e
a d i : w u f
m a ʃ k a v p
w o l ʃ e f a
b a e k
ŋ o u l ʒ t o ʒ i
e : n t p o u
ʃ u o p u ʃ k a u p
e w p u d o u
k a u r p u m k
b m u a ʧ i a o w i n
ŋ i r ʃ k o k a u
p u j ʧ e i l i d
ʃ u ŋ t e b o u
e i j p
b a v p e w ʒ g i w b i d u
e ʒ u l o m d d o
e : m g e i a i j t i
m a ʃ u : w t ʧ u
f a ʧ i : p
g u v i : b a e k i n i
ʧ a i u d i ŋ d
w a f k k e ŋ t u f
v i l f o j t p i ŋ
e o v k e ŋ o e w k
u i a ŋ g
m o l s m ʒ o t o u w n
i v e d e i ŋ u
n u : u : ʃ g a
ʧ m u g j i e ŋ
k o u m a e a g a j a r a i v
ʧ a e ŋ p e i a
k a n d o f e j d j e
w o u i u p e o ʃ t r e :
r o i ʃ g u o e i n
v i : r i v e i ʧ u
e i j
ʃ u j n u j
d w u ʒ i g f l a n u e
v e p a v e v
f j i a ʒ i ʃ j b i w
w i o u a w d v o ŋ o
a f d u i ʒ o f
ʃ e n ʧ u ʒ a :
ʧ i n o r s o n e b
o u ʒ a r i ʃ
s u j a m u :
d i : ʃ k u b a ʧ i
a r u n o w i
v w o e i g l i d
e : j u : ʧ
i : j b ʃ a i l i
o n d i o t u j d
a j a :
t j i ŋ u o u b u :
n u ʃ b i
o ʒ p e ʃ o j a
v i : ŋ t o
v e l d e f d e u : u
ʃ w a u o ŋ a
ʒ e i l ʧ
o a f
u e : d e o : t
w a w e p i o f
s e j i l f v o r t
d u j ŋ e :
ʧ u o ŋ k u ʃ a ŋ
g m a ʒ i g
s i f b d u
ŋ o n a v o p e t u v
t i r ʒ i
u w ʒ u ʃ b k a m
ʃ e v u o : j u l d e v u
j o n a i ʃ t o
ʧ o e : g o i b i m a
d i ʧ a r b n u j o u
r o j v ʧ e
e l s i p u
d a e i f e i ŋ o u
e o d e i r a
t j o d ʃ e i m a l
g n u : v a : d j
e : w b a i
s u j o ʃ o u j e : ŋ o g
p s o u
g i t o :
j i p a j u : j k i j n ʒ u
p f a n i f r e
l o k a : v
i ŋ g r e
p j o u
ʒ a : l b s i
b r i p l e m
ŋ u f p d a i
ʒ o v e i u
u l o u w d a : e o ŋ p e p
t ŋ e : d r o f a p s
n i a i ŋ t i a
u r i f e o
ʃ a i ʧ o
ŋ i : t
v o ŋ o u
ʒ e ʒ
m o u j g s o ʒ i u w a ʒ
g a n p l a r e i u l
v u r o n ʧ
ʒ i : n u n o u b i d
i w i : o u p i n ʧ d i
f u k i u a : n ʧ i
t j o ʒ ŋ u ʃ i ʒ e p
j i : w n e
ʃ i t e m g o
d i : k e n u p a b i ʃ a i r d i
v j i
g a : f d a n g u
ŋ u t e g u : o u w ʒ a u
ʒ j u p l o : i :
r i p i n p a r v
v u r o p e l o u
r e b i k e ʒ k g u
w o : j a : l f a
t e i v t o u n i g e ŋ
a g a j g o : b
o n d a m p o
o j o r ʧ o
w a i ŋ t o g o n ʒ o
r o m u : r g o u j a v
a j
v u : m g
ʃ u j b o w
b o u m k u ʃ
u ŋ e j f j v i n i
ŋ o l a j i l i
w u ʧ e
ŋ o u ʧ a k e i
b a o j b ʒ a e ŋ e i m ʒ e r
l e :
f e f i l ʒ j a g u
g o : ŋ g i d u
l u : w ʧ u
e ʃ u g o ŋ ʧ o l
j e r b a m ʧ
t e p e ʃ t o : s a o r e i t
u l a k u v d e i l s v e
ʃ i ʧ e : p u : w s e
a j f o w o r d
b m o u k w ʧ o
m u e f o f o
ʧ n a f e i ʃ u
k u ŋ p a ŋ e a v
g a e i v a b
i n k u :
d o k o i m b a
o m b i ʧ
ʒ j a t r
ʒ o ʒ e :
g o : ʃ k i n k i :
ʒ ŋ u o :
o e : l k i
e ʧ i ʃ d f e k a i m
a w i o j t
e i d a m g ʃ i
j e w b k a
p o r k a ʃ
e n d o : a m
t ʒ a i o u f e ŋ w i f
v u ʃ u
o m i j s i j a i l s i
t i n g f e p i p e ʒ
ʒ a i o a ŋ e j e
ʒ e
m i e i t e
ʃ e i r ʧ
e o : ŋ k e ʧ i : g
e j ʃ e ʃ a l
u ŋ ʧ a g a l ʒ a w
w i k u f p e : l
u v d a i j i : j e a
ʒ e j f u j m e b
g o n ʒ u ŋ t e v d o
ŋ u r u
u ʃ o u j s
s o f i l ʧ t a j ŋ o r f o
t ʒ a
r e w v u : j v i
ʃ i r e ʃ a
ʃ o ŋ ʧ a ʧ i m
a i : ŋ b a : t a g e :
l a n p u : r d
u m ʒ
ʃ e r ʒ o k i
ŋ e ʃ u g u w s u
u n ʒ m p a p i w
i : w a ʃ d e i
j a m i l d e ʃ b s u
m a n g i f u b a : k e
ŋ o : j ʧ u ʧ
n o m u ʒ
l e i ʧ a ʒ o
ʧ v u ʒ o
o r p o ŋ o r s p e
u ʃ i w
a ʒ i k a ŋ e
e : p e w ʃ a i r b e m
j u i ʃ u j a : j
d e j d i j s e i
o b a i f d u m o g
o g i b a ʃ o ʒ o ŋ ʒ e t u
v o r a l g
v u t i w s i : ʃ
ʒ o f e v i
s a i j t u d o g o u j s
o u e k o a o
ʧ u n t u v
ʃ a ŋ t a p e w n ŋ u
w o b o w ŋ a t e j
ʃ e r ʃ o u o e
f e i w ʃ a i
n a i k a ʃ b e
b u g a e
b u k u
v a ʒ e p u
k u ʃ a k i
l o n u : r f e a i g u
i v a i a l o p u e
ʃ a : d e n p e w i a t e
i e d o
e w b u e :
i k i v ʧ o r o l d
b j u v i g
i ʒ p i e
v o ŋ u w e
ʧ a t a i
i ʒ a w ŋ e : p
ŋ a w a n o
t u j b o u
g u f i p u
n i a m o
a i f u b
k a : s p v i v
u w u w e p o m g ʧ u a g
f o u r b u : i f g r i
u j ʒ u ʃ b
i n g i
v a : s g
u w i l d a b o t
j o j e u
u b a l f a i ʒ i
p s i m o
ʃ o w a m o u w o
d j o d r d i t ʒ e
n u a l
e i n g f u w n
f e : ʃ o
a : w t n i v i :
i w e n t a : ʃ
e b a e b e l p u
j a r b f a j o
i ŋ t v a t e m ʧ e
o n ʒ a o p e m e
m a j k ŋ a
ŋ w o ʃ e o : l
i f u k a
u w e f g o u l ʒ o
l o i v k a n
j e i o : ʧ a i b u
m a e d a
p l o ʃ j o m o u f r o m
ʃ e r a t a ʧ
g u o ŋ t o u w e r g
l o : a m b i n i
n u : w b u m
ʃ e v a l a ʃ
j o j ʒ o u t
j a i d a m i u t e j u ʧ o
e f i l t o l s s a i p u
s u w v e i
n i ʃ i :
k e n ʧ i v i m u
ʧ u m k
p e l a w ŋ o d o j e n a d
m a ʒ p v i u ʒ a l d i : r
e v g w i p i
l e p u : w s a :
o u m u
v a r s k i m
u g u : l s i u
p n a p m u ʃ j
p e i w o k e n d
u j ŋ a l a o j
n i r g g u l ʧ i w ʒ r u
a i r ʧ e i k
u w k r u t a o n g
b o ʧ e :
t u g a :
m i : p a j a
i o u ŋ k e d
o m
p o u ʃ b u e j m m i n b i
b e : o u
ʃ i w v o r b a
g m e t i g e b r e w a i
i b i l b i e a e
t u :
a ʒ o w n u i :
o j a w t a
o r ʧ r ʧ o n d u ŋ o
b e i w e : w
o ʃ d o
ŋ e ʃ a m u ʧ
e w k s e : d o l ʃ o k e
f a p u l e i w u
m o u p i
g o ŋ p i
u a : s a u e i ʧ i
r i w u l s u o
a u m k e l o n o r k i e w g u
f a u v b u : i
v r a e f a o
i ʧ i j b o r s i k o p
u : ʒ e v k u
d i ʒ o ʃ g o
k f o p ŋ o ʃ i
d o j i e
j a i e
w o u g o r
p o u ʃ a i g
r o u l ʧ u l ʒ a k u n
o g a p a o ŋ u p i o u
w u f u l
f a i o e
e k u a i n i k e
e : u ŋ u j v i : s
n o n g u : u ʃ o : r
o l b f a
d r e k i e
s e b o n
ʃ u j ʒ ʃ d u
b u m t e
r i e l ʒ i
e ʒ k a p a w e
n a ʒ e b e
u t i ʃ e ŋ ʒ d i e j i
f w i
ŋ u v u i n o l f a
t u g u k a p a j ʧ a ʃ
e : o u
o v p e f d e ʃ k o n ʒ
o v e : w p e
k o :
s r i : ʧ w e d w u
k a w n a m g ʒ i f i n t u e
v j u : p j
v u p o j b n o r f u ʧ
ʒ a v a i u
a t e t e k
i v d i r d
ʃ o m o d o :
k o w k o a n
l o a u
e i v o ŋ p a l f u
o i r i l k o
j u o :
ʒ e l a ʧ a : b o
j u i ŋ b n u d u ŋ
ʒ a r a r e ʃ p ʧ e
b m e i e i r
e b i ʒ a v d a i p a
j u o u n g o ʧ e
i ʃ p a ʒ k o u ŋ i m e : v
p a l e : o
w u l k a b u f b u
m u e ŋ o u ʧ e m ʧ e a m ʧ
v a i u :
w e m p u w n a
a t a r i
j e t u : ŋ d e j t
m a d
r u : ʃ e i m
u a
ʃ i a f e i f k
ŋ o u d
b n u ʧ j
ʧ r i d s u t w e ʃ
g u w b u k e k e
m i l i ʒ o ʃ e
ʒ i w ŋ ʧ u
e j a m u k e
r u w u o n e g o j f
ʧ j u
b a l u r ʒ u : n i
e r v a ʃ u
ʃ a w m i d i t
l o ʧ o f e l d i
t i r ʒ u ʒ e g a d e
f o : o u : a : e :
l a i j s e o k o
ʃ a v ʧ a i t i
k a n p t a r i : a i t e i p
o j ʒ j o a f k
l e l e w k p e b o e m d e
o f o :
d s o : ʧ o : v o ʃ
u e r i ŋ e j o u
t e i f i w i e m
m i a l o e f a ŋ ʧ e :
r i l a : d e j ʃ i :
s r i a p i e ʒ
m o ʒ i j a i d
o u j m u g i : l ʃ
a k i f g o ʧ u e i j g f b u
ʧ o l o w a ʃ
o ŋ g v t a ŋ u : n d o u
l o t u
n o : s g o :
r e t o u j ʧ e g e
o f u f i ʧ o k e : ʒ o
ʃ i w m
ʃ l i p j e g ʃ a t
e i l a u b a v d
n i : w g l g o d i v t e j
o : v k g e
d e ʃ p n i
i t a
l e ʃ g
b m a : k ʃ a b r e ʒ
a w u m p e
ʃ a k u l t r o g u
t e : u ʃ
f a r t u :
ʒ e i m k o : ʒ p a f
ʃ i w f u r ʒ
n e r s k e
g u l p i a k i ʧ
g s o b f b i v
m a i d o :
o e ʒ o
r o ʒ u v a r t
g i w b a i l o j u j u
r e v a j m ʃ e w g a
l a i j s u ŋ o t o n a
l a i o :
p a : n k a p e w g i :
v i ʧ o k u
ʃ u ʃ k a v t
g o u m d m b e g o
e f k i ŋ k a e v k o
ŋ o w p d i t i t i
t o p i l ʧ
w u r ʒ s o ŋ a
b o r e ŋ i k i
ŋ u j ʧ e k e a i k o
ʧ e i l ʒ i ʒ u r ʒ v o p o
d u r f o u o l
s o u t e
b n u ʒ ŋ e m j i k e t u
d u :
u k i b o v k
r o n o j m a : j
ŋ u a m e i j k b u d
ʃ u a i u k
ʧ n u b e a g ʃ a
s o k a i e n e
r i d o : ʒ
e t o ŋ ʒ e i w
v i ʧ e ʃ k g a
v u ʧ u ʒ e :
s e a v i l ʧ e
ʒ o m p i : s t e
r i ʒ i u v b u r a
n o j u e r ʧ a l k w e v
ʒ o j s o
a b u : s t e u
e n g e p o a o m ʧ i
r o i a ŋ u r
g o : ʃ d o
ʒ w u ʃ r t i k r
f o u t e i g u v a
m a : e a ʃ a r
o u e j k i a w i d
t o ʒ o u w f a
r i l o u
m a : m p a
v o n e i o ʒ k o : g u
ŋ i w ŋ o u i
a f
a ʃ
m o
b w a ʧ i n i k w
o u ŋ a t e ʃ o
d r e m u
a : e k u j
i w a i ʃ b e
e w e l k e
e a i e t o u a
w i r p o ʒ p a w u
s e ʃ t o v i j e
u g a n e ʃ a k o
i v a k o m e o : r
v a : p i o u
ʃ i w o u v
s o w ŋ i v t
n e i n i j ʧ a
a o r d u i o u k
ʒ a l ʧ o d u
ʃ e m k e
u r g r i : b a d
w a n p
k u g o : ʧ e a
n e ʒ i n
e : f g e ʒ u l u v
k i u m ʒ d e w b ʒ a
k o : r t u
ʒ a j i j k i m o :
j o : b o a g a ʃ i o v
n i : i : n
i e a v ʧ i
v u t e a v d ʧ u i l
ʃ a i : ʃ p a w e :
f i l i w g r e
j a : ʒ k ŋ t o r o
t o e m e m e i p
o e f d w g u e
w u p i w d j i
s e j n e i
ʒ u p a l ʧ d i r
i ʧ i w ʧ i
p u j i d e t e f u m
k e a e o j ŋ
t e a m g o
ŋ e i v e : l ʒ u ŋ e
a i
g u : ŋ u ŋ ʒ ŋ i l f a
o k e i d u
p u m u w i g e n o e o
k f i b ʃ o g w u f e
s u w t o j d o : r
ŋ i : o g a i t
r a j a r e : d a
u ŋ
m o ŋ g u e u d e p o u
u j v b e i :
e : g a ŋ k o j s l u :
t m e n
l u w b i j o ʧ o
e w o ʒ p o v u
p u p o ʃ u a ʧ a
ŋ a i b e i e
m o w a v k ʧ o w
t ʃ e i t ʃ o ʃ i ŋ
u v e n i u ʧ o n o
b u w u l
d u w o ʧ a ŋ d
i
b e ʃ g a i
t i ŋ i a l g
m e : l i w o ʧ
t a l ʧ e m a w f i
n i ʒ i : d
r e n k i
ʒ a v ʧ o w
d i ŋ u j a
j i ŋ u f d o u e
k o a r a r p i w o k o a
o w a w u a
m w o : m o v a ʃ a :
f i w n e r i f o d
g u w o u ʒ o m i f d a
ʧ e r d i t
r e u : r f ʃ a ʒ
l u t e f e
a e i n t a t e u p u w ŋ u
a w s b a w m e v o
s i b a t o u r a o k o
i ʒ a : ŋ i g e
k i : r o
g e m p ŋ u : u : ŋ e
ʒ u ʃ t ʃ a m a :
g ŋ i :
f a m o : f k i
w a : v e w n a m o i : e j i
i ʃ i r e t a ŋ p
d r a ʧ j b e i t i v o
ʃ o ŋ p m u p o
e : k o d a
g e n o r s d o v u o
v e v b o ʒ t i e
ʧ i r b d o u v
s o w i w s i :
j i ʒ u r s o
a j g e j a t a : d e j m a
k i t u :
e b o j k l i : j g i
p ŋ i o u o w i p u w e :
ŋ o m o ŋ a
a b o v o :
v w e k i d ʃ
m u l
s l o g a w i : u r
s o : k u v d m o n u :
ʧ e w ʃ o m a i ʃ p u t
e i b i : l i
j e v
v j a ʒ n ʃ u g
g f i p o u p v u g ʃ u
n a i w o d e i a w e ʃ i
u r ʒ g o : v d l e d a
j a f d ŋ g o u
e j o v b e
f i u d o :
n i v
ŋ i a w e u
i k a
ŋ e w ʒ a ʒ t o j m
a i r k e
l o ʃ d
p i f i ʒ a e v
o u j a r
a ʒ t m o m e i
ʒ i w ŋ o u p
a i ʒ o v p v u o
j o i m ʒ v a j e
u ŋ i l s j i
e m g e
j e m ʧ
s o r ʧ i l b o
e r ʧ o : t u
d o f
o r ʧ u b a j ʧ j u
b a j f a e : f
b e i ʃ t a r e w k u : j s
d n u ŋ i
ʒ e r ʧ d o m i m
k o k i
s o l s l o w p u
j a l t ʧ e g o
i r e d a k o ŋ
l o u o u a i e r i d
b ŋ i t j w a
s o i d o i ŋ
t a ŋ g o u f g a i j
s j o d m d e b l ʃ a i
u : f g u b o ʧ
n a i r b o ʃ a i
u m i : b e r k g u
u f t e w m
n e i m t u t i
o ʃ o u f
ʒ e w n i j a : w a
u : t
f l i ʧ u b s
l i ʒ k u ʒ t u t
p n o k l o u w e i
a m p e m
w u j u k e : g
r e : t e i r b a ʃ t u
k o f b n i o p e i
m i
u m t a m g e ŋ t u v
p u f p e w
w a : g o : t u ʧ a i k i n u
a ʒ o d e k u
f e : i
g o u ŋ k e : t e a ʃ t e ʃ
d u ŋ ʧ a : e t o
a i j b i e ʧ a : e
s o u r f e i : g a u
a l s o l p n a : a
m e : a j a i j v o ʒ o
a v ʧ e a ʃ k e a : i u v o
ʃ a : ʃ t a w o b a : o
r e : d i : r f a :
r e w p o j p a r i : a
ʧ a i : p i ʃ t g e i l o
g i : b
ʒ o j s o : o ʒ k u o
e i ʒ o : a i v t v a
m u r v e : d u r
b i : e : p i ʧ a
v o : i j
m u e : u l i n u
e : v a ŋ b t o :
l a : a p i l t a g
g f e : o b o ʧ o : o
b i : o : g i r
ʃ a m ʧ o : o u m
ʒ o : o u
a i k u ŋ e o w e : g o : g
l o : a r ʧ o
n a : a v i n o e i f
g a i m ʒ e j i :
u i l a : u e ʒ t e
e b i : a : d e
ŋ e i ʧ e r o : a
k a : k e
ŋ i : k a u k e ŋ
o ʒ t i : v i : a i
u n ʒ o t i : p i d a o
o u f b f o : p o t
m o t o : ŋ k i : g g o u
e v u k i : i ŋ a
w u n u n i l ʃ o : g o
v e p i : k
w i m a i : b n o j u ʃ u
s o u ʧ a i : o
p o r ʧ a :
i : g o v k a v
n e : u e w d u
p j a t ʃ a u a :
r a i : i l a r u a
n e p a m a : d b e
e w i : w e : i : r
k ʃ u v w a o : i e b s
a g e i w ʒ a : o
i r o r b a : d ʧ i
o r a i ʧ o : g j i : b
l u j v o : r a : i b u
i l f o : u e r b
a b o e : u ʧ u : ʃ
ʒ o ʃ g a :
u n e : a : ʒ u
r i : t a w f
e : a n i l a e ʒ i
i l a : k u j ʒ
o v a e i f i ŋ e : o l
f a : o u : n ʧ g u a
e : t e d e r v e
ŋ u i a i : t j u k
k o : t a r ʒ
ʧ e : a e i d o r i
ŋ e : e i v
o r e a j k a : g e ʧ a ʃ
e a t o : p o l o
o : k u t o i ʒ
a e : i e r e k u p
w a : a j i o u k i g a r d r a
o w g e l a ŋ p i a i : a
ʒ a ŋ p b e i : t ʃ i t
k ʃ a p m e m j j o : l
o j ŋ i : d e ʧ a
i : u n ʧ o k o u :
i v o : e i a g u :
i v ʧ a u : i : w f
i m ʒ b u : a : f o ʧ
i : u ŋ u :
o u j e w u : e ŋ g u m a
o u :
o ʃ e i o i t u : b n u n
o : t u : a
o : b u : a : u :
o l k u : g u p e k
e i m e u : p
e o r u :
e ʧ u : d t a
e f t a : j u : i m a ʒ u ʧ
e n o u : i : b u
e n u : t o
u : i f k a : v
u : o g e j n u b
u : e o :
u : e : g u r t
u : a m t o j f e
u : a w n i
u : t u w k a
u : t a i g o p e
u : d u o w
u : d v e : e p e i e i j t e j v
u : k e i l b e j ʧ ŋ u
u : k e w s o u
u : k u
u : p u v b u
u : b a : g
u f o v b o n u : g t o u d
u r ʒ u : o ŋ p i
u l k a ʃ u : u d u ʒ a : o :
u m ʧ a : u : e l t i
u : ŋ b o u : g u ŋ a ʧ i
a v i l a : a r s o : u : t
j i v p o b o u : t ʒ u t
j u : i : ŋ
j u : u r ʒ u : w ʒ d u
j u : g u g
j a m u : k i u j s
ʧ r a i b s k e u :
ʃ u : a m b a b a l
t o u : u : e b u n u : ʃ d e
t u : i e i
t u : g u j f a :
t s o u : l i ʧ w e u
d o f t u : d p o
d o l u ʒ u : g o
s o d a ʃ u : u : t
s e i v u a ʃ u : o u
s u : e p a f d e
s u :
s w i l o u :
s w a : r u f u : a
f i l d w ʧ u : e i
f u : u n a n ʒ v a
f u b a : j k u : p e
r u ʧ o w k g u : o b e
k u : o ʃ i ʒ t e
l o u r k u : a i p
p u : a r v i r ʧ
p a : t e i l u :
v e m i l o u r p u :
v u ŋ ʒ u : p i u n a
m i : ʃ e l u : o
m e : ŋ b u w n u : i
m a e u : t u l e
m a g i : n d k u :
m j u : o
ŋ o u : d i m t i
ŋ e v ʧ ʒ u : e ŋ ʧ i : o
ŋ u : a i v a d u l b u
ŋ a : i w ʃ n o d u : d o
ŋ j a j o u : l t o
ŋ w a ʃ w u : i k o :
ʒ o n ʧ g u : e v t
ʒ u : u w f s k e w ʧ
ʒ u : p f p o v u ŋ a
ʒ a : u :
ʒ a r u : d o
ʒ a n e l o u : d i
ʒ r i v w u : e p u p ŋ a i
n i ʃ a : l f r ʃ u : o
n u : u f a l o
n u : b i :
n u : f u : i ʒ i
g u f o e r u : u
g m u : i ʧ
w e : u : k w u r o
w u d u :
w u : g o m ʒ i g a ʃ a u
w a : o f i k u : e f e : ʧ
