k o
n i
o a e :
d v i
k o u
u
v w u
s o u
l u
i e
w w o
d d a i
s i u
j j e i
o e :
ʒ ʒ o u
ʒ n a
e i
d e
l i
v a :
v v o
ʃ e a
r o
ʒ e
g s u :
w w a
k ŋ u
w o
ʒ ŋ u
d i w w i n n d i
g o u j j
r u w w v
o ʃ ʃ u
l e i ŋ ŋ ŋ
ʧ o ŋ ŋ t f k a e j j ʧ u ʃ ʃ
u j j p i
k i g g e w w a
s a n n d o l l f i b b
ŋ o : j j ʒ o j j ʒ o u
m m e : v v i : o s s u
a j j ʒ i t t u g g g
u m m k i n n a s s p r i m m
w e i f f k a ʧ ʧ a w w ʃ m a ʃ ʃ
e n n n e r r a d d d p a v v e :
k l a g g j d e w w
i ŋ ŋ ʧ o v v v ʃ u w w m e
g w o u k k a i g g ŋ e a d d l
k a g g e f f
ʒ i ŋ ŋ o n n ʒ u w w
r u m m a l l i l l g i r r s a
r o u b b
ŋ u f f d u
u v v u e w w ʧ i m m e i b b u s s p
s u j j u : ʧ ʧ ʧ o a r r r a w w b
v o s s e
ʒ a g g o v v ʧ n o n n n w a
v v o n n a : l l k i
d u o j j t
u n n d e r r k
t v i : t t
p i ʒ ʒ i
a o w w b u w w u v v
v e : k k u i ʒ ʒ ʒ
g i w w g u : n n
o m m
n n i f f f t o w w ʃ
b o t t a b b b a
f a j j ŋ f a
r e i w w w u g g g j a
i b b b u ŋ ŋ j j a ʧ ʧ ʧ
n i s s b v e w w w
u ʃ ʃ b ʃ i
e i j j
j i ʃ ʃ k a
o u b b o t t t e : r r d e i
ʃ u r r o g g
p a f f o u l l l m o n n
l u e ʧ ʧ o l l i k k o ʒ ʒ
p i v v k a : w w ʧ e ŋ ŋ ŋ
r o d d i t t i
l o u s s u :
s a b b ʒ ʒ u
p u v v p l s o m m o
i l l s n u n n o : m m
g u l l e k k o u l l s
f o : j j j
l a w w d f o b b e
b i n n k d o u r r
ʃ a n n ʧ b u
e t t t e j j i ŋ ŋ d o
d o d d d i m m a
e i j j ʃ a w w e n n
e : r r k ʃ a f f d u m m e
r o : j j a s s d o : l l l
t o n n d u v v v
w a : i m m a n n o
ʧ i f f g n i k k o d d
ʒ o n n t o m m
a w w p u l l s b i :
w u m m m p u b b a v v
o n n n s i w w ʒ u
r i d d d m ʒ u ʒ ʒ ʒ o v v
f a b b b r i ŋ ŋ u
r u o n n n e
ʧ o : l l g a r r r
u j j i v v a
p f i d d e t t ʃ i o b b f o j j
t a v v g p o
f u w w ʧ f a b b
w a i u w w p a d d i
ŋ a f f t i n n n
t o ʒ ʒ ʒ i : ʧ ʧ
i s s i l l ʒ e r r ʧ a
e w w
d u : d d a w w e w w v
e : a v v k g i ʧ ʧ ʧ
k n i b b i l l i f f
f l e ʒ ʒ r i : t t n e
k o l l i
ʒ ʒ u : l l i v v u
u k k i
ʒ ʒ a w w ʃ a
ʃ a s s d d d e t t a
o : r r t a v v ʧ e o r r ʒ s u
s s e ʃ ʃ o r r a j j ŋ
k o ŋ ŋ a g g g i
j e i l l ʃ ŋ u t t b b o m m
t t e f f i ʒ ʒ u j j m a
ʒ w e ŋ ŋ o n n o w w i d d v u ŋ ŋ
ŋ o s s b a
p u d d i w w w j i :
t m e i m m m
ʃ ʃ i : s s
v e n n
g i a f f a : j j a ʒ ʒ
e n n
g a m m k u m m o m m i
j u j j j o e l l s e
o f f d u : s s i l l
i r r
u : ʃ ʃ u ʃ ʃ o r r t o m m e
s a b b w w o m m t i
j a i v v a r r
b i n n ʒ
o u l l e i d d d
a f f p r a j j o
s o ʃ ʃ p f o e w w w
n a n n u k k i e i ŋ ŋ b b a ʒ ʒ k e
b e i n n
k u ʒ ʒ b b o :
n n u t t a e u
k m u n n w o m m
k i f f i
i o t t u s s b ʃ o
m a j j ʧ i
b a s s i k k u : l l
m i m m t t o u s s
ʃ ʃ u j j a i j j ʧ e
ʃ ʃ o u n n n u f f f i d d d
r i ʒ ʒ t ʧ a : s s
a w w w g i e ʒ ʒ o u s s
r i d d d a : j j j j e ʧ ʧ i
n j u d d u n n e i m m a
t a v v k e i w w m s u
b b a s s s a
ʃ a r r e :
k o : t t t i
f e s s e b b
ŋ a j j k e ʒ ʒ u g g g
ʒ e v v v u
s e d d a ʒ ʒ a r r p e :
ʧ a s s k b e f f f
u s s
g u l l l a w w w u
s o r r u w w ʧ u ʃ ʃ e l l a
s u ʒ ʒ n n u w w o
g e : n n p d o
k k u ʃ ʃ e
d u ʧ ʧ i v v v u j j k o b b
j a ʒ ʒ o u ʒ ʒ
e w w ʒ o u l l f u f f o n n
s e ʒ ʒ e w w d i d d o
e n n ʧ ʧ e :
v v o u g g g
d o r r r i t t u
ʒ ʒ u : ʃ ʃ o f f f
m u : n n e ʒ ʒ
k o n n b s i s s p t a
k k a w w e g g e
ʧ e l l o w w w o
p i l l l i ʒ ʒ
t j i a g g u b b i
ʒ i r r ʒ i m m e ʃ ʃ e
k ŋ u v v r e i
w o m m u i u j j
i ʃ ʃ d o d d e v v g o k k
k u : w w o a w w
r e j j k a
b u s s i
d w e ʃ ʃ a
l i m m e i a
d n e : f f a s s u v v
a v v d l e s s g a i w w
k i l l t u : d d e s s t i v v
f f a : j j m b u r r i
p o w w g a b b i ʧ ʧ e i b b
v i l l k o ʒ ʒ a
n o f f f o : ʃ ʃ b
ʧ ʧ e j j ʃ u g g
g u m m b e i e t t u
b a m m o i w w a : d d
r i b b i a n n
l a g g a v v d d e n n
l u : j j o
e : d d u r r p l u r r u :
b o ʧ ʧ e ʧ ʧ a
t e ʧ ʧ e d d d u w w ʧ n i j j
n u ʧ ʧ i ʧ ʧ e i
p m i l l l a
m e ʧ ʧ
e j j n a v v o : v v k u m m
g u d d e f f f j o a n n u
ŋ u r r a g g a
g e l l i ŋ ŋ u ʃ ʃ g u ŋ ŋ ŋ
s u l l i m m k
a : ʒ ʒ e b b b a : t t u j j n e
g a l l ʒ o r r r u
ʧ n o u v v i e g g i
p a d d o
g a s s s u
e : r r f f i o ʧ ʧ ʧ
l i ŋ ŋ p a m m t a r r o v v i f f f
u r r e f f
e n n w w i
ʧ a i s s i o j j a
s o : m m ʒ
i r r s e w w e n n u v v i e :
b ŋ u v v v
b e l l l ʧ a ŋ ŋ b o s s s
p a j j ʧ a
ʒ m i t t i
o v v v u l l f e
a t t i t t t d o ʃ ʃ b
f a w w m u
n e j j e i w w
ʧ i : t t t i
e v v e f f d e t t
p e r r e : i n n
t a ŋ ŋ t o : l l u r r
a i : v v
r u j j m a i d d a s s
e u s s d
n u ŋ ŋ i j j m u
g u ŋ ŋ e j j ʒ ʒ u
i s s o j j f l ʧ o
i t t e a i f f a
r a ŋ ŋ t u f f e i
d a n n ʧ k e l l e b b b
d o k k i o m m i j j ŋ i l l i ʧ ʧ a
e n n ʒ g u t t t
b b o w w n e w w n a m m
ʃ e u f f a i
s s e t t t e
n e i l l b e i a
j j o s s
f u o s s k e l l s
t u ʒ ʒ k e
ʧ l e : ʧ ʧ n o
k i : r r b f a i b b i v v
w o v v o ŋ ŋ d e
n e r r ʒ i
w i n n
k i ŋ ŋ p i : u
w a r r o u m m m
f i t t t e f f
j u r r e n n i s s s
ŋ u w w b a k k e w w w
w i : m m u t t u b b
u w w n e r r b i t t t ʃ a t t
t a ʃ ʃ a i r r a :
ʃ i ʃ ʃ i ʃ ʃ u n n i k k k u l l l
i g g u t t u w w ʧ o ʃ ʃ
j o ŋ ŋ b i v v o f f o
p i m m g i m m o r r
u g g g k u g g
g g o a v v k o k k a g g
v e d d d j a m m ʧ u i o
u b b b t e
a i j j j o w w v a
b o r r l l e
e s s d p u f f a ŋ ŋ
m m e w w o ʃ ʃ ʃ o i :
k o w w k w o u m m
ʒ o d d d ʒ o f f e i l l
ŋ e n n a b b u
u w w d e g g u t t u r r d i b b
e l l
e r r b a g g
ʒ i t t a
k o u f f f s g i
v u v v o d d a
m m u k k
r e v v ʧ f f u j j ʧ j a i ʧ ʧ i
d e w w
g g o r r a j j g i : l l k
j e r r e ŋ ŋ k e
j o w w o m m ʧ e ʃ ʃ e
i w w p k e
e f f f v i : v v v o
o l l ʃ ʃ u ʒ ʒ p
e r r ʃ b u m m e f f e ʒ ʒ ʒ ʧ u w w
ʧ j i n n n i l l a : g g l
k e b b u j j ʃ ŋ u
ʒ e ŋ ŋ e i ʃ ʃ t ʧ o b b e i
m o w w f i
f r o e i l l l t u
m o u ŋ ŋ b u j j ŋ a t t
a i r r u t t t
a f f o j j ʒ i ʒ ʒ i
b r e m m m
o v v ʧ ʧ o u ŋ ŋ ŋ
ʒ a w w ʧ a d d a : ʃ ʃ g
t a ŋ ŋ b a ʃ ʃ d
s e n n b w u m m o
ʧ a i f f u r r b u : s s a
d o w w w m e f f d a
ŋ a n n b i g g
n o j j v e w w o m m a v v u r r
j o j j o m m k e
ŋ o s s k
i t t o u i : ʃ ʃ t e g g g l e
ʃ u s s a o n n o r r
o j j a i l l d o l l l e :
n i ʒ ʒ ʒ d o t t t
p a i s s u j j a w w b
d u : m m m e i w w g g e
o u s s e d d e : b b u j j s
j u ŋ ŋ d a i d d e ŋ ŋ e j j
u f f a i ŋ ŋ u l l ʒ u
l i v v u l l t a d d d
ʧ u ʧ ʧ o u b b b e
a n n ʒ o v v b u ʒ ʒ p e : ʃ ʃ
ʒ ŋ e ʃ ʃ ʃ a
ʧ n o d d f u j j a ŋ ŋ a o k k u
ŋ e : n n i m m
f o b b b s e
g ʃ e t t o u
v e ʃ ʃ ʃ m a i r r r o f f k u b b
ʧ e ŋ ŋ
g ʃ e v v r e
n o j j a r r ʃ u
t ŋ a f f f
t a ʃ ʃ u ʒ ʒ a :
i ŋ ŋ u : f f k i v v a e
r a i a s s p k u :
n i v v v g a w w b a f f f u :
i w w ʃ
j j a ŋ ŋ u b b o l l t o
o i s s p u
w e i n n u
f o : t t t s o u ʧ ʧ
r o d d e r r r e i
u m m ŋ ŋ u v v b a : s s
i ŋ ŋ o l l m m i w w ŋ e ʧ ʧ ʧ
r e : t t t i b b
n u n n o l l l o n n d a f f a
e w w ŋ a w w w a l l u
ʒ ʒ i ʃ ʃ e ʧ ʧ ʧ p i k k u
p u j j s u
i a i ʃ ʃ a i w w ʃ e
v i f f e j j m f o a s s
g g a i ʒ ʒ
w w o ʧ ʧ u t t
ʧ e b b u ʃ ʃ t e s s
l u s s a ʒ ʒ
o f f u j j
e ŋ ŋ ŋ o
b w u ʃ ʃ o u g g e i o u
ʧ e i j j k
p i o m m e g g u w w g u
ʧ m a ʃ ʃ l a
a s s g o : k k d d e
u j j f ŋ o
e k k
g a ŋ ŋ e w w t u j j
g a r r o r r t n n e
v u m m t o u m m a i d d o r r
o : t t e i m m b e r r i r r o : k k
w o f f o r r ʃ
ʃ w o n n a r r a i ʧ ʧ o
o : s s s k o
ŋ u r r ʒ m a n n t
n i v v o v v
a j j m b u t t
v v o w w u
t w u k k k w i
p a : j j u l l ʧ a i l l o f f
m a m m g r a
ʒ e ʒ ʒ o v v o
v v a j j t
ʒ e : j j u :
p i s s g f e d d o ʧ ʧ o
k a w w u r r t u s s e s s s
o ŋ ŋ ʧ i d d a e a i v v ʧ a ʧ ʧ ʧ
v i ʒ ʒ a e i t t a t t
k e w w w m e ʧ ʧ ʧ o
p o u t t u s s p r b i j j
ʧ i : r r f
g g o v v b e ŋ ŋ
l i ʒ ʒ o
ʃ r e j j b b a i ʒ ʒ a m m e
l a j j ʧ l o
o n n d a i
d ʃ i g g r ʧ i ʧ ʧ ʧ i ʃ ʃ
ʃ i m m m
e ʧ ʧ e
t u a f f
o u f f a :
p u l l e f f i m m
e ʒ ʒ t i ʧ ʧ
j o m m m u m m i
e m m ʧ
ʒ u n n u :
n e ʒ ʒ
ʃ o u m m m e w w a
u k k a e b b a v v t t o
i ʧ ʧ u w w u
ŋ a i w w i w w a g g
ʒ w o j j j
g j a f f r e r r r w w a i u
l u : w w n p o s s
ʧ u d d
f a l l ʃ u s s s ʧ a w w
f r a ŋ ŋ ŋ d s i
ʧ u s s a ŋ ŋ ʧ k o
ʒ ʒ e b b a
i w w b o l l u ŋ ŋ ŋ
r o u ʒ ʒ ʒ i : a v v a
e n n b i ʧ ʧ u r r f
i b b i j j ŋ n u ŋ ŋ o t t e w w f a ʧ ʧ
f i b b o r r g o
i k k k s a ʒ ʒ o
s o u r r f o f f g
e u m m i w w ŋ u
m o ʃ ʃ u : j j s
b i : n n a n n e :
j u : d d o ʃ ʃ p i
o m m ʧ ʒ i u a
ʃ u v v o l l ʃ u :
ʃ e : f f f w u n n
b a u w w u f f
t a v v k o u
j i : d d d a s s k
ʃ e i m m m v a i
v u j j m u d d a
n n e l l o r r o g g g
w u ʧ ʧ ʧ p o g g u d d d
ʃ i b b a ʧ ʧ u v v e b b
p a m m u ʃ ʃ e ʧ ʧ a j j a ʧ ʧ e
i j j j ʒ o : f f t u w w s o b b
k e ŋ ŋ ʧ e l l f o : d d
k o m m k u
ŋ i ŋ ŋ t u s s o ʃ ʃ
l u r r f i r r o ʧ ʧ u ŋ ŋ
j e ʧ ʧ ʧ o u m m i :
ʒ a v v g a : ŋ ŋ ŋ a i
u j j
d u d d d ʧ ʧ o
w o w w p m o ʒ ʒ e f f g r e
j o j j b o l l
m a ʃ ʃ ʃ u j j i : v v
o ŋ ŋ ʒ u g g
v v u a ʧ ʧ a ʃ ʃ o j j o
p i t t a k k o l l ʃ o ŋ ŋ
n o ʧ ʧ e j j ʒ ʃ o w w b o u w w w
v i v v u f f
e j j e m m g i r r
k e w w a i ŋ ŋ p ʧ e
v u e m m b a n n a
ŋ i ʧ ʧ a v v g
ŋ ŋ e : m m i : g g
ʒ u j j k e n n u
k o b b e s s
b e i e l l u m m a :
l o ŋ ŋ ʧ o e w w f
t i d d
n e w w ŋ
d o d d d ʒ ʒ a ʧ ʧ i
ʃ o : b b u ʒ ʒ ʒ a i
u w w k a i r r i : n n a
a n n d o
g u s s t e o
a r r k e : f f
s r a v v j o
ʃ o : w w k u : s s e ʃ ʃ e
e ŋ ŋ ʧ e g g
e s s g i ŋ ŋ a o s s u
k i f f i l l p i j j ŋ
e w w s j n e d d d s u
o u : i g g
s i l l a t t t
t o ʧ ʧ ʧ
ʧ e j j
w i s s e : o
s i j j u r r u k k o : ʃ ʃ a
e v v i f f k u ŋ ŋ i ʧ ʧ o :
d n i e t t v a m m a
w w o ʧ ʧ e
ʃ ʃ e ʒ ʒ
n n o ŋ ŋ e ŋ ŋ e i ʧ ʧ e
v i : ʃ ʃ e f f t t a i m m m
t u s s s e g g g r o
l o v v b o t t a v v
b o r r b i f f
s i f f f ʃ u
n a i r r t u ʒ ʒ t r u g g
k ʒ i k k a : ʧ ʧ
w a ʧ ʧ o n n b f p a
s o v v u n n n e t t t
t v u o b b ŋ u
k i j j j
j i w w a
w u m m k i ʧ ʧ u v v
m u s s o
d ʃ i ʒ ʒ ʒ ʧ j e a
s s a : j j s i a i
w u a v v e ʧ ʧ i ŋ ŋ
i s s u ʒ ʒ p i : r r
d d i r r u
k e i g g b b o r r d o ŋ ŋ t
j o u ŋ ŋ p
o ʒ ʒ k a
w w o s s s u ŋ ŋ
b i : m m k l a f f f ʃ g e
m a ʃ ʃ a w w d u j j p w o :
l u r r ʒ e o
a ʧ ʧ i ŋ ŋ ŋ a i
g g e : t t t v v a g g u n n
t t u ʃ ʃ e ʃ ʃ i ʧ ʧ e a r r a
e k k k e ŋ ŋ
ʧ e : ʧ ʧ
p o : l l l i ʃ ʃ
ʧ i d d d v v e ʃ ʃ a
ʒ u s s p
ʃ i : e r r i m m o u
v e o u t t a w w g i l l p o ŋ ŋ i
n o l l b o j j a : g g
n o : e t t t e
ʒ ʒ a s s e u g g g w u
p e f f t m u j j
i ŋ ŋ o ʃ ʃ e n n i t t i f f d u m m e
u v v a s s b e a : t t t
d a s s d i g g u
n n i g g a l l g g i : r r r
g l e ʧ ʧ w i d d d ʃ i
v e j j e v v d a ʃ ʃ
ʧ ʧ u : ŋ ŋ ŋ e d d e ʧ ʧ o
k n o n n
ʃ o u w w f i j j j
v e j j o w w d d i ʧ ʧ
j u r r r a l l b ʒ a m m b o r r
g j o f f r u :
d a b b
o j j e f f f
ʃ e : j j j a m m ʧ i
f f e ʧ ʧ i m m k e
f e k k o m m u w w ʒ
j e n n i ʃ ʃ ʃ
j a i ʧ ʧ ʧ
b a v v a ʒ ʒ p u ŋ ŋ p o ʃ ʃ
k o f f u ʃ ʃ t e m m g i m m b o m m
t t o u l l g r ʒ i a v v
o u r r r ʒ i ʃ ʃ p e s s k u : ʃ ʃ
d s o u b b
v i m m k u
v o ŋ ŋ ŋ ŋ o u v v d a
o m m o ʃ ʃ d a l l f e i ʃ ʃ t u t t
e i n n o u f f p o w w ʃ a
ʒ a i ʧ ʧ o
i m m b o m m b b a w w ʃ
o f f e w w k m i
r o f f
u v v i ŋ ŋ l l a
l i ʧ ʧ a i
u j j f a j j d o l l
l l e k k o n n k
u r r s e i
b i l l l o ʧ ʧ ʧ
o f f o ʒ ʒ a l l ʃ u : b b
d e ʒ ʒ i n n ʧ u b b o l l
j o n n t n ʧ i f f
ŋ i ʃ ʃ a l l b e
n a k k k g e l l
s r a : ŋ ŋ e s s l
b a d d o t t
f a w w
a i j j g a e
a m m o m m a
u r r ʒ ŋ e : m m
j o l l
a j j t
a j j t s a ʒ ʒ
ʒ e ʒ ʒ a w w w e w w
s o ŋ ŋ o u w w o u
s e m m e g g e
o t t i e ʒ ʒ k o t t t
ʃ o ʧ ʧ ʧ
d d a u n n g
m m a g g a w w g
e k k k i u f f b
j j e i ŋ ŋ o ʧ ʧ ʧ s e
b r a m m e
ʒ i : o u : s s e i n n b i m m
n e ŋ ŋ ʒ e i d d d
g a ʧ ʧ o f f b i ʧ ʧ u g g
j a b b b i
ʧ l e ʧ ʧ e ʧ ʧ n i t t u
ʃ ʃ e g g g
m u ʒ ʒ ʒ i g g i ʧ ʧ i
d u d d e
m i r r ʧ ʃ u j j u d d
s u t t a i b b a j j ʧ i ʃ ʃ
t r o i k k ʒ e
ʒ e ʃ ʃ o
m o ʃ ʃ i
e : ŋ ŋ t m u j j d
g a m m d m a
f i w w t i
u : g g a i ʃ ʃ i g g
ʒ w e m m w u d d r o
g g o s s
i t t i t t a : b b b
r a i u l l s s u r r r
o : ʧ ʧ i w w e : ŋ ŋ g
w o k k k ʧ a ŋ ŋ b a ŋ ŋ ʒ u d d l l a i j j
b m i s s u b b b ŋ i ŋ ŋ w a ŋ ŋ
s e i m m k
e g g e w w o k k ʃ ʃ e i m m u k k
b a ʒ ʒ a i b b o u
e r r v i
v i ŋ ŋ ʧ w u g g
v o j j j r a l l ʧ i
o m m i
p a ŋ ŋ p e w w
m u f f o w w w g e
s u f f t i ʒ ʒ a w w a :
e : w w w e g g
v i k k e j j m o u b b b
r r e f f u k k
ʒ u m m k e ŋ ŋ d o l l ʃ i v v
ʃ o : ŋ ŋ ŋ ʧ i : n n d o
ŋ a ŋ ŋ o j j o ʧ ʧ a i m m b e v v a
g a l l k k i v v
m j a s s s e ʒ ʒ e f f
ŋ u n n ʒ o s s a b b b a : t t
ŋ o m m o ʧ ʧ ʧ
i r r t i n n i ʒ ʒ a :
f e t t t f g e ʒ ʒ ʒ
ʒ ŋ i d d v u ʒ ʒ n i
r r i n n j j u j j g e ʃ ʃ b
o : l l p u l l l u
l o u g g a u l l
t o v v v m i :
ŋ o j j t o u n n p w g i r r
r u t t u
ʧ i e l l f o
s u v v b b a
t i v v k u
j j o u ʃ ʃ a i ʧ ʧ e
g e v v b m u a ŋ ŋ o :
v o u w w k e i w w t m e
w e ʒ ʒ e i v v u v v
e ʒ ʒ a : t t u m m p o
g w e ʧ ʧ ŋ u n n n
e i f f o w w p b e g g
b u g g g v i f f f
r e m m t i u d d d j e l l
ʃ o k k i v v
ŋ u s s p n a ʃ ʃ ʃ
o m m a : r r g i a : w w s
w o u v v r r u ʃ ʃ e ʧ ʧ ʧ
j a m m a i
ʃ u ʃ ʃ o ʃ ʃ b a : ʧ ʧ
ʧ i b b o ʃ ʃ b k k a r r v
o ŋ ŋ t i ŋ ŋ ʒ
ʃ u s s k o
n e f f d k k a i s s u
ʒ i l l l a j j a d d a i n n
g a e w w ʒ j i
k a j j o j j d w o m m m
k e : v v v g g a ʃ ʃ k a :
o j j u : o r r ʒ a k k k
ŋ u m m i a s s p u s s
l l u m m o e l l
a m m u d d o u g g a i f f e
b a : s s u
a s s t u : j j o r r ʧ a
ʒ e l l d u a g g r r a s s i d d
m i : t t r r e
u j j k a : l l u w w s i k k o
e u f f
d e n n p o j j p i r r r k a ŋ ŋ b a : ŋ ŋ
l i j j n
t t o ʧ ʧ i : w w b r u j j
b a v v t n o ʃ ʃ a b b
t e m m m a i m m p
b e l l ʃ r i
a n n b
a i n n p u d d
g m o i g g i t t
s s a l l ʧ i
e j j i r r u a n n ʒ e :
e s s s r o r r r u f f i m m o
ʃ a r r g v e m m m
v a n n b e : v v u s s b o
m a l l ʧ r i f f f ʒ a
f a ŋ ŋ p d e o f f o
r e ʒ ʒ w w e w w b
o ŋ ŋ ŋ e u o u ʃ ʃ t
r i m m a : b b b u w w w a
m a ŋ ŋ ʒ o j j g
e o : r r i f f o :
p a : d d o g g
s e m m ʧ
j i m m m k o r r r
n u ʒ ʒ ʒ ʃ ʃ i t t
m e w w a l l ʃ e
u ŋ ŋ d i d d o m m u ʧ ʧ ʧ
p o m m d ʒ o u ʒ ʒ a e
r e : w w s i g g g ʃ o l l ʒ
ŋ u j j e ŋ ŋ ʒ o j j
n u j j v o u r r o u s s s i g g
p n a w w i j j a i ʃ ʃ ʃ
ŋ ŋ o m m i n n o k k k
ʒ o f f f k o
e i d d u ʃ ʃ d ʧ a i g g
n n e : i a n n n e k k
f e v v p a w w n i
b e ʒ ʒ u ʃ ʃ a m m a
ŋ u g g g a d d
e : ʧ ʧ
v v i e l l i m m i u w w w e
o ʒ ʒ ʒ ʃ t a b b e s s t
t t i g g e : o u g g a t t
a d d ŋ ŋ u f f f a : s s k j u
r o u t t
ʃ ʃ e ʃ ʃ k o b b
b m u t t w r e
ʃ ʃ a j j g a w w w a i ŋ ŋ
a f f g a w w
ŋ a ŋ ŋ u j j d e :
e k k k e i v v
ʃ u f f f u s s i ŋ ŋ e i s s s
ŋ e l l e n n g a s s ʒ ʒ o
m u g g u n n u l l f
r i g g g v v o j j i
b e r r ʃ v i w w
d e b b o r r ʒ e
o ŋ ŋ k a v v t ŋ i j j g
ʧ a ŋ ŋ ŋ o l l s
ʧ i ŋ ŋ u w w d o
b e g g o w w p w e
a k k k o ʧ ʧ g g a r r k o
v e w w d
k o : ʒ ʒ ʒ m p o v v p i r r a
b e ŋ ŋ e j j j e i
s o r r d o w w i l l ʧ e
w a i ʃ ʃ ʃ k e m m k s g o s s b
a r r ʃ i u g g u
u v v p i w w l l o
ŋ e f f u v v o ŋ ŋ ŋ o
i v v v b a r r ʧ o
b a f f g i a n n e
u l l l a m m d e
m o j j u w w o ʒ ʒ
ʃ o u b b b o u ʒ ʒ a l l
u i f f u ʒ ʒ ʧ ʧ i
ʃ r a j j u b b
w i w w
d u : ʒ ʒ ʒ i o ʧ ʧ o ŋ ŋ
b o : ŋ ŋ b o n n
d o l l i s s i : ʃ ʃ ʃ
p a w w t i
s i n n n ʧ o
k k a ʧ ʧ o :
b e : f f o u ʃ ʃ
k k o g g g j u ŋ ŋ a
u b b o ʃ ʃ g v a v v i
e w w ʒ d e ʃ ʃ o a n n o
k e i k k i o
d a : t t t l l o u ʒ ʒ
i ŋ ŋ e d d a d d i r r r f e a
k k e ʒ ʒ u b b
ŋ u j j ŋ ʧ u : v v k
k w e g g e r r a
n u ŋ ŋ o f f k e v v o u m m m
f w o m m j i k k
l e w w w
t j a t t m ŋ ŋ o k k i
s e s s a n n p i
u t t t w i o f f f i l l o
t t e w w w a l l g i ʒ ʒ e
t e ʒ ʒ ʒ j e l l g a ŋ ŋ
p o ʒ ʒ i t t
v a ʒ ʒ u s s s u ʃ ʃ d b u k k
ʒ j a g g r u v v
n n o k k i :
u o : ʒ ʒ a r r f i k k i l l
r e r r s l a d d d
m o u j j ʃ u t t t w s a
k e i e i t t i : l l u m m
b u ʒ ʒ i a j j g
r e f f p
t a e i r r ʒ u w w ŋ o l l u
e i v v e l l ʧ e w w v u ʧ ʧ u
r u ʒ ʒ e a j j e
d e i j j j o l l i
ʧ i a v v i l l p o j j b e
r r u t t t ʒ i j j d
p a j j n a ʃ ʃ
ʧ u ʒ ʒ k i : f f f ŋ a j j ŋ
n a ʃ ʃ b r a v v v
g e w w n o u t t o t t e ŋ ŋ a
u w w o : ŋ ŋ
a s s s p i t t u r r u
s o s s d e
k ŋ i v v v e
t o s s i v v d a g g g
s a j j u b b a l l o e :
m e m m b e ʃ ʃ a l l ʃ a :
b u ʒ ʒ k o g g g n u
w o v v t b o u ŋ ŋ
i r r d f e l l
ʒ a t t t f e ʒ ʒ
s r e g g ŋ e m m m
w o v v b o u s s t a
ʃ e w w w v e r r s a r r
n u m m o m m k a b b
d n a i ʧ ʧ i :
t w u f f e
f i n n n i g g i j j ŋ i
j u v v v g i
f f o v v
o i j j k
j e : v v g a b b i u
g g i m m m r a v v v
s e j j i m m k o t t t
b i ŋ ŋ ŋ u ŋ ŋ g e
b i w w ʧ e i r r ʧ i ʒ ʒ ʒ u m m b i
f o l l d u k k e w w a b b
r o ʒ ʒ ʧ ʧ o f f f a b b
g e n n n r r i :
r u f f i w w s o
ʒ i n n k a l l a g g g
p i f f ŋ ŋ a i w w g v a
f e i ʃ ʃ k o
s e l l ʃ k u
n o d d i w w
i ʒ ʒ o n n n e l l f
r a : k k o l l
m w o v v v l i b b m
ʧ i g g u o u v v k o u o
s i k k i
g a t t o ʒ ʒ ʒ v v o ʃ ʃ t r ʃ u
e s s e m m e r r u s s
ʧ v a d d w i b b v
ʃ e k k k e j j g o v v u
e s s u : ʒ ʒ i v v v
v a d d d u m m a
k o g g a ŋ ŋ i
u a l l d d u : t t i :
b f i k k i b b u : t t t
v u w w ʧ a ʃ ʃ ʃ
r a : j j n u w w o
d a t t t d u ŋ ŋ p a i
p o l l b a ʃ ʃ k u
ʧ ŋ a i m m i :
n a : b b u r r i r r ʃ e o
d e ʒ ʒ ʒ g o m m p
w i m m m o : d d o
ʒ u : k k o r r d u r r a
v e : b b i r r s u : ŋ ŋ
d i f f k e ʃ ʃ p
s w o : ʒ ʒ r o k k u :
ŋ u n n o
j o ʃ ʃ p o w w
r e : l l d e f f k ŋ e j j j
i s s b u f f g m o
o u : m m ʒ ʒ a m m i j j
k r e l l l
w o n n o t t t e j j b
ʧ ʧ a e v v
ʒ i l l p o a ʃ ʃ ʃ
l l o ŋ ŋ a j j u
t e v v ʧ e l l e f f
f a i l l a b b
o i ʧ ʧ i n n k e w w
j e i v v t o j j ʃ
ʧ i ʒ ʒ e
u r r p g a : v v u b b
ŋ a ʒ ʒ u
i r r e w w m
t o : m m b e
m m u g
i ŋ ʧ o v v ʃ u w m e
ʒ e : b b ʧ o u v
j e i p i p a : ʃ e i k
k s i ʧ n ŋ u m
v o u w k e i w t m e
k k a b
u s o f e m i ʒ
a r d o u d d
f i j f e b b ʒ a w o
v v a i ʒ o : ŋ
k u ŋ o : k a m u
n e r b u
n n e k e i t
k m e i f l e
f f u l o m
k e i l b e s s ʃ a r b e
i r r v o
o n d a i
v u n b o f i
f e : e l g
ʒ a
p n o b w i : b ʃ e ʃ w b a t s a i
w i o w v a ʒ i ʃ
o s p i l ʒ p o
ʒ u b b r a m m
j a d d m i ŋ ʒ e :
v u j v m i o
m u r
d u j v u :
p i m g i m o r
n o j v e w o m a v u r
k l i ʒ
k k e i t t
ʧ i t t ʒ e w
e ŋ a m o w ʃ e a
ʃ l o ʒ e i v u ʒ e
v a : v i : r s
t e ŋ o u j b e n i ŋ
e i d u ʃ d ʧ a i g
t v a ʒ r e ʧ e
s e d a ʒ a r p e :
d u ʧ i
w u a j e f
u k
v v a w m a m o u ʒ i m
w a ʒ i e f f ʧ o
ʧ w e ŋ o d
ʧ o u ŋ d e r s i ŋ o u
m u r t a b i l b p e a
ʧ e j ʧ
f f o v
ŋ o f k a s
b o u m a t t d u : j t u
k m e i ŋ e
k k e ŋ ŋ ʧ o r a
a o ʃ i ʃ k j n a
v j o b v o ʧ r u
u ʒ k o g i r k i r ʧ u
e j
i r p j o : t
i t e a i f a
e g a : f u v b o n
p f i d e t ʃ i o b f o j
o ŋ ʧ i d a e a i v ʧ a ʧ ʧ
k e : t u j k o n
n e : i
g w u ʒ o ʧ
b u v v ʒ u n t e n n
ʒ o l k
p a j n l u
r a s p e i v
ʧ u l g i : ʒ
i j a i
o k o n b l o
u : v u k o
p n a t a n a
g u ʃ t s u e r i a i s e
ŋ i : j ʒ r b a w k o m k e
r a r v a ʃ ʃ
i r ʧ g i t e
ŋ u o ʃ u s g i ʒ
n o u ʒ u
t a : w d a
s w i : b o t i
a : ŋ t a n d a ʒ e i
d o : w i o
d a : v o b a i r
m u g u n u l f
o : f e b
d l a m o u
ŋ a : a l a
k u : u k a n
d r o v a g a
b r a m e
ʒ e : j u :
w e v u w ŋ e ʃ e ʃ a
d w u g s ʃ o t s
ʧ e i r p t e ʧ
u r k e : j e n a
u j p i
k o a s g
ʃ i ʒ k o n n
e ʒ ʒ
l a j ʧ l o
ʃ e a
j u d i g
k k o t
g r i b j
s u j v u m i
p n o l o v w e ʧ ʧ
r o u p
ʃ e i l e n
p i m g a ʧ o d
ʧ i : r f
o v o m t ʒ e m k u
a j e r
v o ʃ a i ŋ
f o d d v u n
g a j f
l u : w n p o s
n u ʃ a v o a f o ʒ i
d i ʧ i
e n b i ʧ u r f
a s u r r l u
l l a i ʃ k o
e ŋ t a : e j g u :
s o l d o ŋ t u f
r r u ʃ t o d e m
g v i ʒ ʒ g a v o t
ʧ o ʒ t m e i d
o ŋ k a v t ŋ i j g
e j u ʒ e : v t e
f f a f d ŋ o v p a r r
ŋ u v v m o j f
s j a n
ʒ ʒ e b e v ʧ e k u
ʧ j u w i v
d u v a p u f k u n n
a o m b m o a ʃ o u
u f b w n e
ʃ e p p w u n ʧ u
b b a l p o : n ʒ t a
ʧ e ŋ
t o u b
ʃ e w w v e r s a r
e b o : l i b a u ʃ
p e i j n r u s s n o u n
g o ʃ t u ŋ o w ʧ v e
n e ŋ ʒ e i d d
g a : u f b u f o w s
p i r
d a s d i g u
ŋ u ŋ ŋ
b u ʃ p u m
ʒ m o w a e
ʧ j a ʧ e : p l a
o s k u ʒ e ŋ g e
r o ʃ k a i ʧ ʧ
d u a k e r i e ʧ
g i f a : ŋ ŋ
l i ʧ o r e o
ʒ ʒ e i s i
e s d p u f a ŋ
i m ʒ
g i v p a i ŋ
ʃ u ʒ k j o p i j i
n a ʒ ʒ v e
m a ŋ u j d e n a t
i l t w o
b e : f o u ʃ
t u
ʃ o r o e l ʧ
r a f u j s u ʃ ʃ
p o n k a ŋ
e l l
v i ʒ a o u j u
f e ʧ a
w i e : ʃ
t e w o j k u n
a : f u l d n k i
a t a i v i j o e
u r r ŋ i : r v
e l ʃ i : t
ŋ w a i ŋ a i s
u f a i ŋ u l ʒ u
m e d i v e t
ʧ e r r
i n a :
u w i k
j u : d o ʃ p i
a t
j o j o m k e
e j f i o
l u f a
s s o f t k e
d r e v e k u k k
n o l k u r f d e :
b e r p a r e k e n n
j a i j ʒ u
t o ʃ t f e n e i m
w a ʃ e : j g o s a i v
v e s s n a m ʧ e m ʒ
o : ʃ k e r u
ʧ a i s i o j a
ʧ ŋ o u p ʃ o t o ʒ w e
p a j b u m i v i
j e ʒ a p i
m a i ʃ t u f o : d d
ŋ ŋ o t a
ʃ e t a w p e i b u
ŋ u f e
b b a f u w v e r
b m a d v o
i l s n u n o : m
ʒ o n t o m
d e : w ʒ i ʒ u
j i t e f i r g ʒ i
ʒ i p o g o b o f p
l i n a m i l p a i
g u d e f f j o a n u
r r i m b r o : v p k e : f u
o t t ʃ i l b e w
r o u ʒ o : b u a s a r ʧ i p
s u f t i ʒ a w a :
t o d o k
n a i r t u ʒ t r u g
k r e l l
w u ʃ e g a n o : d o : g
a i f p u p
r u ʧ o : d u
v u v o d a
r e j s k i ŋ o r a i ʧ
b n e ʃ j b e i g e s
k e ŋ ʧ e l f o : d
p i m
k o g a ŋ i
a j m o w d o p e : k
k e b u j ʃ ŋ u
a u : l t u ŋ b o w u p
ʒ r u f a p l m i
m i w o ŋ t
r o t i r ʧ o s p b e d
p l u g
g i r e
o r k o l e : w e r
p o ŋ k o s g u w d o :
i v k u
ŋ i m ʧ o d a l g
v o s e
i ʃ d o d e v g o k
ʒ e : t o
p p o j m k i ʧ ʧ
k o ŋ o : ʃ t a f i
p u : b b
p u r ʒ m u t t n u
v u p p r i o k i
ʧ a : d e j u a e i
p a w b f k e : j
r e i f f n p i j b i s
m u p u j k
i r e r
v e o u t a w g i l p o ŋ i
j o f
e i ŋ g e v v k i
ʃ u d u n d e i f
f a ŋ p d e o f o
r o u b
ŋ e f o ʃ p o d
ʧ o j ʃ u
e : o p a g a
i ʃ t o e
u ŋ d a l p ʧ o ʧ u
n a e ʒ e k e r p e
i ʃ b e
v o ʧ e i f k s i f g
b n o s a ʧ e v u r
e k e ʃ e g a t
d a ʃ u w p o
s i k i
j a s s
d e ʧ a v o u
g a ʧ a
e d u j ŋ o : f u s
n a m e : j f t a b
t t e f i ʒ u j m a
u ʧ u : m p i ʃ ʃ
m o s u : r k u m ʒ o l
l u : w e v d e n t e
o l g a g i
w w o ŋ g o n t e s e
e p o
w i m m
k n i b i l i f
g u m m w k o
e i j ʃ a w e n
f f e ʧ i m k e
p m a t t ŋ e p ŋ a k i
u e i ŋ t u o r v i
o u l ʧ u ʧ
ŋ e ʒ p t u t t
o n i :
i d o w n v p o u w w
o p a w b e
a ʃ b t o i p u v g e t
ʃ o t a s g i v
m e i ŋ k a
ʧ e j
ʃ i ʃ o u r e t
l o n d e i j j
g w o t t ʃ a i ʃ j r e p
a s g u d u g e ʃ b
d a : d o r i f i b e b
s e d o s i s o g
u w ʃ a i v i g
ʧ i w o m ʧ u
b e : n i f t u ŋ e l
m a v g e ʒ t o
f e ʃ o w s
p a p o ŋ a l a i
n w i l l r u ʃ j n u
p i l ʒ
e ŋ k a r i
ʒ a w m e
s j o k u
b ʃ a ŋ j e v o u o w i
e m e i m g a : w
r u j s e j t l i : v
e n k u i n g o :
r e w t u v p s u ŋ
g i w d ŋ a
w u f
p e i ŋ ŋ s o
g e v u v p o s k e t
i b
k v a i p p
o u l k w e : s
p v a
r o d i t i
s o ʃ p f o e w w
t u a f
n i g g b o ʃ
t e i j ʃ o ŋ a i j ʃ o
ʧ r i p u ŋ w o g
a l d a ʧ
ʒ ʒ i ʃ e ʧ ʧ p i k u
v a i j d e i
e i ŋ a l
ʧ ʧ i w
r i l t i m d e : p i
k a ʒ a u v a p e i
e ʒ
a s t u : j o r ʧ a
s e l g o
b e i e l u m a :
ʧ a ŋ i j m e r
a ʃ
a i ŋ t p e
p e r o v g r a n d i d i
o ŋ t i ŋ ʒ
o u l u
t i m u t t
d j o u
f o k e g
w a j d i j t a : g
k i a m d j e w
l e m k m a p i
o s s d o m m k a b u
b a v g o j e l k u l o f
ŋ a ʒ u ʒ o ʃ e
e p e i ʒ k e m o s
ʒ o u r b j s u
o r
l e : p u f g u
ʒ ŋ e a k
b a p i : t o ŋ a r r
a j a f i s u :
p p i ʃ u
ʃ i f a f t b u a g
ŋ u ʧ u r i g g
s j i k o p o s r a i g
ʃ u j k o s k
d ŋ e ʧ o
ʧ u ʒ e s i ʧ
f o : t t s o u ʧ
e : f k i w n o e u ŋ g a i
b ŋ o u ŋ w
e s o m g u k a r k
a r e ŋ d i
b a r r j u d a i ʒ
k e : r ʃ a i n ʒ v i
i l d i ʧ a w k i a g
f f o b o j
t o v k u a
j a j g ŋ e i ʒ a f
t a v k e i w m s u
f i r o ʧ a j a
d e
d e i w p d o w p o
e s p e i r r d u n p
ʃ e v v ʃ u e ʒ
d a j s o f f m o
t ŋ e r e v
ʒ r o r r
u ʃ p m i j t a f
k m u : k e t n
d f o a m j a o
r u w ʃ e : e
l l u : ʧ
f e : e i
ʒ a ŋ ʧ a l a s b ʧ o
d o k o s a w ʧ o
r i j a l b o
i r i n p a i ʃ
n n e : f a j
b i : n a n e :
e m a ʒ o d i v t i
a f k a i e ŋ e i ʒ k u
b a m o i w a : d
n a k k g e l
m e : o ʒ ʒ l o
ʃ w i p l u b u g j g e t o
a n d i : f g i d
p f u t o t u ʃ j ʃ r o u
r a : j n u w o
k e i
p l a l e b a k r u d j
ŋ o m k o u j f
ʃ e u f a i
ŋ ŋ a i ʒ ʒ ŋ i a i n u s
s u l e d d k a :
k w e g e r a
f u ŋ ŋ
ŋ e r f j o s g b o
ʧ u ŋ p u p e w g u ʃ
ʧ u r r
ʧ ʧ o u ŋ u s p a
n n i v e ʃ a
ʒ n o n w k i s a
ʃ u a : w t l o u n u
g i w ʧ w e l ʒ v k e
g s o u d d
v a i g g
e m ʧ u w a s u ʒ p
s a j u w f i ʧ ʧ
v u : j a k k
o u v
j u j a r o k k
ʒ u j k e n u
k e : l o l e ʃ e j
k u ʃ k i f a ʒ k
l u e ʧ o l i k o ʒ
m e i d d g o j
w a r o u m m
w u ʃ
ʃ o j f ʒ i d i
d a f g a w b a n t e j s e
j a j g o
l a r i w
n i w e i k e
o f e l s w a i r
d e s b u r i o l ʧ e m ʧ e i n
k u : t i p i r d o l e
b e r b s e j ʒ o a k k
o f k a p a
t ʃ o u p
d o b a g g d i l ʧ e v
w i n u j i j n ʃ i : b b
v o u
n u s d i ʧ u g o
u r g m a o g g
t e ʃ p e m o j a
k w u :
r u j m a i d a s
ŋ i ʒ p n e ʧ
t i j j w d e l k e
ʃ o ŋ a o v u
ʃ ʃ e i r s o m m v a : v u n ʒ a
u m ʒ f e j s ʃ u i u
i e
v v a g g
a j t
n n i w d i p i r p u k
g e l i ŋ u ʃ g u ŋ ŋ
g e : n p d o
p p u n
b u ʒ k o g g n u
b e ʒ ʒ ʧ o r d i g u :
i m b a : k i m p a
i ŋ k t a : v a n k e ŋ a i ŋ
ʧ o n a ʧ o m
o ʃ ʃ j i
m u g o ʒ o r i s
l a w d u j k t e w ŋ r a
ʧ j u
ʧ ʧ a ʧ e i
g l u ʃ
f r i g e l e k f e d
o p i g u l g
l i ʒ o ʧ e i a j
ʧ a n ʧ i e
w e l k i : i k o
ŋ i ʧ a v g
k e i e i t i : l u m
ŋ e m
m w u o j a i u i : w
m i s o j j k a g a
a d d m u m g u i u
r a m g w n e i u f o
r o f
f o l i
r a j j v i ŋ i
ŋ i v v l e n
ʃ o u w f i j j
a i n k a ʒ
v e r v i
l l u m o e l
m o u i w w
g o u f a
d v i t e n n b u : v
ŋ u r ʒ m a n t
k o f
p u l e f i m
k l a g j d e w
u p e j j
ʧ ʧ i k u j a
m i n p ŋ i ŋ g n o p
v i r k f u
g o : m p e k u m g o
l i g u j p m o :
t o v k e m t i
ŋ w o
r u ʧ i p a r ʃ r o
p ʒ a : ŋ j ʒ o s o g
u ʧ
a ʧ e j ʒ e :
ŋ a ŋ o j o ʧ a i m b e v a
p u w ʒ e s b
ʒ i t a
d u o j t
w o : a ʃ
ʒ u ʧ a w i ŋ
e i e ʒ i ʒ
ŋ a f t i n n
ʧ ʧ a ŋ e : n n l s e ʒ
b e i ŋ o :
ʒ ŋ a m a
s u n n v a g
t a g i : s d ʧ o : s s
a l
ʧ e v k i r e
k i j j
s l e n o g e l
i p i k a ŋ a k a : ʃ g i
l i k e ʧ a r ʒ e m
o r i : l
m e b u m ʧ
i t i t a : b b
s e r o r e
l a e r ʒ j u b b
k k o g g j u ŋ a
v j a m a
p l o ʒ l e m a i :
s s e ʃ o r a j ŋ
g i ʃ o ŋ d e i k
t ŋ e k ʃ a l a
o t e s b i ŋ i
ŋ u r a g a
g a : k i m a
k o : l o ʃ a
ʧ a ʃ
a k u r f
v i w a i b
o w f e l ʃ e : j ʒ i j
p a i m d
ʒ e i s d a m o n i
j e : v g a b i u
ŋ u j ŋ ʧ u : v k
e i t e w o : w f ʒ i : ʒ
u l
j u v v g i
t t o f f
m u w v o : s t a s b ʧ i
j e n u : v v
ʒ e v g i ŋ i e ʧ a
ʧ o a : ʃ ʃ
r a ŋ e i j p i u
m i r ʧ ʃ u j u d
g g o u k
l o u s u :
k a g e w ʃ u j o :
m o l t a p u b
n n o s t
b u w a ʃ ʃ b o
f w i m u b ŋ e f a
m o m i w a
v w e o g ʃ
u v a s b e a : t t
ŋ ŋ e i v v m i
ʃ i g i g o s p
a r k o u f u ŋ
ʒ ʒ a s e u g g w u
t u : d a i o u
b i ʃ t n a n b a ʃ
b e : j g
f e o n n
n o m m ʃ a t
n a f f
ʒ ŋ u
w a : n g o ʒ o : k
u w d e g u t u r d i b
ʒ o v d m o ʧ a
k r o
k o u g g
ŋ i r i k k
ʒ u : j p r u s k i :
n n u r ʧ o g u : ŋ o u
j o f d u :
g a i l f a f g j o
i
s s a i w
b u : ŋ o f b
b u n
k j e k e : ʃ
n a m m
a b b k e ʒ ʒ
p a : g i ʃ o
w a o m t u a ʒ
d i : l e i l f u
k u v i ʒ e : f u b e n
l l u d e ʒ t u ŋ
ʧ u : d d n ʒ u
k e j ʧ o ʃ
k i w s a w n j e f b
ŋ e l s i k
ŋ ŋ i :
u ŋ d i d a ŋ a l
b b u k a
ʃ ʃ o u ʃ ʃ g u
ʧ e l b u f g v o
w u j v a o ʒ k u j m
u : k
v o k i f b a
l i : r f i d i s a
d o i n o m m r b i
ʒ ʒ e b a
n a ʒ u
t a ŋ i w k i
p o n e o j i p a
g u ʃ p u w ʧ a m
g a ʒ ʒ n u e
u l g ʧ u ʧ a i g
b w e i k a n n
n i d u n u
d d e g u d o
r r o ʃ t e
b e v p e f g
m o v e i d u j
e l d i ʒ t a j d a
ʒ a n g e
ʒ ʒ a d o j a i s g o ʧ
j a i ʧ ʧ
u j d u l ʃ ʒ e
v u d u s s ʃ i ʒ a :
g i w v i
b s i s j i l u
k i m k e d i n b
s e g u g o u j b ʧ e
n a : j t k e i
ʒ o l ʃ i u j ʒ o s o s
d d i : r u e ŋ d
v e m g a ʃ ʃ
k e n i t i b b
k o w a w u m d e
v i r v a l t u
n n o k i :
ʧ ʧ u ŋ
w o i u d u n b u
b e l l ʧ a ŋ b o s s
s o
n a : v v ʧ i
l l e k o n k
a n d o
w o w v i ʧ o ʃ ʃ v i
g i ʃ t b o
ʒ i f p i ŋ t ʧ i a ʧ o u d d
t u : b o u b
p ŋ o k u r
d o u j v o u m
m o ʃ i
o d o r ʃ o : w ʃ e
w u a l g n e s i g
ʒ u ʃ b u e
t v a i e
i : ŋ g i p p f a i n
f u ʒ o r ʃ r o
u
b e i e v ʧ o
r a n e v i j e i b u ŋ
ŋ a v i m e
f r i n w
t o
k a g e f
b e o ʒ i :
ŋ o u e m g r e f a r k a k
l u
j u j m b a s s
p p i j ŋ e i l
v v a ʃ e
f o : j j
i g i j t k o m ʒ u
ŋ ŋ e m
t w u :
r i : t o : v a
u : n n f a o u ʃ
j u ʧ ʧ w m u f a d
a j m a s s
v i ʒ a e i t a t
ʧ e i ʃ b e
ʃ o k i v
j j e ʃ p i : ŋ i p
ŋ i f k i ŋ u e ʒ u a d
ʒ o u w e b a d u
v a :
j j o f i r b a p
o g u v d o r
u m p i : ʃ e v
m u a i l k
v j e i g n i e
p ʒ u
e o b u p e : p p
n i o l ʃ o
n u : f t i m b a : ʃ o
ʒ i ʧ e m e i s k i ʃ
a r i s p i : s
u w ŋ a i ʧ
a r ʃ i u g u
j e a l s ʃ a d i
k i b i : v
o i ʧ i n k e w
o s b a v e ʃ
m e m a n i w n
p a i s u j a w b
a r r d e ŋ d
u s t u w ʧ e ʧ a
v r o u f f
ʃ e l e f d m o u j u
ʃ o ʧ ʧ
r a : o l p k u
ŋ i f k s a
v u m t o u m a i d o r
g g a ʒ t
k e
e b a v g i k
i ŋ ʒ i n u ŋ a
b i r ʧ
w a p i a r u
f o s o w i w o u ŋ g
r e t i : r b r a j j
e i n n r e
r u s t a v e i ʃ ʃ ŋ u v p i w
n u i : ʒ e u p p
a p a i a l k ʧ e f b
p p a i j n v i d d
u n i : l i ʃ k e :
p p a : a : r f a g g
p ʒ o s u : s e j j g i
o g
b e
b o f p a i j
t l e ʧ a i n n
k e b
e ʧ e
e s g i ŋ a o s u
a i ʒ o ŋ g t u d e
a f p r a j o
t s o : n j f a f
a i g g
i p a t u l p e
j i o
e f o j u
r u ʒ e a j e
i : w i
u v v k u j i
t i w o : s e
o u f a :
ʧ a ʃ b w m o w u r t
u r p g a : v u b
t ʒ i ʒ l e i ʃ i
j o l a
d l e w w ʃ i g ʃ
j j e g g s a i
b ʃ e ʒ e i
n e f d k a i s u
ʒ u w e : s g o p a ŋ
a d i : m b e v o
w a r i ʒ e w w g e k
b e k j i f k u s
k ŋ i v e
r u o n e
p i j k e b u f u
u ʒ i l g i e j e : w
k e p e w w e i ʒ t a ʧ a
ʧ e l e i ʧ o ŋ k a ŋ
s e l k u k a
n o k e j i w
ʧ ʧ o d i : m e
b e m g u f u k o r
u n u
ʃ u : w o v g o ʃ g r a
ʧ u ʧ n a ʃ e r f
b u d s u
w w i l a k k v e
l e ʒ a f p
r e ŋ g e : e i
n o n ʧ a i k o :
ʧ o f g f a
e ʧ ʧ j o j l a d d ʃ a
u i m e l f e j o m k
s s e t t d e r e p u r u
g g e s w o
n i j e j j
s e f t a
n n e : i a n e k
u : r f l e ŋ
t o u t u : l e j v
s i m u f d w a ʒ o
j a d o v o j m e
j i t a i r a m
p e m d o p u m
p n a l l g o k k v i
k k o r d a ŋ u ŋ t e f d
r a r k i l l b o j v a : g
f e l u m p f u ʃ
l u : m n i
d i r i p o k a r
v o k p u k
n j e k e
v i ŋ j u
s e i ʃ g g o ʒ ʒ ʧ u
s a l e i m b u v
s s e f u v u
k i l l r o ʧ ʧ ŋ i v g
r i v o l a j i
f e n m a ʒ p m i
ŋ u w f r f a ŋ ʧ a w a ʒ o p
r o u d e ʒ e s i n a e
b o f a l d ŋ u s e
k u : b u
g a t o ʒ ʒ v o ʃ t r ʃ u
p p o s e d u :
n a w v e : d e i
o u w ʃ e m i
v a m u i
ʧ u ʧ o u b e
o v ʧ o u ŋ ŋ
ʃ e n e ʃ t
p i l i ʒ
s a m i n e j s i
s u j u : ʧ o a r a w b
b b a g o k
o u p e w u ŋ p o
ʧ a l ʒ e j b e n i w n e f
r i d d m ʒ u ʒ o v
a t l i j v u i ʃ a
ŋ e ŋ t a n
s a v t s o j ʃ j o :
s a i j t o n n g i ʃ e
u : l g e :
l u j j o u l ʃ e ʒ
ʧ o u ʃ g o u
a l o j
r i g g v o j i
w e f p f e ʃ e v t o
u i d e l d o f
ŋ i m e w i n
r r i ʒ a i v u ʃ
j i j j a
a ŋ ʒ v i n e
r r a i t t d e i n
d w i m u ʧ n
g g u ʒ a k w e r o u
j u r a l b ʒ a m b o r
o : g g e d d
ʧ i b o ʃ b k a r v
e l e ʒ ʒ g i d e ʃ u
w i j g e j e i
j u n t i ŋ o r k t a ʧ o
ʒ o ŋ k u l p ʃ o v ʧ i
p m u k f u m i a ŋ j u
b i l o ʧ ʧ
f r i k n o
g e n k e m k e b i
s u ŋ a : j
ŋ a w u ŋ o u : f g
j i a ʧ u :
ʃ i r i b t o n
e i ʃ b k u a : w ŋ i p p
p a g n u
w w o n u j a i
d u d d ʧ o
k u b i w u l u v t i p
e ŋ i : w a i
t e p a u
m m o v a ŋ a
ŋ ŋ a ʃ u p o e ʧ
g e m u w u ŋ g u ʧ
g i a n a : ŋ a s u :
w o ŋ d i ŋ o t t
u ʒ i r e m g u s a j v i d a
v a s a
ʧ ʧ o v s o b
g r u s e i r a g u b ʃ u b b
i : l e ʒ a t t
n a n u k i e i ŋ b a ʒ k e
f u r o s k a e
p o l i w e m k i j p e
d r u l o p ŋ a
k e n o ŋ u p u f i
f e ʒ ʒ v o n b e
ʒ i ŋ e i ʃ u j e r
u m g u s d a s s a w
e f f v i : v o
i g i g e ʒ t a
a ʃ k p u p o j
b a g l u t o
m u : v d o i ŋ a
r r i n j u j g e ʃ b
r i v f e s n e i
ʒ e ʧ i a
o ʒ k o u ŋ g o b i m a
m u ʒ e s k r u v b u ʧ a
ŋ a ʃ i n b a i k e m
a p e : r i n
ʃ a l o
t i r k a b d i k e s d
ʧ o ŋ ʧ i k o
k o : t i
e i p u f g e ʃ e g a
e t o : j ŋ
ʃ ʃ e g j i p
d o m u : v a f f v u v
e k i u f b
m e i l b u ʃ e
r e ʒ w e w b
o w ŋ l u l g a
a i k i s n e
a s o k a : v v
ŋ u b i ʃ p u ʧ ʧ t i
j i r b a f e
l o : f u ʧ e s o
k j a : j e ʒ e g g s o
k a f g u ʃ t o : w d a
r o j ŋ u f o w n i l s u k
o j a i l d o l e :
ʧ i r v u ʃ ʃ l u
ʧ e f u ʃ k o
ʃ r i f l a b a
ŋ u g u : w g f g u ʃ ʃ
ʧ a ŋ o l s
ʒ ʒ u ʃ d i j e
g u l g i t u m ʒ
b o n g o w p i r r
f i ʧ a n g u
e : g i :
e o p a j ʒ o : f
u r ʃ f e l ʃ o s a
m u j o : b
b e l e w o u ʧ e i
a ʧ u : f k u a n b e
e t i ŋ a
b a l s f o u w i j k a f u j j
n o ʃ i n i ʒ e ʒ u f
v v i e l i m i u w e
ŋ u b u d i
ʧ u p u r ʧ s a ŋ i :
a r k w n e ŋ o l p e
n n i ŋ ŋ a i
w o m e j ʒ a
ʃ i l i p p ʒ o e u v e
n a i g u ʃ u
ʃ i : a : r i
f e i ŋ u ʒ e i
m a ŋ t i ʃ ʃ e r
j a o w v m o t o p
b o w n i n i
ʧ e i p o r a e r v i n g
s j e ʃ o
b o r l e
d u : ʒ i o ʧ o ŋ
d d e i t o : v e
b u n t o k o :
j o u v d o g g p a n
n n i : d i : j ʒ s e r p
u m o ʃ u g u ʒ t u m b e
e a p p m m a p p
e o p p p a j j ʒ o : f f
e o b b u p p e : p p p
e i p p p u f f g e ʃ ʃ e g g a
e i ʃ ʃ b k u a : w w ŋ ŋ i p p p
e w w w o u ʃ ʃ b o r r v e p p e
e p p e i ʒ ʒ k e m m o s s
e p p e l l ʒ o ʃ ʃ t a w w ʃ o
e p p e k k
e p p a s s t a o : ŋ ŋ
e p p o
e p p p e b b b a ʃ ʃ ʃ i j j a
e p p p v u ŋ ŋ e m m m a
e j j e o : j j d e p p
e l l u t t t o p p
e r r u b b n n e w w p a : p p o u
e ŋ ŋ i p p o
e k k i p p p o p p a t t e ʧ ʧ ʧ a ʧ ʧ
e : o p p a g g a
e : ʧ ʧ a p p e w w ŋ e f f d i
a i w w u n n o p p p j e i j j e k k
a i p p p k e
a i v v v i t t t u r r o p p
a i l l f i p p
a i f f p u p p
a u : l l t u ŋ ŋ b o w w u p p
a w w w t u s s b e p p
a p p e p p p u ŋ ŋ a ʃ ʃ u
a p p e ʃ ʃ t o
a p p e : r r r i n n
a p p a i a l l k ʧ e f f b
a p p u ŋ ŋ p w o v v
a p p p a t t o u
a j j ʧ a d d d p p a e ʒ ʒ ʒ
a j j m o w w d o p p e : k k
a ʃ ʃ k p u p p p o j j
a ʃ ʃ b t o i p p u v v g e t t
a r r e p p k k i
a n n n n n u p p e b b o f f k
a n n t i b b o u p p
a : p p u t t u m m p
o u o ʃ ʃ i p p o :
o u p p o f f o w w n a ʃ ʃ p a p p
o u p p p e w w u ŋ ŋ p o
o u r r ʃ i p p i t t t
o u t t u p p p e
o p p e w w g n o
o p p a w w b e
o p p o : n n ʒ o
o p p i g g u l l g
o p p p a i r r i
o p p m m a ʒ ʒ t t i w w p g u
o l l g e p p p u j j u m m i
o n n i p p p o ʃ ʃ o
o f f k a p p a
o ŋ ŋ e p p o r r
o : w w p p i w w ʒ i d d d a i
o : p p u w w v i
i u p p o : n n n n i d d e
i w w v e r r v o m m a p p u o g g g
i p p a r r i ʒ ʒ ʒ
i p p a t t u l l p e
i p p i k k a ŋ ŋ a k k a : ʃ ʃ g i
i p p i : n n
i p p ʒ ʒ e
i p p m m e i w w n
i j j j ʃ e i p p e w w a m m m
i ʃ ʃ p p a i g g g p i k k k
i n n a p p p e : ʃ ʃ u
i f f m m u i t t i p p
i : ʒ ʒ a ŋ ŋ k e i p p
i : ŋ ŋ g i p p p f a i n n
u w w u p p u b b u
u p p e j j j
u p p p e b b
u p p p o b b
u p p p o : m m
u p p p u
u p p f f i
u l l ʒ a i v v b u p p e ʃ ʃ
u ʃ ʃ g i g g g b o p p
u n n i p p e ʒ ʒ
u s s i p p p b b e
u s s p o k k k a i m m g ʧ o p p
u s s s s i g g o u p p
u m m u p p e r r o : s s s n i
u m m m w o u v v o p p p
u k k i : o p p a
u k k k w a i b b b p p i
u t t ŋ ŋ u d d e p p
u : p p p ʃ o ʒ ʒ
w e p p p a ʃ ʃ
w e m m e p p e v v a n n k
w a p p i a r r u
w a : m m m r o d d a p p p
w i p p a t t
w u o i r r e g g e p p i a s s g e
w u i e p p a p p o i s s
w u p p u j j n a r r d d a g g
w u : p p a s s o ʧ ʧ
w w u w w ŋ o : p p
p e i ʒ ʒ p p o
p e m m d d o p p u m m
p e ŋ ŋ k l e r r f i p p e i
p a p p o ŋ ŋ a l l a i
p a m m m g e i p p
p o p p a l l e i w w k
p o p p u j j b a b b b
p o p p u m m d a
p o p p u f f
p o n n e o j j i p p a
p o n n o r r k u j j ŋ i s s e p p
p i v v d a g g o p p
p u : p p e ʃ ʃ o w w i j j ʧ o
p p e i r r a s s
p p e v v g i j j v a i m m i
p p e m m a i r r ʃ u a l l e ŋ ŋ
p p a i j j j
p p a i j j n v i d d d
p p a w w t a :
p p a p p o s s s o u
p p a j j ʒ a n n e ʧ ʧ
p p a ŋ ŋ a i
p p a : a : r r f a g g g
p p a : n n e
p p o j j ʧ w g e f f f
p p o j j m k i ʧ ʧ ʧ
p p o s s s e d d u :
p p i v v u v v e i ʃ ʃ
p p i j j ŋ e i l l
p p i ʃ ʃ u
p p i s s p a i
p p u e : g g a s s b i m m g u ʧ ʧ a
p p u a i g g
p p u p p e o u a d d u l l k
p p u ʃ ʃ u l l f
p p u n n n l ʧ o u d d a i n n g
p p u n n
p p u f f t ʒ e :
p p u b b a m m k o
p p u : r r f e m m e w w
p j e : ʒ ʒ a n n n p p u :
p j u p p v i d d s u
p j u p p ʒ
p l o u p p t t o t t a r r
p s i ʃ ʃ u p p o g g g a t t
p s i f f e p p m e : s s
p s i g g ʃ p p e s s s i ʒ ʒ o b b b e
p m e p p f t e ŋ ŋ a w w
p m a t t t ŋ e p p ŋ a k k i
p f o p p p u v v
p ŋ o s s u p p n ʧ i b b b i
v a p p p o j j ʒ
v a p p p
v a m m m w a p p u j j p i
v o p p e p p e f f a r r o
v o p p p b i u m m
v o k k p p u k k
v i p p o w w w
v i p p p l i t t u
v i m m d o a r r v i p p
v u p p o d d i j j j
v u p p p r i o k k i
v u ʧ ʧ u p p e
v u k k a t t o p p u
v u : j j s u p p
v w a i p p u b b a s s s e
v w o p p s b i g g ʃ u
v v a : r r p a g g e p p
v v i p p i p p o d d e i
v v i l l g ʒ o p p e
v v u ŋ ŋ ʧ e d d d a i p p o w w
ʒ e i w w s a t t o p p i ʒ ʒ o l l
ʒ e j j n e p p o l l l
ʒ e : a u p p a w w f e
ʒ a m m b a p p u
ʒ o ŋ ŋ k a ŋ ŋ t u : p p
ʒ o : p p u j j g b i n n k u
ʒ i p p a
ʒ i p p o g g o b b o f f p
ʒ i j j g v v i p p
ʒ u w w w e : s s g o p p a ŋ ŋ
ʒ ʒ i w w ʒ i ŋ ŋ o k k a p p
ʒ ʒ i p p u l l
ʒ ʒ i b b b a p p i
ʒ l e p p p u ŋ ŋ j e p p r
ʒ l u p p o g g f a e ʧ ʧ
ʒ r u f f a p p l m i
ʒ n a ʃ ʃ ʃ e w w w u p p ŋ
ʒ ŋ e i p p ʃ ʃ u k k k
ʒ ŋ a n n a p p l o
j e i p p i p p a : ʃ ʃ e i k k
j e ʒ ʒ a p p i
j a o w w v m m o t t o p p
j a w w i s s u ʃ ʃ e p p e i ŋ ŋ e :
j a p p e m m j j i
j a p p p o ʧ ʧ ʧ
j o u v v d o g g g p p a n n
j i p p ŋ ŋ i b b b ŋ u p p a f f k o
j i : p p o v v v v a n n n
j u n n g s i p p i : v v o u
j j e ʃ ʃ p i : ŋ ŋ i p p
j j o f f i r r b a p p
l e i p p
l e i s s k o s s e p p
l e i f f u p p a m m
l e m m k m a p p i
l e : p p u f f g u
l a p p e j j d i
l o j j o p p
l o f f e b b o s s u p p u j j
l l e s s s ŋ e n n o p p p a
ʃ e p p p w u n n ʧ u
ʃ e n n a i r r s u p p i : i
ʃ e b b b f o n n g e p p
ʃ a p p u l l d i b b u d d n n a i
ʃ o p p a d d e j j j ŋ e a
ʃ o f f k s e p p a i v v ʧ n o
ʃ i p p o u m m ʒ
ʃ i p p i v v ʧ o j j j u : g g o w w s
ʃ i p p ʃ ʃ i r r s u p p p ŋ e n n p
ʃ i l l i p p p ʒ ʒ o e u v v e
ʃ u e k k a ʧ ʧ o p p p
ʃ u p p e i l l ʧ p a i r r a v v t
ʃ u ʒ ʒ k j o p p i j j i
ʃ w o p p s s o ʧ ʧ a ʒ ʒ i
ʃ w i p p l u b b u g g j g e t t o
ʃ w u b b v u w w u p p s
ʃ l a p p e i j j o p p i d d
ʃ ʃ e g g j j i p p
ʃ r e ŋ ŋ j i p p
ʃ r e k k v i k k e p p e ʧ ʧ
ʃ r u d d n p p i r r
d a i s s t a : p p a s s e
d a i f f g o p p p
d o u j j ʒ a p p e
d o u f f o p p f f e ʧ ʧ a
d o p p o w w
d o p p u t t
d i w w t a j j g a p p
d i p p p m m o : p p
d i r r r i p p o k k a r r
d i : p p e ŋ ŋ ʧ e i t t a
d i : p p p
d u v v a p p u f f k u n n n
d v o d d d o e o i p p w a
d ʃ e p p m a ʃ ʃ e i
d d e p p p
d d o r r ʧ ʃ o n n a p p p
d d o : n n p p u ʒ ʒ ʒ
d d i n n e p p
d r u p p ŋ o u l l
d r u l l l o p p ŋ a
d n u ʒ ʒ i ŋ ŋ e p p ʒ
d s e i p p e b b b e s s u k k l
d s i g g r g e p p l o u
d ŋ o p p o g g i
r e p p a : s s d d i : i
r e p p p u : n n b ŋ a
r e p p p g i l l l
r e : f f o r r t o : p p
r a p p p e i
r a j j ʒ a p p p k u w w
r o u p p
r o u ʒ ʒ o : b b u a s s a r r ʧ i p p
r o u t t o p p i a
r o w w u ʃ ʃ ʃ r i p p p a ʧ ʧ
r i p p o f f i f f f
r i p p i ŋ ŋ g
r i l l t i m m d e : p p i
r u o l l ʒ u p p i s s s a ʃ ʃ a
r u p p e r r ʒ o ʃ ʃ g a ʧ ʧ
r u r r t d o r r o r r u p p e s s
r u ʧ ʧ i p p a r r ʃ r o
r u m m b a o m m k e i p p a j j
r r e i t t a k k o p p
n e r r ʃ u i p p o
n e f f t d e i p p o l l ʃ e
n e : b b a i k k e u p p
n a p p e v v g
n a s s d ʧ a j j n o u p p
n a t t o w w n e p p e :
n o : i ʧ ʧ u p p p u
n o : ʒ ʒ u v v i p p
n i p p a ʃ ʃ d e m m b
n u i : ʒ ʒ e u p p p
n u p p i
n u s s d a p p u e v v e g g
n w i p p a p p o u
n n o p p i g g a m m a j j b i
n n i w w d i p p i r r p u k k
n n i : l l p a p p e i t t
n n u w w w m i p p p a f f f
ʧ e i p p o r r r a e r r v i n n g
ʧ e t t e i s s o u p p
ʧ e : a ʒ ʒ a p p
ʧ a i p p e : p p a
ʧ a p p u t t e v v v o l l b u : b b
ʧ a v v i w w t n o j j p p a
ʧ a : ŋ ŋ k m u p p a p p
ʧ o e n n g i p p u ʒ ʒ
ʧ o p p u : r r d e k k
ʧ o : p p a m m m u d d a
ʧ i o a p p p b u
ʧ i o a p p d d u
ʧ i t t o u g g e p p
ʧ u p p p u r r ʧ s a ŋ ŋ i :
ʧ u ŋ ŋ p u p p e w w g u ʃ ʃ
ʧ v u k k m o u p p m o
ʧ j a ʧ ʧ e : p p l a
ʧ l e ʃ ʃ i p p
ʧ r o p p f f i m m
ʧ r i p p u ŋ ŋ w o g g
ʧ n o p p m u m m m d n i
ʧ n i l l o n n u ʒ ʒ a d d u ŋ ŋ i p p p l a b b w
ʧ ʧ e p p a j j e d d d
ʧ ʧ o u ʒ ʒ o f f a i p p
ʧ ʧ o j j f a : p p p ʃ e r r s
ʧ m e ŋ ŋ w a g g p p a i
ʧ ŋ e ʧ ʧ a p p j e t t t
ʧ ŋ o u p p ʃ o t t o ʒ ʒ w e
s e p p u j j g u w w i l l b
s o u p p p r i ʧ ʧ
s u p p e v v d
s j i k k o p p o s s r a i g g
s l u ʒ ʒ i p p m o p p a
s s e t t t d e r r e p p u r r r u
s s a w w m t e p p p e v v
m e p p p s s e
m e f f f u n n p o p p
m e k k e p p a i w w p a e ŋ ŋ t
m a i ŋ ŋ ŋ i p p o : v v k
m a i ŋ ŋ g a i p p a i m m
m a p p w w o l l t u : n n t
m a : m m e i p p p
m o l l t a p p u b b
m o r r g u p p i
m i p p p ʃ e n n
m i n n p ŋ i ŋ ŋ g n o p p
m i : j j a p p p o u l l
m u p p u j j k
m u l l s u w w d n o p p
m u m m p p u
m w e : p p p b b a
m m o : p p o g g o s s i b b
f e i r r i ŋ ŋ g w w u : p p o a p p
f a l l s e p p i ʃ ʃ u ʧ ʧ ʧ
f o e ŋ ŋ u n n g a j j j i ŋ ŋ o p p
f o j j a j j s u w w ʧ o : p p i t t
f i o g g e f f j j u : p p o
f u v v e v v i ŋ ŋ p o p p e i
f u s s d o ŋ ŋ u p p
f w e w w w m u p p o
f j u p p e t t
f f a j j g u p p p
f f o ʒ ʒ p p o : j j j
f f i v v k a r r s n a p p p i b b
f f u : i p p o ŋ ŋ i
ŋ e p p a f f o n n e
ŋ e p p o m m k i w w i
ŋ e v v v w a : p p i ŋ ŋ ŋ
ŋ e ŋ ŋ i : m m e p p e i
ŋ e b b b e m m m a p p p
ŋ a i b b u p p p
ŋ a p p p s g e f f f ʒ u
ŋ a ŋ ŋ o ʃ ʃ o p p
ŋ o p p u j j i k k
ŋ i k k i g g p p i
ŋ i t t e p p p o
ŋ i : a m m ʧ m o p p a p p a
ŋ u w w f r f a ŋ ŋ ʧ a w w a ʒ ʒ ʒ o p p
ŋ u p p e j j n o b b j j u
ŋ u r r r l ʧ e l l b g i p p
ŋ u : p p o u w w b e r r u
ŋ u : m m m e i ʒ ʒ i ʃ ʃ a i n n o p p
ŋ ŋ a ʃ ʃ u p p p o e ʧ ʧ
ŋ ŋ o p p ʃ ʃ a ŋ ŋ g u
k e p p e w w w w e i ʒ ʒ t a ʧ ʧ a
k e p p o e i l l
k e ʒ ʒ t o ŋ ŋ g i p p
k e n n o ŋ ŋ ŋ u p p u f f i
k e n n g g a e l l l i p p o p p a
k a ʒ ʒ a u v v a p p e i
k a r r g i p p
k o p p n n o f f e i g g
k o j j ʧ u i g g a p p a ʧ ʧ
k i v v g ŋ u p p e l l ʃ e d d
k i : p p e
k u p p a s s s w u n n n ʃ d o
k u m m u k k o p p a : l l
k u b b b i w w u l l u v v t i p p
k u : t t i p p i r r d o l l e
k w o p p f o t t a p p
k v a i p p p
k ʃ i : w w i b b a p p
k ʃ u p p m e g g s ŋ u e
k ʃ u p p f u g g e g g e
k r a d d j o : ʧ ʧ e p p
k f i f f f o p p
k k a : w w w i p p u s s
k k i m m e p p e i g g g o
t e p p e w w i g g u ʧ ʧ o
t e p p u ŋ ŋ p u e r r t
t e p p p a u
t e ŋ ŋ k o i ʧ ʧ ʧ e p p p
t a w w b i p p p i u f f f
t a p p p o u m m k e w w u n n n
t o : p p a t t a ŋ ŋ g
t i : p p o f f u n n
t l i ʃ ʃ ʃ ʃ ʃ i p p
t ʃ e p p p i b b b
t ʃ o u p p
t ʃ i p p o : b b f
t n i p p v ʃ a b b s i
t s i p p u w w i w w
g e i m m k o p p a m m
g e v v k a j j j k i g g a p p o
g e g g o w w w e p p
g e : n n n o w w p e p p p
g a v v u w w i p p u ŋ ŋ e
g o u p p
g o p p i f f g e ʃ ʃ b o
g i p p o j j g u
g i p p o k k e ŋ ŋ
g i p p o
g i b b b p p i j j d o
g u e n n a p p
g u p p i ʒ ʒ o g g r r u v v i
g u ʒ ʒ ʒ w i p p o : n n d a p p
g u d d e b b b ʧ e p p
g u n n d k u g g o t t a p p a ʃ ʃ k i
g w a p p ʒ o a p p ʒ
g w a p p
g w o t t t ʃ a i ʃ ʃ j r e p p
g j e k k k i e p p u ʧ ʧ ʧ e
g ʃ e ʃ ʃ o p p w s a
g ŋ e w w w o i p p j
g g a d d o i p p
g g i ʃ ʃ ʃ o : p p
b a i m m e p p
b a p p o : w w o ʒ ʒ o u ʧ ʧ e r r
b a p p i : t t o ŋ ŋ a r r r
b o u ʧ ʧ a r r ʒ o p p e ʒ ʒ
b o p p i k k i : j j m o u v v
b i j j g o p p
b u p p f f e u ŋ ŋ u e w w
b u v v o u p p
b u : w w v o u p p
b r e p p m o
b n a r r ʃ ʃ a p p
b s i p p o b b e k k m o
b b i e p p a n n t u ʒ ʒ
b b i u v v v e i p p o
