p a s p i
r i ʃ k e ʧ
g n u p s a f a f w a ŋ e
w o : j a : l f a
j a i l i
ʧ v e : m w f a p s o i
a ʒ o d e k u
v i v g i m b i e m e w
f i : b a i u
d w o m i p ʃ
p s i : t a :
p i m p ŋ e
ŋ e i u p u f t e
ʒ a d o ʒ o u :
e ʒ a i m u
d w i d a ʧ e t u e
g e ʃ t a
p u a ʒ
t r i ʧ w e : a i k ʃ
w a i k i s p i s i
ʃ w e n
k i : p a p
i ʃ g a l s e s b j u
b a w
d m i k i o e d r a j
ʒ j o s a b i s
e i ŋ
p ʃ o d e s o u
ʒ n o ʧ o k u p f i
d ʃ a ʧ n p a p e
r a k a u r o m e u p
w o u l a : g i j t
o ŋ ʒ u g e ʃ a o
e o s d w a i
p l i u
n e r o ʃ u o l t e o u n
v e : j u k u :
ʃ u ʃ p u : e i m i
g a s a ʒ e ŋ ʧ d a
w a : j
v i ʧ o k u
a f k
o b u : j a i s e
k r o : ʧ j f i
i w o u f g u f k i
m i : p a j a
j o m t i ʒ
d e n u g i b u
t m o p n e i s u p
s e j ʃ e u ŋ ʧ b o
d o m p o a m t a l o :
e n u s t o
s r a : ŋ
a : f u ʧ u g o j k u r ʒ u ʧ
r a w e b u v e ʃ d ʒ e ʒ
ʃ u s a m b a b a l
u d a k i : m a t a
i v e d e i ŋ u
o : ʒ p a g u w ʒ a e i ʒ i o
ʃ u a i u k
i j m r a i ʧ i
ŋ e v ʧ ʒ u s e ŋ ʧ i s o
o w k l e o u e l
l i ʒ t
b i : j t
p n e n a j o w o
a : ʧ u : w
g m e t i g e b r e w a i
m a : m p a
i m i f u
ŋ o w p d i t i t i
f u l f t o w
e k e t e i e
o ʒ k e j i m a i u r s
p u o n d e w f u f u o v
n e w s e m u r a ŋ
f a ʧ i : p
m i : ʃ e l u s o
ʧ u d o l o ʧ
o r ʧ r ʧ o n d u ŋ o
u g a n e ʃ a k o
v u k e : t a
ʧ e i l ʒ i ʒ u r ʒ v o p o
t u j n o m u d o
f a ʃ u l p s a i e w e
a j g e j a t a : d e j m a
g u w o u ʒ o m i f d a
j e s a n a
j e d e b u v ʧ b e v t
u j v t e n o
ʃ o g u : j k
o ʒ a j i n k r i r s u e r
o g e r b e j v a
i u ʒ e i o
f i : e d i ʒ t k o l p
b e w u r v u r o u
o ŋ k ŋ i
ʃ u m p o : w
g u j o w d e n a
g o ʃ o j ʃ o ʒ e a i
r a w i j b a ʧ
i f p e g o s g ʃ e
j u v e i ʧ i j a :
ʃ e : o n
ʧ a r t i :
n i w u t u m p o v
u ŋ d a n o f
r e m i :
b o ʃ p o w o i b o
e i r t b o ʧ i l u
f u m a u l o
e i e j ʧ o u j g a
n o t e w p e s p u ʒ
b e k u v p e p i
g u : e
o w b o ŋ a w
s i : k
t e ʃ p u
m j o s w ʧ r a
g a e s a j n
d o s p i
ʃ u r b r a : ʧ i m a
d u a v k v u g i
r u : r ʧ o v
e v b ʧ e
ʧ j i k v l o ʃ
i w e m u a : v i
t e : u ʃ
w o e i t
t a ʃ t w a m b a ŋ
ŋ o w t o v o
e f b e : w k u o j v
e ʃ p e j o ʃ a
r i d u : r p i : l t
e s t j p a ŋ d e ʃ
ʒ a s u s
g w u f l o
r e k a :
v e l p o a : ʃ o p a i r
r e : p u o u
b e r u ʒ k a p e ʧ u
b w a ʧ i n i k w
d m u i w u n u d l
r i w u l s u o
v o s i j
s e ŋ e t u l
k l u r e w
a w ŋ u a g i :
i b o p i : n
m j a u ʃ i : g ŋ e ʧ w
u ŋ ʧ a g a l ʒ a w
a m d ŋ o u ŋ p i j e i a
t a ŋ ʒ j e j ʒ j s o
s u r
p l o : k e i ŋ
u w o : ŋ p ʃ a
o d u :
j o ŋ i w e ŋ o l
ʧ a : ŋ t u ʃ i :
m a j a n
v e i ʒ i : l g a r e
s o u r f e i s g a u
r o ʒ u v a r t
b i m d f o k o
j a j
l e w p u ŋ a : w p u :
n o i ʒ u o
k o u m a e a g a j a r a i v
o ŋ e i n t e i
d e r b o
k i a i ʧ
a p i v p a
e ŋ
f r e o p m a
d l e p m a t l a m
e w ʒ u n a s k i
s o d a ʃ u : u s t
e i f e i ŋ u k a t e a
m o k u : s d ʧ u a
e : b a i s i
v u p o j b n o r f u ʧ
k s o f r i
n o t i ʃ p
g a i b o ʃ
u n ʒ m p a p i w
a v o b u v e l u
a r o
m o t u f p o
l e : m a n
p i : b a l i
b i ʃ e : k e k a r f i s i
b i ʃ u i r ʃ e i e a i ŋ
n a i w o d e i a w e ʃ i
k o r a n e ŋ
t o u a s a
t ŋ e u j o m
b e m ʒ u d i ŋ ʒ
l u t e f e
o k e i d u
ʒ r a : ŋ j i k w
m u e f o f o
ʧ l e i
b e u g e i
o ʃ d e o : ŋ
i p a f k g i l
a t e t e k
o f e j i m k o m a :
j e v
u k o a t e v
d i w b o p
t u k u : s o k e i e
e i l s o u
p a e r f a : g o
ʒ a v ʧ o w
ŋ a u
d u d i v u ŋ e j k t i
f u r ʧ e l s o
v i j o
ʧ e ŋ o ʃ u e a i
g e m p ŋ u : u : ŋ e
s a : f p p a :
w u ʧ
ʒ i w ŋ ʧ u
r a j a r e : d a
r a ʧ a i e i a t
t u j b o u
o e f d w g u e
v u ʧ e i ʃ d u f k i
m o u m e i e ŋ u a n b o
l e v e i w ʧ u r e l o
t o d e i r k i t
r o : f k
g n u : v a : d j
e k u a i n i k e
b e ŋ a w ʃ o f
ŋ u r f a r ʧ ʧ o
w o : m b e ŋ k a t
t a : w ʒ e j s
t i m o l f ʒ e ŋ b e
i r a i v o l f u : g i
ʧ n a f e i ʃ u
t ŋ a k w o u
o b a : w v o
d a n b o
t o m ʒ a m e f a p
b a i r o b e k
b o u m k u ʃ
ʒ i j a o t u v i e
k u r a f o k
w u w
i u w b e i ʒ
m w o : m o v a ʃ a :
ʒ o ŋ i v k o a l e r v e
l o : a m b i n i
p o j n i ŋ a ŋ u
v u r o n ʧ
f a :
v i : ŋ t o
d e m ʧ i : l s l u k
n i w o g i p u ʒ u m a
t e i f p o n g e i
b u : w n o v ʧ o s
ʧ i r b d o u v
n u n d a n g e ʃ a
d u : m
s j o ʧ m e ŋ o ʧ ŋ
k ʃ e f i ʒ o u b l o :
ŋ a ʧ i w k o b e f k e
p ʃ o u r o
l e l e w k p e b o e m d e
b o k o a i w d l p o
i j o u
r o k u o
l o u n o b i
f o u r b u : i f g r i
o t a i ʒ k e a
a t u o r
n o g u v ʧ g e w a d a v e :
ʃ u l g o w v i : w v o u
e ŋ a v u
u r ʒ
s o : u f t a l a ʒ
d j i n o u
r a ʧ i ʃ o : k i
i r e j k
l u v i p
e r ʧ o : t u
e : f g o a j ʒ e
a t e i ʃ a
ʃ e m ʒ u
t a i e m ʒ o ʒ o
e ʃ e i t u
e m o v p e u : f
a ʃ g e i a ŋ u
l a t u v p ŋ e w i r g d u
ŋ a i m o n ʒ v e j ŋ
w a ʒ p o
k u j v u
u f d o v d u : k
a i k e r o k o ʒ i
i t a l ʧ u f e ʃ
a : p o k o u
i j u
t e j ʃ o :
o r b e : j
b a : m a i ŋ e v a j o j t e
t ŋ u ʒ i s a u
ʒ i w ŋ o u p
k ŋ a ʃ a f j a
u ŋ e l ʒ o
t i j d e w i
ʃ u : n e m t
a v
ŋ u n b i m
u n b i ŋ b a m d a
i w i : o u p i n ʧ d i
ʧ a r
u p o w f u ʃ d u j
w u : n a i g a w ʧ j a
f i : ʃ o e j ʒ u
e i s
ŋ a l p a s p i
ŋ a f u r u r a :
m a ʃ u : w t ʧ u
e i j ŋ e m
w o u i u p e o ʃ t r e :
v e m i l o u r p u s
p u j i d e t e f u m
e o :
b u ʧ e t u p
d o f a m b e u
j u j g u ʃ d e ʒ e t i s u
ʃ a w m i d i t
ʒ ŋ i a i d f e p r a
ʒ i m g e ŋ i
u i ŋ e v p i m o e
i ʃ p a ʒ k o u ŋ i m e : v
s a i j t u d o g o u j s
o m
f r i b e f
d a e r
l e r e
ŋ a i
a d o ŋ i : u j v
ʒ i : ʃ t o ŋ t u
ŋ e r g f o u
a j m o : d o
e w i : w e s i : r
ŋ o l d e j i g i f
a ʧ
a i r ʒ
f i m u v o
p e i o d e : r k
g r a o a f l p a
k e j e i w s e
s o w p u ʧ
t m i d m u f i
ŋ e n p o r
g a l g u l e p o a ŋ o t a
v i : s d o g o ʒ e : n u
f e n ʒ ʃ e i g a i
m i u : m ʧ o d u j p
v u ŋ ʒ u s p i u n a
t ʒ a p n n o t f w u : d u
o w ʒ
ʧ i s t u :
ŋ e
g l a k ʃ ʒ e
ʃ o f a i ʒ o w ʒ i
ʃ e s t d o
t j i ŋ u o u b u :
e : o w i ŋ
o ŋ g i : b o ŋ ʧ ʒ e l
i v e d u w e o f a m b j a
ŋ e w ʒ a ʒ t o j m
e l a i l d e m o
a ʃ t f d u ʧ u
j u s i : ŋ
m a : t e j o ŋ ʧ
ʧ o u t e
w i u a u j k e
b m o t u o ʧ w a ʒ n o u l
a o b i w o e i
e a
o s b u s a : u :
e v g o e
s a l
s u : ʃ a d a
b l i ʃ a i l a ʃ
ʧ o j i f b b u
k a o a v u w m u
s o k a i e n e
g u f i p u
ʒ u t a v t r t e i
a i m g g i
ʒ i w i l s n u n
r a w ʃ w u
ʃ i v o g a o f o n o :
j i k i v b e : i
s e j ŋ a i ʃ k u r o ʧ a r o
ʃ a i u l e u k a
g j o t ʒ e : j i
o j v u t i
w u f u l
i w e n t a : ʃ
i : f o e i :
p n a p m u ʃ j
g i ŋ p e m a ʃ a m d o
o a ʃ o n ʒ a o u
ʧ o ʒ e u ʒ k i p i
l e ʃ d e u ʃ u
ʒ o : e j e ʃ b o f k a
ŋ i v u o : i
v a u i k i u ʃ
ʃ e m g e w ʧ p i m
g r a e i k j u ʒ o
j a ʒ a w
b e r i n d k u r
p o r ʧ a s
l a l p u r b i : g i v
a ʃ g o : m t e
v u n d a r i t o u o :
a i f u ŋ ʧ o u
o f o :
a : u a ŋ a l a o
m e : u : v
e o d e i r a
m a i u
v u r s ʧ u : u
n o : j i j s o v u
u : m ʒ a d i j s o t
u r o ʒ p ʒ a o i ŋ k e l a m p o
ʃ u t e i a ʧ o ŋ ʒ i
s r u b i
ʃ i j i l s k e v
w e w o j g o : ŋ t p e
k i d a : o b a
v i m a o t a : n u
a e i ʧ u
k o n g e ŋ a l d e
g a w o u j a : j
p a j a i a i u ŋ p
m o j v t e
t o u f k u :
ʧ e f u a w a i l d j d e i
r o s o w e o f e p o r
i n g i
n i k e : ŋ b f i
i n ʧ a r ʒ r a i w m a
n e ŋ b u :
o : u t i
e : m g e i a i j t i
t n a
w a s o f i k u s e f e : ʧ
t u g a :
b i l s o ʧ o u v g e
g ŋ i m e ʒ l u
a ŋ b e r v o w i e j u
l a ŋ e l p
g i j ʒ e ŋ i
e f i f t u p e o ʃ o n o
o e i l o n ʒ a k
u p a o n a t i t
u r f ŋ i u ʒ t
u : a j ʒ a e m u m u
ʒ u e i ŋ ʧ a o
d u ŋ ʧ a s e t o
a i : ŋ b a : t a g e :
j i ŋ k o : m
u r a
s l u : g ŋ o u
i e l a i w o u
g u f o e r u s u
o w b o s k t e l t u w m e
ʒ i a w o : ŋ o
ŋ u i a i ŋ k ŋ g u k i
v a j d o e o p
f o n o ʒ o :
a d a i v a l i n i j ŋ
ʒ e ʒ
p i : n b o u ʧ
ʧ o ʃ i k o
s w i v e ʧ l a g a
d ʃ e b l
p i j m o j ŋ o u l e
n i f
e : m u : k
ʃ o ŋ p m u p o
ʧ a j t o u a f p
f u
b f a i t j m o : m
u g u : l s i u
i v ʧ a u s i : w f
l o m i n b s e
ʒ a ʃ a r f k a
o ʃ a v a
ŋ i : t
w a i ŋ t o g o n ʒ o
e i w g o : u m ʒ b i : ʃ
n i v t k e i
e w i r b s e :
w e u w a : t
r o j d u l u
g u v d o u
s a u : ʧ
n i n e i n g a :
g u i u i w m u
ŋ e i ʧ e r o s a
o a f
l u w b i j o ʧ o
w u : n ʧ u r ʧ
s u f u n b e p e n p e
ʃ o i s a
n o u e k a o : a m u
g a s b u ŋ d ŋ e u
s i : t e d a : ʃ
l a v g o f a :
a w ʒ i t e i u ŋ e i
k a w n a m g ʒ i f i n t u e
u v e n i u ʧ o n o
ʃ o ʒ i l a ʒ
ʃ a l d d e : ʒ u
ʧ r u n e d l o u : i
e o f
ŋ i d e : d u e p
w i j p u r i
k j a t m d o
j u m t f i j ʧ i
e : l d o l f i p a
m e u ʃ k o u m a
w o w ʒ u : j s a
ŋ i ʃ a d o u i j n
o j ʒ j o a f k
a : o l ʧ e i ʧ i
m u a k
ʒ a ʒ e p
l a n i s a
e j a m u k e
ʃ e m u j o w v
j u s u r ʒ u : w ʒ d u
p j u b a b ʃ o u
o j a o l a b i : ʒ e
e g u j ʒ u r u e
j u ʒ
d n i v u p
e ʒ
v e i
e f t a : j u s i m a ʒ u ʧ
m w o ʧ i
m o r b ŋ e : r e k u
n o s b o ʃ u
a ŋ k v a
a i a ʒ k o u l d a :
j e f a
p u j ŋ u i l s a :
l o i
i k a
k i w u e j
v a m
v a v e w e : l
m i ʒ t e m
u r u v o : s d g e ŋ
d o f t u s d p o
s a r k k i r a ʧ a l
k ʒ i d l a i
v e m e j p
i p a l g a
g i v k d o ʃ
n e : r
u i : o m e
i
a : e n i ŋ o u p
k e i ʧ u b i : a :
a ŋ d a ʃ e
ʧ a t a i
r o f i d a w t r e : d u m ʒ
k r e f u
ʃ o ŋ ʧ a ʧ i m
ʒ i j ʧ o d u w a d e r a
i b i l b i e a e
n a f i :
p o f u : j o m o
l u m i l f
ʒ j u ŋ e k o u ʒ i
n a i d i
g m i b ʃ n a i
b n u ʧ j
v o n e i o ʒ k o : g u
k a w ŋ v u
i : j e ʃ o ʃ a : r a i j
j o u w k e m p e i
n o w ŋ o u
t l e i a
o u j o l o l a n o ʧ
m a i d o :
b m u a ʧ i a o w i n
ʒ o ʃ g o u i
g u g a j f e t e
a u ʒ o v u l f i
ŋ o : o ŋ b o : n t a i ʃ e
ʒ j a t r
b e j a : r a f e
t e n d i ʃ d u d i m i
b a l u r ʒ u : n i
m w u f a u
f l i ʧ u b s
ʒ o : j b v a i m
ŋ i r ʃ k o k a u
ʧ e : p u
a i ʒ u ŋ k u j e i
u : p e i d e t i v
b m a : k ʃ a b r e ʒ
n u j ŋ a : i ʒ
v u o f i k a e
j e : l ʧ a i b o
u j ŋ a l a o j
b a i ʒ i
m e ŋ g i d a j
ŋ i f a r ʃ a i m a i
ŋ u v ʧ i
i r b e r s i ŋ o
d i l k o u w p
s w i l o u s
k a l o w g ʧ a
j e ʃ k e i n
i v o u r ʃ a b i
i m o f t u r s u
ʃ u : s d u f i u : t
a t e p e k u
w a i j g p o
e p u j a : a p
g e n o r s d o v u o
n a v t o
a ʃ
ʒ i v g o
e a s k a ʧ e u m u p o u ʧ
a : o ŋ b a i g u i a :
t a i u j o m g o
e ʃ u
p i r p o s d u
o u i g e i
l e v g o i
e p e i ʃ e
t i b a g e w e l g i
d w e p l i o
t l u
k i e l u f k a ʧ
w o t u o
i p u w a i s i f b u : s
ʃ e n ʧ u ʒ a :
k e f e o n u j n e ʒ
ŋ a i o : s g u o
s e a v i l ʧ e
u n d e a ʧ a i ʃ b m i :
w e
u : e : ŋ e l ʧ u n e i
d i t e i a n
a ŋ ʧ o
v i n
a m k i j m
ʒ u p a i o
s o :
f u k a : b e : n u
a i d a m p u
ʒ m e u i
d i j v ŋ e
l o u r k u s a i p
g o ŋ p i
ʃ i t e m g o
a w u m p e
j i ʒ u r s o
k u j ʒ i a ʧ
ŋ o r u : d a k a
t w e l a ʧ a : ʧ j
ŋ i : o g a i t
p r i d a n
m u a i n ʒ k e
w a : g o : t u ʧ a i k i n u
ʃ o ŋ d u f k u a r o
n i l ʒ o i l b a
u : l
w u l ʃ r o m g p e
ʧ j u i p w
w o i : g a u o u
i s g o v k a v
ʃ i k o
g e j o w k ŋ o k
i j a ʃ g t i
j u r a o r o e
t u ʃ e r
m u e ŋ o u ʧ e m ʧ e a m ʧ
ŋ a : v
r a m b i s u
u s k u
ʃ o n b u w i
p a p i r o
s u m u k e
k j e d s i
ʒ u : ʒ t i ʃ u m i
t f i g ʃ o f e ʒ r i p n a
g e m g e w ʒ a :
i j v u ʒ k a n ʒ e
l i j ʃ i j e n
b j o ʒ r o p o
f u ŋ o
o n o v ʧ
ʧ e : ʃ e i k a r t o
w a ʃ o
s o r ʧ i l b o
ʧ v u ʒ o
i s u n ʧ o k o u s
k ŋ i e t w i w
o w ʒ e t i
t a i l f i
u ʒ p a
o : ŋ ʧ o v o s o i o k
w i r e g o u
o m d i l f i o
k i : ʃ o w ʧ m a p
i r v a ʃ t d u
d e ʃ p n i
u : w n a b o ʧ a m
i ŋ e n b e a r
j i k a
f l u :
t a i s o s e r ʧ m o
i l g d e r i ʒ
e j v o e l
a : r g o
s o r o r ʃ
s e ʃ t o v i j e
b e w i w v o :
ʒ l i p o
w o n i j ʧ k o v p ʧ e
w u j o k u m p o t
l o d e ʒ o : s o
r e : t e i r b a ʃ t u
ʃ a i : ʃ p a w e :
v u r ʃ e s b a i s e t a
e a i
k e r t i f i v o :
r o : v i v g o
p ŋ i o u o w i p u w e :
ŋ a w a o s a ʃ
i : l s o m i s g a t i
u w e i w o u m e
d a ʃ u v p
m o u a i f i :
n i : t
n u : u : ʃ g a
n u : w b u m
m a i j k p o m k a : n b u
ʃ o u t u : ŋ e d o
ʧ r e i t i p i o e
b e s p i t a i o ʧ o
b o w n a p e f t a i t
b u n e i j i r
ʃ r o u k f u p m o ʃ w e
v e a l ʧ p u t a ŋ i
a i m ʒ g e i
l a g i s g u p
t e a m g o
u j ʒ u r ʧ e
t a i ŋ
t e i g e ʃ o
m u r ʒ u
m u m i : r
ʧ u o v k g e :
ŋ a j b v i k i
s u ʒ e
ʃ e r a k i j
s a
f a
j o u f e ŋ ʒ
k m a i
ŋ w o ʃ e o : l
ʧ o i ŋ t a r ʧ a f t
w a i j k o ʒ t o j t e r v
p s i d ʃ i u : k
l u p
m a f d e s o a : a l e
k j i r i b n l e a m
o d i
ŋ a j e l
o d o r k
p s e :
k w u t ŋ a e m a
b f u : f
b u ʒ a s g o k u
k i a s a ŋ u
a ʒ a l b i e
a i r ʃ s e ŋ t i ʒ i p
i k u ʒ e s o ʧ i w ʒ
a j ʧ g a p o : u w u
t o m a m d a l
u m t a m g e ŋ t u v
m e o : t a g a s t e o
ʃ u w o
n i ʃ p i ŋ d ʒ e
l a i n a
l o n u : r f e a i g u
t i v a ʒ
w o l ʃ e f a
ʒ u f b d u g e
k u b e :
s u w ʃ ʃ o u
l u j b e ŋ
w e : v e i ŋ a m u w ʃ e
f a i o r i t e r e n t
f e f i l ʒ j a g u
p o l p b a i ʧ o f
b o p u a : u w e k e i a
ŋ i a w e u
u ʃ p i j n e
ʃ a v b i :
w o n t ʃ o
p ʃ i d r u
k a d a w i w i f t o ʃ
l e p o t i k a i
p u ʒ e t e f
u m ʒ
ʒ e d i w m a m ʒ ŋ e
i n e :
p i l u ʒ e b a :
k m o p m u f u g l
a b o e s u ʧ u : ʃ
ʧ o j g u l ʃ i :
j o j u
p u w n
j u a : w a l d e
r o m
e r d u
g f i m w a o n u
o ʃ
k f i b ʃ o g w u f e
t o j v a j k a
o p u g o ŋ i n
i b a : n ʒ i r ʒ e i
d f a ʧ l
u ŋ i l s j i
s i l ʒ e j s j o
ʃ u r e r e :
i u n g a : s b a
n a k e m e ʒ
i o : ʧ u ʃ i
g u o u k
d r e m u
ʧ a m e : e : ʃ i
g o ʧ
o ʃ d u e a
e i r t a m ʒ j u
i o u w t k u n ʧ u :
o ŋ i t e i r ʒ e f e
j u ʧ o m p u l u
n o w n o : g e m ʧ
v u
ŋ i j a
t u n
p o u e m a f p e p
u ʧ i ʃ
e i f u e
a d i : w u f
g o r e j k o :
f u n d e i k
d s o : ʧ o : v o ʃ
n i k o ʃ
v a l d i d o
l o p e w ŋ l k i l f e :
i ʧ a i r p ŋ a :
g i m a ŋ p g i ʒ
l u r i :
i f
u a o r e ŋ g o u j v e
ʃ u j i p i : s i d o ʃ
p u s a r v i r ʧ
b u ʧ
i v b w o
u : ʧ i
g m i k l k u j o u
p o i a r u ŋ t e i
e v g u ʧ o : s o
p i ŋ b a i e r k i r o g e
g e : l i w ʧ u : u
v o ŋ u v i o n k o
a u j s
m a : t
f i n i v p o
e i n g f u w n
a e i n t a t e u p u w ŋ u
ŋ j e t i w u j u :
ʃ a ŋ u ŋ i ʃ k a
v e v b o ʒ t i e
r a w k i d o n a e ʒ
i ʃ e ŋ d e k i a i s b a :
o ʒ i o s
g f i p o u p v u g ʃ u
u o j n ŋ e w f i
k s a i
w e p e i : ʧ
t f o
ʃ a
a i k e w m e r i u
m u m k a o w i : n e
ŋ i j ʒ i n e a ʃ
t ʒ a
o ʃ b r g u o
ʧ e i u m i w i f u : o
a j s j u
j o ʧ e : m g i l a j m e s i s d ʃ i
s e j n e i
p o i k a w i k e r
v e s i j d e
n a n o
k a n i ʃ i
t a ʒ i : o ʒ
u a
v j i
ŋ j o f j k w u b e :
a v t e ʃ k i k i o ʃ a l f u
e ʒ e
t o p u ʃ e i v d a f i
i ʃ d o a i l s l u
r e l b p o t
a g a j g o : p
e v p
ʒ e j f u j m e p
a : r ʧ o u o g u p
ʒ r o k s a k
ŋ u p u a w i t
i w i : k
e j ʃ o r d o w p
a r g e ʧ a e : f i m p
b i w k u f u r g u p
o l g a : a l p
v w i t l a : g ʃ u : n a k
d u f k
l a b o j f a p
s o k o u t
v o j k
a i ʒ e l i f t
p a p i w f j u p
r o ʃ e o u ʒ u p
e i w a v p e s e k
e f e v p
d u w o ʧ a ŋ t
r i t
ʒ i w u o v o p u k
ʒ e l t
a i e i w v u r ʃ i ŋ k
m e w o : w u ŋ a t a w t
ʃ i ʃ g i : k
e w e k
g o a : f i a i ʒ p o m k
a w v e w d l a v e k
t o ŋ e r k e n g u k
v o r a l k
ʒ i : n u n o u b i t
g i s p
v j a ʒ n ʃ u k
o u m p u k
b a i r i s a i m o v t
m o ʒ i j a i t
u i a ŋ k
k l u t
i k a j n u : v k
n i u k a r p i k
a w v i : w b e n t
n o r ʃ u : e p
a i k u ŋ e o w e s g o s k
d u r g g u t
v i t
ŋ a o b u m e k
i s o n b s e p u p
u f o v b o n u s g t o u t
a j ʧ i : o p
u s b a s k
k m u v j a f j w o u t
a : r a f t
n a i s p b o u ŋ ʧ a t
i ʧ e i w t o j ŋ w e : p
i s o s a ŋ p
n i ʒ i : t
l a r g e l a p
o u v o p
t i ŋ i a l k
n o j n a k
v e v k j u t
f a : i m e k
e i l a u b a v t
ŋ e u : k
ʧ a i u d i ŋ t
j e f t
v i w ʒ i ʃ u k e p
j i j m e s t
a j f o w o r t
i l ʧ i o m t u
b a n k
u s k e i l b e j ʧ ŋ u
r o u m o : s d u ʃ
v o ʃ g u d o m u
d j u d u
n a i r b o ʃ a i
s o u w ŋ e : b a u l e n
ʃ l o u ʃ a i j o
i v o : e i a g u s
ʃ e m ʒ u
u n k o l a w v ŋ e i
j i s t o j o f g o
p e a ʧ o w e
p i l u ʒ e b a :
s i n i m u : l ʃ
e i j p e n e
t a d e i
d i ŋ e : j ʃ a g o g
f o u
ʒ i m g e ŋ i
u ŋ b o ʃ b i s
ʧ a i r e l p i
n i s b u e j
ŋ o : j ʧ u ʧ
p a i s u f b e n k e i
a j ʒ a : i f e j g f o n
m o w u ʧ i l ʒ
u v d e f o f
u b a u w f n a
ŋ u i o d
e j t l a o u ʧ i :
i j m f o
j e r b o w n o
a l i r v r k a s o
v o v o u a j a i
u n ʒ ʧ u o
k f a ʃ e b a e
e i l o r v ŋ g u
o v i j v u ʧ a p
e : m u : k
d o f
s j o ʧ m e ŋ o ʧ ŋ
o s a m a r
f o : i ʃ u d o u e i
ʒ e w a i n
k a : s p v i v
e j ʃ e ʃ a l
e w ʒ u n a s k i
l u j b e ŋ
i d o u b e v u ŋ
s o : u f t a l a ʒ
g r a o a f l p a
k ʒ i d l a i
v i v ʧ a ʃ e ʧ
w o ŋ ʧ p e r s a : u j
l o
s e j ʃ e u ŋ ʧ b o
b u d a ŋ ʒ w e
i j v e : f b
p a s t e i l u s
e ʒ o
ŋ e ŋ k ʃ g a ŋ
e v a
m o u k
k ʒ o w
o u i n ʒ i
f o g o v p e ʒ
ʒ e n k e i l s p a
n i ʒ a i m
v e j a i w f i
p a s p i
e i ʒ a i
b u ʃ e ʃ b p a m o
t i v k i
f e w n i f b a i s i
j u i : l o
e a i o ŋ o g o
g s e n o k j u a ʃ
a i s b u ŋ
g i ʃ a
w u f u l
p r a v r a
m i r s o u g e i l k o v
v u ʃ p
ʃ i l o g e g o :
i l f o s u e r b
ʒ o i w m o
v i d
i s o s a ŋ b
o ʃ d e o : ŋ
r o f i d a w t r e : d u m ʒ
k w u t ŋ a e m a
b i ʒ o u ʃ
g a e i v a b
e i r v a u
l a r g e l a b
j u b a : i : ʃ o
a n g i u n u
p i : n b o u ʧ
n e i f
ŋ j u ʃ i g i k r o u n a s i
p e m u ʧ
i ʧ e i w t o j ŋ w e : b
n i a i ŋ t i a
f j o b s t a i
j i v p o b o u s t ʒ u t
d u w o ʧ a ŋ d
l u ŋ e v e
ŋ a : m u n g u : w e i ʒ
ŋ j o f j k w u b e :
i : j ʃ a i j a : u
ʃ u n d o u d a ŋ b
p i s u n t a :
r o j v ʧ e
b o
ŋ e : s u n e s o
j a d e ʒ
e j ʃ o r d o w b
ʧ a l d u v t g u g
o u ŋ b o m e
ʒ a ŋ p b e i s t ʃ i t
e u ʃ g a v e ŋ e
l o u n o b i
ʃ e r ʃ o u o e
p u ʒ o u m p
e j ʃ a l ʒ j a
k o u j f o i ʧ o
j e f d
s a : b a r i ŋ t a
i b e j b e i
k m a i
t e i b e p
g v a o r o
l u v i p
d j e ʒ m u t j i :
o j u ŋ o ŋ b
j o m t i ʒ
d m u i w u n u d l
t m a i ʒ l f u w e
ʒ i a w o : ŋ o
o m ʧ e w e w a
n u ʃ b i
i m u l ʧ u l ʒ
g e ʃ t a
n o ŋ
o ʒ p u m a i ʧ i n ʒ u l o
u w ŋ m a ŋ t e
e : e l k o v e
e i
i n u
n a s a v i n o e i f
b a : m a i ŋ e v a j o j t e
ʒ i j ʧ o d u w a d e r a
m e l b w o
p o r ʒ a e b i : b
ʃ i ʒ t a o
k u v o : ŋ b i
t u ʧ i s k e f i w a i ʃ a t
ʧ a r
b a j f a e : f
u r d u d i w f ʒ i
u i l a s u e ʒ t e
u ʃ d d i o r ʃ i
e i u j o u
l i u w k u m k e f o
l u e v i : a b
ŋ a b i d i ʃ u j ŋ a
w o f e ŋ g o s b e g i g u
m a : t
t v i v a g a ʧ ŋ
l e j
ʧ u l a w e v a i
e v a b e : j a n ʧ
f e u w a ʒ t a n d a
t u e s i :
t ŋ e u j o m
j o i ʒ u
n i ʃ i :
s a f k v o : k
v i l t i :
ʧ r u n e d l o u : i
ŋ o a i j ʒ
g u v d o u
d u j ŋ e :
f o s a ŋ i s b i
r i a o j p i m u f
s u : ʃ a d a
a ʒ a l b i e
e : n t p o u
b u j d u
a j t e : r o p
d i w b e ŋ a
d a n p a i l e m k i p
s i : s t l u
t a ʃ t w a m b a ŋ
j o u w k e m p e i
o u m e s o w m
g o :
m i ʃ a i l d ʒ u a
u ŋ g m o j u : ʒ e
m e : w i n b a
e i j
w i a i j d o ʃ g
m a : a n t
i f o s u
t u s i e i
u w ŋ b a j f i
e : u ŋ u j v i : s
j i s u j o g
o ʃ a v a
l e ʧ e v ʧ i r p o
b o : j ʃ o s k e
ŋ e
r a j v i
o w t e o ʃ u d o
ʃ a m t o r v j o
a i d i r v u f o : v b
p o u w i
a m d ŋ o u ŋ p i j e i a
ʧ l e i
d o j ʃ e l g u m e
j i : a j d o ʃ i
ʒ o j s o s o ʒ k u o
g n i ʧ
e i w a v p e s e g
j a ŋ k a
f a ʃ o : v t
ʃ u l
t r a g f u e u b v e k
ʃ o ʒ o u e i ŋ
ʧ o u e ʒ i j
k m i ʒ i p r u
o m i j s i j a i l s i
k e j t o u j ŋ a
b j u ʧ o f u ʃ i w o ʒ u t f
e i b
d f i e : k r i k l a
ŋ i w ŋ o u i
t a ŋ ʒ j e j ʒ j s o
e r ʃ e i n e n k a o j n o ŋ
p o u ʃ a i g
ʧ i s t u :
i b i : t
j o j e u
t o m ʒ a m e f a p
p i ŋ ʒ ʧ i ʒ e w
r i : e i ʃ o
r i u w a g o r k o d i
f u j ʃ ʧ a i n ʒ g o
v e o u ʃ o i ʧ o
a o a
b f e ʒ w u
ʃ j i : ʃ
ʒ i w ŋ o u p
r i s t a w f
ʧ a j t o u a f p
v e l p o ʃ e l a
o r a i ʧ o s g j i s b
a u ʒ o v u l f i
ʧ o j g u l ʃ i :
u e r i ŋ e j o u
l o ŋ a k
w a ʃ o
o s
f o ʧ i l s r a r i ʒ a
i : p
p a w e w a
m u l
f i n p u
u ʧ i o w m a ʃ g
j e m ʧ
m a d
w e o : u
o a i v i m i : j a
ʧ i ŋ u v u i ʃ
t ŋ e :
ʧ u ʧ i a : f t a ʒ
b j o a j e f a ʃ
e i n u n o ʧ e i m
n u s b i :
l e
s l a w e
k r e f u
l e i o j f s i d o
u m ʒ
ʧ i v p g o e
d ŋ e v j s w e n a
m u m k a o w i : n e
d u a v k v u g i
o m t i r i r
n u : u : ʃ g a
t ŋ e : d r o f a p s
j a l t ʧ e g o
p s i m o
o ʧ e v a v a i r
e l d i
l a n e : j ʃ e s a ʃ o
i s b ʒ i f
u : j f a r u w g a e
b o u w u t
f o l i n b o u ʃ e n
w o ʧ i b u
ʒ o v e i u
b e s u
t u l ʒ o u b u w f
g u w a ʒ a ʃ
d i
i j s o a o u r i : ʧ a v u :
ʒ o s o u
a m k u
w e
b i o i n u i
s u ʒ o l g o
b i o
v a : l i m u d a j p a i o f d
ŋ i : j m n o j p i v o i
ʒ a w a
ʒ i j s u r a o r g a : b
l o : a m b i n i
ʧ u o v k g e :
l e i l u b o u
e i l a u b a v d
f l i ʧ u b s
e r g i : d e r a w t u
ʃ i w m
o f o :
v u i f g u f e l ʧ o ʃ a g
f u : f a i e d u
p e m p e : j a ŋ g a i
d n a e ʃ
ŋ i f a r ʃ a i m a i
g a s b u ŋ d ŋ e u
n e w b o b i n d s e
u s p u v b u
l o l u r e ŋ o
u r g u e ŋ o u w
k a
m i l g e :
i j i r f d e u w u
s u v i e ʒ k i b a j ŋ o
u ŋ ʧ a g a l ʒ a w
n i w p a i v b s p o r
k u : w e : d o r b o ʒ
b o u v a ʃ g i
ʃ u m ʧ a r f o v e w s e
w u m
j o j o : l p
s o w ŋ i v t
ʒ m e u i
a f k
m e ʒ p i ʒ a i
i o : ʧ u ʃ i
d a n b o
u s d u o w
j i w t u w i f
t r u b u m a v o i ʧ o
e n k o w d a
ʒ o f b u ʧ e : l a :
p u j ʧ e i l i d
ʒ u g u v a u a ʃ e b
a s d a m e i w s i r d e
ʒ o : w g e i l e r ʃ i
r a
k i s i u v ʧ e :
ʧ o i ʒ a j e ʒ o ʒ u l
u ʃ b o
r a i l g l i ŋ
ʧ o ʒ i ʃ b a u ŋ t i
n e i n u b
w a d o a j d
u e b u r p e ʃ i b a j u
k m o p m u f u g l
ʃ i s e w t i
w a : ʧ e
ŋ u ʧ i g e
i j f o l e
j a ʒ a w
p a i ʒ t u ŋ o g
j o j ʒ o u t
a j f e n a w ʃ o
g u : ŋ ʒ i r k
ŋ i f k
g j u ʧ v o u
g f i : a :
e r b p a
o b a : w v o
ʃ a : ʃ t a w o b a s o
n e : v i m b a m ʒ o u i ʧ i
ʒ o n ʧ g u s e v t
ŋ a l ʒ r i a t
m i u : m ʧ o d u j p
b s i s w a n i ʃ
d u d a
e ʒ e
m u a i n ʒ k e
a v a l b a i j k j a s
ʧ v u ʒ o
e i ʒ i a : ŋ k u d e
r e v p u j e ʒ k i
v o n e i o ʒ k o : g u
ʒ o b o a u
w u s g o m ʒ i g a ʃ a u
e o :
g a : f b ʧ i ŋ
u w ʒ u ʃ b k a m
t i ʧ u
f o u r b u : i f g r i
o u
n i n e i n g a :
ʧ r a k s e g j
l u : e w t o
f i n i v p o
g w o k s i f w l a u
v i ʃ o ŋ e ʒ
ʒ i j t i
u : w n a b o ʧ a m
a j e w ʒ a s e
r o r p w a e
ʧ o ʒ e j p o j
f u : v a n o d
e m ʒ i v g u w p a i b
p u a ʒ
g o u b i l e l b e :
d a : l e ŋ
w i r ʧ i l p e i
o w e ʧ o : r o d i j ŋ a b
v e ʒ e : i v
r o g i n a ŋ a ʒ
n e v ʧ u : g e : k
o : n d i u :
o u j e w u s e ŋ g u m a
b o n e u r b e
j e i o : ʧ a i b u
e j k u m b u j
n u : w b u m
p a n p e i
j a : i w ʃ
ŋ o u d
u v d a i j i : j e a
i f p e s a ʒ k o f e
k u e o i j u
w u v a : l ʒ a
r o ʃ o n o a
e i g u
o l g o w i
i w a i ʃ b e
d u
u ŋ o ŋ ʧ a s b m i
a b o e s u ʧ u : ʃ
ʒ o ŋ i v k o a l e r v e
n e i w g a v i
w a f k k e ŋ t u f
i f t ʃ o ŋ d i e j a
ŋ o u s d i m t i
w o u e i m o f o u
d w i b i
e d a d a w o v e i
ʃ i j i l s k e v
r o : w u r g i
b e r i n d k u r
l o ʒ o w e i a o m t
v u ʧ u ʒ e :
o w a u w u
ʒ o f u r t f o
k o r i : n
e n e f b e i u
e m o f e r
d j i ʃ l o n u : f
i r b e r s i ŋ o
ʃ u j b o w
ʃ o w a m o u w o
u r o ʒ p ʒ a o i ŋ k e l a m p o
a j m o : d o
l e i ʧ a ʒ o
o w ʒ
p v o t s i r
ʧ o : j d e ʃ
a m i l u
m u e ŋ o u ʧ e m ʧ e a m ʧ
l a w a j o n o
ŋ e i l o : n t u
m j o s w ʧ r a
t a v g o d u
k o l e i n u b
v u ŋ ʒ u s p i u n a
a l i ʃ a g o u
i r p ʃ a l u w a
ŋ u v u i n o l f a
ŋ a l p a s p i
ʒ e r ʧ d o m i m
k o j ʒ w a : m k e w u i m e
s l o g a w i : u r
i f d l a p
ʃ e s t d o
t a n u k
e w v o
r o ʃ e o u ʒ u b
t o ʃ u k
ŋ e a w g i s
v i : r i v e i ʧ u
s o w s w e ʧ u l o
s i w k a : ʃ b i
v o a i ʧ o n g
m w i f a : n w ʒ u
v a r u o f b i
ʃ e i p
ŋ i : j f a
n i f a ʃ e i ʧ
s u ʧ
p ʃ o u r o
t f e f
d r o t ŋ o g ʃ
j u j s u f o
m a l k t u ʃ g
v i n
j i : w n e
t e a m g o
ŋ o ʃ g u m p e v o
v u : m g
f w i
f o w ʒ t u v
t e i ʒ e
ʧ a ʒ e m i m p u j o
n o ʒ e w a m u w n j e
k j e i b o i f a d u
o l g a : a l b
e p
o r o v
e w b e s u l p e :
e : r ʒ r a ʃ i ŋ e
p o ŋ p ŋ e
n a : r i
m i n p o w a ŋ k
w a ŋ o u b
a r b e o r
ʧ e f u a w a i l d j d e i
r i j g o v a
ŋ i j e v d i : w i
d i ŋ u j a
b n o f o n e : ʒ e :
n a i o n ʧ
j u ŋ i r ʒ o ʃ i :
l a j f a r a
u r ʒ e j f e
ŋ o : j p a n a
k j a t m d o
t e j o l f u ŋ o ʃ u
a e ŋ b i : r u e :
ʒ i ʧ e l ʧ e ʧ
ʧ i ʃ o m g i v d
s i u e s d s i g
n u s u f a l o
e r ʒ e i u
f u v b ʧ e w b ʃ u o r a ŋ
k w a p
p i : b a l i
ŋ o w ŋ i
e w i : w e s i : r
d o n a i m ʒ o
v e l d e f d e u : u
u g u : l s i u
ŋ u d o w p o
a s g u : n d a f
o u s
m a : m p a
e : v t o n t i k
e m i ʃ i v e : d
i e u r i a ʒ t e f
k o s k o ʧ u : s
ʒ o : j b v a i m
o ŋ o b i
b u ʃ u o d e i u
l e i e m ʒ r u t
a m ʧ m u n i f
v i j ʒ v g o
e : o w i ŋ
ʒ a r u s d o
e v g u ʧ o : s o
r e i w a f p ŋ a
j u a : w ŋ e w a ʧ
k u e j m o
p u l d e a m e
p o u n t i v a w
u : ʒ i ŋ k ʃ a i w
ʒ o j s o
b v i ʒ a v e b
s a i r s e s e
f i m t i j t a
a u n o f t u m
k ʒ u n u ŋ w i r i g
b o : s a ʃ
ŋ u r i n i
l i m
k s i : f i
i r e : n u w m u j
ʒ j o s a b i s
ʧ a i l g i :
ʃ e m k e
k u n g e
k ʃ u v w a o s i e b s
m e n p e
e s o j m o m b i b o i
e r v a ʃ u
v a i : w ʧ u g i
e d
ʃ u r b r a : ʧ i m a
w u i : j g e w v
n e r o ʃ u o l t e o u n
a : n g o : r ʃ i n g
o : a w m w i n a r b a d
g e n o r s d o v u o
a s t j ʃ i m ʒ
u w i l d a b o t
t e n d i ʃ d u d i m i
p o u l t r a l d u
g n u : w e
ŋ e i f i d i j o l
j a r b f a j o
s o u e r o
g o a : f i a i ʒ p o m g
ʧ u o j b a s o ŋ u
n a
ʃ i r t i l ʒ ʧ o v b
p i j m o j ŋ o u l e
m u m
o w s p o v a w i
e ʒ u l o m d d o
j a i : ʧ o j ʃ a
ʒ o : w ʃ a t
w e ʒ t e s
ʒ i w i l s n u n
m i l i ʒ o ʃ e
ʧ e j ʃ j e i l d v a m
a : w t n i v i :
b n e b s e
b e i e ʃ
d o f a m b e u
k a f g u v
s w a s r u f u s a
ʃ u j n u j
f a : i m e g
j a m u s k i u j s
u s k u
v u r s ʧ u : u
b s u g m o j o i ʒ m a
t a n ʒ n a d
e f u d i r e v
b e m t a d i f
t i j ʒ e v k i
g a : d e : f a l
t a ʧ i f u : ʧ u l ʒ i
ʧ u a ʒ a :
i : r g w a : r
t f i g ʃ o f e ʒ r i p n a
ʧ v e : m w f a p s o i
e s a
p o e m t e ʒ e
a ʒ o w n u i :
j i s i j u
v i v g i m b i e m e w
m o n b o u m ʒ i
t o m a m d a l
m i ŋ ʧ e ŋ i a
f w o u v r g o p ʃ i : j a
i s p r u : e i
t e i g e ʃ o
o : l g e i r
m o u v t l o ʧ o
k o f t m a
i : m e m p j o ʃ e
k a n d o f e j d j e
p l i u
ʧ e ŋ o ʃ u e a i
e v b
i v o u r ʃ a b i
u r f ŋ i u ʒ t
ʧ i n ʧ b e i w b u o ʃ
u ʃ o d u l p b e l k
t i v a ʒ
l o d o ŋ ʧ r e l a
a u r v u m
u l u f b e
i j u
t l u
ʒ a l ʧ o d u
k a s b o : d
u ʃ g r a i ʧ o ŋ ʧ
a i n ʒ o u
o i n k s e ʧ i
d o w s o v a
u : ʒ e v k u
o u ʒ e m d e ŋ
u j n a b a w g
b l a d s i d ʃ t i
n j u j e i ʃ o r
u l s a n k ʃ a l
b i w s a ŋ a i
ʧ o l o w a ʃ
ʃ u : ʃ t u j
n o : s g o :
m i n o u
ʧ a w ʒ e j u w g w a : e i
i
a i e i w v u r ʃ i ŋ g
r o n u
ʧ l e :
v e ʒ e i b e
g e l u : ŋ
j a : n o : ʧ e : j ŋ
k u g o : ʧ e a
r o n g o
t o ʒ o u w f a
v o s i j
ʧ a i d e r s v p e
k f u e :
i n g i r b i o a
a ŋ e a d o ŋ ʧ e i
o ʃ
t e f
a w v e w d l a v e g
m a i ʃ i g e w b a u b o
ʧ r a i b s k e u s
k i ŋ e s a i m o u
i : o :
k e j n m a w k v e r b
ʃ i v b ʒ p u ʒ i : e
e b i d o w u
r o i a ŋ u r
ʒ o r o n o f g u
w o a j m a i
i : r ʒ o g i
k u
ʃ o f a i ʒ o w ʒ i
j e n o k
u : j ŋ a i f
ʒ u f
d o d e i u
e : ʃ d ŋ a ʧ o s t e
ʧ u f b a m
e o s d w a i
ʧ ŋ e b w i ʃ r l u p s
u v ʧ o u d
k o u j o ŋ b u w d i p
e a o w n a :
a m d a u j v r u
ʒ o f e v i
a j ŋ u r u :
d v u : b v ʧ w e i e
g s u i
i b o u
n e j n v i u o l k e
p e f a d i j m u
k o s t a r ʒ
k a n i ʃ i
e ʧ i f k o
p e i b
b e i l b u b
n e ŋ b u :
n e ŋ ʧ e o
w u ʧ i w
a u : b i d e : i j t i
d f a ʧ l
ʃ a w ʃ u ʒ k
j a ʧ o n
u a : s a u e i ʧ i
b u : l a i r o ʒ t i
f i : ʃ o e j ʒ u
p e g i ʒ t i
f o r v
f o i ʧ o : r b
ʃ u g
ŋ a u j f u : u ŋ e
m i : ʃ e l u s o
d e n u g i b u
f r i b e f
i f p e g o s g ʃ e
r o b o n e ʒ o f
i o ŋ ʧ a
ʃ a e m ʒ e u r o
e :
r u l ʃ n e s t u a n e j
d i s t i
ʃ a j ʒ o ʃ o n d m u o u
k v u f a n u ŋ
o m
ʃ o : ʧ i s a i ʃ e o ŋ
ʃ i o v p u g e i n g
p u : a : ʃ a
o l o l ʒ a i
w e i : w a : i l
ŋ e j ʒ e ʃ a i
w u n o j v u ŋ e l b
r e u : r f ʃ a ʒ
e f k i ŋ k a e v k o
s o : ʒ a r o v
a : ʧ u : w
s u w t o j d o : r
ʒ o w d a
w o l ʃ e f a
m u a : ʧ a f e i
p a i ʧ e i t
d a o u o :
b m u a ʧ i a o w i n
ʃ u a m i a n
u ŋ e j f j v i n i
m o w a d i n e g
t a f e d u
n u : r v o u g
m i
d a i e r g
t o u s u s e b u n u : ʃ d e
e ŋ d a i f o
k o f t u
j u i ŋ b n u d u ŋ
i v d i r d
l a u f k e o u r
j a s g b a r o
l a f i : i
b u g e m o u e o u v
ʧ j u
e f i l a ʧ u m o ʒ e w
l e o w a d i r p m o
d e m a n a w o
a u j s
d e : g e
ʃ w i w u g i a b i
t e d i
ʃ u v g j v o d u
a g e
f a i o r i d e r e n t
t i s t o g a n
o u g a r o e w i
d e j s a n k a : b i w u
i l u : d e :
ŋ i : g o m i v a
s u d e ʧ a
a g o w ʃ i : d e u i
ʧ e d i l ʧ a :
ʃ u : b i u j i ʃ a
n i g e : ŋ b f i
e r d a i f i g u i j p
i r e d a g o ŋ
v u d e a v d ʧ u i l
ʒ i g i g e n a
v a g o m i k
r i : b i e g e
u : w e n i g i k
ʧ a d a i
s u i d a w
e d e m p i ʃ g i u
r a ʧ i ʃ o : g i
d u ŋ ʧ a s e d o
b r e t ʒ p u d u
i d o r p i e
v i w ʒ i ʃ u g e b
f u g i u a : n ʧ i
a d a r i
e l b v e ʃ a d e
n o d e w p e s p u ʒ
k i g i d e j
e g a : a
e g a
n o u e g a o : a m u
e m u i g i s i m o
k i d i f t b a :
e : r u g a :
g i d i j f e j
e d i j
j a d a i o l a ʧ e j u
ʃ a d e g u d i : p
u : d a i n a g e j ŋ u : b o
s l u v a i g e
e : g o d a
w i j e m b p u g u :
a w ʒ i d e i u ŋ e i
r e g a :
ŋ o f d l e i n o u d a r
e : e : u ʒ e u d o ʧ
o d e i ʃ d a m t o ŋ u
d o v u g e d i
s a g o ʃ a ʧ o s o d i
ŋ i s k a u g e ŋ
w a i g i s p i s i
m o u d u m o
e d i a u
p u j i d e d e f u m
e r ʧ o : d u
b u d a i
r i r e d i d i
e : b e w ʃ a i r b e m
w i g u f p e : l
o u ŋ a d e ʃ o
a d e i ʃ a
s o u d e
w a r s o : g a ʃ g o
e d o ʒ e i n d f p u :
s u : d i w i r v i
m e o ŋ e i e i g a
g s i d f e d e i o
r e g o r ʒ e
k a b u o g a m k d o
f a d u n b a k
i : g o u
e d e ŋ p i j g o ʒ a
s e ŋ e d u l
i d a l ʧ u f e ʃ
o : g a d a w ʒ i o j f w t u
b o s d d a w a g a
o f u f i ʧ o g e : ʒ o
ŋ a j b v i g i
ŋ o u d i l o ŋ i r ʒ ʧ e
ʒ o d e f u j e j a
g u v u g o u ʃ e i
o s e b i g i u o a i r
l o g a l a w
ʧ e : b u
e d o ŋ ʒ e i w
d m i g i o e d r a j
i ʧ i j b o r s i g o p
d w o s i : o k r e d o
g o g e i
s o g a i e n e
g u v i : b a e g i n i
i v a g o m e o : r
ʃ a : d e n p e w i a d e
g o : g u j u ʒ o w ʒ i g
u g o a d e v
l u d e f e
a : d i s d s o ŋ p i :
k a d u l ʃ j e u
g r o e : b o g o r
o f t a d a ʧ i
s i : d e d a : ʃ
o s k u d o i ʒ
s i d u
v r o g i b
ʃ i ʧ e : b u : w s e
b o u d a d u r
o l i g o ŋ u d
r e : d e i r b a ʃ t u
ʃ w o g u ŋ
s o : g u v d m o n u :
k a n p t a r i : a i d e i p
b u ʧ e d u p
ʃ i d e m g o
i o b a s b l p o
i j ʃ a i b e
i ʃ g u b u ʒ o u
i s i b i f t
i s o n b s e b u b
i f u ʃ e o r o b a t
i f b ŋ o u b a
i b e l ʒ o r e :
i b u w a i s i f b u : s
i b u : d u r
i b a i d e v ʧ i n ʒ u k
i b a f k g i l
i b a l g a
i b a : w u
i v a i a l o b u e
i m k i b u g e i r
i b o b i : n
i b e g i b e f o d o u m
i ŋ a b o d a l t e : f
i n o i b o a i n k o
i w i : o u b i n ʧ d i
o u b a v d e b a u
o j n o u b e
o d a b u b o u ʃ e ʃ d i
o l k u s g u b e k
o b i d e g a
o b e d u ʃ
o b e m d i r u o
o b u e b i
o b u g o ŋ i n
o b a ŋ p p e i g o w m
o b e b o d e
o ŋ a b e r a
o n b a i b u : l o l
o n ʒ a o b e m e
o g a b a o ŋ u b i o u
e i b i d a f i
e i b o s a u
e i b a
e i v p u b e a g u
e i w g o b i
e i w g u b o
e a s k a ʧ e u m u b o u ʧ
e s p o b o u g a w
e f i f t u b e o ʃ o n o
e f i l t o l s s a i b u
e r e o b i s a r g e
e l s i b u
e b i : ʃ
e b e i ʃ e
e b e m o u o ʧ e :
e b u i n o f p i ŋ a
e b u j a : a p
e b a m p u v
e v g w i b i
e b i ʒ a v d a i b a
e ʒ k a b a w e
e n g e b o a o m ʧ i
e w p e b u ʧ
e : l d o l f i b a
e : b e b e i b o b a :
u e i m i b i
u ʃ t u b o i r
u s t a i g o b e
u s d v e s e b e i e i j t e j v
u f a b u ŋ e s b i
u r ʃ u b o f
u r t i j o b i
u b o i j k i : v
u b o d o
u b o w f u ʃ d u j
u b a o n a d i t
u n ʒ m p a b i w
u w u w e b o m g ʧ u a g
a o b e ŋ
a e i n t a d e u b u w ŋ u
a j ʧ g a b o : u w u
a ʃ e d e b a
a d e b e g u
a s p o g o b u
a r u b a s o ŋ g u
a r v o ʧ e b o
a b i v p a
a b a s a i o u
a b a l p u m d ŋ o
a n o b e r p i d i w ʃ a : g
a w t a b i : ʧ o j
j i o m u b i s a i
j i b a j u : j k i j n ʒ u
j e i b a j o ʒ i ŋ
j e j a b i
ʧ o ʒ e u ʒ k i b i
ʧ e i r u b i
ʧ e i l ʒ i ʒ u r ʒ v o b o
ʧ e l s i v e b i t
ʧ u ŋ ʒ f e u b u w ʃ u
ʧ a l a r a b u m
ʧ r e i d i b i o e
ʧ n o m a b i f i
ʃ o b i u d i n d ŋ o
ʃ o b a ʃ a
ʃ o ŋ p m u b o
ʃ u o b u ʃ k a u p
ʃ u j i b i : s i d o ʃ
ʃ u b a e j e i d
ʃ a i b i ʧ
ʃ a ŋ t a b e w n ŋ u
ʃ w u : b o a o b e d a
t i b u d e f
t i n g f e b i b e ʒ
t o b i l ʧ
t o b o b e : n b
t o b u ʃ e i v d a f i
t e b e ʃ t o : s a o r e i t
t u g u g a b a j ʧ a ʃ
t a i b u : n
t a b a f g e v p
t v o ŋ o b i b i : v
d i : g e n u b a b i ʃ a i r d i
d i : ŋ i b e b e i k
d o f a b e l ʃ
d e o ʒ o b o
d e s a : w ʃ o m u b u n e
d u e i f i j f e w f e b o : r i
d u b i j n
d u b u o m e i
d u b u ʒ o f p v e
d a u g e i b o u ʧ o
d ʃ a ʧ n p a b e
d m a b u e b ʃ
s i b u
s o : g a b o b a i t
s u s e b a f d e
s u f u n b e b e n p e
s a i o b a f k
s a i b a b o u
s a i n o : l ʧ p o b o f
s a b i m g e :
s a b u ʧ a
s r i a b i e ʒ
f i b i g o : l f
f e b i j g i j p ʒ e
f u j o u b o
f u ʒ e b u w u
f a d o u b i u n e
f a b u l e i w u
r i b i n p a r v
r o s o w e o f e b o r
r o m e b u r v a
r e i f g e b e n ʒ i p
r e i r k u b o j u
r a b i
r a : ʧ a b o
k o d a b i m ʧ a n u
k o f b n i o b e i
k u b e r g u r u m ʒ ŋ u k
k u m ʧ u d u g o b o l g u o
k ŋ u i n i b i f w u o p j
l i b i
l i b o j a : ʒ k o
l o b e w ŋ l k i l f e :
l o ŋ p u b u j t u
l e b o d i g a i
l e b u w ʧ i f e : d
l e b u : w s a :
l u b i ʃ e
l a i b o : g a i
l a s a b i l t a g
l a b u w
p u b o ʃ u a ʧ a
p a b i r o
p a b i w f j u b
p a : n k a b e w g i :
p j a b o ʧ m ŋ i l o :
p s u ŋ i b a f l
p ŋ i o u o w i b u w e :
v o a i b a w u ŋ
v e ʧ u b e
v e l p o a : ʃ o b a i r
v e b i s k
v e b a v e v
v e m o u b a r
v u j i d o b i
v u r o b e l o u
v u b o j b n o r f u ʧ
v u b e n o : g a
v a r i b o a : a ŋ
v a ʒ e b u
v r e b u ʧ e k ʃ u
m i d u b a :
m o u b i
m o j ʒ i b o
m o ŋ g u e u d e b o u
m e b u d a i u
m e m o v p o e b o b
m a i j s a b a m k a
m a i b e g a m o l s
m a : ʃ p o b e ŋ g e ŋ o
m w i n e t m o b i
b o b u a : u w e g e i a
b o w n a b e f t a i t
b e r u ʒ k a b e ʧ u
b e g u v p e b i
b a b a g u
b j o ʒ r o b o
b n i : d j m u b a d
ŋ o s o b e ŋ o e d
ŋ o n a v o b e d u v
ŋ e i u b u f t e
ŋ e ʒ a i b e
ŋ u i g e i b e j i
ŋ u b u a w i d
ŋ a b i o i u g i : b a w o
ŋ a b e o u i
ŋ a b a i ʧ u r o
ŋ j u b a
ʒ i w u o v o b u g
ʒ o a b i
ʒ o : o b e
ʒ u b a i o
ʒ u b a l ʧ d i r
ʒ a f e i b u : d e
ʒ r i v w u s e b u p ŋ a i
ʒ l i b o
ʒ ŋ u ʧ u b e : m o
n i r e b o
n i w o g i b u ʒ u m a
n o f i b e o g i t
n e b a m a s d b e
n e g e b a
n u b a j ŋ a i
n a b u j t u e r v ʃ i
n a w f o u b i r s
g i b e i j k i
g o ʃ k o b e f k o
g u e i b o ŋ u
g u d o s i b o u
g u f i b u
g u g e b i : b a v u
g u b o u ʃ d a w s
g a l g u l e b o a ŋ o d a
g f i b o u p v u g ʃ u
w o u i u b e o ʃ t r e :
w e i b a u
w e b e i : ʧ
w e m e i b o s b o b a
w u b i w d j i
w u b a b a l p e
w a b e r p i r v a g i
w a w e b i o f
